261109880
450217000
46908361
9614999
88721190
442856089
444176776
333742359
335446810
177390223
267577123
309464368
490628467
192043517
91132062
25345848
305881642
385835182
469090721
132105292
507142902
527458766
491520696
305826251
228888258
191043473
106682765
144101175
72223820
492423594
534495700
159136272
256500526
231205760
287596294
87901122
67481113
450565923
451523279
39270419
271885806
394168318
93377196
74803414
225311010
163687565
265853343
129149738
18930544
293890325
366062156
239186472
511737496
96358128
32485462
158724581
468132325
409968884
397577845
608175774
233120042
257981005
608414520
310071191
584871203
396768150
557601287
15322557
554934226
350965881
186263469
427698851
91492807
475841750
573315511
330854483
259049982
75326888
384920207
299291423
420920301
439127377
53372522
558967091
149636901
332948178
382044183
278133623
28917333
227393307
338741953
405400132
618013925
118388628
61239035
111729496
220064039
456662479
140499696
477842284
425467208
177266310
76167637
526008974
648288567
449525498
226827788
616119319
186216083
2912638
125260727
437660246
561131622
68387114
453723311
660234551
357499278
195994190
230021110
239702603
427938155
377820369
442304645
478223800
386058869
341609372
74974599
235602957
233257524
342986820
388842249
57054608
408800427
308482564
82767135
395819036
149946758
607639384
610906770
430644257
489452874
464393023
74155506
518306447
145366583
98780963
7663544
262749466
433295139
41303457
179218736
663378896
490330364
631804315
455913312
580255985
354492312
391264745
18202365
199782101
642023290
1602231
35935860
638533690
92823341
295797685
182922123
490842369
456621384
385027166
243564080
399941360
686006672
101312708
246067916
124169882
706934069
431924661
20920377
406592552
311291718
538246522
35715092
140295466
89560108
504047307
362614876
74085853
414884024
398027962
80249094
290005906
30280474
536323895
142311368
103177098
641617561
328038539
50222844
360245075
582216659
425285812
279217699
255088923
534342137
446129189
458390476
177651147
508371482
332146016
222425240
456457414
597723170
788943782
476334634
763050208
215166289
155669923
316757001
31673073
278716897
765812738
250857346
414511034
17830879
272932255
70674844
196732838
225355318
348043889
507557205
163692071
48555819
641964407
290149266
673457662
198260904
656634577
503389156
743415778
333879311
467459453
369513751
473827879
510478418
498062075
688180808
289175688
23148404
688528569
785103202
659273011
194936292
785851522
148045760
67283268
73343107
466063879
199324079
790279198
90619875
693970109
404134273
124892528
376736478
654379954
700822240
408905623
617028635
382631185
7551378
627746619
602238356
769034287
426573191
261472663
679763222
353283428
559180632
288794388
668838703
194957957
553713376
313730427
350143888
350575549
138262922
364312030
101541786
501387829
163355075
352204965
119971222
486914676
85624503
235290439
115082244
627570553
182528048
202961154
688438454
63457916
572683848
477959281
241822503
432428771
94680047
424151650
459582212
488110693
232443662
561318578
600236565
37938593
559127950
590488958
625729055
113811256
362069093
770011266
498937801
128897160
737923541
508421335
839465156
343829088
157159337
146568851
555644421
157896962
208645058
232528452
380751576
212571138
811862513
444214018
791348836
8146162
39645546
622784452
382703032
817122095
506827298
630494587
163830308
618673407
397925927
85797729
188315516
385064646
57799849
820892928
608800667
73449461
22206124
622939593
441536123
153076591
266287942
266213222
556383535
12313116
22991216
585672428
605606185
45599968
497920520
569795580
529349809
636029300
421970546
776530714
485946878
622528493
847419770
756690071
342146158
346550409
7675837