step  0:    8    8    0    0    0    0    0
step  1:    5    8    3    0    0    0    0
step  2:    5    8    0    3    0    0    0
step  3:    2    8    3    3    0    0    0
step  4:    0    8    3    3    2    0    0
step  5:    3    8    0    3    2    0    0
step  6:    3    5    3    3    2    0    0
step  7:    6    5    0    3    2    0    0
step  8:    6    2    3    3    2    0    0
step  9:    8    2    1    3    2    0    0
step 10:    8    2    0    4    2    0    0
step 11:    5    2    3    4    2    0    0
step 12:    0    7    3    4    2    0    0
step 13:    3    7    0    4    2    0    0
step 14:    3    4    3    4    2    0    0
step 15:    6    4    0    4    2    0    0
step 16:    6    1    3    4    2    0    0
step 17:    8    1    1    4    2    0    0
step 18:    8    0    1    4    2    1    0
step 19:    8    0    0    4    2    1    1
step 20:    5    0    3    4    2    1    1
step 21:    5    0    0    4    2    4    1
step 22:    2    0    3    4    2    4    1
step 23:    0    0    3    4    4    4    1
step 24:    0    0    0    4    4    4    4
