20164726
27632608
7053133
16332890
8529011
78295292
48941358
43274165
29763550
115589160
65321732
40880246
84986471
114372497
131083252
31805973
86292513
82286393
100065250
115946689
493100946
559888667
54245201
461004509
77063104
556642034
261451417
718476306
84908628
373623850
498512890
717789897
549106566
204997065
720935089
700223504
460609431
557752534
411955758
482728285
864946349
485808871
123455698
546286823
558269722
441216020
297700031
318652552
914493492
1043843782
619530849
596297582
836665227
400114208
798768681
318050802
1035672622
573798300
595370785
294388633
15292971
1309750810
211218779
1117456614
48202931
752342083
79602913
87471969
977205317
733034886
11080394
725822538
634465907
241669482
872019501
708548951
596243354
204027864
697275006
140820659
929542411
72603962
1288173794
105855678
457208410
417139790
572217887
413578313
1144934231
421448828
346905571
157669225
966562404
651572319
36932743
743796814
685551720
783866463
268254484
738815777
1536959134
1219008061
777906517
854049954
1140139049
19529524
122021854
24556924
1459621613
1249159969
1576052967
1510706910
1391955847
870613649
1912104831
1816964651
76315395
928748579
1339665021
1829632833
409204732
1052475512
2086563033
1424679812
593444857
802492995
1453269496
1316151977
984303608
1302662962
1136436781
1387720368
1349531520
1238115255
-2104708455
1803299268
1281805529
1060060099
757608898
1974782901
1669520357
473286771
159237456
1254593718
1442960831
1973108398
1178891816
1837218324
1071213805
1285426388
1291860716
1361106442
1724970516
153491329
928534371
1294124782
2101832496
720079918
80937427
704212997
-1809794709
1323744539
378966005
1122899748
-1546304321
532486375
2040524254
20682298
1881575737
-1571480314
131480226
1691582916
871342594
883833642
1353667308
1308532580
258952158
43848658
1531274416
530755258
-1769084576
29557118
1890412700
830831753
1402141810
-1490034780
1828121070
1630170889
1849793671
-2133582176
-1111359666
1761669930
-1594483791
1557808917
2003057348
1789388789
1320660772
324592228
2064765266
1529375963
-2117360924
-1014344039
-1872710720
1044426184
-1275764446
-1995711854
-1239767833
1595925089
124101912
905339326
-1360511164
1952216276
-899477146
-1714507247
1522232314
-754974415
1851195047
-898871683
1891607843
1921544982
-583948667
301818525
748974984
-1706323051
1735086517
1109848500
-2120362181
-673558583
1121761666
1449277929
1490002744
96143886
-133127826
-1670939335
1821719678
920416018
-2123195212
-1321719213
110219558
1110337264
1625322673
853889442
471044035
-1652055861
-917659612
-919202115
-130239077
-1484439859
-1710949320
1114318758
-1997191617
-1799253195
-1953076911
-459024423
858494400
-1575910961
152953926
1022323780
-1851830578
-655498862
154616474
771918173
163402725
-1911022332
-1517860751
871919138
-507752696
-1356558299
-2000847520
196827681
118381499
427213118
-1682833435
1850888527
57451600
1120967166
92382118
-1654735884
1402015936
12198438
-1788617803
-59024293
-393547731
-2059121064
1593539149
-1164429843
1721704585
-1067572040
-1636356517
610317444
-1057637412
-1701971895
-705904477
2048449751
-1692495927
-117390718
1010129533
-1902373414
1220784510
1012689163
1505023941
157670726
-1720462131
-1104716923
1885795592
285770054
-1788107232
-924191822
803813125
247038193
-1707904690
44413595
-820280428
-547863010
-1324816220
1075061084
1360913384
571108441
-251422180
288237355
820344986
260046667
-2078943278
1389955799
240474537
1521387070
-1638502239
1740970271
112217276
-505382180
979801175
1247274708
525805160
820370819
-289605059
615053677
137538239
2101884280
1617604011
1141645139
-1449395366
423012082
-990912828
-327593307
1654253148
490330050
-675158719
948965772
391835706
1557846598
1792907094
-575101712
-228565098
1026718798
290730537
1132038661
-1027473525
1181204270
1318426078
1120047706
-1560426931
2142792086
2109766066
594362260
447187026
-1917266514
197842464
2080828914
922026962
412593076
993305758
-240265363
490207611
1916946604
1100226118
766586012
-618268555
-1924163312
38136752
504160503
-299607971
1466141988
-322352112
1467927412
2106304703
-1424561738
1485102130
24607714
-610108862
497333481
1904308693
545945735
21937149
-1232014523
1630245272
-1808715959
2095225103
1344919974
1123192568
934616525
-687378823
-1519793208
-1917874825
1670427106
2133766902
-990991270
-139689865
-2036158940
-1726843575
1784366736
-2031314012
-1661554014
-1278162148
541356467
83186060
-1097835093
-756840265
1099545768
2126277328
-1114270003
813979794
1179618462
-113580200
215820403
509016322
-433923416
2104631471
-850990428
-1703370808
1320583923
-1688647277
-835327915
1405944735
-1663971768
99836047
-1532711967
1863511030
-1764729717
-1673640774
430628310
-755884904
107032566
1703466492
-1342960528
-1678843063
-1483962708
-1817726316
899829194
1765303309
-1307170272
-1451312752
-856876733
696010991
169800547
-486839737
-2074651511
533102182
141585719
304278851
1688279255
-992110311
1202119789
1886531784
-1495257242
-2078174966
378523516
566834519
-821135198
-1951601116
-1946961229
864876138
1783387311
-197575288
-1782861640
308477063
882239955
1383700115
1862103638
991083256
-1190537325
-346426689
1207636853
-995876325
507947633
761059182
1276535870
-1095870910
-762764461
-73602749
-870722430
-1979747992
54494161
1652277143
826061620
2136832484
1229236605
-1868041210
373541953
