32 33 3
16 16 4
8 8 4
4 4 4
2 2 4
1 1 4
1 4 3
4 1 2
3 3 4
2 7 3
1 5 4
1 8 3
3 6 3
4 8 1
7 2 2
5 1 4
6 3 2
8 1 2
8 4 1
6 7 3
5 5 4
5 8 3
8 8 1
7 7 4
4 13 3
2 10 4
1 9 4
1 12 3
3 11 4
2 15 3
1 13 4
1 16 3
3 14 3
4 16 1
7 10 2
5 9 4
8 9 2
7 10 3
8 12 1
7 15 1
6 14 1
5 16 3
8 13 2
8 16 1
13 4 2
10 2 4
9 1 4
9 4 3
11 3 4
10 7 3
9 5 4
10 7 2
9 8 3
12 8 1
15 2 2
13 1 4
14 3 2
16 1 2
16 4 1
15 7 1
14 6 1
13 8 3
16 5 2
16 8 1
12 13 3
10 10 4
9 9 4
9 12 3
12 9 2
11 11 4
10 15 3
9 13 4
9 16 3
11 14 3
12 16 1
15 10 2
13 9 4
16 9 2
16 12 1
15 15 1
14 14 1
13 16 3
16 13 2
16 16 1
15 15 4
8 25 3
4 20 4
2 18 4
1 17 4
1 20 3
3 19 4
2 23 3
1 21 4
1 24 3
3 22 3
4 24 1
7 18 2
5 17 4
8 17 2
8 20 1
6 23 3
5 21 4
5 24 3
8 24 1
7 23 4
4 29 3
2 26 4
1 25 4
1 28 3
3 27 4
2 31 3
1 29 4
1 32 3
3 30 3
4 32 1
7 26 2
5 25 4
8 25 2
7 26 3
8 28 1
7 31 1
6 30 1
5 32 3
8 29 2
8 32 1
13 20 2
10 18 4
9 17 4
9 20 3
11 19 4
10 23 3
9 21 4
9 24 3
12 24 1
15 18 2
13 17 4
14 19 2
16 17 2
15 18 3
16 20 1
15 23 1
14 22 1
13 24 3
16 21 2
16 24 1
13 29 1
11 27 1
10 26 1
9 28 3
12 25 2
12 28 1
10 31 3
9 29 4
9 32 3
11 30 3
12 32 1
15 26 2
13 25 4
14 27 2
16 25 2
16 28 1
15 31 1
14 30 1
13 32 3
16 29 2
16 32 1
25 8 2
20 4 4
18 2 4
17 1 4
17 4 3
19 3 4
18 7 3
17 5 4
17 8 3
19 6 3
20 8 1
22 2 4
21 1 4
21 4 3
22 7 3
21 5 4
21 8 3
24 8 1
23 7 4
20 13 3
18 10 4
17 9 4
17 12 3
19 11 4
18 15 3
17 13 4
18 15 2
17 16 3
19 14 3
20 16 1
22 10 4
21 9 4
21 12 3
23 15 1
22 14 1
21 16 3
24 13 2
24 16 1
29 4 2
26 2 4
25 1 4
25 4 3
27 3 4
26 7 3
25 5 4
26 7 2
25 8 3
28 8 1
31 2 2
29 1 4
30 3 2
32 1 2
32 4 1
31 7 1
30 6 1
29 8 3
32 5 2
32 8 1
29 13 1
27 11 1
26 10 1
25 12 3
28 9 2
28 12 1
26 15 3
25 13 4
25 16 3
27 14 3
28 16 1
31 10 2
29 9 4
30 11 2
32 9 2
32 12 1
31 15 1
30 14 1
29 16 3
32 13 2
32 16 1
24 25 3
20 20 4
18 18 4
17 17 4
17 20 3
20 17 2
19 19 4
18 23 3
17 21 4
17 24 3
19 22 3
20 24 1
22 18 4
21 17 4
22 19 2
21 20 3
22 23 3
21 21 4
21 24 3
24 21 2
24 24 1
23 23 4
20 29 3
18 26 4
17 25 4
17 28 3
19 27 4
18 31 3
17 29 4
17 32 3
19 30 3
20 32 1
22 26 4
21 25 4
21 28 3
23 26 3
23 31 1
22 30 1
21 32 3
24 29 2
24 32 1
29 20 2
26 18 4
25 17 4
25 20 3
27 19 4
26 23 3
25 21 4
25 24 3
28 24 1
31 18 2
29 17 4
30 19 2
32 17 2
32 20 1
31 23 1
30 22 1
29 24 3
32 21 2
32 24 1
29 29 1
27 27 1
26 26 1
25 28 3
28 25 2
28 28 1
26 31 3
25 29 4
25 32 3
27 30 3
28 32 1
31 26 2
29 25 4
30 27 2
32 25 2
32 28 1
31 31 1
30 30 1
29 32 3
32 29 2
32 32 1
31 31 4
16 49 3
8 40 4
4 36 4
2 34 4
1 33 4
1 36 3
3 35 4
2 39 3
1 37 4
1 40 3
3 38 3
4 40 1
7 34 2
5 33 4
8 33 2
8 36 1
6 39 3
5 37 4
5 40 3
8 40 1
7 39 4
4 45 3
2 42 4
1 41 4
1 44 3
3 43 4
2 47 3
1 45 4
1 48 3
3 46 3
4 48 1
7 42 2
5 41 4
8 41 2
7 42 3
8 44 1
7 47 1
6 46 1
5 48 3
8 45 2
8 48 1
13 36 2
10 34 4
9 33 4
9 36 3
11 35 4
10 39 3
9 37 4
9 40 3
12 40 1
15 34 2
13 33 4
14 35 2
16 33 2
16 36 1
15 39 1
14 38 1
13 40 3
16 37 2
16 40 1
12 45 3
10 42 4
9 41 4
9 44 3
11 43 4
10 47 3
9 45 4
9 48 3
11 46 3
12 48 1
15 42 2
13 41 4
16 41 2
16 44 1
15 47 1
14 46 1
13 48 3
16 45 2
16 48 1
15 47 4
8 57 3
4 52 4
2 50 4
1 49 4
1 52 3
3 51 4
2 55 3
1 53 4
1 56 3
3 54 3
4 56 1
7 50 2
5 49 4
8 49 2
8 52 1
6 55 3
5 53 4
5 56 3
8 56 1
7 55 4
4 61 3
2 58 4
1 57 4
1 60 3
3 59 4
2 63 3
1 61 4
1 64 3
3 62 3
4 64 1
7 58 2
5 57 4
8 57 2
7 58 3
8 60 1
7 63 1
6 62 1
5 64 3
8 61 2
8 64 1
13 52 2
10 50 4
9 49 4
9 52 3
11 51 4
10 55 3
9 53 4
9 56 3
12 56 1
15 50 2
13 49 4
14 51 2
16 49 2
15 50 3
16 52 1
15 55 1
14 54 1
13 56 3
16 53 2
16 56 1
13 61 1
11 59 1
10 58 1
9 60 3
12 57 2
12 60 1
10 63 3
9 61 4
9 64 3
11 62 3
12 64 1
15 58 2
13 57 4
14 59 2
16 57 2
16 60 1
15 63 1
14 62 1
13 64 3
16 61 2
16 64 1
25 40 2
20 36 4
18 34 4
17 33 4
17 36 3
19 35 4
18 39 3
17 37 4
17 40 3
19 38 3
20 40 1
22 34 4
21 33 4
21 36 3
22 39 3
21 37 4
21 40 3
24 40 1
23 39 4
20 45 3
18 42 4
17 41 4
17 44 3
19 43 4
18 47 3
17 45 4
17 48 3
19 46 3
20 48 1
22 42 4
21 41 4
21 44 3
23 47 1
22 46 1
21 48 3
24 45 2
24 48 1
29 36 2
26 34 4
25 33 4
25 36 3
27 35 4
26 39 3
25 37 4
26 39 2
25 40 3
28 40 1
31 34 2
29 33 4
30 35 2
32 33 2
31 34 3
32 36 1
31 39 1
30 38 1
29 40 3
32 37 2
32 40 1
29 45 1
27 43 1
26 42 1
25 44 3
28 41 2
28 44 1
26 47 3
25 45 4
25 48 3
27 46 3
28 48 1
31 42 2
29 41 4
30 43 2
32 41 2
32 44 1
31 47 1
30 46 1
29 48 3
32 45 2
32 48 1
25 57 1
21 53 1
19 51 1
18 50 1
17 52 3
20 49 2
20 52 1
18 55 3
17 53 4
17 56 3
19 54 3
20 56 1
22 50 4
21 49 4
22 51 2
21 52 3
23 55 1
22 54 1
21 56 3
24 53 2
24 56 1
20 61 3
18 58 4
17 57 4
17 60 3
19 59 4
18 63 3
17 61 4
17 64 3
19 62 3
20 64 1
22 58 4
21 57 4
21 60 3
23 58 3
23 63 1
22 62 1
21 64 3
24 61 2
24 64 1
29 52 2
26 50 4
25 49 4
25 52 3
27 51 4
26 55 3
25 53 4
26 55 2
25 56 3
28 56 1
31 50 2
29 49 4
30 51 2
32 49 2
32 52 1
31 55 1
30 54 1
29 56 3
32 53 2
32 56 1
29 61 1
27 59 1
26 58 1
25 60 3
28 57 2
28 60 1
26 63 3
25 61 4
25 64 3
27 62 3
28 64 1
31 58 2
29 57 4
30 59 2
32 57 2
32 60 1
31 63 1
30 62 1
29 64 3
32 61 2
32 64 1
48 16 4
40 8 4
36 4 4
34 2 4
33 1 4
33 4 3
35 3 4
34 7 3
33 5 4
33 8 3
35 6 3
36 8 1
38 2 4
37 1 4
37 4 3
38 7 3
37 5 4
37 8 3
40 8 1
39 7 4
36 13 3
34 10 4
33 9 4
33 12 3
35 11 4
34 15 3
33 13 4
33 16 3
35 14 3
36 16 1
38 10 4
37 9 4
37 12 3
39 10 3
39 15 1
38 14 1
37 16 3
40 13 2
40 16 1
44 4 4
42 2 4
41 1 4
41 4 3
43 3 4
42 7 3
41 5 4
41 8 3
43 6 3
44 8 1
46 2 4
45 1 4
45 4 3
46 7 3
45 5 4
45 8 3
48 8 1
44 13 3
42 10 4
41 9 4
41 12 3
43 11 4
42 15 3
41 13 4
41 16 3
43 14 3
44 16 1
46 10 4
45 9 4
45 12 3
47 15 1
46 14 1
45 16 3
48 13 2
48 16 1
47 15 4
40 25 3
36 20 4
34 18 4
33 17 4
33 20 3
35 19 4
34 23 3
33 21 4
33 24 3
35 22 3
36 24 1
38 18 4
37 17 4
37 20 3
38 23 3
37 21 4
37 24 3
40 24 1
39 23 4
36 29 3
34 26 4
33 25 4
33 28 3
35 27 4
34 31 3
33 29 4
33 32 3
35 30 3
36 32 1
38 26 4
37 25 4
37 28 3
39 26 3
39 31 1
38 30 1
37 32 3
40 29 2
40 32 1
44 20 4
42 18 4
41 17 4
41 20 3
43 19 4
42 23 3
41 21 4
41 24 3
43 22 3
44 24 1
46 18 4
45 17 4
45 20 3
47 18 3
46 23 3
45 21 4
45 24 3
48 24 1
45 29 1
43 27 1
42 26 1
41 28 3
44 25 2
44 28 1
42 31 3
41 29 4
41 32 3
43 30 3
44 32 1
46 26 4
45 25 4
46 27 2
45 28 3
47 31 1
46 30 1
45 32 3
48 29 2
48 32 1
56 8 4
52 4 4
50 2 4
49 2 3
49 1 4
49 4 3
51 3 4
50 7 3
49 5 4
49 8 3
51 6 3
52 8 1
54 2 4
53 1 4
53 4 3
54 7 3
53 5 4
53 8 3
56 8 1
55 7 4
52 13 3
50 10 4
49 9 4
49 12 3
51 11 4
50 15 3
49 13 4
49 16 3
51 14 3
52 16 1
54 10 4
53 9 4
53 12 3
55 10 3
55 15 1
54 14 1
53 16 3
56 13 2
56 16 1
60 4 4
58 2 4
57 1 4
57 4 3
59 3 4
58 7 3
57 5 4
57 8 3
59 6 3
60 8 1
62 2 4
61 1 4
61 4 3
62 7 3
61 5 4
61 8 3
64 8 1
60 13 3
58 10 4
57 9 4
57 12 3
59 11 4
58 15 3
57 13 4
57 16 3
59 14 3
60 16 1
62 10 4
61 9 4
61 12 3
63 15 1
62 14 1
61 16 3
64 13 2
64 16 1
56 25 3
52 20 4
50 18 4
49 17 4
49 20 3
51 19 4
50 23 3
49 21 4
49 24 3
51 22 3
52 24 1
54 18 4
53 17 4
53 20 3
54 23 3
53 21 4
53 24 3
56 24 1
55 23 4
52 29 3
50 26 4
49 25 4
49 28 3
51 27 4
50 31 3
49 29 4
49 32 3
51 30 3
52 32 1
54 26 4
53 25 4
53 28 3
55 26 3
55 31 1
54 30 1
53 32 3
56 29 2
56 32 1
60 20 4
58 18 4
57 17 4
57 20 3
59 19 4
58 23 3
57 21 4
57 24 3
59 22 3
60 24 1
62 18 4
61 17 4
61 20 3
62 23 3
61 21 4
61 24 3
64 24 1
61 29 1
59 27 1
58 26 1
57 28 3
60 25 2
60 28 1
58 31 3
57 29 4
57 32 3
59 30 3
60 32 1
62 26 4
61 25 4
62 27 2
61 28 3
63 31 1
62 30 1
61 32 3
64 29 2
64 32 1
49 49 1
41 41 1
37 37 1
35 35 1
34 34 1
33 36 3
36 33 2
36 36 1
34 39 3
33 37 4
33 40 3
35 38 3
36 40 1
38 34 4
37 33 4
38 35 2
37 36 3
39 39 1
38 38 1
37 40 3
40 37 2
40 40 1
36 45 3
34 42 4
33 41 4
33 44 3
35 43 4
34 47 3
33 45 4
33 48 3
35 46 3
36 48 1
38 42 4
37 41 4
37 44 3
39 42 3
39 47 1
38 46 1
37 48 3
40 45 2
40 48 1
44 36 4
42 34 4
41 33 4
41 36 3
43 35 4
42 39 3
41 37 4
42 39 2
41 40 3
43 38 3
44 40 1
46 34 4
45 33 4
45 36 3
46 39 3
45 37 4
45 40 3
48 40 1
45 45 1
43 43 1
42 42 1
41 44 3
44 41 2
44 44 1
42 47 3
41 45 4
41 48 3
43 46 3
44 48 1
46 42 4
45 41 4
46 43 2
45 44 3
47 47 1
46 46 1
45 48 3
48 45 2
48 48 1
40 57 3
36 52 4
34 50 4
33 49 4
33 52 3
35 51 4
34 55 3
33 53 4
33 56 3
35 54 3
36 56 1
38 50 4
37 49 4
37 52 3
38 55 3
37 53 4
37 56 3
40 56 1
39 55 4
36 61 3
34 58 4
33 57 4
33 60 3
35 59 4
34 63 3
33 61 4
33 64 3
35 62 3
36 64 1
38 58 4
37 57 4
37 60 3
39 58 3
39 63 1
38 62 1
37 64 3
40 61 2
40 64 1
44 52 4
42 50 4
41 49 4
41 52 3
43 51 4
42 55 3
41 53 4
41 56 3
43 54 3
44 56 1
46 50 4
45 49 4
45 52 3
47 50 3
46 55 3
45 53 4
45 56 3
48 56 1
45 61 1
43 59 1
42 58 1
41 60 3
44 57 2
44 60 1
42 63 3
41 61 4
41 64 3
43 62 3
44 64 1
46 58 4
45 57 4
46 59 2
45 60 3
47 63 1
46 62 1
45 64 3
48 61 2
48 64 1
56 40 4
52 36 4
50 34 4
49 33 4
49 36 3
51 35 4
50 39 3
49 37 4
49 40 3
51 38 3
52 40 1
54 34 4
53 33 4
53 36 3
54 39 3
53 37 4
53 40 3
56 40 1
55 39 4
52 45 3
50 42 4
49 41 4
49 44 3
51 43 4
50 47 3
49 45 4
50 47 2
49 48 3
51 46 3
52 48 1
54 42 4
53 41 4
53 44 3
55 42 3
55 47 1
54 46 1
53 48 3
56 45 2
56 48 1
60 36 4
58 34 4
57 33 4
57 36 3
59 35 4
58 39 3
57 37 4
57 40 3
59 38 3
60 40 1
62 34 4
61 33 4
61 36 3
62 39 3
61 37 4
61 40 3
64 40 1
60 45 3
58 42 4
57 41 4
57 44 3
59 43 4
58 47 3
57 45 4
57 48 3
59 46 3
60 48 1
62 42 4
61 41 4
61 44 3
63 47 1
62 46 1
61 48 3
64 45 2
64 48 1
57 57 1
53 53 1
51 51 1
50 50 1
49 52 3
52 49 2
52 52 1
50 55 3
49 53 4
49 56 3
51 54 3
52 56 1
54 50 4
53 49 4
54 51 2
53 52 3
55 55 1
54 54 1
53 56 3
56 53 2
56 56 1
52 61 3
50 58 4
49 57 4
49 60 3
51 59 4
50 63 3
49 61 4
49 64 3
51 62 3
52 64 1
54 58 4
53 57 4
53 60 3
55 58 3
55 63 1
54 62 1
53 64 3
56 61 2
56 64 1
60 52 4
58 50 4
57 49 4
57 52 3
59 51 4
58 55 3
57 53 4
58 55 2
57 56 3
59 54 3
60 56 1
62 50 4
61 49 4
61 52 3
62 55 3
61 53 4
61 56 3
64 56 1
61 61 1
59 59 1
58 58 1
57 60 3
60 57 2
60 60 1
58 63 3
57 61 4
57 64 3
59 62 3
60 64 1
62 58 4
61 57 4
62 59 2
61 60 3
63 63 1
62 62 1
61 64 3
64 61 2
64 64 1
