65 65 1
32 32 4
16 16 4
8 8 4
4 4 4
2 2 4
1 1 4
1 4 3
4 1 2
3 3 4
2 7 3
1 5 4
1 8 3
3 6 3
4 8 1
7 2 2
5 1 4
6 3 2
8 1 2
8 4 1
6 7 3
5 5 4
5 8 3
8 8 1
7 7 4
4 13 3
2 10 4
1 9 4
1 12 3
3 11 4
2 15 3
1 13 4
1 16 3
3 14 3
4 16 1
7 10 2
5 9 4
8 9 2
7 10 3
8 12 1
7 15 1
6 14 1
5 16 3
8 13 2
8 16 1
13 4 2
10 2 4
9 1 4
9 4 3
11 3 4
10 7 3
9 5 4
10 7 2
9 8 3
12 8 1
15 2 2
13 1 4
14 3 2
16 1 2
16 4 1
15 7 1
14 6 1
13 8 3
16 5 2
16 8 1
12 13 3
10 10 4
9 9 4
9 12 3
12 9 2
11 11 4
10 15 3
9 13 4
9 16 3
11 14 3
12 16 1
15 10 2
13 9 4
16 9 2
16 12 1
15 15 1
14 14 1
13 16 3
16 13 2
16 16 1
15 15 4
8 25 3
4 20 4
2 18 4
1 17 4
1 20 3
3 19 4
2 23 3
1 21 4
1 24 3
3 22 3
4 24 1
7 18 2
5 17 4
8 17 2
8 20 1
6 23 3
5 21 4
5 24 3
8 24 1
7 23 4
4 29 3
2 26 4
1 25 4
1 28 3
3 27 4
2 31 3
1 29 4
1 32 3
3 30 3
4 32 1
7 26 2
5 25 4
8 25 2
7 26 3
8 28 1
7 31 1
6 30 1
5 32 3
8 29 2
8 32 1
13 20 2
10 18 4
9 17 4
9 20 3
11 19 4
10 23 3
9 21 4
9 24 3
12 24 1
15 18 2
13 17 4
14 19 2
16 17 2
15 18 3
16 20 1
15 23 1
14 22 1
13 24 3
16 21 2
16 24 1
13 29 1
11 27 1
10 26 1
9 28 3
12 25 2
12 28 1
10 31 3
9 29 4
9 32 3
11 30 3
12 32 1
15 26 2
13 25 4
14 27 2
16 25 2
16 28 1
15 31 1
14 30 1
13 32 3
16 29 2
16 32 1
25 8 2
20 4 4
18 2 4
17 1 4
17 4 3
19 3 4
18 7 3
17 5 4
17 8 3
19 6 3
20 8 1
22 2 4
21 1 4
21 4 3
22 7 3
21 5 4
21 8 3
24 8 1
23 7 4
20 13 3
18 10 4
17 9 4
17 12 3
19 11 4
18 15 3
17 13 4
18 15 2
17 16 3
19 14 3
20 16 1
22 10 4
21 9 4
21 12 3
23 15 1
22 14 1
21 16 3
24 13 2
24 16 1
29 4 2
26 2 4
25 1 4
25 4 3
27 3 4
26 7 3
25 5 4
26 7 2
25 8 3
28 8 1
31 2 2
29 1 4
30 3 2
32 1 2
32 4 1
31 7 1
30 6 1
29 8 3
32 5 2
32 8 1
29 13 1
27 11 1
26 10 1
25 12 3
28 9 2
28 12 1
26 15 3
25 13 4
25 16 3
27 14 3
28 16 1
31 10 2
29 9 4
30 11 2
32 9 2
32 12 1
31 15 1
30 14 1
29 16 3
32 13 2
32 16 1
24 25 3
20 20 4
18 18 4
17 17 4
17 20 3
20 17 2
19 19 4
18 23 3
17 21 4
17 24 3
19 22 3
20 24 1
22 18 4
21 17 4
22 19 2
21 20 3
22 23 3
21 21 4
21 24 3
24 21 2
24 24 1
23 23 4
20 29 3
18 26 4
17 25 4
17 28 3
19 27 4
18 31 3
17 29 4
17 32 3
19 30 3
20 32 1
22 26 4
21 25 4
21 28 3
23 26 3
23 31 1
22 30 1
21 32 3
24 29 2
24 32 1
29 20 2
26 18 4
25 17 4
25 20 3
27 19 4
26 23 3
25 21 4
25 24 3
28 24 1
31 18 2
29 17 4
30 19 2
32 17 2
32 20 1
31 23 1
30 22 1
29 24 3
32 21 2
32 24 1
29 29 1
27 27 1
26 26 1
25 28 3
28 25 2
28 28 1
26 31 3
25 29 4
25 32 3
27 30 3
28 32 1
31 26 2
29 25 4
30 27 2
32 25 2
32 28 1
31 31 1
30 30 1
29 32 3
32 29 2
32 32 1
31 31 4
16 49 3
8 40 4
4 36 4
2 34 4
1 33 4
1 36 3
3 35 4
2 39 3
1 37 4
1 40 3
3 38 3
4 40 1
7 34 2
5 33 4
8 33 2
8 36 1
6 39 3
5 37 4
5 40 3
8 40 1
7 39 4
4 45 3
2 42 4
1 41 4
1 44 3
3 43 4
2 47 3
1 45 4
1 48 3
3 46 3
4 48 1
7 42 2
5 41 4
8 41 2
7 42 3
8 44 1
7 47 1
6 46 1
5 48 3
8 45 2
8 48 1
13 36 2
10 34 4
9 33 4
9 36 3
11 35 4
10 39 3
9 37 4
9 40 3
12 40 1
15 34 2
13 33 4
14 35 2
16 33 2
16 36 1
15 39 1
14 38 1
13 40 3
16 37 2
16 40 1
12 45 3
10 42 4
9 41 4
9 44 3
11 43 4
10 47 3
9 45 4
9 48 3
11 46 3
12 48 1
15 42 2
13 41 4
16 41 2
16 44 1
15 47 1
14 46 1
13 48 3
16 45 2
16 48 1
15 47 4
8 57 3
4 52 4
2 50 4
1 49 4
1 52 3
3 51 4
2 55 3
1 53 4
1 56 3
3 54 3
4 56 1
7 50 2
5 49 4
8 49 2
8 52 1
6 55 3
5 53 4
5 56 3
8 56 1
7 55 4
4 61 3
2 58 4
1 57 4
1 60 3
3 59 4
2 63 3
1 61 4
1 64 3
3 62 3
4 64 1
7 58 2
5 57 4
8 57 2
7 58 3
8 60 1
7 63 1
6 62 1
5 64 3
8 61 2
8 64 1
13 52 2
10 50 4
9 49 4
9 52 3
11 51 4
10 55 3
9 53 4
9 56 3
12 56 1
15 50 2
13 49 4
14 51 2
16 49 2
15 50 3
16 52 1
15 55 1
14 54 1
13 56 3
16 53 2
16 56 1
13 61 1
11 59 1
10 58 1
9 60 3
12 57 2
12 60 1
10 63 3
9 61 4
9 64 3
11 62 3
12 64 1
15 58 2
13 57 4
14 59 2
16 57 2
16 60 1
15 63 1
14 62 1
13 64 3
16 61 2
16 64 1
25 40 2
20 36 4
18 34 4
17 33 4
17 36 3
19 35 4
18 39 3
17 37 4
17 40 3
19 38 3
20 40 1
22 34 4
21 33 4
21 36 3
22 39 3
21 37 4
21 40 3
24 40 1
23 39 4
20 45 3
18 42 4
17 41 4
17 44 3
19 43 4
18 47 3
17 45 4
17 48 3
19 46 3
20 48 1
22 42 4
21 41 4
21 44 3
23 47 1
22 46 1
21 48 3
24 45 2
24 48 1
29 36 2
26 34 4
25 33 4
25 36 3
27 35 4
26 39 3
25 37 4
26 39 2
25 40 3
28 40 1
31 34 2
29 33 4
30 35 2
32 33 2
31 34 3
32 36 1
31 39 1
30 38 1
29 40 3
32 37 2
32 40 1
29 45 1
27 43 1
26 42 1
25 44 3
28 41 2
28 44 1
26 47 3
25 45 4
25 48 3
27 46 3
28 48 1
31 42 2
29 41 4
30 43 2
32 41 2
32 44 1
31 47 1
30 46 1
29 48 3
32 45 2
32 48 1
25 57 1
21 53 1
19 51 1
18 50 1
17 52 3
20 49 2
20 52 1
18 55 3
17 53 4
17 56 3
19 54 3
20 56 1
22 50 4
21 49 4
22 51 2
21 52 3
23 55 1
22 54 1
21 56 3
24 53 2
24 56 1
20 61 3
18 58 4
17 57 4
17 60 3
19 59 4
18 63 3
17 61 4
17 64 3
19 62 3
20 64 1
22 58 4
21 57 4
21 60 3
23 58 3
23 63 1
22 62 1
21 64 3
24 61 2
24 64 1
29 52 2
26 50 4
25 49 4
25 52 3
27 51 4
26 55 3
25 53 4
26 55 2
25 56 3
28 56 1
31 50 2
29 49 4
30 51 2
32 49 2
32 52 1
31 55 1
30 54 1
29 56 3
32 53 2
32 56 1
29 61 1
27 59 1
26 58 1
25 60 3
28 57 2
28 60 1
26 63 3
25 61 4
25 64 3
27 62 3
28 64 1
31 58 2
29 57 4
30 59 2
32 57 2
32 60 1
31 63 1
30 62 1
29 64 3
32 61 2
32 64 1
49 16 2
40 8 4
36 4 4
34 2 4
33 1 4
33 4 3
35 3 4
34 7 3
33 5 4
33 8 3
35 6 3
36 8 1
38 2 4
37 1 4
37 4 3
38 7 3
37 5 4
37 8 3
40 8 1
39 7 4
36 13 3
34 10 4
33 9 4
33 12 3
35 11 4
34 15 3
33 13 4
33 16 3
35 14 3
36 16 1
38 10 4
37 9 4
37 12 3
39 10 3
39 15 1
38 14 1
37 16 3
40 13 2
40 16 1
44 4 4
42 2 4
41 1 4
41 4 3
43 3 4
42 7 3
41 5 4
41 8 3
43 6 3
44 8 1
46 2 4
45 1 4
45 4 3
46 7 3
45 5 4
45 8 3
48 8 1
44 13 3
42 10 4
41 9 4
41 12 3
43 11 4
42 15 3
41 13 4
41 16 3
43 14 3
44 16 1
46 10 4
45 9 4
45 12 3
47 15 1
46 14 1
45 16 3
48 13 2
48 16 1
47 15 4
40 25 3
36 20 4
34 18 4
33 17 4
33 20 3
35 19 4
34 23 3
33 21 4
33 24 3
35 22 3
36 24 1
38 18 4
37 17 4
37 20 3
38 23 3
37 21 4
37 24 3
40 24 1
39 23 4
36 29 3
34 26 4
33 25 4
33 28 3
35 27 4
34 31 3
33 29 4
34 31 2
33 32 3
35 30 3
36 32 1
38 26 4
37 25 4
37 28 3
39 26 3
39 31 1
38 30 1
37 32 3
40 29 2
40 32 1
44 20 4
42 18 4
41 17 4
41 20 3
43 19 4
42 23 3
41 21 4
41 24 3
43 22 3
44 24 1
46 18 4
45 17 4
45 20 3
46 23 3
45 21 4
45 24 3
48 24 1
45 29 1
43 27 1
42 26 1
41 28 3
44 25 2
44 28 1
42 31 3
41 29 4
41 32 3
43 30 3
44 32 1
46 26 4
45 25 4
46 27 2
45 28 3
47 31 1
46 30 1
45 32 3
48 29 2
48 32 1
57 8 2
52 4 4
50 2 4
49 1 4
49 4 3
51 3 4
50 7 3
49 5 4
49 8 3
51 6 3
52 8 1
54 2 4
53 1 4
53 4 3
54 7 3
53 5 4
53 8 3
56 8 1
55 7 4
52 13 3
50 10 4
49 9 4
49 12 3
51 11 4
50 15 3
49 13 4
50 15 2
49 16 3
51 14 3
52 16 1
54 10 4
53 9 4
53 12 3
55 15 1
54 14 1
53 16 3
56 13 2
56 16 1
61 4 2
58 2 4
57 1 4
57 4 3
59 3 4
58 7 3
57 5 4
58 7 2
57 8 3
60 8 1
63 2 2
61 1 4
62 3 2
64 1 2
64 4 1
63 7 1
62 6 1
61 8 3
64 5 2
64 8 1
61 13 1
59 11 1
58 10 1
57 12 3
60 9 2
60 12 1
58 15 3
57 13 4
57 16 3
59 14 3
60 16 1
63 10 2
61 9 4
62 11 2
64 9 2
64 12 1
63 15 1
62 14 1
61 16 3
64 13 2
64 16 1
57 25 1
53 21 1
51 19 1
50 18 1
49 20 3
52 17 2
52 20 1
50 23 3
49 21 4
49 24 3
51 22 3
52 24 1
54 18 4
53 17 4
54 19 2
53 20 3
55 23 1
54 22 1
53 24 3
56 21 2
56 24 1
52 29 3
50 26 4
49 25 4
49 28 3
51 27 4
50 31 3
49 29 4
49 32 3
51 30 3
52 32 1
54 26 4
53 25 4
53 28 3
55 26 3
55 31 1
54 30 1
53 32 3
56 29 2
56 32 1
61 20 2
58 18 4
57 17 4
57 20 3
59 19 4
58 23 3
57 21 4
58 23 2
57 24 3
60 24 1
63 18 2
61 17 4
62 19 2
64 17 2
64 20 1
63 23 1
62 22 1
61 24 3
64 21 2
64 24 1
61 29 1
59 27 1
58 26 1
57 28 3
60 25 2
60 28 1
58 31 3
57 29 4
57 32 3
59 30 3
60 32 1
63 26 2
61 25 4
62 27 2
64 25 2
64 28 1
63 31 1
62 30 1
61 32 3
64 29 2
64 32 1
48 49 3
40 40 4
36 36 4
34 34 4
33 33 4
33 36 3
36 33 2
35 35 4
34 39 3
33 37 4
33 40 3
35 38 3
36 40 1
38 34 4
37 33 4
38 35 2
37 36 3
38 39 3
37 37 4
37 40 3
40 37 2
40 40 1
39 39 4
36 45 3
34 42 4
33 41 4
33 44 3
35 43 4
34 47 3
33 45 4
33 48 3
35 46 3
36 48 1
38 42 4
37 41 4
37 44 3
39 42 3
39 47 1
38 46 1
37 48 3
40 45 2
40 48 1
44 36 4
42 34 4
41 33 4
41 36 3
43 35 4
42 39 3
41 37 4
42 39 2
41 40 3
43 38 3
44 40 1
46 34 4
45 33 4
45 36 3
46 39 3
45 37 4
45 40 3
48 40 1
44 45 3
42 42 4
41 41 4
41 44 3
44 41 2
44 44 1
43 43 4
42 47 3
41 45 4
41 48 3
43 46 3
44 48 1
46 42 4
45 41 4
46 43 2
45 44 3
47 47 1
46 46 1
45 48 3
48 45 2
48 48 1
47 47 4
40 57 3
36 52 4
34 50 4
33 49 4
33 52 3
35 51 4
34 55 3
33 53 4
33 56 3
35 54 3
36 56 1
38 50 4
37 49 4
37 52 3
38 55 3
37 53 4
37 56 3
40 56 1
39 55 4
36 61 3
34 58 4
33 57 4
33 60 3
35 59 4
34 63 3
33 61 4
33 64 3
35 62 3
36 64 1
38 58 4
37 57 4
37 60 3
39 58 3
39 63 1
38 62 1
37 64 3
40 61 2
40 64 1
44 52 4
42 50 4
41 49 4
41 52 3
43 51 4
42 55 3
41 53 4
41 56 3
43 54 3
44 56 1
46 50 4
45 49 4
45 52 3
47 50 3
46 55 3
45 53 4
45 56 3
48 56 1
45 61 1
43 59 1
42 58 1
41 60 3
44 57 2
44 60 1
42 63 3
41 61 4
41 64 3
43 62 3
44 64 1
46 58 4
45 57 4
46 59 2
45 60 3
47 63 1
46 62 1
45 64 3
48 61 2
48 64 1
57 40 2
52 36 4
50 34 4
49 33 4
49 36 3
51 35 4
50 39 3
49 37 4
49 40 3
51 38 3
52 40 1
54 34 4
53 33 4
53 36 3
54 39 3
53 37 4
53 40 3
56 40 1
55 39 4
52 45 3
50 42 4
49 41 4
49 44 3
51 43 4
50 47 3
49 45 4
49 48 3
51 46 3
52 48 1
54 42 4
53 41 4
53 44 3
55 47 1
54 46 1
53 48 3
56 45 2
56 48 1
61 36 2
58 34 4
57 33 4
57 36 3
59 35 4
58 39 3
57 37 4
58 39 2
57 40 3
60 40 1
63 34 2
61 33 4
62 35 2
64 33 2
64 36 1
63 39 1
62 38 1
61 40 3
64 37 2
64 40 1
61 45 1
59 43 1
58 42 1
57 44 3
60 41 2
60 44 1
58 47 3
57 45 4
57 48 3
59 46 3
60 48 1
63 42 2
61 41 4
62 43 2
64 41 2
64 44 1
63 47 1
62 46 1
61 48 3
64 45 2
64 48 1
57 57 1
53 53 1
51 51 1
50 50 1
49 52 3
52 49 2
52 52 1
50 55 3
49 53 4
49 56 3
51 54 3
52 56 1
54 50 4
53 49 4
54 51 2
53 52 3
55 55 1
54 54 1
53 56 3
56 53 2
56 56 1
52 61 3
50 58 4
49 57 4
49 60 3
51 59 4
50 63 3
49 61 4
49 64 3
51 62 3
52 64 1
54 58 4
53 57 4
53 60 3
55 58 3
55 63 1
54 62 1
53 64 3
56 61 2
56 64 1
61 52 2
58 50 4
57 49 4
57 52 3
59 51 4
58 55 3
57 53 4
58 55 2
57 56 3
60 56 1
63 50 2
61 49 4
62 51 2
64 49 2
64 52 1
63 55 1
62 54 1
61 56 3
64 53 2
64 56 1
61 61 1
59 59 1
58 58 1
57 60 3
60 57 2
60 60 1
58 63 3
57 61 4
57 64 3
59 62 3
60 64 1
63 58 2
61 57 4
62 59 2
64 57 2
64 60 1
63 63 1
62 62 1
61 64 3
64 61 2
64 64 1
32 97 3
16 80 4
8 72 4
4 68 4
2 66 4
1 65 4
1 68 3
3 67 4
2 71 3
1 69 4
1 72 3
3 70 3
4 72 1
7 66 2
5 65 4
8 65 2
8 68 1
6 71 3
5 69 4
5 72 3
8 72 1
7 71 4
4 77 3
2 74 4
1 73 4
1 76 3
3 75 4
2 79 3
1 77 4
1 80 3
3 78 3
4 80 1
7 74 2
5 73 4
8 73 2
7 74 3
8 76 1
7 79 1
6 78 1
5 80 3
8 77 2
8 80 1
13 68 2
10 66 4
9 65 4
9 68 3
11 67 4
10 71 3
9 69 4
9 72 3
12 72 1
15 66 2
13 65 4
14 67 2
16 65 2
16 68 1
15 71 1
14 70 1
13 72 3
16 69 2
16 72 1
12 77 3
10 74 4
9 73 4
9 76 3
11 75 4
10 79 3
9 77 4
9 80 3
11 78 3
12 80 1
15 74 2
13 73 4
16 73 2
16 76 1
15 79 1
14 78 1
13 80 3
16 77 2
16 80 1
15 79 4
8 89 3
4 84 4
2 82 4
1 81 4
1 84 3
3 83 4
2 87 3
1 85 4
1 88 3
3 86 3
4 88 1
7 82 2
5 81 4
8 81 2
8 84 1
6 87 3
5 85 4
5 88 3
8 88 1
7 87 4
4 93 3
2 90 4
1 89 4
1 92 3
3 91 4
2 95 3
1 93 4
1 96 3
3 94 3
4 96 1
7 90 2
5 89 4
8 89 2
7 90 3
8 92 1
7 95 1
6 94 1
5 96 3
8 93 2
8 96 1
13 84 2
10 82 4
9 81 4
9 84 3
11 83 4
10 87 3
9 85 4
9 88 3
12 88 1
15 82 2
13 81 4
14 83 2
16 81 2
15 82 3
16 84 1
15 87 1
14 86 1
13 88 3
16 85 2
16 88 1
13 93 1
11 91 1
10 90 1
9 92 3
12 89 2
12 92 1
10 95 3
9 93 4
9 96 3
11 94 3
12 96 1
15 90 2
13 89 4
14 91 2
16 89 2
16 92 1
15 95 1
14 94 1
13 96 3
16 93 2
16 96 1
25 72 2
20 68 4
18 66 4
17 65 4
17 68 3
19 67 4
18 71 3
17 69 4
17 72 3
19 70 3
20 72 1
22 66 4
21 65 4
21 68 3
22 71 3
21 69 4
21 72 3
24 72 1
23 71 4
20 77 3
18 74 4
17 73 4
17 76 3
19 75 4
18 79 3
17 77 4
17 80 3
19 78 3
20 80 1
22 74 4
21 73 4
21 76 3
23 79 1
22 78 1
21 80 3
24 77 2
24 80 1
29 68 2
26 66 4
25 65 4
25 68 3
27 67 4
26 71 3
25 69 4
26 71 2
25 72 3
28 72 1
31 66 2
29 65 4
30 67 2
32 65 2
32 68 1
31 71 1
30 70 1
29 72 3
32 69 2
32 72 1
29 77 1
27 75 1
26 74 1
25 76 3
28 73 2
28 76 1
26 79 3
25 77 4
25 80 3
27 78 3
28 80 1
31 74 2
29 73 4
30 75 2
32 73 2
32 76 1
31 79 1
30 78 1
29 80 3
32 77 2
32 80 1
24 89 3
20 84 4
18 82 4
17 81 4
17 84 3
19 83 4
18 87 3
17 85 4
17 88 3
19 86 3
20 88 1
22 82 4
21 81 4
21 84 3
22 87 3
21 85 4
21 88 3
24 88 1
23 87 4
20 93 3
18 90 4
17 89 4
17 92 3
19 91 4
18 95 3
17 93 4
17 96 3
19 94 3
20 96 1
22 90 4
21 89 4
21 92 3
23 90 3
23 95 1
22 94 1
21 96 3
24 93 2
24 96 1
29 84 2
26 82 4
25 81 4
25 84 3
27 83 4
26 87 3
25 85 4
25 88 3
28 88 1
31 82 2
29 81 4
30 83 2
32 81 2
32 84 1
31 87 1
30 86 1
29 88 3
32 85 2
32 88 1
29 93 1
27 91 1
26 90 1
25 92 3
28 89 2
28 92 1
26 95 3
25 93 4
25 96 3
27 94 3
28 96 1
31 90 2
29 89 4
30 91 2
32 89 2
32 92 1
31 95 1
30 94 1
29 96 3
32 93 2
32 96 1
31 95 4
16 113 3
8 104 4
4 100 4
2 98 4
1 97 4
1 100 3
3 99 4
2 103 3
1 101 4
1 104 3
3 102 3
4 104 1
7 98 2
5 97 4
8 97 2
8 100 1
6 103 3
5 101 4
5 104 3
8 104 1
7 103 4
4 109 3
2 106 4
1 105 4
1 108 3
3 107 4
2 111 3
1 109 4
1 112 3
3 110 3
4 112 1
7 106 2
5 105 4
8 105 2
7 106 3
8 108 1
7 111 1
6 110 1
5 112 3
8 109 2
8 112 1
13 100 2
10 98 4
9 97 4
9 100 3
11 99 4
10 103 3
9 101 4
9 104 3
12 104 1
15 98 2
13 97 4
14 99 2
16 97 2
16 100 1
15 103 1
14 102 1
13 104 3
16 101 2
16 104 1
12 109 3
10 106 4
9 105 4
9 108 3
11 107 4
10 111 3
9 109 4
9 112 3
11 110 3
12 112 1
15 106 2
13 105 4
16 105 2
16 108 1
15 111 1
14 110 1
13 112 3
16 109 2
16 112 1
15 111 4
8 121 3
4 116 4
2 114 4
1 113 4
1 116 3
3 115 4
2 119 3
1 117 4
1 120 3
3 118 3
4 120 1
7 114 2
5 113 4
8 113 2
8 116 1
6 119 3
5 117 4
5 120 3
8 120 1
7 119 4
4 125 3
2 122 4
1 121 4
1 124 3
3 123 4
2 127 3
1 125 4
1 128 3
3 126 3
4 128 1
7 122 2
5 121 4
8 121 2
7 122 3
8 124 1
7 127 1
6 126 1
5 128 3
8 125 2
8 128 1
13 116 2
10 114 4
9 113 4
9 116 3
11 115 4
10 119 3
9 117 4
9 120 3
12 120 1
15 114 2
13 113 4
14 115 2
16 113 2
15 114 3
16 116 1
15 119 1
14 118 1
13 120 3
16 117 2
16 120 1
13 125 1
11 123 1
10 122 1
9 124 3
12 121 2
12 124 1
10 127 3
9 125 4
9 128 3
11 126 3
12 128 1
15 122 2
13 121 4
14 123 2
16 121 2
16 124 1
15 127 1
14 126 1
13 128 3
16 125 2
16 128 1
25 104 2
20 100 4
18 98 4
17 97 4
17 100 3
19 99 4
18 103 3
17 101 4
17 104 3
19 102 3
20 104 1
22 98 4
21 97 4
21 100 3
22 103 3
21 101 4
21 104 3
24 104 1
23 103 4
20 109 3
18 106 4
17 105 4
17 108 3
19 107 4
18 111 3
17 109 4
17 112 3
19 110 3
20 112 1
22 106 4
21 105 4
21 108 3
23 111 1
22 110 1
21 112 3
24 109 2
24 112 1
29 100 2
26 98 4
25 97 4
25 100 3
27 99 4
26 103 3
25 101 4
26 103 2
25 104 3
28 104 1
31 98 2
29 97 4
30 99 2
32 97 2
31 98 3
32 100 1
31 103 1
30 102 1
29 104 3
32 101 2
32 104 1
29 109 1
27 107 1
26 106 1
25 108 3
28 105 2
28 108 1
26 111 3
25 109 4
25 112 3
27 110 3
28 112 1
31 106 2
29 105 4
30 107 2
32 105 2
32 108 1
31 111 1
30 110 1
29 112 3
32 109 2
32 112 1
25 121 1
21 117 1
19 115 1
18 114 1
17 116 3
20 113 2
20 116 1
18 119 3
17 117 4
17 120 3
19 118 3
20 120 1
22 114 4
21 113 4
22 115 2
21 116 3
23 119 1
22 118 1
21 120 3
24 117 2
24 120 1
20 125 3
18 122 4
17 121 4
17 124 3
19 123 4
18 127 3
17 125 4
17 128 3
19 126 3
20 128 1
22 122 4
21 121 4
21 124 3
23 122 3
23 127 1
22 126 1
21 128 3
24 125 2
24 128 1
29 116 2
26 114 4
25 113 4
25 116 3
27 115 4
26 119 3
25 117 4
26 119 2
25 120 3
28 120 1
31 114 2
29 113 4
30 115 2
32 113 2
32 116 1
31 119 1
30 118 1
29 120 3
32 117 2
32 120 1
29 125 1
27 123 1
26 122 1
25 124 3
28 121 2
28 124 1
26 127 3
25 125 4
25 128 3
27 126 3
28 128 1
31 122 2
29 121 4
30 123 2
32 121 2
32 124 1
31 127 1
30 126 1
29 128 3
32 125 2
32 128 1
49 80 2
40 72 4
36 68 4
34 66 4
33 65 4
33 68 3
35 67 4
34 71 3
33 69 4
33 72 3
35 70 3
36 72 1
38 66 4
37 65 4
37 68 3
38 71 3
37 69 4
37 72 3
40 72 1
39 71 4
36 77 3
34 74 4
33 73 4
33 76 3
35 75 4
34 79 3
33 77 4
33 80 3
35 78 3
36 80 1
38 74 4
37 73 4
37 76 3
39 74 3
39 79 1
38 78 1
37 80 3
40 77 2
40 80 1
44 68 4
42 66 4
41 65 4
41 68 3
43 67 4
42 71 3
41 69 4
41 72 3
43 70 3
44 72 1
46 66 4
45 65 4
45 68 3
46 71 3
45 69 4
45 72 3
48 72 1
44 77 3
42 74 4
41 73 4
41 76 3
43 75 4
42 79 3
41 77 4
41 80 3
43 78 3
44 80 1
46 74 4
45 73 4
45 76 3
47 79 1
46 78 1
45 80 3
48 77 2
48 80 1
47 79 4
40 89 3
36 84 4
34 82 4
33 81 4
33 84 3
35 83 4
34 87 3
33 85 4
33 88 3
35 86 3
36 88 1
38 82 4
37 81 4
37 84 3
38 87 3
37 85 4
37 88 3
40 88 1
39 87 4
36 93 3
34 90 4
33 89 4
33 92 3
35 91 4
34 95 3
33 93 4
33 96 3
35 94 3
36 96 1
38 90 4
37 89 4
37 92 3
39 90 3
39 95 1
38 94 1
37 96 3
40 93 2
40 96 1
44 84 4
42 82 4
41 81 4
41 84 3
43 83 4
42 87 3
41 85 4
41 88 3
43 86 3
44 88 1
46 82 4
45 81 4
45 84 3
46 87 3
45 85 4
45 88 3
48 88 1
45 93 1
43 91 1
42 90 1
41 92 3
44 89 2
44 92 1
42 95 3
41 93 4
41 96 3
43 94 3
44 96 1
46 90 4
45 89 4
46 91 2
45 92 3
47 95 1
46 94 1
45 96 3
48 93 2
48 96 1
57 72 2
52 68 4
50 66 4
49 65 4
49 68 3
51 67 4
50 71 3
49 69 4
49 72 3
51 70 3
52 72 1
54 66 4
53 65 4
53 68 3
54 71 3
53 69 4
53 72 3
56 72 1
55 71 4
52 77 3
50 74 4
49 73 4
49 76 3
51 75 4
50 79 3
49 77 4
50 79 2
49 80 3
51 78 3
52 80 1
54 74 4
53 73 4
53 76 3
55 79 1
54 78 1
53 80 3
56 77 2
56 80 1
61 68 2
58 66 4
57 65 4
57 68 3
59 67 4
58 71 3
57 69 4
58 71 2
57 72 3
60 72 1
63 66 2
61 65 4
62 67 2
64 65 2
63 66 3
64 68 1
63 71 1
62 70 1
61 72 3
64 69 2
64 72 1
61 77 1
59 75 1
58 74 1
57 76 3
60 73 2
60 76 1
58 79 3
57 77 4
57 80 3
59 78 3
60 80 1
63 74 2
61 73 4
62 75 2
64 73 2
64 76 1
63 79 1
62 78 1
61 80 3
64 77 2
64 80 1
57 89 1
53 85 1
51 83 1
50 82 1
49 84 3
52 81 2
52 84 1
50 87 3
49 85 4
49 88 3
51 86 3
52 88 1
54 82 4
53 81 4
54 83 2
53 84 3
55 87 1
54 86 1
53 88 3
56 85 2
56 88 1
52 93 3
50 90 4
49 89 4
49 92 3
51 91 4
50 95 3
49 93 4
49 96 3
51 94 3
52 96 1
54 90 4
53 89 4
53 92 3
55 90 3
55 95 1
54 94 1
53 96 3
56 93 2
56 96 1
61 84 2
58 82 4
57 81 4
57 84 3
59 83 4
58 87 3
57 85 4
58 87 2
57 88 3
60 88 1
63 82 2
61 81 4
62 83 2
64 81 2
64 84 1
63 87 1
62 86 1
61 88 3
64 85 2
64 88 1
61 93 1
59 91 1
58 90 1
57 92 3
60 89 2
60 92 1
58 95 3
57 93 4
57 96 3
59 94 3
60 96 1
63 90 2
61 89 4
62 91 2
64 89 2
64 92 1
63 95 1
62 94 1
61 96 3
64 93 2
64 96 1
49 113 1
41 105 1
37 101 1
35 99 1
34 98 1
33 100 3
36 97 2
36 100 1
34 103 3
33 101 4
33 104 3
35 102 3
36 104 1
38 98 4
37 97 4
38 99 2
37 100 3
39 103 1
38 102 1
37 104 3
40 101 2
40 104 1
36 109 3
34 106 4
33 105 4
33 108 3
35 107 4
34 111 3
33 109 4
33 112 3
35 110 3
36 112 1
38 106 4
37 105 4
37 108 3
39 106 3
39 111 1
38 110 1
37 112 3
40 109 2
40 112 1
44 100 4
42 98 4
41 97 4
41 100 3
43 99 4
42 103 3
41 101 4
42 103 2
41 104 3
43 102 3
44 104 1
46 98 4
45 97 4
45 100 3
46 103 3
45 101 4
45 104 3
48 104 1
45 109 1
43 107 1
42 106 1
41 108 3
44 105 2
44 108 1
42 111 3
41 109 4
41 112 3
43 110 3
44 112 1
46 106 4
45 105 4
46 107 2
45 108 3
47 111 1
46 110 1
45 112 3
48 109 2
48 112 1
40 121 3
36 116 4
34 114 4
33 113 4
33 116 3
35 115 4
34 119 3
33 117 4
33 120 3
35 118 3
36 120 1
38 114 4
37 113 4
37 116 3
38 119 3
37 117 4
37 120 3
40 120 1
39 119 4
36 125 3
34 122 4
33 121 4
33 124 3
35 123 4
34 127 3
33 125 4
33 128 3
35 126 3
36 128 1
38 122 4
37 121 4
37 124 3
39 122 3
39 127 1
38 126 1
37 128 3
40 125 2
40 128 1
44 116 4
42 114 4
41 113 4
41 116 3
43 115 4
42 119 3
41 117 4
41 120 3
43 118 3
44 120 1
46 114 4
45 113 4
45 116 3
47 114 3
46 119 3
45 117 4
45 120 3
48 120 1
45 125 1
43 123 1
42 122 1
41 124 3
44 121 2
44 124 1
42 127 3
41 125 4
41 128 3
43 126 3
44 128 1
46 122 4
45 121 4
46 123 2
45 124 3
47 127 1
46 126 1
45 128 3
48 125 2
48 128 1
57 104 2
52 100 4
50 98 4
49 97 4
49 100 3
51 99 4
50 103 3
49 101 4
49 104 3
51 102 3
52 104 1
54 98 4
53 97 4
53 100 3
54 103 3
53 101 4
53 104 3
56 104 1
55 103 4
52 109 3
50 106 4
49 105 4
49 108 3
51 107 4
50 111 3
49 109 4
50 111 2
49 112 3
51 110 3
52 112 1
54 106 4
53 105 4
53 108 3
55 111 1
54 110 1
53 112 3
56 109 2
56 112 1
61 100 2
58 98 4
57 97 4
57 100 3
59 99 4
58 103 3
57 101 4
58 103 2
57 104 3
60 104 1
63 98 2
61 97 4
62 99 2
64 97 2
64 100 1
63 103 1
62 102 1
61 104 3
64 101 2
64 104 1
61 109 1
59 107 1
58 106 1
57 108 3
60 105 2
60 108 1
58 111 3
57 109 4
57 112 3
59 110 3
60 112 1
63 106 2
61 105 4
62 107 2
64 105 2
64 108 1
63 111 1
62 110 1
61 112 3
64 109 2
64 112 1
57 121 1
53 117 1
51 115 1
50 114 1
49 116 3
52 113 2
52 116 1
50 119 3
49 117 4
49 120 3
51 118 3
52 120 1
54 114 4
53 113 4
54 115 2
53 116 3
55 119 1
54 118 1
53 120 3
56 117 2
56 120 1
52 125 3
50 122 4
49 121 4
49 124 3
51 123 4
50 127 3
49 125 4
49 128 3
51 126 3
52 128 1
54 122 4
53 121 4
53 124 3
55 122 3
55 127 1
54 126 1
53 128 3
56 125 2
56 128 1
61 116 2
58 114 4
57 113 4
57 116 3
59 115 4
58 119 3
57 117 4
58 119 2
57 120 3
60 120 1
63 114 2
61 113 4
62 115 2
64 113 2
64 116 1
63 119 1
62 118 1
61 120 3
64 117 2
64 120 1
61 125 1
59 123 1
58 122 1
57 124 3
60 121 2
60 124 1
58 127 3
57 125 4
57 128 3
59 126 3
60 128 1
63 122 2
61 121 4
62 123 2
64 121 2
64 124 1
63 127 1
62 126 1
61 128 3
64 125 2
64 128 1
97 32 2
80 16 4
72 8 4
68 4 4
66 2 4
65 1 4
65 4 3
67 3 4
66 7 3
65 5 4
65 8 3
67 6 3
68 8 1
70 2 4
69 1 4
69 4 3
70 7 3
69 5 4
69 8 3
72 8 1
71 7 4
68 13 3
66 10 4
65 9 4
65 12 3
67 11 4
66 15 3
65 13 4
65 16 3
67 14 3
68 16 1
70 10 4
69 9 4
69 12 3
71 10 3
71 15 1
70 14 1
69 16 3
72 13 2
72 16 1
76 4 4
74 2 4
73 1 4
73 4 3
75 3 4
74 7 3
73 5 4
73 8 3
75 6 3
76 8 1
78 2 4
77 1 4
77 4 3
78 7 3
77 5 4
77 8 3
80 8 1
76 13 3
74 10 4
73 9 4
73 12 3
75 11 4
74 15 3
73 13 4
73 16 3
75 14 3
76 16 1
78 10 4
77 9 4
77 12 3
79 15 1
78 14 1
77 16 3
80 13 2
80 16 1
79 15 4
72 25 3
68 20 4
66 18 4
65 17 4
65 20 3
67 19 4
66 23 3
65 21 4
65 24 3
67 22 3
68 24 1
70 18 4
69 17 4
69 20 3
70 23 3
69 21 4
69 24 3
72 24 1
71 23 4
68 29 3
66 26 4
65 25 4
65 28 3
67 27 4
66 31 3
65 29 4
65 32 3
67 30 3
68 32 1
70 26 4
69 25 4
69 28 3
71 26 3
71 31 1
70 30 1
69 32 3
72 29 2
72 32 1
76 20 4
74 18 4
73 17 4
73 20 3
75 19 4
74 23 3
73 21 4
73 24 3
75 22 3
76 24 1
78 18 4
77 17 4
77 20 3
79 18 3
78 23 3
77 21 4
77 24 3
80 24 1
77 29 1
75 27 1
74 26 1
73 28 3
76 25 2
76 28 1
74 31 3
73 29 4
73 32 3
75 30 3
76 32 1
78 26 4
77 25 4
78 27 2
77 28 3
79 31 1
78 30 1
77 32 3
80 29 2
80 32 1
88 8 4
84 4 4
82 2 4
81 1 4
81 4 3
83 3 4
82 7 3
81 5 4
81 8 3
83 6 3
84 8 1
86 2 4
85 1 4
85 4 3
86 7 3
85 5 4
85 8 3
88 8 1
87 7 4
84 13 3
82 10 4
81 9 4
81 12 3
83 11 4
82 15 3
81 13 4
81 16 3
83 14 3
84 16 1
86 10 4
85 9 4
85 12 3
87 10 3
87 15 1
86 14 1
85 16 3
88 13 2
88 16 1
92 4 4
90 2 4
89 1 4
89 4 3
91 3 4
90 7 3
89 5 4
89 8 3
91 6 3
92 8 1
94 2 4
93 1 4
93 4 3
94 7 3
93 5 4
93 8 3
96 8 1
92 13 3
90 10 4
89 9 4
89 12 3
91 11 4
90 15 3
89 13 4
89 16 3
91 14 3
92 16 1
94 10 4
93 9 4
93 12 3
95 15 1
94 14 1
93 16 3
96 13 2
96 16 1
88 25 3
84 20 4
82 18 4
81 17 4
81 20 3
83 19 4
82 23 3
81 21 4
81 24 3
83 22 3
84 24 1
86 18 4
85 17 4
85 20 3
86 23 3
85 21 4
85 24 3
88 24 1
87 23 4
84 29 3
82 26 4
81 25 4
81 28 3
83 27 4
82 31 3
81 29 4
81 32 3
83 30 3
84 32 1
86 26 4
85 25 4
85 28 3
87 26 3
87 31 1
86 30 1
85 32 3
88 29 2
88 32 1
92 20 4
90 18 4
89 17 4
89 20 3
91 19 4
90 23 3
89 21 4
89 24 3
91 22 3
92 24 1
94 18 4
93 17 4
93 20 3
94 23 3
93 21 4
93 24 3
96 24 1
93 29 1
91 27 1
90 26 1
89 28 3
92 25 2
92 28 1
90 31 3
89 29 4
89 32 3
91 30 3
92 32 1
94 26 4
93 25 4
94 27 2
93 28 3
95 31 1
94 30 1
93 32 3
96 29 2
96 32 1
95 31 4
80 49 3
72 40 4
68 36 4
66 34 4
65 33 4
65 36 3
67 35 4
66 39 3
65 37 4
65 40 3
67 38 3
68 40 1
70 34 4
69 33 4
69 36 3
70 39 3
69 37 4
69 40 3
72 40 1
71 39 4
68 45 3
66 42 4
65 41 4
65 44 3
67 43 4
66 47 3
65 45 4
65 48 3
67 46 3
68 48 1
70 42 4
69 41 4
69 44 3
71 42 3
71 47 1
70 46 1
69 48 3
72 45 2
72 48 1
76 36 4
74 34 4
73 33 4
73 36 3
75 35 4
74 39 3
73 37 4
73 40 3
75 38 3
76 40 1
78 34 4
77 33 4
77 36 3
78 39 3
77 37 4
77 40 3
80 40 1
76 45 3
74 42 4
73 41 4
73 44 3
75 43 4
74 47 3
73 45 4
73 48 3
75 46 3
76 48 1
78 42 4
77 41 4
77 44 3
79 47 1
78 46 1
77 48 3
80 45 2
80 48 1
79 47 4
72 57 3
68 52 4
66 50 4
65 49 4
65 52 3
67 51 4
66 55 3
65 53 4
65 56 3
67 54 3
68 56 1
70 50 4
69 49 4
69 52 3
70 55 3
69 53 4
69 56 3
72 56 1
71 55 4
68 61 3
66 58 4
65 57 4
65 60 3
67 59 4
66 63 3
65 61 4
66 63 2
65 64 3
67 62 3
68 64 1
70 58 4
69 57 4
69 60 3
71 58 3
71 63 1
70 62 1
69 64 3
72 61 2
72 64 1
76 52 4
74 50 4
73 49 4
73 52 3
75 51 4
74 55 3
73 53 4
73 56 3
75 54 3
76 56 1
78 50 4
77 49 4
77 52 3
79 50 3
78 55 3
77 53 4
77 56 3
80 56 1
77 61 1
75 59 1
74 58 1
73 60 3
76 57 2
76 60 1
74 63 3
73 61 4
73 64 3
75 62 3
76 64 1
78 58 4
77 57 4
78 59 2
77 60 3
79 63 1
78 62 1
77 64 3
80 61 2
80 64 1
88 40 4
84 36 4
82 34 4
81 33 4
81 36 3
83 35 4
82 39 3
81 37 4
81 40 3
83 38 3
84 40 1
86 34 4
85 33 4
85 36 3
86 39 3
85 37 4
85 40 3
88 40 1
87 39 4
84 45 3
82 42 4
81 41 4
81 44 3
83 43 4
82 47 3
81 45 4
81 48 3
83 46 3
84 48 1
86 42 4
85 41 4
85 44 3
87 42 3
87 47 1
86 46 1
85 48 3
88 45 2
88 48 1
92 36 4
90 34 4
89 33 4
89 36 3
91 35 4
90 39 3
89 37 4
89 40 3
91 38 3
92 40 1
94 34 4
93 33 4
93 36 3
94 39 3
93 37 4
93 40 3
96 40 1
92 45 3
90 42 4
89 41 4
89 44 3
91 43 4
90 47 3
89 45 4
89 48 3
91 46 3
92 48 1
94 42 4
93 41 4
93 44 3
95 47 1
94 46 1
93 48 3
96 45 2
96 48 1
89 57 1
85 53 1
83 51 1
82 50 1
81 52 3
84 49 2
84 52 1
82 55 3
81 53 4
81 56 3
83 54 3
84 56 1
86 50 4
85 49 4
86 51 2
85 52 3
87 55 1
86 54 1
85 56 3
88 53 2
88 56 1
84 61 3
82 58 4
81 57 4
81 60 3
83 59 4
82 63 3
81 61 4
81 64 3
83 62 3
84 64 1
86 58 4
85 57 4
85 60 3
87 58 3
87 63 1
86 62 1
85 64 3
88 61 2
88 64 1
92 52 4
90 50 4
89 49 4
89 52 3
91 51 4
90 55 3
89 53 4
90 55 2
89 56 3
91 54 3
92 56 1
94 50 4
93 49 4
93 52 3
94 55 3
93 53 4
93 56 3
96 56 1
93 61 1
91 59 1
90 58 1
89 60 3
92 57 2
92 60 1
90 63 3
89 61 4
89 64 3
91 62 3
92 64 1
94 58 4
93 57 4
94 59 2
93 60 3
95 63 1
94 62 1
93 64 3
96 61 2
96 64 1
113 16 2
104 8 4
100 4 4
98 2 4
97 1 4
97 4 3
99 3 4
98 7 3
97 5 4
97 8 3
99 6 3
100 8 1
102 2 4
101 1 4
101 4 3
102 7 3
101 5 4
101 8 3
104 8 1
103 7 4
100 13 3
98 10 4
97 9 4
97 12 3
99 11 4
98 15 3
97 13 4
97 16 3
99 14 3
100 16 1
102 10 4
101 9 4
101 12 3
103 10 3
103 15 1
102 14 1
101 16 3
104 13 2
104 16 1
108 4 4
106 2 4
105 1 4
105 4 3
107 3 4
106 7 3
105 5 4
105 8 3
107 6 3
108 8 1
110 2 4
109 1 4
109 4 3
110 7 3
109 5 4
109 8 3
112 8 1
108 13 3
106 10 4
105 9 4
105 12 3
107 11 4
106 15 3
105 13 4
105 16 3
107 14 3
108 16 1
110 10 4
109 9 4
109 12 3
111 15 1
110 14 1
109 16 3
112 13 2
112 16 1
111 15 4
104 25 3
100 20 4
98 18 4
97 17 4
97 20 3
99 19 4
98 23 3
97 21 4
97 24 3
99 22 3
100 24 1
102 18 4
101 17 4
101 20 3
102 23 3
101 21 4
101 24 3
104 24 1
103 23 4
100 29 3
98 26 4
97 25 4
97 28 3
99 27 4
98 31 3
97 29 4
98 31 2
97 32 3
99 30 3
100 32 1
102 26 4
101 25 4
101 28 3
103 26 3
103 31 1
102 30 1
101 32 3
104 29 2
104 32 1
108 20 4
106 18 4
105 17 4
105 20 3
107 19 4
106 23 3
105 21 4
105 24 3
107 22 3
108 24 1
110 18 4
109 17 4
109 20 3
110 23 3
109 21 4
109 24 3
112 24 1
109 29 1
107 27 1
106 26 1
105 28 3
108 25 2
108 28 1
106 31 3
105 29 4
105 32 3
107 30 3
108 32 1
110 26 4
109 25 4
110 27 2
109 28 3
111 31 1
110 30 1
109 32 3
112 29 2
112 32 1
121 8 2
116 4 4
114 2 4
113 1 4
113 4 3
115 3 4
114 7 3
113 5 4
113 8 3
115 6 3
116 8 1
118 2 4
117 1 4
117 4 3
118 7 3
117 5 4
117 8 3
120 8 1
119 7 4
116 13 3
114 10 4
113 9 4
113 12 3
115 11 4
114 15 3
113 13 4
114 15 2
113 16 3
115 14 3
116 16 1
118 10 4
117 9 4
117 12 3
119 15 1
118 14 1
117 16 3
120 13 2
120 16 1
125 4 2
122 2 4
121 1 4
121 4 3
123 3 4
122 7 3
121 5 4
122 7 2
121 8 3
124 8 1
127 2 2
125 1 4
126 3 2
128 1 2
128 4 1
127 7 1
126 6 1
125 8 3
128 5 2
128 8 1
125 13 1
123 11 1
122 10 1
121 12 3
124 9 2
124 12 1
122 15 3
121 13 4
121 16 3
123 14 3
124 16 1
127 10 2
125 9 4
126 11 2
128 9 2
128 12 1
127 15 1
126 14 1
125 16 3
128 13 2
128 16 1
121 25 1
117 21 1
115 19 1
114 18 1
113 20 3
116 17 2
116 20 1
114 23 3
113 21 4
113 24 3
115 22 3
116 24 1
118 18 4
117 17 4
118 19 2
117 20 3
119 23 1
118 22 1
117 24 3
120 21 2
120 24 1
116 29 3
114 26 4
113 25 4
113 28 3
115 27 4
114 31 3
113 29 4
113 32 3
115 30 3
116 32 1
118 26 4
117 25 4
117 28 3
119 26 3
119 31 1
118 30 1
117 32 3
120 29 2
120 32 1
125 20 2
122 18 4
121 17 4
121 20 3
123 19 4
122 23 3
121 21 4
122 23 2
121 24 3
124 24 1
127 18 2
125 17 4
126 19 2
128 17 2
128 20 1
127 23 1
126 22 1
125 24 3
128 21 2
128 24 1
125 29 1
123 27 1
122 26 1
121 28 3
124 25 2
124 28 1
122 31 3
121 29 4
121 32 3
123 30 3
124 32 1
127 26 2
125 25 4
126 27 2
128 25 2
128 28 1
127 31 1
126 30 1
125 32 3
128 29 2
128 32 1
113 49 1
105 41 1
101 37 1
99 35 1
98 34 1
97 36 3
100 33 2
100 36 1
98 39 3
97 37 4
97 40 3
99 38 3
100 40 1
102 34 4
101 33 4
102 35 2
101 36 3
103 39 1
102 38 1
101 40 3
104 37 2
104 40 1
100 45 3
98 42 4
97 41 4
97 44 3
99 43 4
98 47 3
97 45 4
97 48 3
99 46 3
100 48 1
102 42 4
101 41 4
101 44 3
103 42 3
103 47 1
102 46 1
101 48 3
104 45 2
104 48 1
108 36 4
106 34 4
105 33 4
105 36 3
107 35 4
106 39 3
105 37 4
106 39 2
105 40 3
107 38 3
108 40 1
110 34 4
109 33 4
109 36 3
110 39 3
109 37 4
109 40 3
112 40 1
109 45 1
107 43 1
106 42 1
105 44 3
108 41 2
108 44 1
106 47 3
105 45 4
105 48 3
107 46 3
108 48 1
110 42 4
109 41 4
110 43 2
109 44 3
111 47 1
110 46 1
109 48 3
112 45 2
112 48 1
104 57 3
100 52 4
98 50 4
97 49 4
97 52 3
99 51 4
98 55 3
97 53 4
97 56 3
99 54 3
100 56 1
102 50 4
101 49 4
101 52 3
102 55 3
101 53 4
101 56 3
104 56 1
103 55 4
100 61 3
98 58 4
97 57 4
97 60 3
99 59 4
98 63 3
97 61 4
97 64 3
99 62 3
100 64 1
102 58 4
101 57 4
101 60 3
103 58 3
103 63 1
102 62 1
101 64 3
104 61 2
104 64 1
108 52 4
106 50 4
105 49 4
105 52 3
107 51 4
106 55 3
105 53 4
105 56 3
107 54 3
108 56 1
110 50 4
109 49 4
109 52 3
111 50 3
110 55 3
109 53 4
109 56 3
112 56 1
109 61 1
107 59 1
106 58 1
105 60 3
108 57 2
108 60 1
106 63 3
105 61 4
105 64 3
107 62 3
108 64 1
110 58 4
109 57 4
110 59 2
109 60 3
111 63 1
110 62 1
109 64 3
112 61 2
112 64 1
121 40 2
116 36 4
114 34 4
113 33 4
113 36 3
115 35 4
114 39 3
113 37 4
113 40 3
115 38 3
116 40 1
118 34 4
117 33 4
117 36 3
118 39 3
117 37 4
117 40 3
120 40 1
119 39 4
116 45 3
114 42 4
113 41 4
113 44 3
115 43 4
114 47 3
113 45 4
114 47 2
113 48 3
115 46 3
116 48 1
118 42 4
117 41 4
117 44 3
119 47 1
118 46 1
117 48 3
120 45 2
120 48 1
125 36 2
122 34 4
121 33 4
121 36 3
123 35 4
122 39 3
121 37 4
122 39 2
121 40 3
124 40 1
127 34 2
125 33 4
126 35 2
128 33 2
128 36 1
127 39 1
126 38 1
125 40 3
128 37 2
128 40 1
125 45 1
123 43 1
122 42 1
121 44 3
124 41 2
124 44 1
122 47 3
121 45 4
121 48 3
123 46 3
124 48 1
127 42 2
125 41 4
126 43 2
128 41 2
128 44 1
127 47 1
126 46 1
125 48 3
128 45 2
128 48 1
121 57 1
117 53 1
115 51 1
114 50 1
113 52 3
116 49 2
116 52 1
114 55 3
113 53 4
113 56 3
115 54 3
116 56 1
118 50 4
117 49 4
118 51 2
117 52 3
119 55 1
118 54 1
117 56 3
120 53 2
120 56 1
116 61 3
114 58 4
113 57 4
113 60 3
115 59 4
114 63 3
113 61 4
113 64 3
115 62 3
116 64 1
118 58 4
117 57 4
117 60 3
119 58 3
119 63 1
118 62 1
117 64 3
120 61 2
120 64 1
125 52 2
122 50 4
121 49 4
121 52 3
123 51 4
122 55 3
121 53 4
122 55 2
121 56 3
124 56 1
127 50 2
125 49 4
126 51 2
128 49 2
128 52 1
127 55 1
126 54 1
125 56 3
128 53 2
128 56 1
125 61 1
123 59 1
122 58 1
121 60 3
124 57 2
124 60 1
122 63 3
121 61 4
121 64 3
123 62 3
124 64 1
127 58 2
125 57 4
126 59 2
128 57 2
128 60 1
127 63 1
126 62 1
125 64 3
128 61 2
128 64 1
97 97 1
81 81 1
73 73 1
69 69 1
67 67 1
66 66 1
65 68 3
68 65 2
68 68 1
66 71 3
65 69 4
65 72 3
67 70 3
68 72 1
70 66 4
69 65 4
70 67 2
69 68 3
71 71 1
70 70 1
69 72 3
72 69 2
72 72 1
68 77 3
66 74 4
65 73 4
65 76 3
67 75 4
66 79 3
65 77 4
65 80 3
67 78 3
68 80 1
70 74 4
69 73 4
69 76 3
71 74 3
71 79 1
70 78 1
69 80 3
72 77 2
72 80 1
76 68 4
74 66 4
73 65 4
73 68 3
75 67 4
74 71 3
73 69 4
74 71 2
73 72 3
75 70 3
76 72 1
78 66 4
77 65 4
77 68 3
78 71 3
77 69 4
77 72 3
80 72 1
77 77 1
75 75 1
74 74 1
73 76 3
76 73 2
76 76 1
74 79 3
73 77 4
73 80 3
75 78 3
76 80 1
78 74 4
77 73 4
78 75 2
77 76 3
79 79 1
78 78 1
77 80 3
80 77 2
80 80 1
72 89 3
68 84 4
66 82 4
65 81 4
65 84 3
67 83 4
66 87 3
65 85 4
65 88 3
67 86 3
68 88 1
70 82 4
69 81 4
69 84 3
70 87 3
69 85 4
69 88 3
72 88 1
71 87 4
68 93 3
66 90 4
65 89 4
65 92 3
67 91 4
66 95 3
65 93 4
65 96 3
67 94 3
68 96 1
70 90 4
69 89 4
69 92 3
71 90 3
71 95 1
70 94 1
69 96 3
72 93 2
72 96 1
76 84 4
74 82 4
73 81 4
73 84 3
75 83 4
74 87 3
73 85 4
73 88 3
75 86 3
76 88 1
78 82 4
77 81 4
77 84 3
79 82 3
78 87 3
77 85 4
77 88 3
80 88 1
77 93 1
75 91 1
74 90 1
73 92 3
76 89 2
76 92 1
74 95 3
73 93 4
73 96 3
75 94 3
76 96 1
78 90 4
77 89 4
78 91 2
77 92 3
79 95 1
78 94 1
77 96 3
80 93 2
80 96 1
88 72 4
84 68 4
82 66 4
81 65 4
81 68 3
83 67 4
82 71 3
81 69 4
81 72 3
83 70 3
84 72 1
86 66 4
85 65 4
85 68 3
86 71 3
85 69 4
85 72 3
88 72 1
87 71 4
84 77 3
82 74 4
81 73 4
81 76 3
83 75 4
82 79 3
81 77 4
82 79 2
81 80 3
83 78 3
84 80 1
86 74 4
85 73 4
85 76 3
87 74 3
87 79 1
86 78 1
85 80 3
88 77 2
88 80 1
92 68 4
90 66 4
89 65 4
89 68 3
91 67 4
90 71 3
89 69 4
89 72 3
91 70 3
92 72 1
94 66 4
93 65 4
93 68 3
94 71 3
93 69 4
93 72 3
96 72 1
92 77 3
90 74 4
89 73 4
89 76 3
91 75 4
90 79 3
89 77 4
89 80 3
91 78 3
92 80 1
94 74 4
93 73 4
93 76 3
95 79 1
94 78 1
93 80 3
96 77 2
96 80 1
89 89 1
85 85 1
83 83 1
82 82 1
81 84 3
84 81 2
84 84 1
82 87 3
81 85 4
81 88 3
83 86 3
84 88 1
86 82 4
85 81 4
86 83 2
85 84 3
87 87 1
86 86 1
85 88 3
88 85 2
88 88 1
84 93 3
82 90 4
81 89 4
81 92 3
83 91 4
82 95 3
81 93 4
81 96 3
83 94 3
84 96 1
86 90 4
85 89 4
85 92 3
87 90 3
87 95 1
86 94 1
85 96 3
88 93 2
88 96 1
92 84 4
90 82 4
89 81 4
89 84 3
91 83 4
90 87 3
89 85 4
90 87 2
89 88 3
91 86 3
92 88 1
94 82 4
93 81 4
93 84 3
94 87 3
93 85 4
93 88 3
96 88 1
93 93 1
91 91 1
90 90 1
89 92 3
92 89 2
92 92 1
90 95 3
89 93 4
89 96 3
91 94 3
92 96 1
94 90 4
93 89 4
94 91 2
93 92 3
95 95 1
94 94 1
93 96 3
96 93 2
96 96 1
80 113 3
72 104 4
68 100 4
66 98 4
65 97 4
65 100 3
67 99 4
66 103 3
65 101 4
65 104 3
67 102 3
68 104 1
70 98 4
69 97 4
69 100 3
70 103 3
69 101 4
69 104 3
72 104 1
71 103 4
68 109 3
66 106 4
65 105 4
65 108 3
67 107 4
66 111 3
65 109 4
65 112 3
67 110 3
68 112 1
70 106 4
69 105 4
69 108 3
71 106 3
71 111 1
70 110 1
69 112 3
72 109 2
72 112 1
76 100 4
74 98 4
73 97 4
73 100 3
75 99 4
74 103 3
73 101 4
73 104 3
75 102 3
76 104 1
78 98 4
77 97 4
77 100 3
78 103 3
77 101 4
77 104 3
80 104 1
76 109 3
74 106 4
73 105 4
73 108 3
75 107 4
74 111 3
73 109 4
73 112 3
75 110 3
76 112 1
78 106 4
77 105 4
77 108 3
79 111 1
78 110 1
77 112 3
80 109 2
80 112 1
79 111 4
72 121 3
68 116 4
66 114 4
65 113 4
65 116 3
67 115 4
66 119 3
65 117 4
65 120 3
67 118 3
68 120 1
70 114 4
69 113 4
69 116 3
70 119 3
69 117 4
69 120 3
72 120 1
71 119 4
68 125 3
66 122 4
65 121 4
65 124 3
67 123 4
66 127 3
65 125 4
65 128 3
67 126 3
68 128 1
70 122 4
69 121 4
69 124 3
71 122 3
71 127 1
70 126 1
69 128 3
72 125 2
72 128 1
76 116 4
74 114 4
73 113 4
73 116 3
75 115 4
74 119 3
73 117 4
73 120 3
75 118 3
76 120 1
78 114 4
77 113 4
77 116 3
79 114 3
78 119 3
77 117 4
77 120 3
80 120 1
77 125 1
75 123 1
74 122 1
73 124 3
76 121 2
76 124 1
74 127 3
73 125 4
73 128 3
75 126 3
76 128 1
78 122 4
77 121 4
78 123 2
77 124 3
79 127 1
78 126 1
77 128 3
80 125 2
80 128 1
88 104 4
84 100 4
82 98 4
81 97 4
81 100 3
83 99 4
82 103 3
81 101 4
81 104 3
83 102 3
84 104 1
86 98 4
85 97 4
85 100 3
86 103 3
85 101 4
85 104 3
88 104 1
87 103 4
84 109 3
82 106 4
81 105 4
81 108 3
83 107 4
82 111 3
81 109 4
81 112 3
83 110 3
84 112 1
86 106 4
85 105 4
85 108 3
87 106 3
87 111 1
86 110 1
85 112 3
88 109 2
88 112 1
92 100 4
90 98 4
89 97 4
89 100 3
91 99 4
90 103 3
89 101 4
89 104 3
91 102 3
92 104 1
94 98 4
93 97 4
93 100 3
95 98 3
94 103 3
93 101 4
93 104 3
96 104 1
92 109 3
90 106 4
89 105 4
89 108 3
91 107 4
90 111 3
89 109 4
89 112 3
91 110 3
92 112 1
94 106 4
93 105 4
93 108 3
95 111 1
94 110 1
93 112 3
96 109 2
96 112 1
89 121 1
85 117 1
83 115 1
82 114 1
81 116 3
84 113 2
84 116 1
82 119 3
81 117 4
81 120 3
83 118 3
84 120 1
86 114 4
85 113 4
86 115 2
85 116 3
87 119 1
86 118 1
85 120 3
88 117 2
88 120 1
84 125 3
82 122 4
81 121 4
81 124 3
83 123 4
82 127 3
81 125 4
81 128 3
83 126 3
84 128 1
86 122 4
85 121 4
85 124 3
87 122 3
87 127 1
86 126 1
85 128 3
88 125 2
88 128 1
92 116 4
90 114 4
89 113 4
89 116 3
91 115 4
90 119 3
89 117 4
90 119 2
89 120 3
91 118 3
92 120 1
94 114 4
93 113 4
93 116 3
94 119 3
93 117 4
93 120 3
96 120 1
93 125 1
91 123 1
90 122 1
89 124 3
92 121 2
92 124 1
90 127 3
89 125 4
89 128 3
91 126 3
92 128 1
94 122 4
93 121 4
94 123 2
93 124 3
95 127 1
94 126 1
93 128 3
96 125 2
96 128 1
113 80 2
104 72 4
100 68 4
98 66 4
97 65 4
97 68 3
99 67 4
98 71 3
97 69 4
97 72 3
99 70 3
100 72 1
102 66 4
101 65 4
101 68 3
102 71 3
101 69 4
101 72 3
104 72 1
103 71 4
100 77 3
98 74 4
97 73 4
97 76 3
99 75 4
98 79 3
97 77 4
97 80 3
99 78 3
100 80 1
102 74 4
101 73 4
101 76 3
103 74 3
103 79 1
102 78 1
101 80 3
104 77 2
104 80 1
108 68 4
106 66 4
105 65 4
105 68 3
107 67 4
106 71 3
105 69 4
105 72 3
107 70 3
108 72 1
110 66 4
109 65 4
109 68 3
110 71 3
109 69 4
109 72 3
112 72 1
108 77 3
106 74 4
105 73 4
105 76 3
107 75 4
106 79 3
105 77 4
105 80 3
107 78 3
108 80 1
110 74 4
109 73 4
109 76 3
111 79 1
110 78 1
109 80 3
112 77 2
112 80 1
111 79 4
104 89 3
100 84 4
98 82 4
97 81 4
97 84 3
99 83 4
98 87 3
97 85 4
97 88 3
99 86 3
100 88 1
102 82 4
101 81 4
101 84 3
102 87 3
101 85 4
101 88 3
104 88 1
103 87 4
100 93 3
98 90 4
97 89 4
97 92 3
99 91 4
98 95 3
97 93 4
98 95 2
97 96 3
99 94 3
100 96 1
102 90 4
101 89 4
101 92 3
103 90 3
103 95 1
102 94 1
101 96 3
104 93 2
104 96 1
108 84 4
106 82 4
105 81 4
105 84 3
107 83 4
106 87 3
105 85 4
105 88 3
107 86 3
108 88 1
110 82 4
109 81 4
109 84 3
110 87 3
109 85 4
109 88 3
112 88 1
109 93 1
107 91 1
106 90 1
105 92 3
108 89 2
108 92 1
106 95 3
105 93 4
105 96 3
107 94 3
108 96 1
110 90 4
109 89 4
110 91 2
109 92 3
111 95 1
110 94 1
109 96 3
112 93 2
112 96 1
121 72 2
116 68 4
114 66 4
113 65 4
113 68 3
115 67 4
114 71 3
113 69 4
113 72 3
115 70 3
116 72 1
118 66 4
117 65 4
117 68 3
118 71 3
117 69 4
117 72 3
120 72 1
119 71 4
116 77 3
114 74 4
113 73 4
113 76 3
115 75 4
114 79 3
113 77 4
114 79 2
113 80 3
115 78 3
116 80 1
118 74 4
117 73 4
117 76 3
119 79 1
118 78 1
117 80 3
120 77 2
120 80 1
125 68 2
122 66 4
121 65 4
121 68 3
123 67 4
122 71 3
121 69 4
122 71 2
121 72 3
124 72 1
127 66 2
125 65 4
126 67 2
128 65 2
128 68 1
127 71 1
126 70 1
125 72 3
128 69 2
128 72 1
125 77 1
123 75 1
122 74 1
121 76 3
124 73 2
124 76 1
122 79 3
121 77 4
121 80 3
123 78 3
124 80 1
127 74 2
125 73 4
126 75 2
128 73 2
128 76 1
127 79 1
126 78 1
125 80 3
128 77 2
128 80 1
121 89 1
117 85 1
115 83 1
114 82 1
113 84 3
116 81 2
116 84 1
114 87 3
113 85 4
113 88 3
115 86 3
116 88 1
118 82 4
117 81 4
118 83 2
117 84 3
119 87 1
118 86 1
117 88 3
120 85 2
120 88 1
116 93 3
114 90 4
113 89 4
113 92 3
115 91 4
114 95 3
113 93 4
113 96 3
115 94 3
116 96 1
118 90 4
117 89 4
117 92 3
119 90 3
119 95 1
118 94 1
117 96 3
120 93 2
120 96 1
125 84 2
122 82 4
121 81 4
121 84 3
123 83 4
122 87 3
121 85 4
122 87 2
121 88 3
124 88 1
127 82 2
125 81 4
126 83 2
128 81 2
128 84 1
127 87 1
126 86 1
125 88 3
128 85 2
128 88 1
125 93 1
123 91 1
122 90 1
121 92 3
124 89 2
124 92 1
122 95 3
121 93 4
121 96 3
123 94 3
124 96 1
127 90 2
125 89 4
126 91 2
128 89 2
128 92 1
127 95 1
126 94 1
125 96 3
128 93 2
128 96 1
113 113 1
105 105 1
101 101 1
99 99 1
98 98 1
97 100 3
100 97 2
100 100 1
98 103 3
97 101 4
97 104 3
99 102 3
100 104 1
102 98 4
101 97 4
102 99 2
101 100 3
103 103 1
102 102 1
101 104 3
104 101 2
104 104 1
100 109 3
98 106 4
97 105 4
97 108 3
99 107 4
98 111 3
97 109 4
97 112 3
99 110 3
100 112 1
102 106 4
101 105 4
101 108 3
103 106 3
103 111 1
102 110 1
101 112 3
104 109 2
104 112 1
108 100 4
106 98 4
105 97 4
105 100 3
107 99 4
106 103 3
105 101 4
106 103 2
105 104 3
107 102 3
108 104 1
110 98 4
109 97 4
109 100 3
110 103 3
109 101 4
109 104 3
112 104 1
109 109 1
107 107 1
106 106 1
105 108 3
108 105 2
108 108 1
106 111 3
105 109 4
105 112 3
107 110 3
108 112 1
110 106 4
109 105 4
110 107 2
109 108 3
111 111 1
110 110 1
109 112 3
112 109 2
112 112 1
104 121 3
100 116 4
98 114 4
97 113 4
97 116 3
99 115 4
98 119 3
97 117 4
97 120 3
99 118 3
100 120 1
102 114 4
101 113 4
101 116 3
102 119 3
101 117 4
101 120 3
104 120 1
103 119 4
100 125 3
98 122 4
97 121 4
97 124 3
99 123 4
98 127 3
97 125 4
97 128 3
99 126 3
100 128 1
102 122 4
101 121 4
101 124 3
103 122 3
103 127 1
102 126 1
101 128 3
104 125 2
104 128 1
108 116 4
106 114 4
105 113 4
105 116 3
107 115 4
106 119 3
105 117 4
105 120 3
107 118 3
108 120 1
110 114 4
109 113 4
109 116 3
111 114 3
110 119 3
109 117 4
109 120 3
112 120 1
109 125 1
107 123 1
106 122 1
105 124 3
108 121 2
108 124 1
106 127 3
105 125 4
105 128 3
107 126 3
108 128 1
110 122 4
109 121 4
110 123 2
109 124 3
111 127 1
110 126 1
109 128 3
112 125 2
112 128 1
121 104 2
116 100 4
114 98 4
113 97 4
113 100 3
115 99 4
114 103 3
113 101 4
113 104 3
115 102 3
116 104 1
118 98 4
117 97 4
117 100 3
118 103 3
117 101 4
117 104 3
120 104 1
119 103 4
116 109 3
114 106 4
113 105 4
113 108 3
115 107 4
114 111 3
113 109 4
114 111 2
113 112 3
115 110 3
116 112 1
118 106 4
117 105 4
117 108 3
119 111 1
118 110 1
117 112 3
120 109 2
120 112 1
125 100 2
122 98 4
121 97 4
121 100 3
123 99 4
122 103 3
121 101 4
122 103 2
121 104 3
124 104 1
127 98 2
125 97 4
126 99 2
128 97 2
128 100 1
127 103 1
126 102 1
125 104 3
128 101 2
128 104 1
125 109 1
123 107 1
122 106 1
121 108 3
124 105 2
124 108 1
122 111 3
121 109 4
121 112 3
123 110 3
124 112 1
127 106 2
125 105 4
126 107 2
128 105 2
128 108 1
127 111 1
126 110 1
125 112 3
128 109 2
128 112 1
121 121 1
117 117 1
115 115 1
114 114 1
113 116 3
116 113 2
116 116 1
114 119 3
113 117 4
113 120 3
115 118 3
116 120 1
118 114 4
117 113 4
118 115 2
117 116 3
119 119 1
118 118 1
117 120 3
120 117 2
120 120 1
116 125 3
114 122 4
113 121 4
113 124 3
115 123 4
114 127 3
113 125 4
113 128 3
115 126 3
116 128 1
118 122 4
117 121 4
117 124 3
119 122 3
119 127 1
118 126 1
117 128 3
120 125 2
120 128 1
125 116 2
122 114 4
121 113 4
121 116 3
123 115 4
122 119 3
121 117 4
122 119 2
121 120 3
124 120 1
127 114 2
125 113 4
126 115 2
128 113 2
128 116 1
127 119 1
126 118 1
125 120 3
128 117 2
128 120 1
125 125 1
123 123 1
122 122 1
121 124 3
124 121 2
124 124 1
122 127 3
121 125 4
121 128 3
123 126 3
124 128 1
127 122 2
125 121 4
126 123 2
128 121 2
128 124 1
127 127 1
126 126 1
125 128 3
128 125 2
128 128 1
