146
146
2736
8538
4358
146
146
8538
8538
FALSE
1977
8538
FALSE
6640
7
FALSE
4358
4536
146
8538
4536
4536
6
4536
848
4536
146
8487
848
6
146
FALSE
146
1067
FALSE
1067
3371
8538
FALSE
4536
1067
6828
7874
3371
7874
146
8538
146
146
FALSE
1067
5867
FALSE
7
8538
7289
FALSE
7
848
7
5867
FALSE
7289
94
848
848
6
6137
94
607
FALSE
FALSE
94
6
7
FALSE
94
94
94
848
94
FALSE
8809
7648
525
8
8538
8809
6640
8487
9
231
9235
FALSE
848
848
848
FALSE
6640
570
94
848
94
7131
848
94
848
231
841
7874
7131
94
4
FALSE
9
FALSE
1
7
848
9235
8722
FALSE
7131
94
848
848
FALSE
8809
94
146
9235
7739
9235
9235
4105
848
FALSE
7131
7131
9235
FALSE
94
7
94
94
9450
570
7289
FALSE
8696
FALSE
841
7289
3512
FALSE
8809
841
231
FALSE
9235
94
9450
4
94
3120
3512
7
7
94
3512
94
FALSE
10
94
FALSE
FALSE
9450
3512
7563
3120
94
7563
9
9450
9
9
5097
FALSE
10
9450
231
7563
9450
9450
231
9
FALSE
94
9450
4876
9235
94
570
4
7563
8538
7563
FALSE
94
969
94
9
7622
94
969
FALSE
9450
8696
7648
969
10
FALSE
1102
1102
7874
11
231
909
94
13
94
FALSE
12
FALSE
969
FALSE
2494
1282
94
8722
9913
969
9913
94
94
9913
9913
FALSE
14
772
FALSE
8487
14
607
12
9913
8809
94
14
11
9913
94
FALSE
FALSE
11
FALSE
4155
1282
94
7
6889
FALSE
5193
15
5193
9913
8487
9913
9913
2494
FALSE
FALSE
1467
94
FALSE
9913
2494
9913
9913
13
607
9450
6889
9913
9913
13
FALSE
146
94
570
10
94
9913
9913
94
146
94
94
9913
94
9913
9913
8538
94
9450
9913
1282
8511
146
12
969
8696
94
1547
94
13
1547
1467
9913
1547
772
12
9913
FALSE
9913
8538
12
9235
8824
94
628
94
8538
12
9913
9913
FALSE
231
9913
2163
94
231
1064
628
9913
9913
231
FALSE
FALSE
FALSE
94
607
FALSE
8696
FALSE
628
1547
FALSE
1282
772
9913
FALSE
8722
9913
11
8824
94
94
FALSE
9913
1282
2734
9117
1547
1547
1547
9117
13
94
9913
9871
94
2734
FALSE
6421
9913
642
9913
9913
11
FALSE
9871
94
94
9296
9913
FALSE
94
9296
94
9913
FALSE
10
9913
9117
132
12
94
9913
8911
1060
94
FALSE
FALSE
12
12
94
9117
9913
9235
1060
FALSE
132
9640
FALSE
12
94
9144
9144
12
FALSE
94
94
9163
94
628
94
FALSE
9913
9163
94
94
FALSE
9235
9913
FALSE
13
94
772
94
1401
287
94
94
6610
9235
13
1060
94
692
94
9913
14
13
9913
FALSE
FALSE
14
94
14
94
FALSE
94
94
1401
772
8618
9913
287
9913
8618
94
1401
94
94
9235
9235
1401
FALSE
628
8965
9913
94
FALSE
9913
94
628
8397
8965
9296
9913
2251
FALSE
9913
94
628
FALSE
8965
15
94
8965
FALSE
94
2251
692
FALSE
FALSE
9913
9913
94
8029
9913
146
15
FALSE
14
231
772
FALSE
10
642
8029
8934
9913
9329
8029
13
FALSE
9913
FALSE
1801
10
9913
628
1801
9913
146
3613
9913
9913
146
9913
9913
146
9913
FALSE
FALSE
4
FALSE
FALSE
FALSE
146
9871
146
11
FALSE
FALSE
9913
FALSE
1801
11
146
692
9
692
FALSE
10
692
146
2251
628
7222
146
FALSE
9871
FALSE
8
146
146
9152
8
692
FALSE
9913
8
10
2251
9993
FALSE
8
FALSE
10
8934
146
11
146
7222
146
2251
9993
2251
635
692
9152
9993
146
FALSE
146
9993
628
146
2574
4146
146
7
7222
FALSE
146
10
9993
146
10
2574
9993
9993
FALSE
7
9640
2574
FALSE
8725
9993
9993
6
8965
635
692
FALSE
4752
9993
146
9993
8397
4752
9993
FALSE
FALSE
4752
9993
4146
7
9993
146
7222
2469
146
692
7
FALSE
9993
9871
642
8029
231
9993
8397
146
FALSE
8029
6
8029
8
146
692
146
8029
FALSE
9993
2088
146
231
146
8397
9993
8029
8029
146
2088
146
692
146
2088
4423
FALSE
9993
9235
692
9993
7734
2088
8029
9202
8397
FALSE
2088
692
9871
146
9993
692
FALSE
146
146
9450
7184
9993
692
8
8397
8397
692
6563
231
146
146
4728
8454
1199
FALSE
1199
9993
9993
146
1045
2077
9993
9
FALSE
FALSE
1045
9993
9913
2077
7715
2077
9640
9993
FALSE
9871
12
FALSE
3
9993
8397
FALSE
146
2077
FALSE
642
FALSE
8454
9993
2077
146
6
8454
9993
FALSE
8454
FALSE
2077
146
9993
3
9152
8725
10
5
2077
9235
10
FALSE
9993
9993
231
146
FALSE
146
146
2077
1834
2077
9450
146
9
2077
5
146
146
1834
146
5
146
146
7327
FALSE
8
692
2077
146
7964
146
261
8725
7
146
2077
FALSE
FALSE
146
146
146
146
9993
9993
146
146
FALSE
8965
1834
9
FALSE
261
FALSE
9450
9993
9
1954
9993
8
451
9993
8
9993
9993
FALSE
9993
2077
8934
FALSE
146
146
FALSE
146
1954
3976
9993
9993
261
8934
5
3976
FALSE
3976
8965
FALSE
7
9993
9993
9152
146
5
9993
2993
FALSE
146
9993
9450
146
9993
9640
2993
8934
2993
9993
146
9913
6
5
2993
9993
8965
9505
9993
FALSE
6
1431
9993
9993
146
2993
9993
146
7
9152
261
2356
9993
9152
9352
9993
9993
2993
9871
9450
8965
8965
6
8965
3
2768
9993
451
4
9993
146
9993
9450
4
9993
5
FALSE
9296
451
9993
146
4
8965
9913
146
9296
9993
451
9993
146
9887
451
9887
9202
9654
9264
146
146
9993
146
451
451
5
9202
9993
261
FALSE
9334
451
9993
146
9640
261
9993
146
FALSE
146
FALSE
5
451
9993
9235
9993
261
9993
146
3
FALSE
6388
5
146
9993
146
146
9993
261
451
FALSE
2181
2181
FALSE
5
146
9296
9993
2181
9654
9993
9982
9993
9993
4
1498
1498
6
FALSE
7750
9993
146
FALSE
FALSE
8663
9993
1498
451
5
9993
146
9993
451
9740
8663
FALSE
FALSE
9993
8663
4
146
552
1
552
552
5
8667
552
9505
552
8992
9871
552
146
FALSE
9993
5
FALSE
5
9993
FALSE
451
9993
552
8992
9993
FALSE
9352
FALSE
9993
9993
552
9993
5
552
FALSE
5
552
9450
5
5
FALSE
9993
5944
FALSE
FALSE
9993
FALSE
5
FALSE
FALSE
FALSE
357
9993
FALSE
4
9993
6909
3
FALSE
FALSE
1
3
6909
6909
357
6909
357
451
451
451
451
3
451
3
9505
3
357
357
357
9993
9993
451
8992
6909
9296
3
9993
451
1
7804
FALSE
9993
9640
3
7716
3
9982
451
1
9993
451
357
451
7716
7716
FALSE
7716
3
9993
4
357
4
9993
FALSE
9993
4
1
8486
FALSE
8208
8486
9993
9740
FALSE
9993
9450
8486
FALSE
357
4
9993
9993
4
357
637
8486
8992
9740
357
357
9993
9640
8992
FALSE
5
5
451
357
4
3
451
9993
9993
9993
451
8992
451
9993
341
FALSE
341
341
3
5637
5672
FALSE
FALSE
FALSE
341
341
9993
1
341
341
FALSE
9993
9887
FALSE
9993
341
3
1
9993
637
637
9618
3
5672
FALSE
FALSE
3
FALSE
341
1
9871
1
FALSE
637
FALSE
1357
9993
FALSE
FALSE
FALSE
FALSE
1148
1357
7385
9993
9660
8992
1357
9993
8992
9993
2211
9993
9296
9993
8992
3097
3097
8992
9993
FALSE
FALSE
9993
FALSE
9618
3097
3097
2
FALSE
8992
3097
3097
9993
8992
9993
3097
9485
1
FALSE
7466
7466
7466
9334
7466
7466
9334
7466
7466
7466
FALSE
8530
8530
9740
6200
3835
FALSE
9993
1
9660
1
1
9450
9993
7186
9993
2
2
2
1924
1924
1924
1924
2
1924
9993
9993
9993
1
1
3277
1924
9654
7186
9993
9993
9993
7186
9993
7363
7363
7363
7186
FALSE
7186
7186
7363
9450
7466
9982
FALSE
8530
8530
7870
4881
4881
8530
9913
9993
8530
FALSE
FALSE
9993
FALSE
2868
1
2
2
9993
9993
9871
8992
9660
513
2
9352
5
513
9993
9740
9993
3379
79
3379
79
513
9993
513
3379
513
3379
1977
3379
5
513
FALSE
1977
FALSE
3
FALSE
3961
FALSE
3
9633
3379
4
9618
FALSE
3913
6
8686
9982
79
79
4
9993
7
FALSE
FALSE
9993
9
FALSE
79
79
79
79
FALSE
3379
FALSE
3379
79
79
FALSE
2114
2868
513
3448
2868
9887
513
3448
FALSE
2868
79
3
FALSE
3379
8686
9993
FALSE
8
2714
79
79
513
513
79
79
2868
513
9993
3379
3
FALSE
2
FALSE
9993
8014
5027
9887
79
9993
3448
FALSE
2
3448
9450
9993
2
6
8686
9993
FALSE
79
9993
3961
4621
9329
9993
3448
79
8686
4322
79
4322
3961
3961
5027
9993
2
9740
9993
79
79
9993
3448
9993
79
9740
79
79
FALSE
FALSE
3961
79
79
79
9993
3963
79
79
FALSE
9993
3963
7104
9993
9993
4621
9993
4621
2
2
4621
4621
2
3
9801
3963
4621
FALSE
3
756
79
79
756
4621
6
9993
9993
9993
FALSE
6427
FALSE
9993
FALSE
9993
1
8014
FALSE
5
79
1085
79
FALSE
FALSE
9352
9993
9993
79
9640
3963
79
FALSE
5
4
9993
1085
4
6427
79
9993
1085
FALSE
1085
4775
79
79
2979
9871
2979
2979
2
8354
9993
2979
9993
79
8916
79
2
FALSE
9993
5027
2979
FALSE
79
2
4
9993
9993
2979
5027
2979
4665
9993
9993
79
5403
2
6
79
9633
8916
79
9993
79
79
9993
79
2600
79
FALSE
9993
4
79
9993
79
FALSE
2
9334
2979
79
9993
FALSE
6246
FALSE
2600
3822
8916
FALSE
9993
79
6246
1
79
3950
9740
9993
9993
FALSE
5571
FALSE
9993
3239
79
FALSE
9993
79
2
2
3239
3239
9993
9993
3950
3239
79
79
5571
3950
9993
3950
9740
6427
FALSE
2
3950
FALSE
79
FALSE
2
9485
79
7104
7759
9633
79
79
79
79
9296
79
79
7104
79
79
79
9993
9993
FALSE
2
2
79
9640
7104
FALSE
79
3
9993
79
9993
7759
3
502
8686
FALSE
3
9993
6992
FALSE
6992
3
6992
9352
79
9993
6992
502
79
9618
7104
79
9296
4
79
1256
1256
9993
FALSE
FALSE
FALSE
79
8686
79
9993
79
8354
7173
2
9993
4
9993
9993
9993
79
79
79
1256
9352
5
FALSE
FALSE
638
1256
FALSE
7173
638
79
638
FALSE
FALSE
9993
9993
9801
7173
79
9296
4
79
FALSE
9993
3
FALSE
9993
FALSE
9450
FALSE
79
7173
79
FALSE
8354
FALSE
9993
638
79
5206
638
5206
79
9993
638
5206
638
703
703
79
FALSE
703
502
FALSE
FALSE
79
4
79
9993
8
FALSE
8014
7820
5075
FALSE
7
FALSE
9993
7
7
79
79
4590
4590
FALSE
1749
502
8
5193
5193
FALSE
9334
5206
8
9993
79
9740
79
8
9993
5719
5719
437
9296
79
9993
7173
703
79
7
1
9993
314
79
7
7759
FALSE
9993
9993
7759
FALSE
7759
703
79
FALSE
FALSE
9993
79
7820
638
1675
7
8
79
437
4
9993
9887
8
8
7
8014
502
9740
FALSE
1675
FALSE
9993
9993
9993
1675
1675
9993
6392
8
703
79
9654
9993
3
8
FALSE
8194
79
79
9334
9993
9993
703
8686
79
8
9334
1675
1675
FALSE
FALSE
7
9
FALSE
9993
8686
9450
9
FALSE
9993
9993
9913
9993
9993
9993
79
1675
FALSE
703
79
8988
9296
10
7
2
FALSE
79
79
9
10
9329
9993
888
79
8988
79
9781
10
9244
8
79
8
9993
9993
10
9244
9654
888
9993
1829
9244
888
9993
1829
4705
FALSE
8
79
9993
79
638
9654
9296
79
79
FALSE
FALSE
FALSE
7
9993
972
FALSE
9618
972
972
972
8
5164
9329
FALSE
FALSE
8
5164
5164
79
79
9993
3490
9485
6
FALSE
79
FALSE
9993
9
9993
9993
FALSE
638
502
972
FALSE
2325
4447
2325
79
703
FALSE
972
4705
79
FALSE
9993
4447
9740
888
2
4705
FALSE
2325
79
9244
469
FALSE
9660
6061
9740
9993
703
9993
972
79
FALSE
79
79
10
2325
79
9913
9993
2325
9296
10
972
6061
2325
9244
8595
9993
9505
469
9993
2325
9993
6
1540
9505
FALSE
FALSE
FALSE
FALSE
2
5295
14
9993
5422
9503
5422
9993
9993
972
FALSE
9993
2325
1813
79
2659
9993
FALSE
8
FALSE
4650
FALSE
638
FALSE
9450
1540
FALSE
79
79
10
9993
9
2
FALSE
2514
12
9993
6495
15
2325
1540
2659
9993
9
1333
9993
79
FALSE
FALSE
TRUE
4650
79
9660
FALSE
9993
12
9450
9993
2
2659
79
FALSE
79
9913
8
703
9993
79
FALSE
4
FALSE
9993
79
8
79
6
FALSE
2
79
FALSE
FALSE
9296
FALSE
79
79
1333
FALSE
79
79
9993
79
5422
8595
13
2
5422
9244
9993
703
FALSE
79
5422
9993
10
6378
972
9781
9633
9993
79
2
9781
2325
9505
9660
7
FALSE
1540
FALSE
9993
FALSE
972
6424
972
6378
9296
9993
6495
9781
FALSE
79
79
6495
79
9629
9993
1277
1277
6
9993
79
6
9851
FALSE
9993
1277
79
9993
9503
79
6
703
79
9993
9993
1277
FALSE
79
6
6
FALSE
FALSE
9993
703
6
7162
1277
79
FALSE
1277
FALSE
4
1277
7162
9993
FALSE
3229
FALSE
9993
8595
79
1277
FALSE
6
79
9993
703
9993
79
79
1277
9993
9993
5
9334
9993
FALSE
FALSE
77
9993
77
3264
79
77
9781
FALSE
4608
9993
77
306
9993
77
5
77
306
5
FALSE
9982
FALSE
3
703
77
9993
79
77
306
9244
77
2417
5
9618
703
5
79
9296
77
703
9993
703
77
9993
9993
4
9740
703
9450
9993
FALSE
9660
3
9911
FALSE
79
3
9993
9993
79
9296
77
9993
1
9450
9993
9296
9887
9993
9801
79
4
9296
4065
FALSE
FALSE
9993
79
1860
1860
9296
9993
77
77
9982
9993
77
849
77
9781
849
77
77
9887
849
9329
849
9618
77
FALSE
4
849
77
77
849
77
9334
5431
FALSE
4
9993
849
9640
77
79
9993
2545
8550
6087
5984
FALSE
77
8550
6087
9618
9640
849
4
849
9993
8376
4
9993
9801
7433
5
4
77
6
FALSE
FALSE
9993
77
4
FALSE
77
9871
2777
2028
7433
8
9450
7433
9993
77
9993
7
79
77
FALSE
9993
3
6
2777
7433
FALSE
3
77
3
77
3
FALSE
9993
3703
FALSE
9993
79
5
6370
5
3703
77
3
77
9694
3
79
7433
9911
79
7433
3
9993
3
4
9993
8376
9334
3703
4
3703
9993
8376
9993
3703
79
5080
3
9993
79
7433
7433
FALSE
3
7433
8326
9993
FALSE
77
3
77
79
3
9503
79
5722
FALSE
3
79
6413
6413
79
77
FALSE
6413
FALSE
9993
3
FALSE
77
3039
FALSE
9781
3039
6413
79
8326
5
3587
3587
77
3587
3039
9633
3
9993
3309
79
77
7
7
8376
9993
9993
79
3587
9993
3309
75
3587
4
79
FALSE
79
75
FALSE
4398
79
79
FALSE
9993
9267
FALSE
9993
FALSE
5
FALSE
4
9993
75
9993
75
4
79
4398
4
9993
4
9993
9660
9993
6
5
75
75
9993
456
7
9450
7667
7667
8137
9993
FALSE
75
75
9993
75
75
75
9993
FALSE
8137
456
6
9993
7486
9993
2989
7
2989
FALSE
9654
75
75
FALSE
FALSE
FALSE
75
456
9993
9993
79
9993
9982
9887
75
75
79
8137
9993
75
79
9688
7141
75
FALSE
FALSE
7141
8978
9993
75
75
75
FALSE
4
79
FALSE
4
79
9993
9654
75
4
9962
4
FALSE
8326
4
5
FALSE
6683
5
9503
5025
4
5025
5025
FALSE
FALSE
79
4
75
FALSE
75
7141
FALSE
5
8234
4
9993
5
4
FALSE
79
6989
1
4
79
7141
9993
9993
79
FALSE
9329
4
9993
8143
8550
5
9505
9633
75
FALSE
FALSE
75
8137
9629
75
9993
75
6965
FALSE
8645
8137
FALSE
3568
9801
7
9993
79
8137
FALSE
9993
77
5
9993
5
5
5
5
9993
FALSE
75
79
8234
308
9189
9993
4092
4575
4575
308
9993
4575
5
9505
75
9871
8074
9077
75
9352
5
8074
308
8234
308
8376
9993
308
75
5
FALSE
9740
75
9993
1546
1546
6803
75
9993
75
75
5
FALSE
75
6
FALSE
9993
9993
1546
1546
8074
7
1546
308
9911
1546
75
75
75
5
9993
9993
7
9267
75
9822
7
6
9962
FALSE
3887
FALSE
9801
75
1546
9993
5628
8
75
9993
75
9618
308
9993
FALSE
9993
FALSE
9993
5628
9993
1814
1814
1814
8
4
8234
8234
5
1814
9415
9993
308
8326
8413
FALSE
1814
9993
1814
9993
FALSE
FALSE
1814
75
FALSE
5
FALSE
9646
FALSE
1546
9450
75
FALSE
9993
8413
75
79
9654
75
5
1546
8413
75
1814
8413
75
8550
9887
9
6
9
3528
75
75
9801
1546
FALSE
9993
9485
3351
9993
FALSE
2902
9993
8413
1982
3528
9993
FALSE
FALSE
1
77
11
1982
9450
1982
3351
1
9334
498
10
9993
11
FALSE
11
498
6
77
11
11
2902
75
FALSE
79
9993
FALSE
9993
FALSE
9851
75
FALSE
2541
FALSE
8416
1982
75
3528
FALSE
9993
2902
9629
9993
3029
9993
11
3029
5
3528
9993
FALSE
9993
9740
75
75
FALSE
75
8645
1080
11
8
9993
3528
6
FALSE
75
8413
8
622
75
FALSE
3528
79
11
3351
9993
9993
3528
11
9688
9
5769
9993
75
75
6372
11
FALSE
1080
75
1671
75
10
1671
6372
9993
FALSE
622
6447
6447
10
1846
9993
6372
8575
75
75
11
11
77
9485
9296
9694
12
FALSE
FALSE
9993
9993
9660
7010
7
4
FALSE
7
9077
FALSE
FALSE
7010
FALSE
2929
9993
2929
77
7010
FALSE
FALSE
646
77
77
9993
2929
8
12
9694
77
2929
1421
8012
9993
77
308
622
9993
9077
646
77
FALSE
FALSE
9993
1303
6625
9851
FALSE
FALSE
2929
FALSE
8645
8645
12
9694
12
77
6625
5294
9629
5
9993
9993
9871
77
77
FALSE
9
FALSE
2929
77
9334
7499
7499
9993
77
FALSE
2929
1303
77
2014
9296
9267
8645
FALSE
FALSE
246
5
7
3293
77
77
10
1303
3293
5835
2065
5835
77
2065
308
6844
9993
9
7
9993
FALSE
FALSE
2929
77
77
9503
2065
9993
1303
9993
2929
77
FALSE
9
9688
9450
7
77
5729
9801
9660
10
5729
9
9993
77
6249
9993
9993
2065
8
9505
9993
4352
9993
77
659
9
77
9
10
2065
4352
9781
77
646
77
9
FALSE
9993
77
77
9993
77
4352
FALSE
659
11
659
659
9694
9993
9982
FALSE
FALSE
9993
9189
4352
1733
9
8413
79
12
1733
9633
9993
FALSE
FALSE
77
FALSE
9
77
4390
FALSE
646
9
77
1733
9993
FALSE
1733
4390
9
9993
FALSE
77
FALSE
77
FALSE
FALSE
659
FALSE
9993
2426
8490
4207
9334
9993
10
9
1
9438
FALSE
659
FALSE
9822
8
659
8
FALSE
659
7263
FALSE
77
FALSE
9993
8664
8
659
9993
FALSE
FALSE
7
77
659
659
659
7263
8
7499
77
8
659
9993
77
659
FALSE
77
8
659
77
FALSE
9993
FALSE
9
9993
659
7602
8388
1043
7850
7850
77
659
1043
5
1043
9993
7850
308
77
FALSE
7850
77
10
77
2715
77
9993
9
FALSE
7850
1217
11
7839
9077
FALSE
11
1217
7839
9296
3878
659
9993
8575
1043
9911
12
4
79
9993
79
79
9993
3878
79
9993
1043
FALSE
10
FALSE
9993
8394
9993
9913
79
9740
9
9993
79
9993
79
6439
1043
9
9077
9
79
9993
9993
9077
9
9
659
9
9993
1043
4
9
79
9
FALSE
9993
9629
79
79
726
7088
FALSE
9993
9993
FALSE
1043
FALSE
FALSE
8
1043
79
9629
FALSE
8
9993
8
7088
FALSE
7829
9993
9993
7829
7974
1043
1043
9993
FALSE
9913
FALSE
8
9887
5
7829
9993
9485
79
79
1939
8
9993
8
79
FALSE
7599
79
1487
9485
9822
7599
7599
8416
9
7599
FALSE
9871
1487
659
9
FALSE
9329
9
79
79
FALSE
FALSE
9871
9993
5
FALSE
FALSE
1798
79
9993
10
10
9528
9694
1798
9962
7515
1939
8394
8388
11
79
11
5
FALSE
12
2404
79
1939
FALSE
FALSE
9993
79
9654
FALSE
8
79
79
9329
9993
2404
1674
10
9993
FALSE
3290
9993
9993
13
9993
3290
79
1043
10
3290
11
FALSE
FALSE
2404
11
2404
9993
5
659
FALSE
79
9450
79
79
9267
1798
7418
5
1939
9993
FALSE
FALSE
1351
FALSE
4902
79
9503
79
79
FALSE
FALSE
9993
9982
15
4088
9993
FALSE
7926
9993
16
FALSE
659
2
9618
3290
7418
659
12
7515
9505
3290
FALSE
9993
9993
FALSE
79
9993
FALSE
7418
79
1939
9993
FALSE
FALSE
4088
3290
9993
1043
79
79
11
1939
9993
9267
7515
8394
FALSE
1798
79
79
1939
9993
3290
79
FALSE
9993
1967
1939
79
1043
79
8
4595
7
FALSE
3290
9993
4595
FALSE
1939
9269
1939
FALSE
FALSE
7515
79
659
79
3972
1939
9993
715
FALSE
9993
4595
79
79
79
9993
79
9993
9528
79
79
4
726
1043
79
79
FALSE
9189
4595
9993
7974
9993
5863
9871
1043
8396
6
1043
79
79
1967
79
7515
FALSE
1043
FALSE
79
7599
9801
79
FALSE
102
FALSE
FALSE
7599
FALSE
79
9993
FALSE
102
1967
9993
FALSE
79
79
2
10
9
4
FALSE
726
7599
FALSE
10
4
7829
79
1343
1967
9352
9993
7829
11
9993
FALSE
9505
1967
1967
9646
FALSE
9993
9092
9993
1043
7829
1967
7829
1967
715
11
1967
11
79
11
715
1967
79
7873
726
10
10
9993
1092
79
1092
79
FALSE
9993
7
726
79
FALSE
1092
7340
9993
79
7
9450
FALSE
9982
9993
FALSE
7839
FALSE
FALSE
7839
4
9993
7839
9822
79
10
9993
1967
9993
10
7690
FALSE
1092
7839
1092
7873
79
7996
1967
1967
FALSE
9913
11
11
FALSE
623
FALSE
9993
79
144
12
FALSE
79
629
79
5731
9993
9993
79
8978
7022
10
9993
7022
FALSE
9993
9993
1092
FALSE
726
7003
10
7003
1092
7926
1092
FALSE
144
10
FALSE
7022
79
9993
144
9
1092
1092
79
7839
7850
7850
79
FALSE
FALSE
79
9
9993
FALSE
5
79
9
1092
1092
9993
144
7251
7251
9993
9891
1092
1043
9993
79
7062
9993
FALSE
9993
FALSE
1092
9
9993
79
9993
FALSE
9993
FALSE
7909
FALSE
1092
7909
79
1092
8
9993
1092
9329
FALSE
79
9618
1092
79
9993
726
79
8
924
1092
7909
FALSE
79
3
1092
726
7909
1092
8645
7
79
7909
1043
FALSE
7
9993
9993
8416
9993
FALSE
FALSE
1092
9633
726
7909
79
FALSE
9993
9993
79
7
726
FALSE
4252
9993
7
9993
7843
7843
79
79
79
FALSE
9993
9781
9660
79
FALSE
FALSE
9993
9646
79
5
FALSE
FALSE
1800
FALSE
5
FALSE
7909
3
9
9450
8
8
8
7996
9
9993
7996
9993
79
9913
9993
102
2627
3
4107
9911
9993
9993
9993
9
FALSE
1092
632
79
3
8145
10
632
9528
10
9993
7909
9993
8
10
7843
2627
8772
2627
9993
FALSE
2627
7909
79
79
9845
9822
9528
7926
10
FALSE
9993
2627
3
10
7960
7974
FALSE
FALSE
9993
79
FALSE
9993
79
3559
9485
2
79
9092
3
FALSE
79
1043
FALSE
632
632
9133
1092
79
9993
3559
8978
8
632
FALSE
79
9993
79
7974
79
9993
FALSE
7974
7974
5401
1173
8
9993
7974
3559
5401
5401
FALSE
5401
1173
FALSE
9993
8
3559
1173
79
5401
1
102
9993
9891
102
9993
1173
9993
79
9993
FALSE
5401
8
79
FALSE
9993
9993
6927
102
6927
1285
6927
79
8
8
6927
FALSE
102
79
8
1285
6927
1285
FALSE
1
9993
79
8
9993
FALSE
FALSE
8103
632
7974
79
102
79
79
795
9993
1285
1285
795
79
FALSE
FALSE
79
79
9267
8
9
FALSE
79
8
6
1285
632
2610
9450
9993
79
FALSE
9
632
9654
FALSE
7996
9993
7996
9993
4457
8012
79
3431
8012
79
9993
8102
9993
2610
3431
FALSE
10
10
8102
79
9993
8102
4784
2610
8723
8103
9
9993
1285
6
2610
9993
79
8
9993
FALSE
9982
8331
79
9551
157
79
8
8416
FALSE
9993
9993
7
2610
9982
2610
795
9993
8771
8335
9640
79
79
9993
79
2156
9993
8
9415
FALSE
2156
6
79
7
8394
FALSE
8
79
9962
9993
6
79
9189
FALSE
8
9993
6233
7
9505
8
3329
102
2156
2156
6
79
FALSE
FALSE
79
FALSE
8396
FALSE
FALSE
8396
3329
6
7
7
79
795
8645
6
8863
4
FALSE
4822
9993
9993
632
9993
9993
6233
9993
6233
795
FALSE
FALSE
9993
102
9551
6233
79
3
5
795
5
5
795
9993
102
8396
795
9485
8396
9993
9993
9617
9654
79
8664
795
9993
9696
632
FALSE
7575
7575
9688
8416
FALSE
9891
9993
632
79
FALSE
632
9993
79
9993
632
9993
79
125
FALSE
4
4
9415
FALSE
125
79
4
4
9618
9993
4
FALSE
FALSE
8575
FALSE
4
9993
8575
4
8638
125
8638
4
9660
FALSE
1
5
79
8575
4
8722
79
4
FALSE
FALSE
79
4
125
79
8664
FALSE
79
FALSE
3
4
8722
FALSE
79
79
4
8722
79
8722
9654
8722
9993
FALSE
9845
125
4
4
9352
9713
79
125
8772
125
4
FALSE
2
79
8747
FALSE
9993
8747
6
7429
7429
6
9993
9993
436
436
436
7720
79
8747
8747
8747
FALSE
7720
FALSE
125
5
79
FALSE
79
FALSE
436
9993
9993
9993
102
7720
8747
79
436
FALSE
9353
8747
8747
FALSE
8762
436
8762
FALSE
FALSE
9438
9993
79
9993
79
9993
6
FALSE
9993
FALSE
861
9993
125
FALSE
FALSE
79
9993
861
861
9161
79
1965
861
7730
9474
7
9993
1965
79
9993
9077
79
9993
79
8771
1965
9993
1965
7
4
79
9993
FALSE
FALSE
7
9528
9993
79
79
8863
FALSE
7
7
9822
9438
FALSE
8978
6
6
79
861
7
7
9633
9993
6
9993
FALSE
9077
4
9993
FALSE
FALSE
9993
9993
436
FALSE
9862
FALSE
FALSE
79
436
436
9993
9993
9077
9058
9993
9993
79
436
9077
436
9993
9058
9993
436
5
79
FALSE
436
5
9822
436
9993
9993
9993
79
4620
436
9629
9077
9629
9713
9688
9993
FALSE
6
9077
9993
79
9077
2287
9993
9077
9538
7
436
FALSE
9430
FALSE
9993
9962
FALSE
7
FALSE
9993
FALSE
6
9993
7
9430
9993
7
9296
FALSE
9092
9077
9993
2287
9092
9822
9993
FALSE
9092
6
79
9617
9092
79
6
79
FALSE
9688
9092
79
6
102
6
9993
79
79
FALSE
9822
9633
9474
9993
9503
7
FALSE
9415
9993
9993
9269
9551
FALSE
79
9993
9993
436
FALSE
436
FALSE
436
9353
FALSE
79
102
9145
9993
9145
436
436
5
9993
9713
2766
9660
5
436
6
FALSE
102
5653
79
7234
436
436
7234
7234
79
7234
79
79
5
FALSE
7234
9640
9993
FALSE
FALSE
2
3341
5653
9352
79
FALSE
6
436
9654
436
79
3
9993
79
7234
79
9993
FALSE
9911
FALSE
5
FALSE
5
9503
8524
9161
5
436
FALSE
8524
5
102
9993
4
436
9629
8524
102
436
102
9993
4
9913
FALSE
9993
9618
9474
436
FALSE
4
102
436
8524
8524
102
4
102
9003
5
FALSE
102
FALSE
9993
5
9161
9450
9993
3
1084
9993
2899
9993
FALSE
2899
102
1084
102
1084
5
6
9161
5
9696
102
6354
FALSE
9993
102
9353
9862
102
9993
102
9993
5100
9694
8
9993
102
102
5100
9993
102
102
FALSE
102
9993
FALSE
5100
9993
FALSE
9871
8
610
9911
9269
9993
9993
102
7026
102
9845
6
5
9993
9993
1084
4
9296
610
FALSE
9993
1084
102
9993
9993
102
610
610
7026
7
1084
9911
1084
8
FALSE
8
FALSE
1084
9993
8
102
102
9694
102
FALSE
9660
9993
9862
102
9993
9993
9161
9450
102
FALSE
102
8
102
FALSE
102
9993
102
9993
8
1084
102
7
9993
9801
102
9993
FALSE
102
FALSE
9993
9161
9993
102
1084
102
9862
102
825
9993
FALSE
1084
5
6
8
1084
9993
102
FALSE
9161
9161
102
1084
150
FALSE
4
1084
FALSE
9189
825
9485
9199
8
FALSE
102
102
1084
102
9993
9993
102
9864
9688
9911
8
8
9334
9993
1084
102
9218
102
FALSE
FALSE
102
9993
FALSE
102
9993
9851
7
4
102
150
FALSE
9199
9993
9199
9913
9
8
9713
9199
102
9633
9218
3973
1084
3973
8
9993
9993
9993
FALSE
1084
5
80
9
9
80
9993
9993
9
610
9993
9
1084
1084
9218
9993
9329
9781
1084
3973
9660
FALSE
9
9218
9993
80
80
9538
9871
1084
9
80
FALSE
150
9443
825
1084
FALSE
10
80
1084
5
1084
9696
9993
9993
9296
80
80
9296
295
11
9740
9618
80
8
FALSE
7
FALSE
FALSE
9993
9617
1696
1696
1696
9993
FALSE
9993
9352
FALSE
9993
11
11
1696
1696
80
9474
9993
9503
11
80
9353
9993
9993
FALSE
80
9913
9376
9993
1696
9376
9911
FALSE
9993
80
9993
9694
9376
10
1696
9993
FALSE
FALSE
825
825
9
9
9
9993
825
80
9913
9851
9993
9
80
610
9781
FALSE
9993
9
610
FALSE
9993
9485
9376
9
9505
610
610
FALSE
610
FALSE
9962
65
9415
9993
9696
9415
11
9415
65
9993
65
FALSE
9993
65
9430
FALSE
FALSE
9993
FALSE
9
FALSE
65
11
FALSE
9781
10
9993
11
7382
9696
9993
7382
7382
7382
7382
9993
11
125
65
11
11
7382
65
610
1
9993
9993
65
830
610
13
13
2792
830
65
9993
256
65
FALSE
2253
FALSE
9864
14
2253
9993
65
9010
9993
FALSE
9993
65
10
FALSE
9993
9993
436
65
830
65
FALSE
9822
9993
9
4196
4196
3786
65
1060
2253
610
FALSE
80
11
12
65
4595
12
12
256
65
12
FALSE
2253
4595
11
65
12
4595
9993
9993
9654
FALSE
256
9982
11
11
FALSE
9993
4595
4196
9982
9891
1060
394
9993
9993
256
9759
65
5119
65
9010
65
1060
1060
5119
1060
9993
9812
610
11
11
9993
394
1060
FALSE
1060
1060
11
9706
9993
9993
65
FALSE
9993
9528
9551
2683
65
65
1060
9706
FALSE
9010
10
3876
1060
9812
3876
3876
9010
65
3810
9993
2451
80
65
65
1060
65
80
FALSE
9
FALSE
1060
9993
6043
9993
65
792
1060
12
9993
12
9993
11
65
9845
9629
11
9993
394
FALSE
4108
9993
65
9993
11
FALSE
9993
11
150
8
9993
4108
9993
12
FALSE
6043
5030
6043
9993
65
9945
12
2107
792
9993
11
1060
2107
FALSE
610
1060
1060
5030
8
1060
9851
4108
4108
9993
FALSE
FALSE
FALSE
9528
1060
9654
FALSE
3378
65
FALSE
9528
65
9911
9993
65
65
65
65
65
FALSE
65
9993
65
16
2415
1273
18
3378
FALSE
9503
FALSE
9564
9629
65
17
FALSE
65
8
65
FALSE
1273
9633
FALSE
FALSE
9993
65
9993
65
65
65
13
9993
18
2744
FALSE
2744
65
444
2744
65
9851
13
16
9993
9993
3378
7865
65
394
1273
13
FALSE
3378
15
792
9696
17
TRUE
FALSE
1418
9564
14
792
9993
11
7062
65
65
9528
9993
14
65
10
3691
1418
7062
3691
9993
14
FALSE
9640
65
FALSE
9694
9993
9993
65
9993
7062
9010
3691
444
3691
9727
3691
FALSE
9993
FALSE
9993
65
65
65
256
5
9993
3691
9993
9822
11
9993
9993
7078
FALSE
9801
65
9075
65
444
9993
9443
9993
9993
12
444
444
9781
444
11
9993
9993
444
9781
FALSE
9801
444
444
11
9428
65
102
9993
FALSE
9993
9993
65
9945
11
9740
8254
65
9315
11
65
FALSE
444
8356
371
9993
65
394
9781
9646
FALSE
9993
8254
11
1685
8356
65
150
9845
9993
8254
1685
FALSE
8254
9977
9812
65
11
9740
12
8800
9993
65
FALSE
9993
9993
9993
8356
FALSE
9633
1685
FALSE
394
9010
8800
65
FALSE
FALSE
9993
FALSE
8800
9993
8848
9010
65
2400
65
FALSE
9010
65
12
9993
9759
9993
9010
9993
FALSE
9688
9010
9993
65
FALSE
65
2400
12
2400
9075
65
FALSE
9993
FALSE
444
2880
2880
65
9993
9801
2880
12
9993
9075
13
9993
65
2102
65
9551
9993
150
256
9485
9075
9993
FALSE
FALSE
9993
9993
80
9993
2102
9075
FALSE
9075
4618
2102
9713
2400
450
371
2102
FALSE
2400
9503
9538
65
9617
65
65
FALSE
9696
65
3125
TRUE
FALSE
9759
80
256
FALSE
17
2400
14
65
FALSE
9993
4925
9646
3125
65
150
15
9993
65
2116
FALSE
2102
8174
16
9443
2400
18
6626
65
6626
65
9993
FALSE
9993
65
FALSE
3674
65
3801
65
17
65
6626
9993
102
9633
6
9993
14
65
9993
394
FALSE
65
9993
8
9993
9218
65
FALSE
3125
65
65
11
FALSE
565
9993
65
5115
9845
10
65
3801
9993
9993
8269
12
11
10
2099
12
FALSE
9962
65
11
565
5115
9993
3801
12
FALSE
9993
12
5115
65
565
1345
2099
10
1345
10
FALSE
FALSE
12
9993
65
9993
3801
5636
FALSE
9993
9993
9993
65
6699
450
9993
13
2099
65
1345
FALSE
3801
FALSE
9706
65
65
13
5115
1871
9993
7
9564
9993
3801
9528
8513
5115
12
65
565
FALSE
565
65
FALSE
65
65
3801
9864
3801
FALSE
9993
FALSE
444
65
3801
9962
FALSE
9640
FALSE
13
9993
9993
FALSE
565
5115
13
FALSE
9977
FALSE
FALSE
3169
5636
9982
65
2940
3169
565
3169
4
5636
65
11
65
3801
9564
9993
FALSE
9503
9503
3434
565
9864
65
FALSE
FALSE
11
13
9993
9993
65
9993
11
9993
65
4257
12
65
9993
565
9781
565
12
9993
5599
125
65
9654
65
565
FALSE
9993
9660
FALSE
9993
465
465
11
465
465
9993
FALSE
465
10
9993
9993
9993
65
465
9993
10
10
7
9911
125
65
6934
6934
8174
9993
6934
65
65
65
FALSE
10
465
6934
FALSE
FALSE
6699
465
465
9538
9993
7259
7259
10
65
9993
9822
9993
9428
80
10
FALSE
465
10
65
465
9993
FALSE
10
8269
9993
9993
10
465
9993
FALSE
8269
65
10
65
FALSE
65
65
2
102
65
465
465
FALSE
465
10
9474
5
10
465
FALSE
65
444
65
9713
465
FALSE
FALSE
9993
8513
FALSE
80
10
8513
4
102
9993
394
10
1894
9993
65
9993
9530
7504
9993
FALSE
465
7097
7504
9688
7097
7504
FALSE
1894
1894
9075
65
11
1894
9917
8269
65
8269
65
9503
65
3171
65
65
7504
FALSE
FALSE
9977
65
1576
11
11
465
10
65
65
8269
465
465
10
444
FALSE
9862
65
10
65
10
465
465
9993
465
125
9993
465
9993
9993
450
10
9218
465
10
FALSE
9993
9993
465
9993
9845
9993
65
9505
465
444
FALSE
FALSE
9617
9993
FALSE
465
6692
FALSE
6810
9993
6692
9706
9531
9993
6692
11
9993
6692
65
125
65
465
65
FALSE
9756
10
10
8459
FALSE
10
6
465
65
FALSE
9993
FALSE
465
465
10
10
9315
9384
9
465
65
10
9428
9982
9822
465
9531
6
465
9
9384
FALSE
9
9384
9384
9993
9993
9
9
9618
65
10
465
9384
9530
9428
9443
10
9954
65
10
9801
9993
444
5799
65
9993
9443
465
5799
9993
5799
FALSE
5799
65
465
9993
FALSE
9443
465
444
5799
125
65
9443
65
10
10
10
465
9891
125
9993
9756
465
125
1504
FALSE
125
65
12
9801
9749
13
65
9993
9505
9993
9993
9528
9993
9962
65
2231
11
10
65
9993
FALSE
FALSE
9993
FALSE
9530
462
65
102
9530
1711
4
65
12
1711
465
1711
65
9646
FALSE
FALSE
FALSE
9993
9913
9538
9993
9538
65
FALSE
12
9713
9538
FALSE
65
11
125
65
9862
9993
9993
FALSE
11
FALSE
9851
9822
FALSE
FALSE
9756
FALSE
8220
9993
65
65
65
854
854
FALSE
9706
65
854
FALSE
9993
65
9993
10
65
11
65
9993
12
FALSE
6249
9551
10
9713
FALSE
9982
7126
9887
FALSE
65
12
65
7126
65
FALSE
7126
9864
854
465
65
9993
12
9
9654
7126
10
FALSE
462
10
65
125
9004
FALSE
9004
9887
2239
65
9004
FALSE
9640
9
8498
8220
9789
9660
9993
FALSE
9004
65
465
FALSE
FALSE
FALSE
8
9004
9004
9004
FALSE
9531
FALSE
9993
102
8
102
8
9564
8
9993
9993
9591
3351
102
9617
465
9993
FALSE
9618
FALSE
9706
FALSE
465
8
8
FALSE
450
102
9993
7
FALSE
9618
9618
102
1
462
465
9993
FALSE
2
9713
9871
7
9993
465
9993
9993
102
465
465
9640
FALSE
9993
9993
465
FALSE
465
102
9983
102
9654
9993
9660
9993
FALSE
8
9664
9993
102
102
8
8254
9982
465
7
102
FALSE
6725
9993
102
9993
6725
102
9993
9993
6725
450
7
102
465
102
9982
2532
102
6725
FALSE
9993
102
2532
465
465
8
1
2532
FALSE
9603
FALSE
8
9603
7
2532
6
465
9756
9993
9871
9864
102
102
465
102
9993
9993
6
102
2532
8095
465
465
9812
125
9993
9977
3361
5043
9660
462
FALSE
9993
9756
9993
9993
9993
3958
102
FALSE
465
9993
6
465
6
FALSE
FALSE
6
9688
9993
6
5770
102
FALSE
5770
102
102
6
6621
465
9993
102
102
9660
465
9993
102
102
8095
9993
6621
8095
8095
5
FALSE
8095
3
9993
125
102
FALSE
6
6
9781
102
1165
102
FALSE
2442
FALSE
FALSE
FALSE
2442
102
9993
FALSE
9862
2442
9822
7
102
3
7
FALSE
9982
9871
1165
1165
9993
9993
2442
FALSE
2163
5
6
9911
9993
102
125
9664
9696
9983
9993
6
9759
9993
9851
9
9993
9871
9913
9845
5
10
2163
102
102
2163
FALSE
102
125
9688
102
3615
9687
FALSE
12
9911
9887
2408
8647
102
11
4
465
FALSE
FALSE
9911
2442
102
2163
102
2163
10
8647
9993
9
465
FALSE
FALSE
8
9993
FALSE
102
8235
6
10
9801
9
2442
2442
6
2163
9993
FALSE
9982
2442
102
8235
102
9977
465
9993
9993
3615
465
2163
465
3615
102
8
102
FALSE
5700
9993
3615
9759
9982
102
5700
9993
8
9993
8
3615
5
2442
9993
2442
1635
102
102
2442
9993
9993
9993
133
4464
FALSE
FALSE
FALSE
8
8
1635
102
9993
102
102
4
9993
4310
6458
1635
102
102
FALSE
7
102
1635
6
1635
102
9759
1635
102
6
102
102
6
9993
9993
9993
4310
102
FALSE
915
9954
9993
5700
9781
FALSE
3674
4
9993
5427
102
9993
3674
9727
9993
5081
1635
9993
8
5427
125
2645
9
2645
9
9993
915
10
9993
5427
9688
1635
9993
9664
1635
1635
102
8
9917
9993
7929
7
FALSE
102
9993
FALSE
7167
102
1132
102
6
2303
2303
1132
7929
9845
2303
9993
FALSE
FALSE
7929
FALSE
272
102
FALSE
9993
102
102
9993
102
5
FALSE
102
915
1132
102
9913
9962
7
9
9030
2303
9851
102
9993
FALSE
102
102
9508
9993
9954
272
3406
102
9822
9993
9993
102
FALSE
1488
6
9993
FALSE
9993
9993
FALSE
FALSE
1488
FALSE
102
9687
7
7
9687
4
9993
9993
9993
7
102
133
2399
9993
7
2399
9982
6
9664
4010
9887
10
1488
1488
FALSE
9993
FALSE
9694
2419
6
2419
102
FALSE
FALSE
FALSE
9993
FALSE
3200
4038
4010
102
397
12
4038
3200
5
FALSE
125
5
FALSE
397
2639
9993
9913
9962
397
9687
2419
4038
3200
9993
102
2419
102
FALSE
9993
5
102
11
3200
5
3200
9891
9993
8
9993
4038
2639
102
102
9993
102
9688
2419
133
102
9
4038
1
5
102
102
9993
9247
9822
102
9983
FALSE
5
9247
4
9696
5
9993
FALSE
FALSE
9749
683
5
9247
102
5
102
9871
5
9513
FALSE
5
5
9513
5
5
FALSE
FALSE
9982
FALSE
133
683
9801
9687
102
102
7456
683
FALSE
683
FALSE
683
9484
102
9993
4
FALSE
102
FALSE
FALSE
9993
133
9993
9687
9993
FALSE
FALSE
102
102
102
9993
FALSE
9862
9706
8729
133
FALSE
9993
9740
8729
9993
133
9688
4
9781
102
133
FALSE
9993
102
9688
FALSE
133
9688
9993
9759
4
9993
102
4
4
9694
9822
102
9694
9694
FALSE
9694
133
FALSE
9993
9694
9694
FALSE
133
9993
9993
4
9694
9694
102
9993
102
FALSE
102
9851
102
133
133
133
133
FALSE
102
9993
9993
FALSE
102
133
FALSE
FALSE
FALSE
133
4
FALSE
125
FALSE
8139
FALSE
9993
9993
9993
9945
FALSE
FALSE
4
FALSE
133
102
FALSE
FALSE
FALSE
FALSE
7730
9993
102
102
102
102
9993
9696
FALSE
9694
133
102
9993
9993
4
9694
FALSE
FALSE
9993
9993
3
9891
3
9749
FALSE
9993
9740
102
9696
9696
FALSE
9993
9993
102
9706
FALSE
9706
3
102
FALSE
133
1575
FALSE
9993
9706
FALSE
FALSE
FALSE
9759
9713
1575
9891
9713
FALSE
FALSE
102
9706
3
133
9954
9749
133
133
9713
3
102
133
3
9740
133
3
9864
9993
3
133
9862
102
102
9822
9759
102
102
102
3
9740
133
3
102
9740
9993
9993
3
102
9871
133
133
9993
102
FALSE
102
9759
2427
9845
102
2427
102
5655
FALSE
3
9993
9993
FALSE
9887
9759
133
102
9789
FALSE
9977
102
9993
9887
102
9993
9993
102
133
133
9993
9812
3
4
9801
102
133
9822
9822
9822
133
9993
102
3
9993
FALSE
102
9812
9993
133
133
3
9851
9993
102
9812
FALSE
FALSE
102
FALSE
9812
FALSE
9945
9982
9812
3
133
102
9812
102
FALSE
133
9822
133
FALSE
102
9983
102
133
FALSE
9993
133
9993
133
102
9993
133
3
102
133
FALSE
133
9891
133
3
102
3
FALSE
102
9993
FALSE
9812
102
9993
102
2921
9993
3
102
9954
9977
7749
102
5585
5
FALSE
3668
394
9982
394
102
9993
394
FALSE
394
FALSE
3
394
5421
FALSE
9993
394
9993
9993
1
102
394
394
102
102
9891
9993
5
102
9993
4
394
102
8091
3650
8091
102
133
9993
9887
394
8165
4
8165
102
4
394
8165
9993
9993
394
8165
2
9983
9993
9993
9993
9993
3
FALSE
FALSE
102
394
9993
394
3
102
2
3
9993
FALSE
9812
102
394
FALSE
102
9913
FALSE
394
9982
FALSE
9993
3
FALSE
8613
3
394
3
3
9993
9913
3
3
9887
102
9982
FALSE
4
FALSE
9812
102
3
9993
9993
9993
4
9993
FALSE
9993
FALSE
451
FALSE
451
FALSE
102
FALSE
9993
451
4
7837
102
9993
FALSE
102
9993
4
9862
9993
9993
451
9993
9993
FALSE
9851
FALSE
FALSE
7988
451
3
7837
7837
451
7837
451
3
9993
7988
FALSE
9983
9954
FALSE
3
394
394
394
9993
394
FALSE
394
9993
394
9862
FALSE
7988
9993
FALSE
FALSE
2269
9993
9911
394
3248
3
3248
9993
3248
394
9993
9993
2269
7988
9993
3248
3
9574
7988
451
4
FALSE
FALSE
3512
9993
FALSE
9993
4
451
FALSE
7988
9993
2
3512
3512
7254
FALSE
2
7254
9993
7254
3512
9574
9993
9993
7988
FALSE
2982
9229
9574
9229
1
FALSE
1
4106
8378
9993
9812
9812
8378
9993
8378
9812
9812
9812
9911
9993
FALSE
9954
1078
FALSE
9993
2
9993
9822
9993
FALSE
1078
9871
1078
1078
1078
1078
9993
9993
1048
1078
4
9862
1048
1048
9845
9945
4
9993
9851
FALSE
9993
3
2
9945
2
30
9017
9017
30
9017
30
FALSE
9911
3
30
3
3
9851
4
9851
9851
932
FALSE
932
4
932
9982
9993
5620
9095
9862
9993
FALSE
FALSE
30
30
7
2428
4
3647
3647
9864
7139
9095
9993
FALSE
30
6
9993
9993
9993
9887
932
6
30
FALSE
30
9993
30
9993
6
2763
9891
FALSE
9962
FALSE
FALSE
932
30
9993
9864
9864
30
9917
9891
9864
932
9862
2164
FALSE
9864
4
9993
9993
30
9993
2763
30
3250
2763
FALSE
30
5906
FALSE
9945
932
30
9993
FALSE
9917
3250
9864
30
FALSE
9993
30
932
FALSE
9977
9977
2022
9862
30
9993
9993
8
30
30
9993
FALSE
932
30
9993
FALSE
2
4
3250
2763
932
9864
9917
3250
9993
9993
9993
30
30
FALSE
FALSE
30
9993
2428
FALSE
9019
2416
9913
8
9891
9143
4
30
8
FALSE
6238
6238
9993
30
9993
5
FALSE
932
FALSE
9993
5043
4
9993
FALSE
932
30
30
4
6238
3
6238
3250
932
3
9993
932
9993
2
3469
FALSE
30
9993
3250
3
3469
7875
9993
3469
2714
932
3
FALSE
9993
9891
30
9993
3469
4281
4281
30
9143
9993
FALSE
4
9993
9993
9891
30
FALSE
4846
FALSE
2441
9993
2
30
6577
FALSE
30
9993
8730
30
2
6887
FALSE
9993
30
2
9911
FALSE
9962
