48
48
229
63
966
48
966
966
63
485
7
FALSE
48
48
229
468
48
FALSE
966
966
254
229
229
48
966
63
48
FALSE
571
468
48
23
23
FALSE
23
461
23
254
4
FALSE
23
FALSE
FALSE
254
485
254
155
254
485
FALSE
858
966
254
3
536
23
23
325
966
FALSE
338
325
FALSE
5
FALSE
966
5
342
5
2
536
FALSE
4
485
5
2
966
5
3
5
342
5
5
4
2
966
FALSE
FALSE
FALSE
FALSE
5
342
966
5
325
5
966
5
859
FALSE
FALSE
342
342
106
5
FALSE
5
293
966
325
966
325
325
5
FALSE
FALSE
5
4
7
858
966
FALSE
966
721
106
391
3
571
391
FALSE
106
106
2
917
966
391
716
143
103
143
4
994
5
FALSE
FALSE
106
148
699
325
577
994
FALSE
FALSE
571
994
148
325
994
577
994
FALSE
994
8
148
994
50
994
391
994
6
1
391
50
FALSE
994
7
571
6
50
2
6
FALSE
6
50
994
1
571
3
571
148
FALSE
50
50
148
6
994
994
50
148
148
553
FALSE
148
3
148
11
994
994
994
148
5
FALSE
5
FALSE
4
FALSE
994
50
994
601
50
994
FALSE
50
FALSE
921
691
2
4
50
50
699
FALSE
148
733
148
50
148
699
50
3
994
FALSE
994
3
148
444
3
148
994
723
994
50
459
2
994
459
FALSE
791
716
459
50
FALSE
927
50
5
459
980
994
FALSE
994
FALSE
2
172
994
50
709
50
50
148
4
721
172
4
50
4
994
FALSE
172
174
174
50
239
FALSE
721
723
172
172
181
723
921
1
FALSE
46
895
994
791
181
994
46
5
921
723
723
2
723
181
172
46
FALSE
994
956
181
FALSE
46
174
174
1
994
994
172
733
733
174
331
1
4
4
181
980
994
174
181
331
994
602
FALSE
740
994
2
2
858
181
994
1
850
850
181
804
FALSE
FALSE
181
2
181
994
378
2
181
FALSE
378
733
FALSE
203
740
203
733
858
203
1
203
FALSE
976
765
172
203
203
FALSE
966
3
FALSE
203
927
879
879
FALSE
3
FALSE
FALSE
956
1
FALSE
125
859
128
859
203
994
994
1
1
128
203
4
994
128
804
128
946
879
381
6
5
858
FALSE
69
6
69
FALSE
878
69
FALSE
994
994
994
6
521
6
994
7
571
FALSE
FALSE
203
203
994
521
571
990
980
FALSE
FALSE
7
994
7
7
84
850
7
69
7
6
994
994
6
858
994
946
7
7
7
FALSE
7
84
804
203
FALSE
26
7
26
361
895
7
84
362
994
69
566
84
432
8
7
878
7
994
85
69
26
7
7
7
FALSE
828
362
26
1
85
828
804
FALSE
FALSE
10
994
FALSE
994
FALSE
850
7
7
4
FALSE
976
994
994
130
994
432
FALSE
7
828
362
8
248
7
85
FALSE
825
7
825
994
6
362
362
7
7
FALSE
994
7
3
828
FALSE
FALSE
7
7
994
362
994
466
487
130
FALSE
362
466
825
130
994
7
3
932
7
994
130
8
2
878
7
8
8
707
7
8
130
8
130
7
994
994
FALSE
7
7
994
900
879
8
130
647
7
647
3
932
FALSE
73
994
130
7
910
7
FALSE
FALSE
994
FALSE
8
130
3
130
130
7
130
7
994
418
FALSE
7
825
7
994
7
994
878
FALSE
FALSE
9
424
7
932
672
994
FALSE
242
130
7
9
5
994
994
424
FALSE
859
9
FALSE
251
FALSE
FALSE
251
7
7
424
85
7
990
895
878
356
FALSE
FALSE
356
7
11
7
251
FALSE
2
9
84
12
994
7
4
7
7
FALSE
FALSE
FALSE
7
7
10
7
251
FALSE
858
7
166
7
825
85
994
28
251
85
FALSE
FALSE
7
994
376
994
10
7
85
7
175
FALSE
672
825
12
932
994
FALSE
8
FALSE
7
85
927
151
389
994
868
736
FALSE
879
FALSE
85
