2
10
9751
301
6204
2952
10
FALSE
FALSE
794
794
794
794
9751
794
FALSE
1
9751
4347
794
9751
9751
794
6
4347
10
794
2952
2621
794
9751
6204
FALSE
FALSE
2851
9751
7133
8500
9751
1338
678
3876
FALSE
678
9751
1172
FALSE
FALSE
1338
6
1172
FALSE
FALSE
9751
3876
7
7165
13
285
2952
11
8
1221
11
2120
285
2851
6
FALSE
FALSE
FALSE
2952
1
2952
285
285
285
467
7
4075
10
285
285
FALSE
FALSE
2950
FALSE
FALSE
2120
12
4
FALSE
9751
285
7133
9751
2952
9751
9751
4
3173
8569
2950
9751
9751
9751
4
285
285
9751
285
3173
285
467
FALSE
285
285
5878
9751
285
8351
9751
285
467
467
4195
8124
6176
4075
FALSE
1
9751
285
2
2120
6176
9751
4075
FALSE
6
4195
9751
6
9751
6
FALSE
FALSE
9751
467
3991
2544
3991
FALSE
3
9751
6
2544
5
FALSE
9751
FALSE
2544
6
2544
5
285
6
FALSE
8569
9751
9751
2863
9530
5
6
467
6
6
FALSE
2863
5636
6
6
5
6
9751
6
9751
5
467
5
5636
467
FALSE
5947
9536
467
6
467
FALSE
6
9751
FALSE
FALSE
1210
6054
467
467
6
1917
6
1917
1210
375
6054
6054
5
6054
FALSE
FALSE
6
5947
FALSE
6
375
9751
6
FALSE
6
5903
9530
5903
9751
FALSE
4
6
6
9751
5903
FALSE
7439
FALSE
9751
FALSE
4
467
4
8500
8569
4
5903
467
6
9530
6
467
FALSE
9751
4
3024
6
467
5947
3024
FALSE
6
9751
9751
6
9751
9751
4
FALSE
FALSE
6
6
FALSE
9751
2448
6
9751
375
3024
5947
8500
375
FALSE
7439
6
FALSE
4
FALSE
6
5947
4
9751
4
375
6
FALSE
6
9751
5947
5947
8351
7910
8422
FALSE
4
7165
9751
4
FALSE
6
4
6176
4668
375
FALSE
9751
7039
375
FALSE
8668
6
3
4
8351
6
63
6
9751
9751
6
9751
6
7058
6
FALSE
7058
7058
FALSE
7133
5
6
9751
6
6
8124
5
9751
411
7910
4
7910
FALSE
4
FALSE
411
9751
7796
8124
4
9751
6
9442
6
5
9751
5
FALSE
2741
FALSE
2741
411
9751
411
5
2741
FALSE
6
8569
6
9751
9751
FALSE
411
3439
8827
3439
8948
5
6
6
4
5
6
3391
6
63
3439
6
8569
FALSE
3391
4
FALSE
411
6
63
9751
6
FALSE
3
3439
8124
FALSE
3439
3822
481
6
7
481
8827
3439
3439
4
9751
8
FALSE
8351
7
9751
3439
63
FALSE
3961
6
3439
8351
481
9751
6
9751
3439
9751
5
9751
1431
9822
8358
FALSE
9822
8911
8668
8358
8948
9536
3961
6894
1431
FALSE
63
9822
FALSE
8948
3961
9822
9822
1431
9822
FALSE
9822
6
8268
FALSE
8358
9822
3
282
1431
282
9822
6
7
8827
FALSE
FALSE
6
9822
3076
282
6
6
1431
9822
9822
3076
3076
FALSE
1115
8
6
6
FALSE
2147
6327
9822
4
2147
6
3076
6
7778
63
FALSE
9822
7778
7778
7778
282
6
FALSE
8358
6
9822
FALSE
8
8
8827
FALSE
8358
8
6
FALSE
8
6
7
1431
FALSE
FALSE
1431
FALSE
1431
6
9822
8358
8422
9822
6
9822
856
FALSE
FALSE
1431
6
1431
9822
9822
8422
FALSE
6
FALSE
5
6
8422
9822
1431
9141
765
FALSE
9822
FALSE
765
7
7
1431
7
856
8
9822
6
63
765
FALSE
856
1517
7999
FALSE
6
7999
6
1517
1530
9822
9822
9442
9822
63
7999
9822
8358
1530
6
9075
7999
7999
8569
7
FALSE
856
6
856
9827
856
6
5175
6
8
6
8
9
1530
9827
7
6
8911
1530
63
FALSE
FALSE
9827
1530
6
1530
9827
9827
1530
2
6
7
9827
7
FALSE
4369
FALSE
6
4369
1530
7
1530
8
6
6
FALSE
6
6
FALSE
63
9827
5190
9827
3
1530
9141
9827
9663
4369
FALSE
FALSE
9827
1530
856
FALSE
6
6
8668
9827
1517
856
9827
1530
6
8358
8422
8422
8500
FALSE
9442
856
6
FALSE
63
6
6
3
856
FALSE
8422
FALSE
63
1530
FALSE
6
4
6
6
856
8422
9827
6
9038
6
8911
8827
6
5
856
1530
5
8422
6
3
6
9958
8948
9958
8500
9958
1530
9663
9958
6
9442
6
9958
6
856
9958
9037
9958
6
63
8627
9518
2194
9075
5
6
5
9958
9075
9958
8627
9958
6
3871
856
4372
FALSE
4372
6
9958
9038
9827
9038
2194
FALSE
4918
2194
FALSE
9958
FALSE
4
FALSE
2939
9958
FALSE
5
FALSE
856
5
9958
FALSE
6
68
856
9958
4
6
5
5274
5274
856
5274
5
6
8569
6
856
FALSE
8911
856
68
9958
5
6
6
9958
2948
856
5
6
FALSE
68
8668
5977
6
856
FALSE
9958
FALSE
9958
8827
9958
9663
8668
8948
FALSE
9958
9958
2446
897
2446
8827
FALSE
2446
9958
2446
8815
5
FALSE
9958
9958
9958
5
6
5
8815
9958
2831
2831
FALSE
9141
FALSE
FALSE
FALSE
6
204
9958
FALSE
8827
9958
204
204
5
9141
8911
FALSE
9958
204
9958
9536
6
8911
6
6
6
204
204
FALSE
7771
7771
6
5
204
9958
5
9038
9958
9958
FALSE
204
FALSE
8911
FALSE
7771
204
FALSE
204
204
9958
204
204
5366
63
6
FALSE
9530
6861
FALSE
6
6
6
204
6
6
6
FALSE
9141
9530
8911
204
6
9822
6
68
9695
6
6
6
6
6
9075
9958
6
204
9663
9087
9958
7
6
8160
7
9958
6
9958
9442
204
9827
9958
9695
8911
8911
8911
6
6
204
6
FALSE
204
FALSE
6
6
FALSE
FALSE
9751
8948
FALSE
3
FALSE
7
FALSE
369
8966
FALSE
9037
FALSE
9038
480
FALSE
9958
8
9536
8
68
9038
6
9958
9038
8
8
9038
9958
6
9075
9958
9
480
9958
6
9958
9958
9958
9958
8814
FALSE
9958
9958
9958
9663
932
9530
1325
10
6
9958
9663
FALSE
3082
9958
9
3082
9183
6
9183
9141
FALSE
9183
9183
8
6
9530
9958
9442
9958
TRUE
932
6
FALSE
FALSE
9518
6
68
9518
932
FALSE
FALSE
10
FALSE
6
6
FALSE
1641
9862
9958
1641
63
1641
9530
6
9530
68
6
9862
68
204
9751
FALSE
10
6
9536
1641
9958
9663
6
6
11
932
1641
6
FALSE
6
1641
12
6
FALSE
3106
6
9958
9958
12
932
9958
6
6
932
6
7110
7110
16
FALSE
7110
11
7110
7110
7110
556
FALSE
9958
932
932
932
68
9958
6
11
8730
16
6
403
6
9958
8730
68
9958
63
6
10
8730
403
8730
1448
10
9751
9536
9958
9691
263
FALSE
6
11
8
6
7
11
11
10
9958
6
9695
9958
6
9958
6197
63
1448
9
FALSE
932
1448
263
1448
1448
9958
8730
6997
12
FALSE
8730
4013
4013
8730
8730
9958
1448
6
263
8730
FALSE
6997
10
FALSE
1448
9958
7237
9958
1448
9958
1151
9958
6
FALSE
8730
FALSE
9958
1362
9691
8730
FALSE
FALSE
9958
8730
9862
1151
204
6
FALSE
9536
9958
10
9536
1448
FALSE
FALSE
1448
1448
FALSE
9958
1448
9958
6
7439
FALSE
6861
1448
FALSE
9958
7439
9827
6
9958
6
9958
7439
68
9827
9958
9958
7
3282
8174
204
8730
7
9958
8769
3559
204
7
3559
6
FALSE
6
1224
6
6
837
9536
9536
1224
9958
9822
FALSE
63
6
6
7318
6
63
9390
204
9958
1224
9958
6
837
9663
9958
1224
9
1674
9
9390
9958
1674
FALSE
FALSE
FALSE
9958
1224
FALSE
9958
5069
6
1224
7062
5069
204
7062
FALSE
1224
9958
7062
6
1224
FALSE
7062
7
9958
6
FALSE
9390
6
9958
6
9958
1224
7
7062
9958
FALSE
9958
9958
68
5069
FALSE
6
3228
9958
6
8
4209
9958
7
249
9536
3228
9751
6
3228
4209
6
5
FALSE
249
5870
5069
6
7
6
FALSE
5
6
5069
5069
9958
9958
5
FALSE
FALSE
6
9958
6
5870
6
9950
9950
FALSE
249
6
8115
249
FALSE
9958
6
6
4
9577
6
5069
5069
181
4211
8
9536
6
5704
FALSE
5704
9958
5704
6
9601
5704
249
249
9390
FALSE
FALSE
5
5
63
FALSE
FALSE
9958
5
5
249
FALSE
7318
7318
5
8115
249
7318
9958
9695
5
FALSE
249
FALSE
9390
8115
FALSE
9862
2
6
9958
9751
5
9691
9601
FALSE
8197
249
8197
9958
9958
6
5
5
5
6
9577
8197
FALSE
9958
FALSE
5
9695
249
6
68
6
9958
FALSE
9958
9390
9390
6
2683
424
FALSE
FALSE
7217
424
2
6
6
FALSE
2683
6802
FALSE
68
6532
2683
9958
6
6
6
68
9958
FALSE
6
424
9577
9822
6
424
424
9950
FALSE
424
9601
6
3102
9958
7
6532
3102
6
9958
FALSE
FALSE
FALSE
424
6541
424
9958
FALSE
FALSE
9958
6541
6
424
6
9958
9751
9958
9601
FALSE
6
6802
424
2000
249
7835
6
9
8
9827
2144
9958
6
6
8
249
FALSE
7
9958
6
8
7
9390
9958
9958
9663
2144
2144
6
9390
8
6
424
9390
8
424
7
6
FALSE
424
249
7
7
9577
6
6
6
FALSE
6
6
9958
424
7
3689
9958
FALSE
2380
9958
6
3689
FALSE
FALSE
FALSE
424
9958
2380
6
FALSE
9154
9031
6
9
424
9958
9958
6
3689
9
9958
9958
6
68
8
6
9827
9390
9950
9950
FALSE
9958
9958
FALSE
FALSE
7
424
424
7
7
9536
9536
6
6
424
9636
424
9704
9958
FALSE
424
7
9958
FALSE
9536
9536
9577
10000
7
7
9822
9577
9577
6
FALSE
424
9601
FALSE
9695
FALSE
10000
FALSE
10000
7
424
FALSE
424
7
10000
9601
6
FALSE
424
6
9950
3444
6
10000
10000
683
6
249
683
FALSE
3444
10000
FALSE
9601
5882
FALSE
9691
9691
10000
10000
249
FALSE
6
10000
6
9636
FALSE
10000
FALSE
9735
6
9636
10000
3768
10000
10000
8
6
10000
9862
6
FALSE
6
FALSE
FALSE
FALSE
249
9110
683
9704
FALSE
10000
8
9601
9691
FALSE
8
10000
FALSE
9663
683
6
6
6
9695
9787
249
FALSE
6
683
9691
8
FALSE
68
9691
535
683
9691
683
683
683
10000
10000
11
FALSE
535
9499
10000
3125
10000
32
9822
FALSE
6
32
6
9787
6
FALSE
2925
6
683
9735
10
FALSE
10000
6
10
247
68
6
11
FALSE
6
10000
FALSE
10000
6
9695
FALSE
10
FALSE
10
683
6
32
7
10000
9236
683
10000
683
683
68
6
10
10000
683
9822
9695
10000
9704
6
9704
9735
317
247
6
10
10
9827
10000
FALSE
1155
1155
9751
6
6
10000
6
9822
9735
249
FALSE
10000
2733
9735
6
FALSE
1155
1853
2733
FALSE
10000
2733
683
68
10000
1853
9822
1853
6
6
FALSE
68
247
6
1155
535
6
6
249
9938
FALSE
1853
9
9268
6
10
10
1155
10000
10000
10000
9958
4320
68
1853
6011
6
6011
6
6011
10000
3
10
11
4320
6
683
10000
FALSE
10000
1853
9751
12
10000
2984
10
2984
1155
6
6
10000
683
683
11
6
FALSE
FALSE
FALSE
7146
1853
6
6
6570
6
10000
9268
10000
9787
1853
6
9268
2
6
2247
1155
FALSE
2247
9
2247
10000
9735
9
FALSE
12
FALSE
10000
9268
10000
7
9827
768
10000
10000
8724
6
10
249
9938
10000
FALSE
10
FALSE
4013
FALSE
9
9268
249
2247
FALSE
6
6716
FALSE
FALSE
317
11
11
768
6
10000
12
2247
FALSE
12
1136
10000
6
10000
FALSE
317
9
FALSE
6
11
FALSE
10000
6
6
1136
8
FALSE
8656
10000
6
FALSE
FALSE
3415
10
6
1136
10000
FALSE
9
FALSE
6
10000
1136
FALSE
FALSE
FALSE
9822
9827
10000
5794
6
838
FALSE
6
9787
8223
6
6
68
6
6
8763
6
1197
12
11
10000
9268
1136
68
838
10
FALSE
6
FALSE
4378
10000
10
3186
4378
317
FALSE
FALSE
FALSE
4378
FALSE
8763
6
FALSE
4378
FALSE
6
1197
FALSE
6
FALSE
4378
3186
6
6500
6
10000
9938
1197
6
9268
6
6
9
9
9268
32
10000
10000
FALSE
9827
3186
10000
9268
9862
6
5
4
68
2160
3186
8
6
6
FALSE
8763
6
8763
10000
6
7
1197
10
8763
1197
32
1197
6
FALSE
FALSE
3186
5
10000
10000
2693
32
3186
1197
10000
8
9218
FALSE
6
6
6
1097
6
1097
2693
10000
315
10000
10000
10000
7415
5
315
13
2693
13
2693
8763
13
6
2059
13
315
819
6
2693
315
1197
10000
9735
8
6
10000
2160
1197
1197
6
6
6
9268
1197
9903
FALSE
6
12
3915
3915
10
6
9751
1197
10000
4403
FALSE
1197
4403
9735
2693
10000
FALSE
8
6
6
68
9827
1197
5
10000
6
10000
6
1097
9958
FALSE
FALSE
9751
5869
2160
1201
1201
8
6
5869
9
9787
10000
6
6
9
FALSE
1201
FALSE
2160
1201
9735
FALSE
10
1201
FALSE
6
68
10000
8106
8192
1201
FALSE
9
FALSE
FALSE
8106
6
6
68
7
10000
6
7
4
8192
10000
9950
9822
FALSE
1201
6
315
FALSE
10000
10000
8
315
10000
FALSE
2013
10000
6
6
FALSE
10000
6
10000
2013
10000
6
9268
9822
FALSE
6
FALSE
9
8
944
FALSE
2013
10000
10000
FALSE
FALSE
8
1201
9787
9822
2013
7330
8254
315
6
698
10000
6
2
6
9268
9268
10
2013
2
9268
10
10000
6
FALSE
10000
10000
9268
FALSE
9268
6
9
10000
6
9
6
1201
9
9
FALSE
6
315
9903
FALSE
10000
2
2467
10000
FALSE
6
9735
FALSE
6
FALSE
10000
10000
2467
10000
1201
9
9
9735
2467
9735
9735
FALSE
FALSE
9822
10
3867
11
9
9268
FALSE
158
FALSE
10
10000
10000
8
6
6
2467
10000
9938
10000
10000
10000
FALSE
6
6
6
9938
6
6
4629
FALSE
10000
10000
6
2467
315
FALSE
FALSE
FALSE
9603
FALSE
7406
10000
12
6
FALSE
6
6
FALSE
7045
2467
12
FALSE
7591
9268
1406
6
9958
9787
6
FALSE
6
3019
5
9938
6
10000
10000
11
6
7045
6
11
9751
9735
2
7406
FALSE
FALSE
10000
10000
10000
6
7591
6
10000
10000
315
7406
FALSE
6
7406
1951
204
9751
10000
10000
10000
6
11
1406
10
6
10000
FALSE
2467
7591
11
10000
10000
11
7406
7406
FALSE
6
2467
6
11
11
2467
6
1962
10000
2509
1406
10000
7692
10000
2509
7692
2509
7591
13
7591
6
6
2035
1951
13
7591
10000
10000
944
9
10000
10000
FALSE
10000
6
32
4182
FALSE
2509
1406
204
6
10000
4182
6
FALSE
2509
6
9787
4182
FALSE
9515
6
1962
10000
10000
7
10000
2509
2035
315
1962
FALSE
12
10000
6
1962
7591
FALSE
7591
6
10000
6
6
FALSE
10000
6
32
FALSE
FALSE
360
8508
2509
FALSE
944
2509
5
FALSE
12
1962
6
FALSE
11
6
9515
10000
4182
FALSE
FALSE
6
4182
6
4182
7
9317
10000
11
10000
9827
9664
10000
6
FALSE
360
6
9268
8463
2509
6
10
2467
2509
10000
9317
435
360
6
10
FALSE
9603
6
7196
6
6
6
9
6
6
944
7591
6
11
10000
9268
7
944
9603
4315
2509
7
7692
11
4315
6
32
1992
10000
4315
FALSE
10000
315
9862
10000
6
10
10000
6
10000
7
11
6
10000
3
10
10000
4023
10000
2509
6
7692
8159
2509
9603
10000
10000
FALSE
10000
1751
2467
2509
FALSE
9735
FALSE
2509
360
9787
6
10000
10000
10000
10000
FALSE
10000
6
10000
2509
5
2509
10000
FALSE
32
5
6
2509
9
10000
10000
2509
2509
FALSE
7
2509
10000
7
10000
7
944
6
8145
10000
1970
1970
9317
8159
FALSE
944
FALSE
9664
6
944
8443
6
8443
2440
360
10000
9
944
2936
2936
10000
6
10000
2936
6
7
10000
6
10000
FALSE
8443
6
6
FALSE
6
360
8
7
10000
6
10000
360
315
10
2440
FALSE
944
9787
10000
9268
2987
9268
10000
6
6
9268
6
10000
6
6
10000
10000
FALSE
10000
10
1342
6
6
2936
10000
10000
2987
FALSE
10000
8
360
9938
6409
6
9
9
FALSE
9751
FALSE
FALSE
2987
360
360
FALSE
FALSE
10000
9751
2936
10000
5
9664
2987
2987
5
FALSE
9515
6
2972
6747
360
6747
6
2987
9827
FALSE
10000
6
2987
FALSE
6
10000
2987
2987
6
2987
FALSE
FALSE
10000
6
6747
6
FALSE
1342
7
FALSE
32
5
9958
5
2987
6
6
6
10000
10000
8508
FALSE
6
4
10000
6
6
5
9958
9938
4
FALSE
32
4
1342
FALSE
3731
3731
6
FALSE
6
9664
9664
10000
6651
32
3731
9136
FALSE
5
6
FALSE
3
6651
10000
709
9136
5
32
FALSE
9268
3731
FALSE
4
709
10000
6277
6277
6747
FALSE
6277
6
4
6
8358
709
6
FALSE
6547
FALSE
10000
10000
FALSE
FALSE
7469
9958
6
7258
FALSE
7469
7833
2313
5
5
5
10000
32
10000
FALSE
6
FALSE
2313
6
6
6
FALSE
2313
FALSE
6
6
2317
FALSE
FALSE
2317
3
3
10000
FALSE
32
FALSE
FALSE
9862
5
8727
6
FALSE
10000
FALSE
6
10000
10000
6
6814
6814
5389
FALSE
FALSE
939
7469
6814
10000
4
6
6
4
FALSE
FALSE
6
FALSE
8358
6
6814
939
939
9950
6814
6
6
10000
7833
939
4
6
7833
FALSE
7833
FALSE
4
6
7833
2506
6
7833
FALSE
10000
5
2506
6
FALSE
2780
9603
7
32
FALSE
7833
2780
2780
6
7469
2541
2780
10000
6295
2133
10000
9
FALSE
10000
4
4
FALSE
10000
8
FALSE
FALSE
2506
2412
10000
2780
FALSE
FALSE
2133
8
2133
8727
9938
7833
8
FALSE
FALSE
6
6
10000
2412
10000
9136
7
6
FALSE
7
6
10000
7833
3
2412
10000
6
9827
FALSE
FALSE
6
2506
FALSE
9664
FALSE
FALSE
10000
2506
6
FALSE
6
32
32
9432
10000
FALSE
FALSE
6
9067
3
2506
FALSE
2506
FALSE
7960
32
3
9903
5
FALSE
6
FALSE
FALSE
7960
10000
10000
10000
10000
2506
10000
2506
FALSE
6
6
FALSE
8134
7833
6
10000
4
32
10000
FALSE
10000
3
10000
9751
9746
8134
8134
FALSE
3
7833
3
6
6
3
4781
3
FALSE
7960
9515
6
FALSE
32
7960
FALSE
7960
FALSE
7960
3
3
FALSE
9903
32
9787
4
10000
10000
FALSE
8134
992
8134
6
8134
7960
6
9432
6
8181
6
32
8181
FALSE
9822
8284
32
6
8181
6
3
10000
3
6
9827
FALSE
6
10000
4
8181
905
FALSE
8181
10000
2
905
8181
8181
4
FALSE
8737
6
6
5156
6
10000
9787
6
9603
3
FALSE
FALSE
9746
6
3
9746
8737
8737
3
4
10000
6
10000
FALSE
FALSE
3
3
FALSE
6
5
6
FALSE
2106
9746
6
10000
FALSE
FALSE
6
FALSE
7835
215
215
7835
6
7835
6
4
10000
215
9682
6307
FALSE
6
32
6307
10000
6
4
10000
FALSE
6
FALSE
7835
7835
10000
9317
9136
859
6
9067
9787
9067
6
6
10000
10000
9940
32
7835
9136
7
9067
FALSE
9950
859
9136
6
6
FALSE
9136
FALSE
10000
859
6
9136
3951
215
6
FALSE
9317
6
6
10000
10000
FALSE
9317
859
FALSE
6
FALSE
10000
10000
9291
859
7005
6
859
10000
6
9682
215
6
215
3000
FALSE
9664
9317
FALSE
215
6
FALSE
9291
6
10000
6
5
6
10000
9317
10000
10000
5
215
215
9317
5
6
10000
5
9827
6
FALSE
9751
FALSE
9432
FALSE
1892
9432
9317
6
6
9735
6
6
10000
10000
10000
9509
FALSE
10000
6
10000
5
215
5
FALSE
5
9603
FALSE
10000
215
215
6686
5
6
10000
215
FALSE
1863
1863
6
1863
1863
9300
10000
FALSE
9827
10000
6
9300
9515
1863
1863
10000
9940
7177
5140
9751
7177
9300
215
6
6
6
6
9300
6
10000
6
6
6
FALSE
6
6
9300
6
1863
215
1863
FALSE
5
9751
8
2516
10000
670
10000
9300
7355
9664
9746
10000
7
215
670
9515
6
6
6
7
5
FALSE
9827
10000
6
FALSE
FALSE
9751
2813
9940
9300
FALSE
6252
6
32
6
2778
FALSE
670
FALSE
75
670
6
FALSE
670
1086
9300
10000
10000
7
FALSE
1576
1576
7
6
FALSE
9
9300
9300
9
6
6
6
1576
6
9300
6
9
6
1576
6
6
1576
9603
FALSE
FALSE
9300
6
9
1576
9664
4
9746
10000
8876
FALSE
8
1576
6
1576
9938
8
10000
8
9903
9938
6
2383
6
6
9
6
FALSE
FALSE
9300
FALSE
336
6
6
1086
7
7
6
FALSE
6
10000
FALSE
1836
7
8876
7
10000
FALSE
6
FALSE
9492
7694
6
7694
7694
10000
7694
6
336
9603
6
6
6
6
6
2739
2739
FALSE
10000
9938
336
9682
10000
5374
FALSE
7694
7
9746
10000
6
6
10000
9746
10000
10000
7694
9751
6
9950
148
10000
6
6
10000
6
3236
FALSE
6
9938
FALSE
FALSE
6
6
10000
32
6
148
7412
10000
6
1439
7
10000
10000
8722
10000
6
10000
8568
9903
FALSE
FALSE
6
10000
8876
9
3236
6
8722
6
6
6
1885
4497
FALSE
10000
6
FALSE
9492
10000
8876
8876
6
FALSE
148
FALSE
6
9984
8876
148
148
6
148
10000
148
148
10000
6
6
6
9958
8876
10000
10000
6
148
75
9029
9029
6
9029
9029
FALSE
148
6
6
9300
9492
8
148
9
8
FALSE
6
2780
FALSE
10000
2780
10000
2780
6
10000
9515
10000
148
9940
9492
44
2996
10000
4569
9492
FALSE
6
9492
7
10000
6
10000
4569
8
10000
10000
FALSE
2365
7
2365
FALSE
7
6
7
1120
7
10000
9492
8
8928
9746
10000
FALSE
6
148
FALSE
8928
1120
1120
8928
9751
9886
7
10000
9492
6
9492
FALSE
FALSE
7
FALSE
7
7
7
6
9950
9886
1120
FALSE
9746
FALSE
6
1120
7
6
7
1120
FALSE
1120
6
FALSE
7
FALSE
7
9603
8
FALSE
10000
9664
9603
6
7
9664
8
FALSE
9603
9938
2609
5931
10000
5931
6
2609
6
10000
9603
9950
2609
6
9603
6
9903
10000
8
6
10000
9692
6
6
6
FALSE
1120
5316
75
9692
9822
6
6
FALSE
9692
10000
FALSE
10000
10000
10000
10000
1120
FALSE
9886
10000
10000
148
6
9965
FALSE
4398
6
9886
10000
148
75
2230
6
6
6
6709
10000
10000
6
2230
6
5
6
9862
6
5823
FALSE
9692
FALSE
8
6709
6
8
6
2230
75
6
FALSE
8
6
6
6
6709
FALSE
9827
148
6
9886
9735
9735
9938
6
6
6
6
10000
FALSE
FALSE
2158
7
44
148
4230
10000
32
10000
10000
10000
4230
6
FALSE
4230
9886
6
6
FALSE
9940
FALSE
4049
8
FALSE
9
10000
1656
4230
7
9950
9
9950
4230
FALSE
10000
10000
10000
7
8
FALSE
10000
8
10000
7375
10000
4978
10000
1656
6
FALSE
7375
7375
9938
9751
6
1656
1656
6
9692
10000
1656
9692
9692
148
10000
6
6
9692
10000
148
8
FALSE
FALSE
1954
9938
140
1656
FALSE
1954
8862
6
8862
12
FALSE
6
1954
8
9509
1954
12
10000
10000
9509
2480
10000
10000
8862
11
1954
8862
FALSE
FALSE
6
1656
9887
11
9509
10000
1954
10000
1656
9509
6
10000
1954
10000
FALSE
9288
8
9950
1954
10000
FALSE
9938
10000
9735
1954
6
10000
6
6
8
9
32
9886
9735
9
10000
6
4
6737
114
6
148
FALSE
9709
1311
10000
1311
1311
1311
148
114
6
1311
6
10000
1311
9862
9938
10000
6
10000
9903
6
9828
9938
5
6
13
739
44
7784
10
10000
FALSE
4090
309
11
9958
FALSE
3258
FALSE
309
9
9
10000
9
6
10000
10000
6
148
9965
309
FALSE
FALSE
10000
114
FALSE
309
10000
9940
9862
9
6
9
9215
9
6
9215
6
9
4294
FALSE
FALSE
309
FALSE
9
9
75
309
75
9787
10000
9
309
9
10000
FALSE
6
6
10000
4699
10000
309
4357
9
8706
8
10000
4699
10000
309
6
6
44
8706
10000
6
6
FALSE
6
5364
10000
8706
6
6
5364
FALSE
309
309
32
309
6
6
FALSE
9
FALSE
8706
9226
10000
6
309
309
32
FALSE
FALSE
9827
9
FALSE
6
10000
FALSE
8155
309
10000
1313
9940
8706
140
10000
8706
8706
9938
6
1313
10000
9226
8
323
8706
148
8706
8155
9940
8706
3435
10
3435
3435
3435
10000
323
5442
323
9862
6
10
6
6
323
8155
10
10000
9940
323
11
FALSE
10000
5442
10000
FALSE
5442
5442
10000
6
10000
7384
3031
10000
7384
6
10000
FALSE
5442
10000
6
11
5442
323
6
6
FALSE
FALSE
10000
8155
10000
6
10000
1
10
12
6
10
12
FALSE
8155
8706
10000
10000
3031
3031
148
9215
44
14
6
2048
13
13
10000
1074
148
3031
6
8155
148
10000
6
10000
1074
10
10000
1074
2048
14
9958
14
1074
14
6
9828
FALSE
8706
15
6
FALSE
6
10000
2360
10000
1568
6
2394
10000
6
13
10000
2360
2394
2360
6511
8
6
10000
15
15
1568
15
8706
14
FALSE
10000
309
1568
114
1909
2394
1909
6
2394
9175
FALSE
2394
2394
1909
9938
2394
6
10000
9175
FALSE
2394
9242
6
FALSE
2394
2394
FALSE
10000
9
6
FALSE
148
9903
10000
12
9175
2394
1074
10000
11
1074
11
10000
1074
6
309
10000
11
9215
9
9862
9215
FALSE
10000
10000
10000
7658
2807
3783
12
12
3783
6
10000
FALSE
FALSE
44
12
10000
9215
972
972
309
6
3783
9
309
9887
FALSE
140
9
309
309
9
8
FALSE
309
FALSE
9
309
9
9
9
6
FALSE
6
6677
9950
309
6
10000
6677
6677
FALSE
10000
10000
9533
1444
10
10000
6677
9958
FALSE
9938
9541
1444
10000
10000
FALSE
6
12
FALSE
6677
12
7272
FALSE
366
14
9940
6
FALSE
FALSE
7272
10000
1444
9886
12
13
6
9887
FALSE
6
FALSE
FALSE
1444
1444
10000
1444
309
10000
9751
6
FALSE
1444
9215
14
9862
6
13
6
1444
6
14
12
1385
9958
6
366
1444
10000
FALSE
9299
12
FALSE
9299
9940
1444
10000
1444
10000
10000
12
10000
6
148
6
9242
6
12
10000
12
6
12
9299
FALSE
10000
FALSE
309
634
FALSE
5358
9822
10
309
634
FALSE
10000
4983
10
10
10000
10
114
6982
6
1964
9827
1298
9950
10000
7
10000
9958
13
6427
6427
FALSE
12
10000
44
6427
1964
148
10
6
10000
FALSE
6
12
634
6
6982
6
6626
148
11
12
366
12
6
6
13
10000
13
6
1298
634
8438
9958
1298
10000
9299
2744
44
9938
12
9887
10000
10000
1298
11
FALSE
6
11
10000
FALSE
10000
6
10000
9827
44
10000
1298
148
9862
1298
11
6
10000
10000
1298
1298
FALSE
7867
10000
6
FALSE
1298
366
9299
11
FALSE
366
1298
114
9299
FALSE
FALSE
FALSE
1298
9299
11
6
6
6
1298
11
10000
10
10000
11
9828
7
10000
FALSE
366
12
1298
9486
12
6
FALSE
9533
1298
FALSE
7900
7900
1298
10000
FALSE
9984
9533
309
FALSE
FALSE
9533
9533
10000
9828
6
366
TRUE
6
10000
12
FALSE
366
75
6
9541
9938
9787
FALSE
7320
9533
FALSE
366
366
FALSE
9533
6
10000
6
9541
9533
13
12
9533
FALSE
6
FALSE
10000
10000
9533
366
366
366
9533
12
10000
6
9725
44
10000
FALSE
FALSE
9950
366
13
FALSE
FALSE
366
8995
6
9725
1926
366
9844
9533
10000
9938
10000
366
6
6
6
366
366
8995
FALSE
FALSE
13
366
FALSE
6
9725
366
6
6
10000
12
8349
12
44
12
44
10000
10000
FALSE
10000
366
10000
9938
9349
5900
309
7
366
5900
10000
44
9950
9887
5900
5900
75
FALSE
FALSE
FALSE
10000
FALSE
12
FALSE
12
8214
44
12
9827
8349
2199
44
FALSE
366
44
13
44
10000
FALSE
366
8349
2199
114
13
44
FALSE
44
FALSE
8214
FALSE
12
8349
9822
10000
44
FALSE
FALSE
12
366
10000
9938
8830
FALSE
8830
44
8830
148
8830
FALSE
434
44
FALSE
44
FALSE
6671
FALSE
FALSE
434
9984
10000
14
FALSE
4
10000
14
434
10000
14
14
7
14
FALSE
9984
9828
16
10000
10000
9844
10000
9862
434
44
44
140
9984
10000
9533
434
75
14
FALSE
10
10
10
9725
434
10000
9903
15
FALSE
FALSE
9965
FALSE
10000
10000
9541
148
434
10000
10000
9887
9950
8644
10
10000
FALSE
8644
10000
8644
10
434
10
10000
9725
10000
10000
9541
10000
15
FALSE
434
10000
10
10000
434
10000
9887
FALSE
434
9725
FALSE
10
54
434
15
10000
10000
434
10000
9903
10000
10000
114
FALSE
9950
FALSE
10000
10
FALSE
434
10
9541
9541
10
10
FALSE
434
10
10
434
10000
10000
FALSE
9862
10
10000
326
9940
10000
9541
9541
15
15
10000
15
434
9822
15
15
148
FALSE
10
FALSE
FALSE
10000
434
434
270
9822
10
15
434
434
10000
54
10
434
10
10
434
434
9787
434
434
10000
10000
9950
434
9827
9950
9828
294
1083
1083
16
434
10000
9903
16
10
10
326
10
1083
9886
1083
10
9886
10000
10
1709
434
1709
75
10
1709
10
10
434
9886
9733
9733
9940
15
15
75
FALSE
434
10
9862
9938
10
FALSE
10000
FALSE
434
309
FALSE
FALSE
434
9862
10
15
9862
10
434
10
15
10
114
148
9862
434
114
9984
8064
15
10
FALSE
3889
10000
8064
9887
15
3889
9862
10
10
10
10
434
FALSE
8
10
FALSE
10000
309
10
3889
10
326
4334
434
15
434
16
10000
10000
3889
10
16
10
966
10000
16
10
10000
8
10
10
4660
FALSE
140
10
10000
15
FALSE
FALSE
FALSE
2570
FALSE
4660
966
2570
366
15
10000
6961
10000
15
9950
10000
6961
FALSE
10000
16
10000
10000
6130
10000
10000
9027
9027
10000
FALSE
966
15
10
9027
10
FALSE
966
966
9212
10
10000
966
966
966
9965
10000
966
9212
10
10000
9
14
14
966
9027
14
14
13
9212
10
13
10
10
10000
5673
366
366
10000
10000
12
4421
13
FALSE
44
FALSE
4421
4421
148
10000
12
10
312
140
FALSE
661
148
9938
14
10
FALSE
FALSE
10000
10000
661
10
FALSE
2513
9903
15
10000
10
6838
6838
10
10000
140
FALSE
FALSE
10
10000
661
661
661
10000
14
FALSE
6934
1437
10
6934
10
9950
18
3305
6934
FALSE
312
14
114
309
10
6934
10000
10000
3305
9958
10
16
3305
10000
6934
10
3305
9940
FALSE
10
10
18
9942
6838
10
6934
6838
6934
FALSE
17
10000
6934
10
395
FALSE
3305
10
395
FALSE
1809
44
3305
10
9942
14
9950
1809
10
1809
1809
10000
270
FALSE
10000
3305
10
16
10000
16
FALSE
1809
10
10000
10
3305
10
661
1809
9950
10
10000
3305
15
10
10
140
3305
1809
1809
10000
14
661
9027
9950
FALSE
16
FALSE
9027
10000
9212
661
1809
10000
1809
FALSE
1809
10
1809
10
10000
10000
14
1535
9886
FALSE
9114
17
10000
9114
9950
10
9114
10
14
1809
1247
17
9212
14
9114
1535
44
10000
10000
17
1855
312
1855
14
FALSE
FALSE
1855
270
9114
9114
FALSE
10
FALSE
2285
1809
9037
10
338
9114
FALSE
10000
10000
9950
1855
661
10000
294
FALSE
1549
9862
9546
FALSE
FALSE
9212
1549
114
10000
9546
18
FALSE
9887
10000
10
FALSE
16
FALSE
9212
9546
10000
14
312
FALSE
3219
9965
10
3219
10
1855
8125
148
9212
10
FALSE
10
16
FALSE
FALSE
10
10000
9886
19
10000
10
FALSE
10
9546
661
10000
10000
9950
6
10000
10000
10
18
9546
309
9942
9546
18
18
10000
18
18
661
10000
326
10000
14
10000
2005
10000
9958
1535
9862
9546
18
10
FALSE
10000
148
10
10000
9984
FALSE
326
9862
10000
2862
9875
9875
FALSE
17
2005
10000
1855
18
FALSE
10
1855
1549
2443
7660
FALSE
20
10
10000
7660
2862
10000
FALSE
10
309
10000
1855
FALSE
10000
10000
2443
10
10
10000
309
148
366
FALSE
8248
2862
FALSE
10000
2862
10
140
9984
19
10
20
18
1549
15
10
1549
10000
FALSE
2862
10000
17
812
10
10000
2862
FALSE
FALSE
17
2862
10
9938
15
10
FALSE
812
7660
FALSE
10000
812
FALSE
309
10000
10
10
10000
10000
FALSE
10000
9862
9862
13
FALSE
13
10000
1855
2022
10
FALSE
2095
9875
10
10000
10000
11
9886
10
17
18
9886
FALSE
3015
14
10
11
FALSE
10
10000
2022
2095
10
2022
14
10
17
FALSE
FALSE
18
3015
10000
FALSE
10000
10000
FALSE
3015
812
2095
677
10
2022
10000
FALSE
366
13
2095
FALSE
9938
6
FALSE
13
9887
FALSE
9887
2095
10000
2095
366
10
366
9886
10
10000
11
366
10
5211
3255
3255
FALSE
10
3255
10000
9938
10
13
FALSE
10
FALSE
10000
10000
366
9984
4667
10000
10000
15
FALSE
1372
1372
10
14
148
FALSE
1295
10
10
1372
6196
FALSE
FALSE
9958
366
FALSE
1372
6196
12
6196
6196
10
6196
6362
12
140
12
338
366
1372
338
FALSE
10
10000
10000
10
6362
6362
6
1372
114
366
140
10
10
FALSE
10
11
9950
10000
FALSE
10000
10000
FALSE
9938
10000
9903
FALSE
10000
2370
9938
9958
366
9942
6
12
44
10000
12
FALSE
12
10
9950
8809
9940
326
9938
140
2793
10000
2793
114
10000
10
FALSE
140
FALSE
8809
FALSE
366
10
10000
11
10
10000
8809
FALSE
10000
FALSE
366
2821
44
10000
148
10
326
9938
1648
366
10000
114
FALSE
10
10000
8809
148
9938
FALSE
312
10000
9938
11
FALSE
1648
10
1648
FALSE
6291
10
10000
6291
1648
FALSE
1648
1648
FALSE
FALSE
1648
10
9950
10
1648
10
10
FALSE
10000
10
10
8809
10
2302
11
11
8809
10
10
10000
6291
309
14
2302
2302
12
2302
10000
12
11
8809
9938
8809
166
12
148
2302
10000
10000
12
2302
8809
11
2302
FALSE
FALSE
11
FALSE
10000
10
9938
166
338
FALSE
10
11
FALSE
11
326
FALSE
11
11
10000
10
3595
309
10000
10000
338
10
7718
366
148
10000
FALSE
366
FALSE
4567
10
10
7718
166
10
366
10
7718
366
10
10000
9950
366
10
366
366
10
FALSE
366
366
10
10
10000
10
9938
44
9
FALSE
FALSE
10
FALSE
10000
166
366
10000
140
FALSE
FALSE
FALSE
9938
FALSE
10
10000
10000
10000
9
10
10000
7014
10
366
9
10000
10000
366
10000
7718
7718
1297
FALSE
10
FALSE
10000
166
FALSE
11
10000
9938
10
10
366
10000
1297
10000
FALSE
FALSE
8634
FALSE
FALSE
9950
11
FALSE
8634
110
9958
9942
FALSE
10
1297
8634
FALSE
FALSE
148
1297
FALSE
6020
8076
1297
148
10000
3297
10000
6020
8634
10000
326
1955
8076
10000
9958
10
10
366
10
366
10
10000
FALSE
FALSE
10000
FALSE
10
10000
362
10000
10000
366
366
10
9950
10
10000
366
9950
10000
366
10000
FALSE
10
602
FALSE
602
11
FALSE
10000
10
3555
10000
10
10
FALSE
8634
3555
602
9157
338
10000
10000
602
10000
10000
10000
2719
10
602
8613
FALSE
FALSE
FALSE
10000
602
602
8478
FALSE
10
2728
602
602
2728
2728
8478
FALSE
10
12
6675
FALSE
10
148
10
140
8613
11
10000
8478
FALSE
8478
12
9942
11
FALSE
11
10000
10000
166
776
10
10000
362
FALSE
FALSE
366
FALSE
10
3672
10
9
366
9
FALSE
4
366
9
9
8478
3929
10000
9
148
10
8478
10
10000
3929
FALSE
3929
FALSE
4603
366
10
366
8478
FALSE
8478
9984
2947
9466
366
9950
4603
9938
10
9950
10
2947
1056
366
FALSE
3929
366
1056
FALSE
10
10
FALSE
9
10000
2286
9
10000
366
8
10
166
9942
4603
10000
10
6171
366
FALSE
7997
1325
10000
9965
FALSE
10
1325
12
9950
10000
9
9965
13
2
10
9938
1023
10000
10
3250
9466
10000
166
10000
7997
FALSE
1555
10
13
FALSE
14
10
10
10000
FALSE
10
10000
6171
6171
FALSE
FALSE
10
3520
10000
2863
6171
10
11
366
8478
5915
FALSE
1555
10
10000
10
10
366
10000
FALSE
2863
10
3520
1555
9
148
5066
9
FALSE
9940
366
6243
9
9942
6243
10000
366
10
10
366
366
8478
10000
9
8478
366
366
8099
10
10
10000
10
FALSE
366
8099
338
FALSE
9
FALSE
10
8099
8099
FALSE
8
8099
FALSE
10
10000
8
366
8
FALSE
366
10
9950
366
5
10000
10000
10
8478
10000
10000
10000
7
9938
10
8641
10000
FALSE
7
FALSE
9157
FALSE
FALSE
148
10000
10000
366
10000
10
10000
FALSE
8607
7
FALSE
10
9375
9950
10
10000
10
10
8641
366
10000
7
10000
148
10000
7
8641
10
10000
8641
7
8641
7
FALSE
1171
FALSE
9
10000
10
1230
FALSE
9157
7
10
10000
8641
7
10
4
FALSE
10
366
10
FALSE
10
10000
FALSE
6
9157
366
10
103
1253
9938
10000
10000
10000
9375
10
6
8830
7
FALSE
10000
8830
10
10
4387
10000
10
FALSE
366
103
1253
FALSE
10000
FALSE
7
10
10000
1253
10000
4097
366
9965
6
FALSE
5
FALSE
FALSE
366
7765
10000
10
7765
10
10
5
10
7765
10
366
9984
10000
103
9950
9950
FALSE
366
FALSE
FALSE
366
5
10
FALSE
6
10000
10
FALSE
10000
10
FALSE
5
10000
366
9441
7765
10
5
10
10
6
10000
10000
FALSE
366
10000
6
10
10000
10
2557
10
10
10
8046
9375
6
10
9466
10000
366
10
366
366
8528
6
6425
10
10
366
366
2412
FALSE
3064
3064
3064
3064
2412
10000
5
9965
10
FALSE
FALSE
10
2412
4967
FALSE
4967
9950
10000
7
9466
4899
10
3938
9375
2412
5
4899
4899
4899
10
4967
366
FALSE
10
2412
10
4
9441
4967
10000
10
5007
FALSE
10
FALSE
4967
10000
4899
FALSE
366
10
10
5007
4
4967
FALSE
4967
8528
10
8528
366
10
5007
7544
10
3
366
366
10000
7657
5323
10000
4
10000
FALSE
6125
FALSE
FALSE
FALSE
FALSE
6425
10000
10
10
366
10000
10
FALSE
6847
366
FALSE
366
9984
4
10000
7544
10
366
5
366
366
10
366
8528
3434
10000
5
10000
3434
4746
7544
6
FALSE
366
3434
FALSE
3
FALSE
4746
4
7544
3
10000
FALSE
FALSE
36
707
2637
10
2637
2637
9938
10
10000
10000
2637
FALSE
7
7
7643
10
2637
10
4
10
707
10
5
FALSE
FALSE
10000
10000
FALSE
10000
74
9950
FALSE
FALSE
7
10
10
10
10
7
1555
10
10
10
9466
10
8046
10
FALSE
FALSE
10
10
10
9958
8046
7657
10000
9942
9887
5
FALSE
8046
FALSE
10
4
8046
8046
FALSE
10
FALSE
8
3484
2541
10
10
FALSE
8
10000
10
10
10000
8046
2541
8046
FALSE
10000
9441
36
4
2156
4
8046
10
3484
FALSE
10
10
4822
6
10000
10
6667
4
9942
9938
10000
3484
6
3484
10000
6667
10
4822
2156
6667
5
5
5
6667
3
FALSE
36
10
5
2156
2156
4
10
10
10000
10
36
9940
10000
10
10000
10
10
10
FALSE
6777
10
4
3
FALSE
4
523
4
4
523
10000
4
10
4
6777
523
6777
5
9258
6777
FALSE
6
FALSE
565
10
6
6
6
6777
6667
7424
9258
565
10000
10
10000
10
7424
3
10000
5
9965
5
8528
FALSE
8528
10000
10000
10000
565
8528
FALSE
FALSE
10000
FALSE
10000
10000
10
FALSE
FALSE
8659
2389
565
9950
FALSE
565
FALSE
9965
5
10000
FALSE
2389
FALSE
565
10000
36
FALSE
9942
10
3603
2389
5
5
4
10000
FALSE
5
5
10
2389
10000
10
10
5
10000
5767
5767
10000
9251
FALSE
9258
5
10
9251
10
10
9733
4392
10000
36
10000
9950
9251
10
10
10000
10000
9258
5
10000
9733
938
10000
10
8
2389
9466
10
FALSE
6866
FALSE
5
9251
10000
FALSE
6866
FALSE
6866
FALSE
5
10
6866
10000
9958
2389
6866
6330
10000
5
938
938
9940
FALSE
36
2599
10000
10000
9940
10000
5
6082
5694
1269
10000
5
3
565
1269
5694
10000
FALSE
565
565
10
5037
10
1269
2692
2692
FALSE
4
2692
10
9950
FALSE
5
10000
5
1269
2692
5565
10000
10000
4
10000
6330
1269
FALSE
7852
6330
FALSE
FALSE
10000
9958
6082
4584
3
10000
10
FALSE
36
4025
4025
2393
36
36
10000
10
FALSE
4
10
FALSE
10000
620
10
FALSE
620
4584
FALSE
3
6330
6330
6866
6866
FALSE
6866
4
4
10000
FALSE
4
FALSE
FALSE
9887
4
4
36
10000
10000
10
10000
4192
10000
4
9258
6932
FALSE
4192
6932
620
FALSE
5
10
9441
811
811
10
5
5
10
FALSE
10000
6932
10
36
7852
7852
10000
2093
9942
36
7313
FALSE
FALSE
FALSE
10
36
10
7313
2093
FALSE
FALSE
FALSE
36
10000
1495
8326
36
10000
10000
36
1495
1495
9251
1495
5
10000
3
FALSE
10000
9251
9251
9950
9258
10000
811
10000
811
6
6
10000
499
10000
FALSE
9375
499
499
499
5
5
499
10
499
10000
10000
5
499
499
499
4
9298
2
5385
FALSE
9298
9298
9298
9466
10000
4072
10
10
4072
1817
4072
6
9298
4072
499
1817
10000
10
FALSE
10000
8302
1817
1817
9298
5
1817
3448
9298
7736
7736
1817
7736
FALSE
7809
7
9958
10
8
2
4374
10
10
9818
10000
10000
FALSE
4374
1282
FALSE
4
10
9811
3
4374
10
7
9466
292
10000
4374
10
7
5
9950
1282
292
9298
7736
1282
FALSE
10
1282
2291
7809
10
10
10000
2
9922
2
10
FALSE
4
10000
FALSE
4
2291
10
5
9934
FALSE
8302
FALSE
1282
FALSE
10000
10
10000
2
10000
2
FALSE
8178
2
2
FALSE
8178
9942
8302
9958
8302
10
8417
10
FALSE
9298
10
593
10000
593
8172
10000
10
FALSE
FALSE
10
FALSE
3
FALSE
10
2
2
10000
2
FALSE
2
5221
10000
10
1091
2
9733
FALSE
5397
3
5397
10000
10
2
10
9466
FALSE
10000
4948
9253
4
10
10000
10
9253
10
4
2423
9253
2423
4
3
2423
10
10000
2423
4
2
4
2
2423
10000
10
9253
2
10
10
10
9940
FALSE
4948
10000
10
5998
10000
10000
10
3
10000
9950
FALSE
3
6567
10000
5998
1764
1764
10000
2
FALSE
10000
2
10000
10000
3
4
1764
10
5219
FALSE
10000
5998
FALSE
10
9938
10
214
FALSE
FALSE
1764
10
10
3
FALSE
10
5998
3672
5219
3
10000
10
9920
5219
2
FALSE
10000
10000
5219
10000
10
9950
5927
10
10000
10
5219
FALSE
FALSE
9938
10
10
10
10
5219
2
10
10
10000
10
10000
5998
9253
FALSE
FALSE
10
1785
4
1785
1785
4
FALSE
856
4
10
3
10
2
10
10000
4098
1787
3
1787
9984
10000
10000
FALSE
9958
2
FALSE
FALSE
2
FALSE
2
10
10000
FALSE
10000
10000
9818
2
FALSE
10000
2
9466
10
FALSE
10000
10
10
FALSE
10000
4346
2
10
10000
10000
10000
10
10
10000
FALSE
FALSE
FALSE
3440
3
10000
3440
9647
10
10000
9733
10
627
10000
627
10
10
10
3
627
9733
627
9647
9647
10
9887
627
3
627
9647
10000
10
9647
3
9647
3
10
10000
3
10
10000
10
3
10000
9647
9647
9887
10
10
9942
3
FALSE
9984
578
10
10
10
4
4
10000
578
9818
FALSE
578
9965
FALSE
578
578
578
4
10000
9920
10000
3
9942
10
4
10000
578
4
578
4
10
FALSE
10000
26
578
26
3
9938
FALSE
10000
FALSE
10
FALSE
5
578
9958
6
578
FALSE
FALSE
1862
5
FALSE
5
5
10
1862
428
4
5612
9938
2216
2216
10
9920
FALSE
428
9920
9887
6
26
FALSE
10000
10000
7
10
FALSE
9942
9940
9920
10
9922
9922
428
26
10
2296
10
9
FALSE
10000
2296
428
10
2296
2296
6
9920
9984
10000
7
9938
9939
7
10000
9920
9920
10
9940
2256
9
10000
9
10
2296
7
2296
9
26
9
9
9
FALSE
2296
9985
9950
FALSE
10000
729
10000
10000
10000
9927
10000
2296
10
10000
FALSE
10000
10
9934
11
FALSE
10
FALSE
FALSE
10
10
FALSE
8697
10000
183
10000
10
3123
FALSE
10000
9934
10000
10
10000
FALSE
10
2296
9927
3321
1853
9927
10000
7
10
9950
10
10
9817
8
428
9817
12
9950
3321
FALSE
2296
9
10000
10
428
9938
9817
10000
428
9817
FALSE
2296
FALSE
12
9508
9940
2296
FALSE
10000
5933
9950
FALSE
FALSE
11
428
10000
9942
10
9508
10
4306
4306
183
10000
10000
26
10
FALSE
FALSE
FALSE
FALSE
5933
10
4306
10000
FALSE
4
10
10
10
183
10000
5933
5933
FALSE
FALSE
4306
10000
10000
10
10
2256
2296
9942
10000
5
183
9985
10000
1537
9817
10000
10000
2296
10
10
5
10
8
2056
10000
10
FALSE
5075
10
FALSE
10000
