1661
641
641
9439
4054
9439
9120
641
641
FALSE
FALSE
1
7500
9439
5925
3443
3443
3443
641
625
9152
1
641
5
3443
9439
3443
FALSE
3443
1
FALSE
3443
FALSE
9009
625
9439
FALSE
9439
FALSE
3967
9439
641
641
625
4054
3839
9439
2327
2327
625
625
9009
625
1
9770
4
FALSE
8484
FALSE
4
741
9770
5906
625
5964
625
5964
9770
4
9120
9770
9770
625
641
741
FALSE
4
7500
FALSE
9770
3
6617
6270
625
6270
1
FALSE
9215
FALSE
6097
6097
5934
9439
7785
625
FALSE
9120
9770
625
FALSE
FALSE
9152
6097
FALSE
9770
9770
6097
9770
1623
4
FALSE
625
FALSE
6097
FALSE
FALSE
FALSE
FALSE
1623
9439
1623
6097
1623
9770
3
641
FALSE
FALSE
FALSE
625
9770
9770
3
9770
FALSE
625
625
6097
6097
641
641
6097
625
3
625
641
625
FALSE
625
6520
9770
6617
2
641
641
641
FALSE
7543
9770
641
8484
9215
3
1
7500
6866
6617
8673
FALSE
6520
9770
2
4132
641
4132
9770
FALSE
641
1487
FALSE
9770
7543
4132
641
9770
641
641
8887
641
641
641
FALSE
3
2
FALSE
7500
641
4
4
FALSE
1845
3446
1845
9770
FALSE
FALSE
FALSE
641
3446
9770
FALSE
3446
5
9770
1845
3446
641
9770
6866
2
9770
641
9770
9770
6
641
641
5
9770
9742
6866
FALSE
5
8484
1845
641
FALSE
9742
4
1845
1640
1734
FALSE
1734
1734
4
1640
7148
1640
1640
4
1640
9770
9742
FALSE
9439
7543
1640
9770
7148
9770
7799
3
1
4
1734
FALSE
1734
2776
1
7500
1845
7148
FALSE
598
1845
598
9770
9770
598
5
598
5604
5604
598
1845
5
9770
598
1845
9770
5425
1845
1845
9770
598
9215
1845
1845
1734
9363
5587
5587
1734
3
9439
1734
1734
8264
1845
1845
1734
3
2
9770
9152
FALSE
9439
FALSE
1845
3
1
1845
9770
FALSE
1911
1845
1845
7558
1845
1911
3
9770
1845
FALSE
9770
1911
8484
1911
FALSE
2
9326
FALSE
5716
FALSE
5716
1
2
8887
FALSE
2
213
FALSE
3
9770
FALSE
1911
FALSE
213
9770
9770
2
7133
9363
7133
FALSE
9742
213
FALSE
2
7133
9770
213
FALSE
213
5716
5716
5716
9770
2
213
5716
2
9770
9215
FALSE
FALSE
9152
FALSE
FALSE
9770
7543
9009
213
9742
9009
7714
FALSE
9770
FALSE
9009
9770
2
3213
FALSE
9770
2
2
5509
2
9439
213
7785
7714
3213
9770
8164
9770
213
9015
FALSE
213
9770
213
9770
2
2
FALSE
7785
9215
9770
213
9009
213
9770
8164
2
213
2
9770
213
9770
9363
213
8113
2
213
8129
8129
8129
213
8129
9770
2
9770
213
213
2
9120
9770
213
213
2
8129
FALSE
6453
8129
213
3
8164
FALSE
213
213
8164
8164
8264
1168
8164
213
213
3
FALSE
213
3
FALSE
1168
8673
8484
213
2061
8264
213
4
213
FALSE
8887
9439
FALSE
FALSE
FALSE
FALSE
FALSE
FALSE
3
8473
FALSE
213
525
2
1168
8264
9847
9847
FALSE
213
213
8264
5
2719
9847
2719
9363
1550
1831
9326
FALSE
9326
213
3
213
2719
FALSE
9847
FALSE
8484
FALSE
213
6
525
9847
9847
FALSE
3
FALSE
FALSE
FALSE
6
213
8484
213
7106
1550
1550
9215
1
9847
8484
9439
213
FALSE
FALSE
213
213
5
9439
6795
9726
9847
2874
8297
9326
9847
2874
8297
4
8484
FALSE
9009
213
6795
6
9847
1
FALSE
9847
FALSE
9847
7
9847
FALSE
213
6
9649
525
1168
3
2234
213
213
6
9847
9363
213
3336
FALSE
213
FALSE
2874
5850
9847
9847
525
FALSE
6293
9847
FALSE
213
9326
525
7
2
3
213
525
3
9847
3336
7262
9847
213
8673
2
4
FALSE
9847
3336
2098
1
2874
9649
7
525
7262
9935
213
4
213
3336
FALSE
3166
3166
2
3166
213
8297
9935
9152
213
FALSE
3
8484
FALSE
3
FALSE
213
9935
9935
9935
213
9935
9935
FALSE
6656
9935
FALSE
3
3530
213
525
FALSE
3
1
3
9009
213
FALSE
9649
FALSE
525
8569
8673
525
525
FALSE
213
4
FALSE
2889
FALSE
FALSE
525
9935
9935
9152
9935
213
FALSE
9649
9935
9935
2973
213
213
9015
5
2889
213
2095
9935
FALSE
9215
FALSE
213
3
FALSE
2095
9935
213
FALSE
3
213
9215
2973
4330
213
9215
9009
9009
4
4330
6
2095
FALSE
9935
42
2973
2889
9015
9215
213
9935
4
42
2973
3
2889
213
9326
2973
2643
42
FALSE
213
2973
914
2973
FALSE
9015
213
9935
42
2973
42
2889
2889
42
1943
9015
9726
1943
1943
2235
4138
8362
42
9215
213
9439
FALSE
5
42
2889
2235
8
5
10
FALSE
FALSE
FALSE
42
2235
FALSE
914
42
7
914
10
4138
914
42
9935
9847
4541
FALSE
9935
10
7
42
224
FALSE
2889
224
4541
42
224
42
13
9935
914
42
42
1978
213
2973
5
FALSE
42
9935
5
9935
FALSE
FALSE
FALSE
42
FALSE
9935
3267
4
9935
9935
9770
9935
3267
9935
1978
42
9935
2414
9935
10
2
8362
224
8362
914
9935
9935
9326
2973
FALSE
FALSE
FALSE
5
9935
42
9935
42
42
9363
6
9326
9847
FALSE
9935
1167
9935
9363
213
5
FALSE
FALSE
9120
8362
224
FALSE
213
FALSE
9015
4
9120
9742
224
FALSE
9989
4
1250
FALSE
FALSE
9989
224
FALSE
8718
9989
224
5
4739
9989
4739
9326
4739
FALSE
9015
5
224
2973
9989
9989
9770
4
4
9989
1250
FALSE
159
9363
3
159
9439
9095
FALSE
1250
159
7080
5899
6
9989
1882
7
3
1250
1882
FALSE
159
159
FALSE
1757
6
FALSE
FALSE
9989
FALSE
159
9989
1250
8683
FALSE
159
9439
7080
FALSE
FALSE
2603
2603
2603
1757
224
6
2
2
FALSE
9989
9935
1
1882
FALSE
9152
FALSE
1882
6
6
9989
1882
9989
224
224
FALSE
FALSE
9989
8812
1757
9989
9989
1882
9989
FALSE
224
FALSE
FALSE
7216
8812
224
7880
9989
650
224
9363
8683
9989
8812
4
224
3
4
8812
8812
FALSE
8683
9095
224
7886
9015
5
5
9989
650
3332
224
FALSE
1199
7
8812
FALSE
1882
2
8812
1199
FALSE
8683
4
FALSE
224
3332
3011
3011
6
224
FALSE
9989
3332
3332
3332
224
9989
4257
4
FALSE
3332
FALSE
224
9505
FALSE
8908
9770
9989
224
4257
224
9152
9989
3
224
FALSE
FALSE
9989
4257
3332
5
9726
9989
3
9043
9989
9326
4257
5229
224
9310
9935
5229
9120
4257
4
FALSE
4257
224
FALSE
2
224
224
1
2
224
224
9726
FALSE
FALSE
9152
FALSE
FALSE
FALSE
5853
9989
2
9015
224
9120
9120
224
224
9215
9742
224
2
224
9770
224
5943
5943
224
224
9152
5943
FALSE
FALSE
224
224
FALSE
FALSE
224
2
7215
9326
2
9505
224
7122
FALSE
9770
4518
1203
9935
9989
106
FALSE
106
106
FALSE
9120
FALSE
9989
8095
224
9326
9120
106
2
9726
FALSE
9989
FALSE
9935
9989
224
9935
3
9152
9152
9152
9989
9935
4
9363
4
3259
4
FALSE
9742
FALSE
224
FALSE
9989
3219
3
106
9989
9989
3219
224
7
224
106
106
9215
3
3
9363
9989
9742
9989
4
6
3259
106
9215
9215
FALSE
FALSE
106
106
9439
9152
9989
FALSE
106
FALSE
FALSE
3259
FALSE
106
3259
9215
4
FALSE
9726
6
9310
9989
106
3259
FALSE
3259
9989
FALSE
9310
106
9989
FALSE
9310
5
9310
1303
1303
106
9726
1303
106
9310
106
9215
9726
3
FALSE
FALSE
1019
106
FALSE
FALSE
1665
1665
9935
9989
9989
224
1665
7
9310
9989
FALSE
106
6689
FALSE
3956
7
106
9989
5
7548
1665
FALSE
7548
FALSE
9989
6720
9989
224
FALSE
1665
9989
9649
7548
1665
7548
FALSE
9989
9989
932
106
1665
6
8403
9742
9742
9989
4
FALSE
9989
FALSE
FALSE
9989
1019
FALSE
1019
6
FALSE
106
106
8352
9935
9989
3
224
7709
9326
8352
3
FALSE
2
FALSE
106
1937
9989
9549
1937
1303
FALSE
106
9989
FALSE
1937
FALSE
9989
FALSE
FALSE
1937
9439
9505
3
9326
7416
106
224
9326
224
FALSE
8403
9770
224
224
FALSE
3
TRUE
106
FALSE
9989
9935
9989
4
9989
4
4
9989
FALSE
9989
FALSE
106
1843
106
224
106
9989
9726
1843
9439
9770
4
9310
106
9989
1843
1843
4
106
106
FALSE
FALSE
224
FALSE
224
9310
FALSE
7982
9310
224
9989
106
8170
3
8170
9439
8170
106
224
224
224
FALSE
224
224
9310
9989
7838
106
224
FALSE
106
9989
3
7838
3
106
9989
224
9989
9439
4270
9326
224
7838
9989
4270
9549
9989
106
9989
4270
FALSE
FALSE
FALSE
106
106
106
106
9421
4978
9989
9989
FALSE
FALSE
6
4
224
5
106
4270
FALSE
734
9989
106
4270
6975
106
FALSE
FALSE
5
3
734
734
9989
5
5
5
9989
9989
FALSE
106
6
1344
1344
9989
5
9989
792
FALSE
9989
7838
7315
9989
4
106
7838
9989
FALSE
106
9505
9989
4719
FALSE
9505
2151
2151
3
5
7752
106
FALSE
106
9549
3
7752
9989
FALSE
106
3
9989
3
3
FALSE
8049
9770
224
8049
FALSE
224
106
3
9726
9989
106
224
9989
106
9742
224
3
106
2319
FALSE
224
9770
4413
224
106
8429
9770
FALSE
9989
9847
FALSE
8429
8429
FALSE
9326
224
4558
9989
4558
9989
3
4558
106
3
9989
9989
8429
5499
106
6182
6182
224
2
9989
FALSE
8194
9989
224
FALSE
224
2
224
224
224
2
9989
224
224
224
9847
8429
224
390
FALSE
2
FALSE
3
9310
9310
224
9989
FALSE
9439
635
FALSE
635
FALSE
9989
9310
FALSE
9310
FALSE
FALSE
4
4
9770
635
635
635
635
9505
4
9989
9989
9847
9549
390
2139
1
635
9989
FALSE
FALSE
2139
390
3
FALSE
635
390
9310
390
390
390
635
9819
6451
6451
390
6196
3
9310
3
3
6332
6332
6451
3
7381
FALSE
390
7381
635
635
9989
9942
390
635
390
6987
9421
6451
FALSE
6451
1
9989
9989
FALSE
3
9726
390
390
9989
6987
390
9363
9649
9989
390
3
9989
7381
390
9439
3084
7381
390
9989
FALSE
635
FALSE
3084
4
9465
3084
9465
390
9989
390
635
FALSE
390
6987
FALSE
FALSE
FALSE
390
3
7968
7968
7968
9421
9989
3
635
9989
9505
635
FALSE
635
3
3
390
635
9942
390
7968
7968
635
635
390
7381
9989
2
7968
635
635
2
FALSE
861
9989
FALSE
FALSE
861
9847
FALSE
FALSE
9989
8262
1
1
FALSE
FALSE
8264
9989
1
9989
1
FALSE
8421
FALSE
9847
8912
4638
9989
826
2
826
8367
9989
826
826
FALSE
1
8658
2
9989
2
8912
5641
8731
5641
FALSE
FALSE
8040
8367
5641
5641
9363
5641
FALSE
FALSE
5641
4833
5641
9989
9935
1
9726
FALSE
FALSE
8040
1
9989
9439
FALSE
2060
2060
9989
8658
FALSE
FALSE
FALSE
9989
2060
1
8731
FALSE
8731
2060
9465
8731
2060
2
9819
8658
2060
9989
2060
FALSE
2060
9989
FALSE
9726
9989
8731
9819
2060
2060
9989
FALSE
9465
FALSE
9310
7790
9439
2
9935
4147
4147
4147
7790
4147
4147
1
1
9326
8731
9989
4147
9770
9989
FALSE
487
FALSE
487
487
1
487
9989
9421
9942
9989
FALSE
9989
487
487
9770
487
8414
9935
FALSE
9989
2
487
487
487
9989
8414
487
487
9465
487
9989
487
FALSE
487
2
487
9326
487
FALSE
8414
487
2
9989
8414
9989
487
487
9989
9770
FALSE
9186
9186
8414
9989
487
8414
117
FALSE
4
9770
FALSE
2401
487
9439
117
117
4
9989
9989
487
9989
487
1769
117
117
117
1769
FALSE
9989
1769
FALSE
FALSE
FALSE
5945
FALSE
5945
1769
1769
487
487
9847
9989
1769
9186
9465
5945
9989
117
9989
5
5945
FALSE
7604
1769
4859
9989
6
5945
117
487
FALSE
5
FALSE
2553
487
5
9439
9421
9989
9989
9989
1769
2
FALSE
117
9186
6
117
9310
9186
1769
117
4
3
FALSE
9726
4
6
9989
9989
FALSE
9989
9989
3
117
1131
3
9989
4
9310
FALSE
FALSE
9551
9935
9989
3393
9989
117
3
4
9649
5
FALSE
3
4
5355
FALSE
117
9989
117
9989
9742
9989
4
117
117
9989
FALSE
9989
9989
FALSE
9770
9363
117
9349
4
FALSE
9989
2
9847
FALSE
117
117
9349
3
9989
9167
9167
9847
1366
8
9989
FALSE
9989
8
9167
9349
9989
FALSE
9349
9349
6
5
9935
9770
8
7
8
FALSE
8
FALSE
9421
FALSE
4
FALSE
7
FALSE
248
9551
6
5
6
9935
9421
8
FALSE
9551
9421
2025
5
117
9989
FALSE
8
9989
6
9989
248
3528
1379
9989
3528
3528
8
9989
3528
3528
9935
3099
9989
3099
9989
9439
9989
6
3528
FALSE
9819
9506
8
1379
8
248
9465
FALSE
1379
1101
9421
9421
6
9989
3528
1379
8
1379
9989
9989
248
FALSE
9989
2
9989
4
9770
8
9439
248
8
9989
9989
9465
248
248
9465
FALSE
9989
FALSE
9989
4
FALSE
9505
248
9505
248
9505
8
8
4
9505
FALSE
5
248
9465
248
9989
9505
8
9770
248
6
FALSE
9989
9989
FALSE
8
8
9989
9989
9942
8
8
8
5
6
9819
6529
FALSE
9935
FALSE
9989
5
5
9770
9989
9465
9935
5
248
5
5
FALSE
FALSE
9819
9505
329
5
FALSE
8
9989
9819
329
329
8
9989
9989
9551
2622
4
FALSE
9802
8
7512
9549
FALSE
6
FALSE
5
9989
7512
5
FALSE
248
329
5
6
8
2622
9062
5
8
6536
FALSE
FALSE
9551
2622
9819
8
7910
6
8
9989
9770
6
9989
3
5
329
FALSE
329
329
7910
FALSE
9989
FALSE
9819
FALSE
7910
686
686
4
9989
7
9989
9989
3
FALSE
9551
FALSE
FALSE
9549
9770
9989
1969
1969
9551
329
5
686
9551
8
1969
9551
9551
FALSE
9
9989
9989
FALSE
7
9742
FALSE
9989
FALSE
9989
FALSE
9989
8
9551
9802
FALSE
FALSE
9551
9942
164
FALSE
9942
9649
8
FALSE
9989
8
9551
1969
9649
9989
9989
9942
4
FALSE
9551
9989
FALSE
8
9649
FALSE
7
5
2795
8
6803
9989
8
8943
9989
FALSE
8
329
9649
9989
9952
1969
9726
9989
117
FALSE
117
9989
FALSE
117
3
248
FALSE
1828
7
1828
9935
843
117
3094
9989
3068
9649
9649
9989
117
1969
117
FALSE
9952
9989
9989
FALSE
117
117
9989
9989
FALSE
9989
FALSE
3897
3094
454
9770
FALSE
843
FALSE
13
878
14
9989
FALSE
FALSE
164
164
164
164
164
9819
9726
13
14
FALSE
FALSE
1969
FALSE
1969
9770
8308
164
164
9989
3897
164
FALSE
5
878
9726
FALSE
454
9742
9989
11
FALSE
1969
4
164
164
1402
FALSE
248
164
1933
11
FALSE
164
11
FALSE
454
9770
10
11
164
164
1933
FALSE
11
9989
5
10
1402
9770
164
9742
9726
9742
FALSE
9989
329
9989
8
9742
1466
11
9742
164
164
990
1242
9952
FALSE
164
164
FALSE
FALSE
9942
1466
FALSE
11
9562
9
FALSE
454
164
164
11
11
9992
9942
9992
FALSE
9935
164
9964
9770
164
878
12
9992
9992
11
9770
9802
FALSE
441
454
1478
248
FALSE
9802
1478
9992
9802
1478
164
10
454
9802
9989
11
454
9952
9992
164
164
343
6
164
990
FALSE
8
248
4577
9992
6734
9935
2769
164
2769
248
FALSE
9992
9847
FALSE
9992
164
454
TRUE
9992
7
164
164
9992
164
10
11
2876
6
164
9992
11
8
2876
9964
164
990
11
248
454
7412
2876
454
7412
10
248
9992
2876
FALSE
878
9952
6843
9952
6843
9992
1478
248
9942
FALSE
7217
1
6843
9989
2876
9992
7
7
454
101
6843
FALSE
11
11
329
FALSE
FALSE
12
9964
462
2710
FALSE
248
FALSE
101
1775
2710
101
7217
4358
11
9992
2710
7412
101
1478
FALSE
FALSE
FALSE
101
FALSE
9992
13
8
11
9992
4358
9992
101
1478
9992
1478
FALSE
575
343
9992
11
248
101
FALSE
248
1478
11
1956
9992
9992
9992
101
9
1956
9992
1775
9992
FALSE
FALSE
101
101
9992
11
1956
FALSE
11
11
248
9802
1022
9802
101
248
101
7
9992
1478
9725
329
1956
462
9819
101
FALSE
2
9992
12
8834
1478
9942
101
9992
1478
9819
9992
FALSE
FALSE
1775
9802
248
FALSE
1478
11
9725
9942
101
9992
13
11
1775
1956
8
9819
9992
15
9819
22
9819
1244
1022
16
1775
22
FALSE
329
FALSE
4
575
9992
329
9952
22
12
14
575
22
9992
22
FALSE
1244
14
FALSE
9992
22
9992
9802
FALSE
1956
12
9992
101
1956
1956
752
1956
22
1963
8
FALSE
18
18
9992
FALSE
FALSE
22
7187
4478
1420
16
1963
22
9992
9819
FALSE
9992
12
503
22
FALSE
15
15
15
329
FALSE
9992
9992
15
3
9
8622
9992
10
9952
1963
8622
9992
FALSE
13
9989
1668
1022
22
9992
9847
1775
9992
9992
9992
1963
15
9992
1963
9992
9935
4
1732
9992
22
1963
5181
9992
1775
9992
9964
15
9992
1420
8
9992
2763
FALSE
8
FALSE
101
2763
6764
2763
FALSE
5845
1775
22
13
322
22
FALSE
8
2763
2763
9952
9992
9992
6001
9989
6
9992
FALSE
329
9992
8145
22
12
9942
9935
101
597
9992
FALSE
6764
7848
FALSE
14
1478
FALSE
9992
22
FALSE
22
329
FALSE
FALSE
2140
22
3
FALSE
8
9992
1478
7848
FALSE
9992
15
2140
FALSE
16
3728
1000
3728
22
2140
6423
9992
1000
9992
15
7848
22
6423
3728
3728
8
1478
3728
22
9992
9992
1963
9992
2483
9992
3728
3311
13
22
22
FALSE
15
22
9992
503
22
503
8145
22
9952
9942
6423
9992
248
12
2483
13
14
9992
22
9992
329
1707
14
FALSE
1707
22
329
9992
FALSE
FALSE
22
9992
597
4669
FALSE
6423
11
5838
11
22
322
2140
FALSE
101
9992
2140
9992
FALSE
9992
9992
10
6
2140
FALSE
2140
22
FALSE
22
10
1156
597
22
9992
597
12
FALSE
322
7107
12
7848
FALSE
FALSE
2636
1156
1156
FALSE
11
2636
12
9935
9992
22
11
22
22
2636
7107
9992
2636
4
8
22
22
9649
6
9992
13
9935
9992
9935
FALSE
841
22
11
9992
1156
FALSE
9992
9
9992
1156
1156
1000
597
7932
9992
22
1156
9992
FALSE
11
8008
9992
8145
9935
9948
FALSE
22
8145
8145
9992
9227
9992
329
1156
9992
10
4489
9992
9952
22
FALSE
9992
9952
8554
8554
11
12
12
322
2383
841
8554
2383
9992
1156
FALSE
9992
9649
13
FALSE
22
FALSE
7461
FALSE
9942
9942
FALSE
1156
2383
11
1156
9964
3840
22
12
9992
7461
1000
9
9935
22
22
9992
1156
7824
FALSE
22
22
2383
9992
3361
7
12
329
2383
3840
10
FALSE
131
9989
9948
FALSE
329
329
1156
14
9992
2383
FALSE
9992
2067
9992
14
3361
1156
FALSE
9992
1156
9992
22
1000
9649
7239
22
7239
1156
7239
12
FALSE
22
329
FALSE
22
FALSE
22
7824
22
7824
14
FALSE
7824
FALSE
1205
22
7824
7824
9992
329
14
9989
22
14
1205
7996
1205
22
FALSE
9992
7996
1205
9989
15
1032
329
FALSE
176
1205
FALSE
FALSE
22
15
9
15
1156
FALSE
9992
22
9992
3310
FALSE
17
19
12
3124
1205
8270
841
1205
3124
3007
3310
9992
9992
22
FALSE
4
1205
22
8724
22
1205
1205
9935
597
FALSE
22
FALSE
FALSE
17
7
9649
9992
22
9935
22
89
3725
22
17
3307
3725
FALSE
9649
20
8292
20
1000
22
1229
18
3310
9935
FALSE
23
22
FALSE
1184
3310
14
3310
3310
841
20
FALSE
9992
1578
1578
1578
597
13
9992
9992
FALSE
12
FALSE
22
1184
FALSE
136
FALSE
20
FALSE
9992
9992
22
22
FALSE
329
841
22
2468
22
1229
FALSE
9948
FALSE
5470
FALSE
22
21
22
9992
9992
9992
9992
1184
FALSE
4590
FALSE
2857
3070
24
9992
9992
5470
618
FALSE
991
9992
FALSE
9989
FALSE
22
FALSE
22
9992
22
21
FALSE
22
9992
24
22
22
23
1000
9992
9992
3070
9
6
2857
9441
9992
1578
22
FALSE
89
22
22
1578
9948
329
21
580
22
597
22
101
9992
176
20
9441
21
22
FALSE
22
22
1578
22
176
22
9992
22
9962
9952
10
FALSE
9992
22
9935
9584
22
131
9992
18
20
618
22
14
1578
9584
376
101
9992
FALSE
597
9992
9992
9962
FALSE
22
618
376
22
22
19
9649
FALSE
1578
9649
20
22
9992
22
841
1032
9992
22
FALSE
329
22
9989
FALSE
22
1578
9584
1578
376
1578
22
1578
1184
19
9992
9992
9992
1578
136
376
9584
FALSE
9596
9596
22
9649
9992
1
9992
9992
FALSE
9992
22
FALSE
9992
1
597
1184
9649
9992
22
19
FALSE
FALSE
FALSE
9
89
9992
1578
9992
22
22
FALSE
9992
22
22
FALSE
9989
FALSE
1578
9992
1578
9596
9992
1229
9992
9992
7405
22
FALSE
FALSE
1578
6
9992
9992
16
1578
1032
9942
16
16
16
1032
9649
9596
9649
9649
9992
FALSE
22
9596
9992
9962
9992
FALSE
14
9992
FALSE
580
FALSE
9992
FALSE
22
10
15
2835
2835
2835
618
FALSE
9992
9685
FALSE
22
9992
1578
22
9992
15
9992
1578
9596
FALSE
FALSE
22
9596
16
10
9992
176
FALSE
7
FALSE
22
22
17
17
9992
18
FALSE
22
6
836
2835
22
17
FALSE
1229
14
FALSE
14
FALSE
9992
1079
1079
9992
9992
597
1578
9992
6291
9989
22
22
1032
22
6151
9992
9992
9992
22
9935
2835
9992
22
9935
FALSE
FALSE
FALSE
9964
9935
22
FALSE
11
22
9
2835
1578
FALSE
9992
136
22
1229
14
FALSE
FALSE
FALSE
2835
FALSE
9992
3548
9992
9992
22
9992
22
1578
22
22
9992
9992
3548
8921
5017
FALSE
618
FALSE
FALSE
22
1229
12
836
9992
22
9992
13
1578
836
618
FALSE
869
4
2835
9992
5273
12
22
13
FALSE
FALSE
9992
1578
FALSE
22
1578
FALSE
9989
22
12
1578
9952
7029
11
22
9948
FALSE
6907
9935
13
FALSE
11
22
9992
1079
6861
9992
6861
22
11
14
6861
15
9992
22
869
12
131
5249
9992
4581
FALSE
836
FALSE
3874
9685
FALSE
8735
4581
3874
131
4581
9948
131
131
13
15
824
1578
11
3601
4581
FALSE
1229
9935
1162
16
131
9992
FALSE
FALSE
2518
1414
9992
FALSE
1984
1984
FALSE
131
1578
11
4145
14
131
3
1414
4145
4145
9992
1474
9992
7029
9414
9992
869
FALSE
9989
9992
FALSE
1474
7922
8731
20
3018
FALSE
9992
2839
9992
4145
15
2839
6471
2839
9992
2839
13
136
48
FALSE
FALSE
9992
1414
9992
18
3018
48
9989
869
48
5327
869
136
9992
5327
9992
19
1578
9992
9992
19
3018
136
5327
2482
3018
9992
48
4
4145
6369
1628
6471
9992
48
48
48
136
48
9992
9992
1414
1229
9992
1628
13
131
48
136
2839
48
6471
13
FALSE
136
9992
9992
2839
3018
9992
2767
1229
17
48
FALSE
7030
9992
FALSE
1229
9992
13
3018
3018
6471
4
693
2068
1229
9992
836
1229
FALSE
2068
9992
669
1229
FALSE
136
6937
48
8066
2839
6907
48
10
1628
3018
836
9992
136
8066
9992
1578
48
3018
13
48
FALSE
1578
48
8731
8921
14
FALSE
48
136
693
48
9992
22
6907
FALSE
1229
22
23
FALSE
FALSE
9
3559
3033
48
2786
5412
FALSE
4
FALSE
3994
23
6907
136
4
2839
FALSE
23
3559
10
7
1162
48
2068
FALSE
48
2068
9992
48
48
3
9650
3
9992
869
9992
48
9992
FALSE
48
9992
13
8731
869
2068
7140
2786
14
2068
9992
FALSE
2068
3559
3
3033
869
8066
FALSE
1162
9992
9992
9992
FALSE
48
2
48
7922
3
9414
18
3033
6746
136
9675
15
FALSE
1162
1495
1626
FALSE
1495
14
48
3033
48
FALSE
48
4883
3033
FALSE
9992
18
9290
3033
9992
3033
2068
9992
9992
18
48
48
48
5
1628
FALSE
48
48
9992
48
48
3033
9992
4883
48
2068
48
4883
17
FALSE
9992
FALSE
48
2068
FALSE
19
48
FALSE
FALSE
4883
6746
14
3033
9992
FALSE
9952
136
2068
7040
4934
9992
1626
9992
3033
7205
3033
11
136
3033
741
136
8066
9992
6317
9992
FALSE
6317
9992
136
136
6317
10
136
9992
7922
136
136
9992
9962
12
136
136
9992
9992
9992
FALSE
1372
136
2068
136
FALSE
FALSE
9992
6746
FALSE
FALSE
136
9992
4
FALSE
9992
11
9992
136
9992
9992
6830
FALSE
1626
1628
136
11
136
136
6830
FALSE
7124
6830
FALSE
1628
1628
1628
9935
FALSE
7205
136
741
6907
1133
FALSE
FALSE
1675
2358
9992
6907
3
FALSE
9992
136
9992
741
9992
741
11
741
9964
FALSE
1229
9992
741
3477
6937
9964
9935
9992
7029
3477
7029
7029
3477
4940
741
9992
FALSE
2
9992
9992
2
1628
741
741
9913
4
6937
741
7
10
7129
7029
10
9992
9948
8543
741
9992
FALSE
9992
741
FALSE
FALSE
FALSE
741
741
FALSE
741
1578
741
741
741
7742
1372
7029
FALSE
9992
1675
1675
11
9948
9992
741
9992
FALSE
1133
1133
1133
7691
10
FALSE
7030
1675
9989
9992
13
354
9992
FALSE
354
9935
354
FALSE
FALSE
1855
9992
7030
1855
13
2
12
1855
7029
1628
FALSE
1855
1495
1855
5599
FALSE
8543
354
9992
7029
12
354
FALSE
8921
1229
9992
4177
8076
7205
354
7029
354
1855
354
7894
1855
1229
7030
7124
1
FALSE
7124
10
9
7030
9992
9
FALSE
10
354
9
9
7691
FALSE
7030
1626
354
FALSE
354
1626
FALSE
9845
8090
9948
1855
9
7205
354
FALSE
9992
FALSE
FALSE
FALSE
FALSE
10
354
9
10
354
354
9
9685
7040
9992
3350
9
9992
3350
354
3350
2
509
1628
1628
354
9
1626
7040
10
FALSE
FALSE
FALSE
1855
354
354
354
9992
1
3350
354
7030
354
354
354
3350
2385
8066
9992
9503
2
FALSE
FALSE
354
9992
9992
354
354
7124
354
9
354
2
1628
2
354
7529
2385
354
9992
FALSE
9948
7124
FALSE
354
354
1628
354
9952
9992
9992
354
8921
354
9992
7124
7129
2
FALSE
354
354
8735
9992
7140
7140
9992
9992
354
1855
354
9992
354
354
FALSE
1660
FALSE
7205
1675
7
FALSE
1855
7205
354
9845
1855
9962
8921
354
7
9992
354
FALSE
1855
354
1855
354
8090
354
9992
FALSE
9171
7380
FALSE
354
7529
FALSE
FALSE
7922
7529
6
1675
FALSE
1
FALSE
354
9992
9992
1855
1675
6
1855
354
6
7691
7529
FALSE
9992
1855
1675
7691
2
7691
354
9685
7691
7691
FALSE
9992
1855
354
1855
8735
7691
9992
FALSE
354
7529
5
7802
7742
8090
9992
7922
7802
FALSE
7529
2742
9992
9650
2742
5360
354
9992
2
2
5360
FALSE
2
354
9992
2
FALSE
1624
4
9992
1624
FALSE
9503
FALSE
2943
2
2943
7529
1
8066
5581
7529
1
FALSE
FALSE
7691
1
7691
9290
9503
3360
3360
3360
3360
2
1
7691
3360
7691
9992
3360
3360
1
3413
FALSE
1721
1721
2
9992
1
8731
FALSE
3910
9962
1
7742
7742
FALSE
2
9503
3910
FALSE
FALSE
9414
FALSE
FALSE
3910
2
3910
7742
1367
1
9992
9992
9992
7742
1367
8972
2
1367
2
1367
9948
FALSE
1367
9992
9845
2
4904
TRUE
3352
9290
FALSE
3
9992
1367
9685
FALSE
160
160
160
9290
4
7802
9992
9992
160
9992
7894
160
8076
9942
FALSE
9935
FALSE
9992
9992
7894
9992
1367
9992
450
3
7411
4
4
8731
8921
1638
1638
1638
450
FALSE
9675
FALSE
450
9845
3733
6145
6
6
6145
6145
9992
1638
6145
450
7411
9935
5361
7411
450
9675
1638
450
9992
9935
9992
9992
FALSE
FALSE
4
9992
1367
FALSE
7894
9992
FALSE
450
9948
FALSE
7922
9992
FALSE
9992
1638
1638
8268
9992
9992
9992
1638
450
9290
9058
450
450
9290
9992
FALSE
7922
2
450
1638
9992
7581
9992
9962
9992
9992
FALSE
5
9992
9989
FALSE
1899
5
9992
5
450
1367
9503
8227
450
450
9952
1
450
1367
FALSE
8972
1638
450
9992
8066
FALSE
450
5
450
9992
1372
9992
8076
450
FALSE
5
8090
5
8227
9992
8090
8090
6548
6
8090
3
6548
450
299
6
9992
450
299
FALSE
8090
2261
8090
3
9992
9989
2
3
FALSE
299
8076
FALSE
2261
299
FALSE
299
FALSE
9992
1638
1638
3874
9897
8227
5649
FALSE
8543
FALSE
9992
5
2950
2950
6
FALSE
4
6523
9992
FALSE
6523
299
6
1638
FALSE
8921
299
6
299
8076
1
2261
FALSE
9992
5
9989
450
9294
450
450
8076
9992
9992
9948
450
450
605
9992
9992
FALSE
FALSE
1
8090
FALSE
8268
9992
9992
8227
9992
FALSE
FALSE
8227
8412
9992
1978
1638
6
FALSE
450
9290
450
8227
8227
450
FALSE
FALSE
5
5
1978
FALSE
9992
519
519
8227
FALSE
519
FALSE
8243
9992
519
FALSE
1753
1978
519
1978
8268
3
6
519
3
6
9992
519
519
1978
519
9992
1753
1753
519
8243
FALSE
5423
9992
9992
1753
7
9294
7
8412
3822
9992
1
6
4691
4691
519
6
6
4691
6
4
1
519
519
9942
5423
6
FALSE
1753
9992
9845
FALSE
519
605
5816
9992
9942
6
519
9992
519
9992
1753
5816
605
519
1638
1753
605
6
519
519
9992
519
519
1753
9992
1753
9992
9992
519
9992
9952
9948
9992
519
605
9294
9992
9948
519
519
605
FALSE
7
519
7422
7422
1173
FALSE
7422
519
3
1221
519
7
9171
519
9992
6660
9992
6660
519
FALSE
1221
9992
1221
519
1753
519
9962
605
6
FALSE
6
519
6
FALSE
9503
519
9992
6660
1753
9992
9414
6660
7422
519
5
9685
5
1753
605
3
5
519
9962
1753
3
5
9992
9992
1753
9992
9992
9992
519
9992
6
1753
FALSE
9355
6
FALSE
8243
FALSE
9992
3
519
8543
9992
519
9992
FALSE
8268
9992
1753
3
9992
2248
6
FALSE
2248
5
2
2248
4
8703
8921
1598
8279
FALSE
2248
1
8243
3
4238
4238
9992
4238
3
FALSE
FALSE
3
7622
9992
FALSE
8545
7622
9992
2248
8543
7622
2248
605
2
8731
3
FALSE
2330
FALSE
605
4
7622
FALSE
9913
2330
9992
3
8243
8921
605
8243
605
2330
9992
9992
FALSE
2330
605
4
4
1
2330
9058
3
2330
9992
2248
9992
3
9992
2330
2330
2330
9952
2330
9992
8243
2330
FALSE
9992
8243
8243
8243
FALSE
3
1927
1927
1927
8521
1927
1927
FALSE
9935
8268
9992
1927
2
2
8243
1927
6602
6602
FALSE
9952
6074
1927
6602
9992
9992
FALSE
9992
1927
1927
9992
9942
9913
3
FALSE
9992
9992
FALSE
FALSE
9414
8972
9992
8279
8545
1
9414
8279
8279
9947
FALSE
9992
8279
8372
8372
8279
8372
8372
9992
8372
FALSE
9992
8412
FALSE
FALSE
8412
9845
8372
1
8412
1
8521
2402
2402
8412
FALSE
8412
2402
FALSE
2402
8521
1
9935
9355
9058
FALSE
647
FALSE
3
3
3
9992
9414
8649
647
9942
9962
FALSE
2402
8731
647
647
FALSE
647
9992
3517
3
8731
8731
647
4
1
9992
8735
3517
3517
1
8735
647
647
2
9913
FALSE
8735
9992
9992
9163
32
32
9992
3
9942
9992
FALSE
FALSE
647
FALSE
3
3
3
9992
8731
9935
8731
9058
647
8683
9992
9992
3
4473
32
32
9935
32
32
6386
32
32
9992
32
2
2
32
9992
9992
9332
FALSE
9685
FALSE
32
9992
4549
4549
2
3
32
6386
2
9992
FALSE
4549
9992
FALSE
9992
32
3
9992
5025
FALSE
2
3
9977
32
9332
8921
32
3
9977
FALSE
2
32
9992
32
9947
9942
9992
FALSE
32
9935
2
5025
9294
9290
2
32
5025
2
5025
9992
32
2864
32
9992
9992
5025
5276
2
9992
32
32
32
2
8683
5276
9675
9992
6384
32
32
9905
6384
6386
32
9685
2
7118
FALSE
6386
32
FALSE
32
9992
2
9992
FALSE
32
9992
9992
3
9986
32
7118
9992
3083
9905
9992
9992
9935
9992
32
FALSE
32
3
3083
FALSE
9992
32
8735
FALSE
8735
8735
9161
32
FALSE
8735
32
FALSE
FALSE
8735
9952
3
32
8735
32
9952
9992
32
FALSE
3
3
9675
8921
9327
FALSE
8735
8735
9685
8735
32
32
2
9992
32
2
FALSE
32
8921
32
8921
8921
9992
FALSE
FALSE
428
9992
FALSE
3
3
32
3
428
9016
32
8972
FALSE
9897
9992
428
9948
FALSE
32
9992
9685
5
9992
4
9992
32
8994
428
4
428
FALSE
32
428
428
9992
9294
428
9992
32
6761
FALSE
5
9992
9058
1538
9058
32
1538
9503
32
231
1538
FALSE
FALSE
9992
FALSE
9992
9989
32
9058
9161
9992
3
32
32
9290
5
32
1538
231
9992
32
FALSE
4
4
4
1538
9129
32
9962
9058
9290
9992
9129
3
9129
9129
4385
FALSE
9058
9058
9992
32
231
32
5
32
32
2366
32
5
9992
9161
9992
3
2366
2366
2366
9992
9161
FALSE
2366
9992
9992
32
9992
9942
32
9992
3181
32
9992
9171
9992
4
2366
9992
870
3816
9992
9992
FALSE
4
5
3
9992
FALSE
32
FALSE
FALSE
2408
32
9171
32
32
9992
FALSE
9992
9992
870
2408
2408
FALSE
9992
6
4
870
9650
FALSE
9992
32
9992
870
2408
9992
FALSE
32
4363
32
6894
870
9992
2408
FALSE
32
3
6894
9171
32
6894
9992
9992
2408
9952
9992
9992
FALSE
8951
FALSE
4
FALSE
4
FALSE
9935
9897
9992
9992
32
9685
6301
32
FALSE
9354
FALSE
32
8717
2408
FALSE
2408
FALSE
32
5
9986
FALSE
9992
32
2408
9992
FALSE
8298
FALSE
32
8298
9992
4
32
4
FALSE
8316
FALSE
8316
2408
9992
32
FALSE
3
FALSE
FALSE
FALSE
8717
8717
4
2408
231
FALSE
3
231
231
231
9992
9992
231
32
9992
231
32
8717
3
9992
32
8717
8717
9986
32
9992
FALSE
1749
231
FALSE
32
32
32
9992
32
1749
32
FALSE
FALSE
231
8951
32
9992
FALSE
FALSE
5
8717
5
8717
32
FALSE
32
1749
9992
9935
FALSE
9992
3252
FALSE
231
6
FALSE
FALSE
9857
32
FALSE
4
9650
8717
8717
9161
32
7
1118
1749
8717
231
9650
1168
231
8951
9964
FALSE
9290
FALSE
6
9992
1749
8717
9992
8717
231
9977
FALSE
FALSE
231
8717
231
1749
FALSE
9992
4
8717
32
4
9992
8951
9332
FALSE
9163
9992
32
9161
4
1749
9163
9161
4
9992
FALSE
231
9161
9845
231
9964
231
9897
9992
8970
1749
3
FALSE
9992
FALSE
2
2
9161
231
231
2
9935
231
8970
9477
FALSE
9161
231
2
231
4
8970
2
9992
767
2467
231
767
231
FALSE
9992
231
9650
231
9905
1972
7
2467
9161
231
7
6
767
8340
9507
1
9992
7
1
231
767
9992
1972
6638
231
231
1749
231
9992
9163
FALSE
7
9477
9962
3
9992
6052
FALSE
9897
231
6052
9992
1749
231
231
FALSE
6052
1972
FALSE
231
9942
3
231
1972
FALSE
9845
1972
231
7
7
767
6
1972
6
9992
6916
1
6916
6
1972
9414
231
9935
231
9992
5
5
231
231
2
4
FALSE
9986
7836
1972
3
3
3
9948
FALSE
8340
866
1580
866
9992
8340
8340
9992
FALSE
9162
866
9992
4
1580
FALSE
9952
1580
1698
8970
FALSE
8970
2
3
FALSE
1698
8797
8797
FALSE
9947
9992
2
1698
FALSE
8970
9992
8970
255
9948
255
FALSE
9992
4
8970
255
255
2
2589
9986
2589
2589
FALSE
255
FALSE
9992
1698
255
8970
789
FALSE
255
255
9161
789
255
255
789
9992
2
9992
3472
9942
3472
1
FALSE
3472
3472
9477
FALSE
9675
3472
FALSE
3472
1
1
6157
6157
9414
9947
8970
FALSE
8970
9162
9162
742
9964
742
742
742
742
742
742
9163
742
FALSE
9163
742
9503
9992
742
9675
9171
3
9414
1792
1792
3
FALSE
9992
742
742
FALSE
9897
9327
9992
2198
FALSE
6124
2
FALSE
9935
742
FALSE
FALSE
1792
9992
5
FALSE
5742
382
2198
9675
2198
2
9513
1792
9992
382
382
2198
6124
2198
382
9414
382
742
5
6124
382
4486
6124
382
382
FALSE
6124
6124
9992
8082
FALSE
9992
2
8082
2
742
742
742
FALSE
9992
2
742
1
FALSE
742
8890
9163
742
2
9163
742
742
742
FALSE
742
FALSE
9992
742
742
FALSE
2
9163
742
742
9294
742
1136
3
1136
FALSE
9992
9290
742
9992
9507
FALSE
9897
3
3
742
1136
9273
1136
2
1136
FALSE
1136
9992
FALSE
FALSE
1136
9992
1552
3
1552
9273
3
3
9294
1136
9992
9294
9992
9992
FALSE
9992
FALSE
9992
1136
FALSE
1136
9992
FALSE
1136
1136
3
FALSE
9354
1136
9992
9992
1136
1136
3
1
3
1136
1552
9942
1136
1552
1552
9992
1136
9294
1136
1136
9942
FALSE
1136
FALSE
FALSE
9992
1552
9290
9992
2
2
6733
6733
1
9327
9992
9992
1
9290
FALSE
FALSE
9857
FALSE
1
1
6350
1
9935
9992
1
6733
8917
6733
FALSE
FALSE
1
8917
1
1
791
9290
791
791
791
6733
791
791
791
791
9948
6733
791
FALSE
791
FALSE
8380
8380
9704
7622
9290
791
791
7622
9992
1724
FALSE
791
1
791
2
2
FALSE
8146
9992
9992
FALSE
6816
791
791
791
2
FALSE
9992
4342
6415
791
791
791
6415
9332
6816
1498
9332
6415
1
1
FALSE
1
6816
9964
1
FALSE
3789
3789
TRUE
FALSE
1
6415
6415
6415
3789
3789
3789
3789
9952
3800
FALSE
1
FALSE
4193
6816
5170
9507
4515
FALSE
9354
9992
9992
1
9992
4515
5170
9294
5170
5170
4515
4515
9992
9992
9897
FALSE
FALSE
9962
1
4515
1
9947
5170
FALSE
9414
9477
5215
1
9962
5170
9992
9992
5215
FALSE
5170
5170
5288
FALSE
9992
9992
5288
5215
5215
5215
1
5215
9992
1956
1956
1
9704
9942
1261
3572
9992
1956
6596
1261
6596
1261
9992
9992
6596
4
1261
4
2
9948
2253
3
1261
FALSE
6816
9354
7103
1296
9989
1296
9992
1296
1296
2
8146
1296
9992
9952
1296
1693
FALSE
9475
1296
1296
1
1693
7918
1693
FALSE
1693
FALSE
9992
1296
FALSE
9992
FALSE
8358
FALSE
1296
1296
9947
9992
1693
FALSE
9992
1
2098
1
9414
9503
9964
9913
8878
9977
9992
2098
2098
1092
2864
7965
FALSE
2098
2098
1
FALSE
9992
3
4
FALSE
2216
6
3
8605
45
4
45
45
45
8605
9445
2216
FALSE
45
9992
5
89
45
89
9992
3
6
FALSE
3
7
4
8605
7
FALSE
9992
9675
8380
45
FALSE
45
1011
FALSE
2216
9992
1011
8605
4
45
1011
9992
FALSE
FALSE
45
2909
45
45
2909
1011
9992
1011
9992
FALSE
9992
8917
FALSE
3
9992
9992
FALSE
9992
2909
FALSE
89
45
FALSE
4
9952
89
45
7
45
5
45
8148
9992
4039
9992
89
9992
FALSE
45
FALSE
2909
9992
45
FALSE
FALSE
45
45
45
9332
9549
9992
3
45
9857
9992
9992
9947
471
9477
471
4
9354
471
8804
45
4
FALSE
9477
FALSE
FALSE
FALSE
471
9992
89
9962
FALSE
9897
9935
9506
45
FALSE
45
471
8917
471
471
4
9992
8917
471
8917
45
45
471
9992
471
8917
45
9276
45
FALSE
471
4
9290
9290
9992
45
4
9354
9992
FALSE
9992
9290
45
7957
9977
45
3189
4
9992
89
FALSE
3
FALSE
9992
9992
9948
45
FALSE
FALSE
FALSE
3
45
45
FALSE
3
89
9814
FALSE
FALSE
5
9992
45
9992
4416
45
2254
89
2254
9992
FALSE
45
FALSE
5
7393
9947
2254
9992
2254
2254
7393
9992
9992
9992
FALSE
9992
45
9935
9532
45
4
FALSE
FALSE
FALSE
89
2254
2254
FALSE
2254
5539
45
2254
2254
45
5
6177
6177
2254
89
3648
89
2254
9685
9513
45
FALSE
FALSE
1427
FALSE
8
4936
FALSE
9992
6177
9992
9532
45
1427
89
9992
FALSE
2254
3
9992
9992
2254
45
FALSE
2254
45
2254
2254
8
1511
9290
8
45
45
89
7657
FALSE
45
7393
7393
FALSE
9392
7393
FALSE
89
7
1427
45
1511
FALSE
9989
1511
45
FALSE
9992
9992
3
9913
9992
9445
45
7393
9992
9992
89
7
9947
9992
1511
FALSE
7393
45
9992
2254
45
3964
1511
5858
45
9912
7
7
45
45
9290
9992
1511
FALSE
9992
9992
FALSE
FALSE
9120
9857
4
45
7948
1427
45
2254
7948
9992
2254
9992
2254
9290
45
45
9355
9992
FALSE
1948
668
FALSE
9992
6
45
9992
45
45
7669
7669
7669
45
1948
9513
FALSE
89
6789
45
9704
7669
FALSE
45
1948
45
FALSE
7669
89
9947
584
FALSE
45
584
7669
FALSE
4
45
45
FALSE
4
7948
584
FALSE
9992
7948
FALSE
9952
584
FALSE
9549
7948
7669
FALSE
7669
45
3684
9912
1010
FALSE
FALSE
5721
FALSE
4
45
9067
4
FALSE
45
4
FALSE
5
1010
4
9992
1010
9992
3
6287
9475
3
9992
9992
FALSE
9992
5721
4
9992
9947
5721
9992
45
7669
9992
FALSE
9685
9354
45
45
9992
6287
3
6287
2978
45
9992
6287
4
3
9477
3
7669
9992
2658
9897
9992
9513
9414
9845
2978
9992
9992
8432
FALSE
3
89
9992
2978
3
9992
89
9992
FALSE
FALSE
9992
5
9549
9897
8738
FALSE
FALSE
4
89
45
9992
3
7387
45
9905
3
6287
FALSE
89
89
45
7387
9327
45
9992
9506
7387
FALSE
2572
9992
9992
4361
7669
9992
45
9942
9992
45
FALSE
3
45
6
2572
6
9513
45
3
6
5
7669
FALSE
9992
6
7669
45
9992
5
FALSE
2572
9507
9290
7669
45
9992
89
1468
FALSE
9650
1468
45
FALSE
9913
8
FALSE
9992
45
9992
FALSE
FALSE
4
FALSE
9912
1468
9992
9475
45
45
45
8280
9992
9992
9992
9992
7
7
4
8432
8432
2294
8432
9992
9
9
45
45
9
9992
3684
9294
9992
8432
9992
8280
FALSE
45
1462
9992
FALSE
FALSE
45
FALSE
2572
45
5
45
45
9992
9116
9992
2294
9507
89
14
FALSE
5
14
FALSE
FALSE
FALSE
10
2572
9992
45
3804
9724
FALSE
1468
8064
9986
9992
9513
3
15
9992
FALSE
9947
FALSE
FALSE
45
3804
3
3
FALSE
13
FALSE
1468
FALSE
9845
12
9964
3804
8432
5868
5
3804
45
9
9992
3714
9992
2174
9992
45
FALSE
641
5868
2294
9992
9992
3804
89
9354
13
2294
9992
2810
641
3
9992
45
9992
45
1297
9675
1105
45
9992
9913
7695
1462
9518
9992
2
FALSE
7695
3
89
45
4
9992
1462
FALSE
9992
9992
13
FALSE
3684
45
8064
9116
45
9675
45
5
9992
FALSE
FALSE
9935
45
89
89
9992
45
951
9685
FALSE
9992
2308
7695
89
7695
2118
9513
45
4
45
9992
9992
FALSE
45
FALSE
9992
FALSE
45
FALSE
9992
604
45
7
FALSE
7
9354
9992
2810
9992
9992
7695
9992
4
9992
45
9992
604
7695
9948
45
3369
7
9414
9475
3684
4
3684
3684
9992
3
3684
9992
3369
45
9992
45
7426
3684
7426
9992
3369
9992
45
9992
846
3684
604
9992
157
FALSE
9392
9992
45
846
45
9992
9354
1
7556
7
FALSE
7426
7556
45
FALSE
7556
9992
604
9992
604
604
45
FALSE
3338
3338
FALSE
FALSE
7556
45
89
604
3495
45
FALSE
8
8432
1239
FALSE
9675
FALSE
1239
9992
45
3495
FALSE
7556
45
45
FALSE
45
9992
9948
FALSE
9992
5
7580
5
7580
9989
FALSE
604
9992
9992
7695
9992
45
604
FALSE
6
4
7695
5
604
7
157
FALSE
6017
2397
2397
157
9992
2397
FALSE
9685
9806
FALSE
FALSE
FALSE
2397
FALSE
11
5
9294
7580
11
11
7695
5
9992
FALSE
9992
7695
11
9992
157
2397
9992
9992
7927
5
2397
FALSE
4
2397
7695
9935
9992
9814
5961
9992
8738
FALSE
45
2397
157
2397
4
45
4
2397
45
FALSE
9992
4
FALSE
9992
4
FALSE
9992
45
7927
FALSE
9992
8064
4
8064
9355
FALSE
4
45
45
9942
157
45
4
45
8147
45
45
9116
9265
8147
157
45
9992
9992
45
45
89
1649
2
FALSE
9992
5
9992
5
157
8432
157
FALSE
8280
FALSE
9992
157
FALSE
5
3
FALSE
9992
45
FALSE
9947
5624
4056
45
4
2369
8
45
45
9354
5624
6047
2756
7
9992
2756
9675
4056
9
7
FALSE
45
8
9992
4056
45
FALSE
45
45
343
2756
9992
9445
2369
9992
9897
FALSE
6241
45
FALSE
4056
9992
45
5
45
FALSE
2756
2756
2756
4
6814
45
6814
9992
343
45
FALSE
FALSE
45
FALSE
5
45
45
FALSE
9992
FALSE
343
45
5
6814
343
FALSE
FALSE
343
9503
343
FALSE
343
9992
9445
89
FALSE
9992
8738
5
8738
FALSE
343
5
9685
343
343
9992
9355
8650
45
64
45
8650
FALSE
45
9992
45
9977
45
8650
9675
5
FALSE
5
9992
8738
8650
45
5
5
9992
4
9845
9992
9992
FALSE
9992
422
45
1195
FALSE
7
1485
9477
45
1485
FALSE
FALSE
8
FALSE
45
FALSE
6
8
9992
9414
9992
8830
8940
FALSE
FALSE
45
8
9992
8940
8940
8940
45
1217
FALSE
9
9814
3497
45
45
422
9992
45
9992
3497
3497
9992
FALSE
9290
1485
9992
FALSE
9992
9445
9992
5
9354
9060
6
45
4313
9992
343
8940
FALSE
9067
9083
FALSE
45
FALSE
1616
9083
45
5
9083
1616
45
FALSE
9703
9106
9905
45
9120
7
1616
9116
9549
45
1485
45
343
9703
8
343
9518
9992
45
5054
9992
7
7
5054
45
FALSE
343
1616
9992
FALSE
89
7
FALSE
6
343
5281
5281
6
