742
FALSE
9986
1
742
4329
1926
4
1926
FALSE
4306
1281
3
5057
194
6
194
4
194
9986
5
8477
5469
6798
4329
194
1926
4
5
5469
9986
194
8887
9986
1243
6
3169
4104
FALSE
742
194
9986
9986
1281
194
194
194
9986
1281
5
9986
742
194
4175
1281
1
FALSE
5864
6281
6798
1281
194
FALSE
194
9986
FALSE
FALSE
2
9986
5
1281
FALSE
9986
1281
1028
1028
1028
9986
1028
1028
1950
1281
1
FALSE
7842
FALSE
6817
6215
9986
9986
1028
FALSE
6281
9986
FALSE
2
9986
3
9986
1281
6215
1281
1281
6215
7922
9986
FALSE
9986
6215
9986
8589
1028
1028
9986
4
6042
1028
1028
9986
9910
9775
6042
FALSE
6042
4
9986
FALSE
1096
9986
6817
1281
1096
9986
1096
1096
1096
9986
1281
2
9775
1
3068
1281
6687
1
1281
9986
1281
1281
9910
6798
9986
1281
FALSE
6798
FALSE
FALSE
9986
3068
9938
1538
1828
6798
794
9986
794
794
794
FALSE
9986
1828
794
9986
794
794
1828
6817
794
8000
1828
9986
6687
3
1828
6675
FALSE
FALSE
1538
1538
6798
1538
FALSE
1828
9986
9986
FALSE
1499
1499
1
3
1499
6687
9986
1499
6687
9986
1499
6798
3
1828
9317
6687
4379
9986
2
FALSE
1828
1828
9910
9986
1
1828
9986
5796
5796
4427
5796
FALSE
4427
FALSE
8743
9317
9938
5796
9986
FALSE
4427
1
9986
4427
4427
4427
4427
FALSE
5796
5796
5912
5912
5912
5912
5912
6798
FALSE
9986
9986
9193
8589
7922
2
1481
FALSE
FALSE
7922
7922
9986
7922
1481
7922
8066
9986
1481
FALSE
FALSE
9986
1
1
7852
9986
3228
8000
7852
2
3228
FALSE
7922
7922
7922
8066
4793
4793
2
2
751
2
751
2
751
2
FALSE
751
9986
4793
4793
FALSE
8066
FALSE
4793
9986
4793
9986
751
8743
11
8743
4793
9986
9986
9938
11
5
9193
1603
11
11
FALSE
9998
9998
3
3
3
9998
9986
11
11
11
9998
7922
FALSE
FALSE
2
11
8000
2
11
9998
FALSE
FALSE
11
3673
9998
11
8066
3673
3673
8743
FALSE
8000
3
4
FALSE
9998
9492
5219
4
5219
9998
4017
FALSE
8066
9998
9680
1347
11
FALSE
11
4
1347
9998
9998
FALSE
4409
11
6
3
9998
11
FALSE
FALSE
9317
FALSE
5219
3
4017
9536
1347
4
4
FALSE
9193
9998
4
7934
8066
9476
240
9998
8066
11
1347
11
FALSE
9998
9998
11
FALSE
11
FALSE
1347
9317
5
9476
868
1347
FALSE
1347
9476
11
9998
2371
2
FALSE
8589
8477
FALSE
FALSE
8589
7
9998
FALSE
11
1347
11
8589
2371
11
11
11
8528
8528
11
9998
11
9998
5
8477
5550
FALSE
7
5
5550
6
9492
3328
FALSE
9998
6
11
3328
11
9998
11
5
3188
8887
9998
4
9998
9998
11
9998
9998
9938
FALSE
240
FALSE
11
240
5
FALSE
2
240
9998
FALSE
4
9998
4
5
11
5
7698
240
5
9998
9998
736
736
507
9775
9193
9193
240
9998
2
FALSE
FALSE
9998
FALSE
FALSE
9998
11
11
11
9998
240
11
FALSE
9998
9998
736
9998
FALSE
FALSE
9998
8477
9160
11
240
9998
6
6
736
9680
216
11
736
8477
216
6
FALSE
6
9910
736
11
736
736
9998
6
FALSE
FALSE
736
9998
736
736
8477
FALSE
11
6
11
11
6
736
9998
8800
9193
11
7592
9998
FALSE
240
8743
11
8002
507
240
9998
8528
8528
FALSE
736
11
FALSE
11
11
FALSE
736
11
6
11
736
9576
736
4
11
736
9492
FALSE
736
FALSE
240
FALSE
9998
FALSE
6
11
8743
736
9998
736
8420
6375
11
11
11
10
4433
11
9998
11
9910
8
FALSE
9986
968
8
9998
9998
9910
11
FALSE
8
11
7710
7710
11
7710
8
11
11
FALSE
968
FALSE
8
9998
11
968
FALSE
9955
11
9998
7366
11
968
11
9998
9998
8800
2941
11
11
9
2941
11
4997
4
7710
9998
8887
11
FALSE
11
8
4997
8
11
8
FALSE
7
FALSE
FALSE
9998
11
736
FALSE
9998
5
7
968
11
7366
9998
968
11
FALSE
9998
7
4276
FALSE
FALSE
7710
FALSE
FALSE
7710
968
968
9998
FALSE
FALSE
11
7394
7
FALSE
11
9139
8420
968
7394
7
8887
FALSE
4353
9160
968
1692
7
9
7394
4353
9492
1692
6620
FALSE
FALSE
9998
11
6
9998
736
11
FALSE
9998
9998
9998
9576
11
9998
11
11
9
9971
1501
736
9998
705
11
1692
1692
7
1692
10
736
FALSE
7394
1692
7394
11
6620
10
8743
9998
FALSE
1692
507
7394
FALSE
FALSE
9986
10
968
9998
968
6620
705
9998
3270
9998
9998
9998
11
6996
9998
1692
9
9998
1327
507
1692
11
7198
11
3471
11
9998
4
736
11
9998
7394
3
9998
9998
11
9998
7710
1692
9193
1692
1692
11
9955
11
FALSE
9998
9998
9998
1692
3
11
8420
2
7932
9998
9998
705
11
9476
9998
7932
1637
11
9998
11
1692
9998
7
9998
9998
FALSE
9910
736
9128
9193
9998
1692
3
8887
6
1692
3
9998
FALSE
FALSE
FALSE
11
9476
11
9160
9998
9160
9160
6
1692
11
5
4
FALSE
11
FALSE
9998
1692
1692
1692
1692
11
FALSE
9998
9492
9193
11
1740
9998
1740
9986
9998
9955
9174
9998
11
1740
2111
9971
11
6
9998
9998
FALSE
FALSE
FALSE
9971
2111
9998
11
9174
9998
6
2111
9998
FALSE
11
2111
9998
9576
6
9998
2111
9069
9998
6
11
11
FALSE
170
FALSE
9174
2111
9317
11
5
9174
2111
7
9971
4072
2111
9069
4072
FALSE
FALSE
11
FALSE
FALSE
11
11
FALSE
9998
2111
11
9998
8852
4072
407
9998
9998
9998
9998
10
9174
9998
9
9
10
11
170
2111
11
4520
11
9069
11
9069
FALSE
9998
11
9910
11
FALSE
11
6
7
2934
274
502
11
11
502
FALSE
502
4520
FALSE
502
8
502
6291
502
11
3243
9955
9998
2934
7
9576
3706
502
5
FALSE
3706
FALSE
502
9998
9998
3706
4241
9998
FALSE
11
3243
FALSE
4241
4241
502
3706
5
3706
6620
5
FALSE
9998
1672
502
FALSE
11
FALSE
6
11
9971
9998
5
502
11
9174
11
808
6620
11
11
9955
FALSE
4520
6
9998
6
6721
9174
5526
6
808
9998
6
9998
808
11
9149
3
5
7531
5
FALSE
9998
808
11
FALSE
11
170
11
11
5
6304
6304
9282
808
808
9998
11
5
FALSE
FALSE
11
6304
6304
808
11
808
9536
8307
11
808
9933
4941
FALSE
FALSE
4
808
5130
9998
FALSE
6
11
FALSE
4681
11
9998
FALSE
FALSE
4681
TRUE
808
11
6304
11
FALSE
FALSE
7
6304
2436
7531
11
11
9998
6304
9998
8694
6304
11
11
8
11
FALSE
808
2436
9998
808
11
5529
11
FALSE
9998
9
7
5529
9998
11
5529
FALSE
808
6304
9998
9998
7
7
808
9576
9998
6
9998
9998
9998
7
502
7454
808
7
9998
8034
808
9998
11
808
7920
9994
11
6721
2
6721
9998
7
11
9998
8
7
FALSE
8
FALSE
9998
FALSE
1612
6721
502
7
9998
502
808
6973
FALSE
7454
9998
7
7920
FALSE
FALSE
9998
9910
11
9998
8034
7
9998
11
808
FALSE
11
9998
7
808
9998
11
11
808
6
7
9174
9069
808
808
FALSE
7755
11
7
FALSE
FALSE
1462
9069
9282
7755
11
8
3731
7
7
7
7920
FALSE
272
9998
11
11
5
FALSE
9998
1462
9998
6960
FALSE
3731
FALSE
7920
7
9074
9317
9193
9998
FALSE
8
9998
1462
9476
6
11
9998
9492
9998
9998
6
3
1462
7755
11
FALSE
7755
11
11
9998
327
9998
2567
6960
7755
9
FALSE
9998
340
4119
327
2068
9609
4119
9971
FALSE
340
6960
FALSE
4119
8617
11
11
7755
272
9998
340
TRUE
340
11
6
9998
8006
340
9609
11
9998
3
8034
8034
9998
FALSE
340
FALSE
340
11
11
11
11
FALSE
11
9282
11
340
1661
340
5
5224
9986
11
11
FALSE
5
FALSE
8034
6
9476
9317
8019
340
3647
5
340
5
3647
3074
5
11
3647
6
340
5
7145
8307
11
4
575
9998
9986
3647
3647
5
11
8019
FALSE
9536
9998
11
9998
FALSE
11
575
8019
575
5
9998
575
8019
5
FALSE
8034
FALSE
575
8307
5
8275
9998
575
9069
575
575
FALSE
9998
11
8617
11
9317
11
11
9998
FALSE
9998
9998
8617
FALSE
9536
FALSE
5
11
8307
9998
9775
8307
5
2
11
11
11
2851
8307
FALSE
8666
9998
8617
9998
9998
9998
FALSE
8617
9998
9074
4
2851
FALSE
3
4
3
69
9998
11
FALSE
69
3
9998
9130
4540
9476
FALSE
9174
11
69
69
FALSE
9998
7610
8617
7610
69
69
7610
7610
9998
69
FALSE
FALSE
3
9971
69
7610
8623
69
FALSE
FALSE
9998
11
7629
FALSE
7629
FALSE
9998
FALSE
9998
5960
9680
4
FALSE
5960
11
11
9986
11
9998
541
11
9247
9998
FALSE
11
2
9193
9998
FALSE
9998
2453
4193
FALSE
4
FALSE
3
9282
9998
11
69
9998
FALSE
6194
4193
4193
11
5960
4193
FALSE
11
69
3
9986
9998
69
11
11
3
3
11
11
FALSE
7629
7629
11
7629
7629
7629
11
FALSE
7629
11
9998
11
FALSE
11
57
FALSE
11
FALSE
FALSE
FALSE
9998
11
7686
9998
11
FALSE
7686
57
FALSE
8307
3
8307
8307
57
11
3
57
9998
3
9536
FALSE
57
9998
6328
FALSE
9680
3
FALSE
6328
9998
9998
3
8852
3172
FALSE
9998
9998
5
11
FALSE
8317
3
9998
3
57
3
8307
9998
FALSE
57
11
FALSE
9476
11
FALSE
9998
FALSE
11
11
2341
8317
8623
9680
11
8574
9069
11
57
8623
4
9998
57
FALSE
FALSE
8617
11
8617
9998
FALSE
3
FALSE
57
11
FALSE
8694
FALSE
FALSE
9069
FALSE
8852
8852
9998
5
1034
9933
1034
1034
1034
9998
9998
8852
11
9074
6
1312
6
8852
11
429
11
FALSE
8852
11
8527
11
8527
9998
57
3
3
9540
9998
FALSE
9998
9074
9971
3
11
3
FALSE
FALSE
FALSE
FALSE
9998
57
FALSE
FALSE
11
FALSE
11
FALSE
9955
11
FALSE
11
FALSE
9998
11
9093
1492
9074
9938
57
9998
4
1492
7895
9149
9074
FALSE
3
3
11
FALSE
57
11
57
9998
7895
3
11
FALSE
3
3
FALSE
FALSE
57
11
FALSE
57
FALSE
9093
9247
9093
FALSE
FALSE
9933
9998
9998
9130
57
9971
57
11
9998
11
9193
11
9758
FALSE
FALSE
9193
57
9247
57
9247
FALSE
11
FALSE
9262
11
FALSE
9998
3
11
11
FALSE
9476
9998
57
11
FALSE
9998
FALSE
11
FALSE
57
11
9998
11
11
FALSE
FALSE
1469
9998
9492
9492
9758
9998
1469
3
1469
11
1469
9492
9938
9536
FALSE
3
1469
FALSE
FALSE
9540
11
11
FALSE
1469
11
11
9998
9971
9998
9938
FALSE
9998
4
9955
9576
2393
11
FALSE
11
6
9960
11
6
9540
FALSE
1469
1469
FALSE
FALSE
9998
1469
11
1298
9933
1469
1469
9576
1469
9609
FALSE
FALSE
7
11
7
1469
FALSE
7
3136
1469
FALSE
358
9998
FALSE
4
9998
3136
3136
FALSE
3136
5
11
3403
9987
7
1469
358
5
358
5390
2131
11
785
9971
FALSE
9998
6322
7
2131
5
11
FALSE
FALSE
3403
3403
FALSE
9998
9998
11
11
4473
358
5
1469
FALSE
2131
9680
1184
9998
11
11
358
11
11
4473
4473
5390
9
1913
11
FALSE
11
5390
9998
FALSE
8
3
8
11
11
5390
11
9998
FALSE
4473
1469
FALSE
5390
1913
11
11
9576
11
FALSE
6322
11
1913
11
6322
9998
9
9998
1469
326
9938
1913
1913
11
11
1913
FALSE
11
1184
FALSE
FALSE
10
11
11
FALSE
11
11
FALSE
6322
1469
6757
1469
9938
11
9
11
785
785
9994
9576
785
9998
9
9244
785
FALSE
11
1798
1798
9576
FALSE
9998
4586
9933
11
11
11
11
1798
9609
11
11
11
9998
11
186
10
FALSE
11
9998
785
186
11
9692
9998
9933
9680
10
9910
581
11
186
12
2994
770
FALSE
11
9866
11
1798
11
9998
9998
11
11
8149
FALSE
4868
9998
12
9938
2994
4868
1798
9998
11
9998
11
4868
9998
9998
770
128
11
FALSE
5255
FALSE
9998
5255
5255
9998
186
FALSE
5255
FALSE
859
12
11
859
12
12
9998
859
859
11
4868
11
11
FALSE
FALSE
9998
12
859
859
341
859
859
12
859
12
859
9
5255
11
11
9998
11
5255
12
770
9998
9959
11
9933
6
13
FALSE
FALSE
13
5253
9959
5255
5255
859
1603
5255
5255
9
FALSE
FALSE
FALSE
1603
FALSE
16
9998
9998
9998
FALSE
1109
1109
FALSE
11
3339
5830
5830
118
230
FALSE
1109
FALSE
FALSE
5830
859
9938
11
11
11
FALSE
9998
11
9998
FALSE
FALSE
FALSE
1109
9960
9998
11
9998
11
13
9998
8149
13
11
1109
11
FALSE
1109
9998
11
1109
8149
1109
11
1109
FALSE
13
859
9971
13
9680
13
FALSE
9933
1109
1109
8309
1109
9998
13
13
13
9998
12
8149
13
9680
FALSE
11
5406
1109
12
12
9994
FALSE
9998
FALSE
FALSE
11
FALSE
FALSE
FALSE
1109
14
9998
11
8
859
9998
9998
9998
341
9998
FALSE
FALSE
9758
326
8309
8309
9998
8309
FALSE
859
575
9994
11
9998
8309
9998
12
12
9987
8309
11
9987
FALSE
859
9998
FALSE
11
FALSE
118
FALSE
11
FALSE
859
859
9998
9998
128
FALSE
341
9998
4410
9998
FALSE
11
11
11
9971
230
11
8309
FALSE
11
FALSE
11
11
11
FALSE
9998
785
326
9
341
11
9998
785
9998
7767
9
785
7767
9
FALSE
10
FALSE
2
9933
9998
8
7816
11
785
11
11
11
11
9680
FALSE
9998
9998
9998
11
8
FALSE
9129
9821
9998
8309
FALSE
8
186
9129
9959
11
128
9775
11
9129
7
11
9129
341
7
2190
7
4242
8
341
9998
2190
10
4458
4458
128
FALSE
9998
4458
11
FALSE
341
4458
4458
341
4077
9998
9998
13
FALSE
9
FALSE
11
11
8020
2190
2190
12
11
10
FALSE
9680
FALSE
341
9998
FALSE
3513
FALSE
118
11
341
FALSE
11
3338
FALSE
11
9998
3513
4242
FALSE
341
3513
FALSE
3513
230
3513
FALSE
9998
9998
9998
9129
FALSE
FALSE
9998
5590
FALSE
9998
9998
9998
8309
9998
9998
11
341
9758
341
9960
341
7
11
6838
341
11
9998
186
11
7
FALSE
FALSE
6838
7544
9998
8309
7544
8020
8060
7
FALSE
7
8060
8060
11
9998
9998
9998
186
9909
341
8020
11
341
7
9998
9821
8060
9998
9998
9129
9998
7
7
7
FALSE
8309
11
9959
341
230
FALSE
11
230
8060
9998
8060
9998
11
11
11
9755
341
9998
7
FALSE
9998
341
6854
8309
7
7
FALSE
8309
FALSE
11
8
8247
7
7
9129
341
9998
8309
11
525
9998
FALSE
9938
FALSE
9998
230
9998
11
9910
FALSE
8309
7
9998
8353
9960
9
8353
FALSE
FALSE
8
11
8353
11
9
9129
FALSE
9
525
9680
FALSE
9998
11
9
11
9
FALSE
8
128
9938
11
11
1366
1045
FALSE
6
10
11
9692
9755
9
FALSE
9998
9938
9998
1366
9
9758
9775
9998
1366
9955
9998
9775
9758
FALSE
9758
10
2354
2354
FALSE
9
2354
11
6988
FALSE
FALSE
9998
9821
2354
2
FALSE
FALSE
9998
9998
10
9866
9775
341
9
FALSE
9
9998
9971
9998
9998
11
11
8469
8
8469
11
341
FALSE
8469
FALSE
2
7
4158
FALSE
7
11
9998
9998
7
9909
9998
9998
341
11
341
9998
7
11
7
341
11
11
230
9775
FALSE
11
9998
FALSE
7
9910
9998
FALSE
9128
9998
8469
9128
9128
9128
9998
11
1178
9987
11
9960
8
7
1178
9866
FALSE
1178
9
FALSE
9
1123
9068
11
FALSE
1178
9998
1178
9
FALSE
9998
9
9068
9971
1178
9998
9
11
9998
9987
9998
1178
7
9998
9986
7
11
11
9998
9998
1178
9316
11
9971
9316
9998
FALSE
FALSE
9998
9316
11
11
FALSE
11
9998
FALSE
9853
5286
1178
3301
341
9
3301
9998
10
9128
3301
9998
FALSE
9128
1178
8
9128
6
9998
11
9998
7115
FALSE
8
7115
1178
9998
9316
9316
9998
FALSE
11
9
9
9821
9
9998
9998
9910
5892
9998
1178
9
341
9998
9994
9924
9998
9998
2941
341
9128
9998
9998
1178
11
9316
9
9128
9
9
9998
9998
FALSE
9998
8
1178
11
128
9986
9998
128
9998
9955
9821
1178
9994
9998
9866
9998
9866
9
341
9
FALSE
1178
9998
11
9910
10
FALSE
FALSE
9924
8320
FALSE
11
3079
9998
7412
8
11
10
FALSE
FALSE
9998
9853
8320
341
9959
10
FALSE
9998
FALSE
11
FALSE
10
3079
9924
6643
11
11
552
11
11
FALSE
9
8320
552
11
9998
9853
FALSE
8320
11
10
11
9998
8320
9998
FALSE
FALSE
8320
11
9998
3079
3401
1510
8069
3079
552
11
3079
1510
9959
9994
FALSE
9959
FALSE
6643
1510
11
10
11
552
11
11
9994
9998
10
9998
9998
552
5980
3401
11
FALSE
11
11
9955
3764
11
11
FALSE
11
9998
3764
3401
3764
11
3764
11
9998
6643
FALSE
11
9998
9971
11
10
552
552
FALSE
3401
FALSE
FALSE
FALSE
3401
6451
7
7
11
8
3764
230
1510
9998
9998
FALSE
9998
11
9910
11
8
3764
FALSE
11
3764
8
6451
6451
1517
1048
11
230
9998
9234
4399
11
4838
8320
1517
9933
1048
11
9998
1517
11
FALSE
4838
9938
1517
8069
8320
FALSE
1510
FALSE
12
8069
FALSE
11
1517
9998
9998
230
11
FALSE
FALSE
11
FALSE
1517
9021
1517
11
1517
9955
1517
8425
230
1517
8069
FALSE
11
2673
1517
11
12
11
FALSE
9998
1510
11
11
11
11
FALSE
2673
9971
11
2673
9998
11
FALSE
11
13
13
FALSE
3563
FALSE
3563
230
9998
12
9998
11
587
2
587
1849
FALSE
FALSE
9924
11
2
10
9998
11
1849
587
9998
11
8320
230
10
10
FALSE
230
9924
10
11
11
9986
11
1517
9998
FALSE
10
9021
11
11
1517
10
11
11
11
FALSE
10
9998
1849
9959
FALSE
8425
1849
1849
1849
8320
FALSE
8425
230
1849
FALSE
7
11
8
11
9021
186
9998
9021
9998
FALSE
8426
9998
1849
8
7
158
9899
1849
8426
3945
11
9998
7
1849
9960
7
7
9998
1849
230
9959
7
FALSE
7
9924
11
230
230
230
8947
230
7
9998
11
8947
9998
8947
11
230
230
11
FALSE
5340
6
9234
FALSE
FALSE
9998
6
9899
6
9998
FALSE
FALSE
9998
8947
FALSE
FALSE
9998
6
9021
FALSE
6
11
9998
11
9938
6
9938
9998
186
9237
186
9971
9853
9998
9853
9986
9998
11
6
186
FALSE
9866
186
9998
6
11
9998
11
6
11
138
FALSE
9998
FALSE
FALSE
9987
9998
11
6
186
702
11
7
9994
128
9998
11
9866
9853
7
186
FALSE
9853
9853
9866
FALSE
9866
FALSE
2228
9853
11
9998
128
9998
11
9909
9998
9998
FALSE
11
9909
11
9998
9910
9910
9909
6
9998
11
2228
FALSE
186
FALSE
5312
2228
2228
9998
11
11
9998
2228
9971
5495
2228
11
9994
5312
9998
5495
5
7
FALSE
6
9910
11
602
11
602
9998
5312
11
5495
602
5495
5495
5495
9910
FALSE
654
158
9998
11
11
5495
7
7
11
FALSE
9998
FALSE
6
9
11
11
1982
2668
5
9987
9998
11
9998
2668
7086
5495
654
654
7086
11
9998
2668
7086
9998
5
9998
5495
7
158
FALSE
9577
9998
FALSE
654
9998
9998
5495
654
7086
9971
11
7109
9998
9998
9998
2056
9998
654
9998
9998
11
11
9998
9998
FALSE
FALSE
9971
2056
9998
FALSE
FALSE
7086
654
9998
FALSE
9577
9998
FALSE
7086
FALSE
11
138
1087
5
9960
9994
1087
9924
1087
9998
9998
FALSE
9986
7
FALSE
11
7
7
7109
9998
7
11
7557
9924
9971
FALSE
654
11
9998
5
FALSE
FALSE
7557
9998
FALSE
6
9910
654
6
7557
7557
11
7557
8926
11
654
7109
7557
11
654
9933
FALSE
8643
8643
8926
6
11
9998
6
FALSE
8926
9987
8926
11
11
8926
6
8926
FALSE
9998
9998
9998
9955
9986
6
9577
FALSE
6
6
11
11
5157
654
FALSE
6
158
1156
9577
9998
1156
1156
9998
FALSE
6
11
4022
9910
9910
11
128
FALSE
1156
11
9998
1156
11
FALSE
9987
11
245
6
9971
9987
11
138
4527
245
6620
FALSE
FALSE
9998
9998
245
9998
9998
FALSE
FALSE
FALSE
FALSE
6
FALSE
9959
9998
9971
9994
1112
460
9938
11
7
7
9998
FALSE
7
11
1112
1112
9938
9998
9960
7
1112
1112
9998
8184
460
9986
460
9773
9910
FALSE
9998
1895
9986
FALSE
460
128
11
11
7787
9998
FALSE
7787
9998
9998
FALSE
6
9
1895
138
11
11
138
1486
10
11
9998
6734
1486
11
9998
1895
FALSE
7787
5
7787
7787
FALSE
1112
8
6
245
9998
8
11
FALSE
11
9
9998
2
7
138
6401
6401
7448
7
11
9
11
9998
FALSE
7448
9998
460
6
11
FALSE
7603
138
7
7603
11
7787
1895
11
1895
7603
10
FALSE
9998
10
11
9910
1895
49
11
11
11
1112
1895
FALSE
9955
138
1895
1895
11
1895
FALSE
9998
9773
11
FALSE
FALSE
1895
9924
FALSE
FALSE
11
8680
1112
FALSE
11
321
11
FALSE
10
9
10
514
9998
10
9910
9
11
9971
9
245
1895
9998
FALSE
9971
4067
1895
9998
9924
9998
9998
9998
9
514
FALSE
9998
FALSE
10
9998
FALSE
2167
11
9910
4067
9998
8
10
9924
11
11
2167
2167
9998
11
9998
10
10
11
11
9
FALSE
514
FALSE
9
9998
138
11
7
514
9998
FALSE
4658
9668
11
9732
9994
9732
11
9998
9732
11
2167
9998
FALSE
FALSE
9994
514
9998
9960
9668
9668
9732
9960
514
8
2167
9998
514
6003
11
9732
8740
FALSE
9998
2167
2167
FALSE
9998
8
9998
309
9971
11
9998
6165
11
8323
8323
11
FALSE
FALSE
7
2321
FALSE
8323
9938
11
11
245
8323
11
3780
6
3780
11
2321
9998
7826
6
FALSE
6
FALSE
7
FALSE
7826
FALSE
245
6
7
9998
9998
321
7
9998
9960
2321
11
7
9994
7826
7826
7
9971
8
11
2321
9998
9971
321
9994
7
11
11
2321
321
7826
FALSE
7960
FALSE
7
7
FALSE
8
FALSE
9959
2321
9998
11
2321
FALSE
9998
11
11
11
2400
7826
6
2400
9998
9986
2321
11
8
309
1320
1320
11
309
7960
FALSE
8
9994
11
7960
FALSE
309
5
11
2400
321
FALSE
11
6
11
11
11
7960
9998
11
9933
2400
9955
9998
321
7
2400
11
11
9960
5057
2400
11
5
5
11
FALSE
2400
2400
11
FALSE
FALSE
2400
FALSE
8657
3684
FALSE
321
9933
721
7
9998
9998
11
9998
11
721
11
7
9933
9960
FALSE
9351
9998
11
11
9998
5
9351
FALSE
8
471
FALSE
FALSE
FALSE
9998
FALSE
5
10
11
9998
11
1950
8
FALSE
721
FALSE
9998
11
11
9351
8
721
11
8538
FALSE
721
8880
FALSE
3820
471
1950
11
9998
9998
9998
8880
3820
9998
9938
9998
10
6
11
1950
11
9998
FALSE
309
11
721
10
FALSE
721
1950
10
8880
9998
8880
11
9998
721
9987
8880
11
9998
9998
11
1950
1950
11
10
8880
1950
11
9774
8880
FALSE
3820
FALSE
8880
158
11
321
9955
FALSE
1950
FALSE
FALSE
FALSE
644
FALSE
FALSE
11
9933
9998
3820
11
FALSE
13
9351
8
FALSE
11
158
11
9998
9998
11
3820
FALSE
1950
11
1950
9998
9998
9420
FALSE
8880
9998
721
9
FALSE
9420
8
9774
11
11
9420
9420
321
721
1950
9971
11
11
9998
11
11
11
FALSE
1950
FALSE
11
11
FALSE
9998
9998
11
FALSE
9959
1950
11
11
1950
FALSE
11
11
FALSE
11
721
FALSE
9998
1950
12
721
9351
9420
11
11
11
FALSE
11
5
9351
1950
FALSE
3
9998
3835
471
158
FALSE
9998
158
471
FALSE
9351
7262
11
9955
11
10
9998
7262
10
1950
FALSE
FALSE
FALSE
FALSE
9955
471
9420
11
1950
10
158
9998
3
9998
9971
9420
10
9998
1950
FALSE
11
FALSE
9998
9998
10
1950
11
9998
FALSE
9
9998
9351
FALSE
8
2
11
9351
721
9998
FALSE
11
FALSE
158
8
FALSE
9351
9998
8
721
9351
9351
8
401
9998
8
8
8
8
9351
9351
8
2
11
11
8122
9994
8122
721
5651
9998
10
8122
9998
11
11
11
9
11
FALSE
FALSE
9351
9774
11
9998
9
11
2521
10
5
9998
FALSE
3
FALSE
9994
11
636
636
9
FALSE
11
721
9998
11
11
9971
9938
721
11
2521
9986
11
9351
11
11
11
12
721
11
10
FALSE
9998
11
9998
FALSE
2521
11
FALSE
2317
9
721
9
9986
11
158
9998
9998
1923
FALSE
9998
11
14
9998
11
14
2317
4935
11
9998
9998
8294
FALSE
FALSE
2521
9994
9998
FALSE
2376
721
FALSE
1772
15
11
11
11
FALSE
FALSE
471
FALSE
7782
13
FALSE
11
9998
11
8294
13
8294
721
721
2376
1923
2376
FALSE
721
2376
11
9998
2
8
FALSE
FALSE
3
FALSE
9998
2376
FALSE
8294
9998
9998
11
8294
2376
9998
721
8
11
11
FALSE
FALSE
471
4051
1772
2376
1772
11
11
9
FALSE
9998
8
9
9998
9998
721
9960
9938
FALSE
FALSE
9998
9774
FALSE
9351
FALSE
FALSE
321
9873
FALSE
11
FALSE
471
11
401
FALSE
2
FALSE
9420
9873
158
11
9420
9998
9998
9612
FALSE
11
6
9959
9998
9998
9774
1161
321
FALSE
11
7
11
9998
1161
11
471
FALSE
9774
9774
8
321
7
466
9774
9998
471
9998
471
9998
11
9831
9971
4
471
9831
7
9998
9998
11
9806
158
11
7
9959
5204
FALSE
5204
8
9831
1796
7
9831
1796
FALSE
3
FALSE
7
FALSE
1796
FALSE
11
11
FALSE
8
9080
1796
9998
9998
11
11
7
11
11
9998
401
9971
7
11
401
FALSE
9
11
8597
8
FALSE
FALSE
5512
11
5512
8597
321
5512
9998
9998
FALSE
11
401
FALSE
2
11
9955
FALSE
9831
485
FALSE
11
8
FALSE
9998
321
8597
5512
8
9998
9998
FALSE
FALSE
11
7
485
485
2
11
9986
FALSE
FALSE
FALSE
9971
485
485
11
7482
9998
7482
7
7
401
11
9998
FALSE
8378
485
485
FALSE
9998
7
FALSE
11
FALSE
8378
8378
7
9998
FALSE
9998
7482
485
9987
9998
9998
9994
11
11
7471
9998
7471
4500
9987
485
8638
FALSE
6070
11
FALSE
9998
11
6070
FALSE
9994
11
485
9998
FALSE
11
11
9998
7
401
485
FALSE
7471
11
9938
7471
11
7482
FALSE
FALSE
7
7
FALSE
FALSE
9998
485
9998
8638
9998
9873
7
7
9513
9998
FALSE
FALSE
9960
7
9998
FALSE
321
11
11
9933
401
8684
8684
9998
FALSE
FALSE
8684
FALSE
11
7
11
9998
FALSE
9998
9998
401
FALSE
7246
11
485
485
7
485
9998
485
8684
9998
9998
11
FALSE
485
7
9513
485
9960
11
9998
9582
9998
321
401
9998
FALSE
FALSE
9998
9998
FALSE
7
9582
8
11
11
9831
9998
FALSE
505
9831
9998
9831
11
FALSE
9
FALSE
11
9960
8
9998
11
8
8
11
505
485
11
9998
11
11
FALSE
11
FALSE
8
11
8
8
9998
9998
11
2908
FALSE
11
9
9933
9998
FALSE
FALSE
FALSE
9933
9
9933
11
6205
11
505
4768
4768
9933
401
9971
11
FALSE
9998
2908
11
FALSE
9959
9955
11
6205
9
11
9
471
505
9998
9
FALSE
11
471
8
1502
9959
FALSE
505
505
9998
11
7526
9998
FALSE
9998
7
6205
7526
11
7
11
7
11
9998
7526
2065
2065
2065
9998
11
2
11
6388
11
8
7
9998
6388
11
11
9955
7526
11
8
11
FALSE
11
9998
9998
2256
9742
2256
505
9998
7526
466
11
2
1842
11
11
9998
FALSE
9998
11
9
9933
7526
10
FALSE
1101
9742
11
8
7526
9742
1842
9998
11
9986
FALSE
4098
FALSE
11
11
9998
1101
7700
11
4098
4429
FALSE
2161
10
4098
11
FALSE
12
11
FALSE
11
1101
7278
FALSE
8
9
11
6
2065
7526
9998
9831
2161
11
9933
11
FALSE
9998
FALSE
12
FALSE
9998
7
11
9998
11
5
11
5158
11
4429
7
9998
9998
9998
9998
9971
7
11
FALSE
5335
11
635
9998
5158
5158
FALSE
635
7
5158
9998
5158
FALSE
FALSE
7
9994
9998
FALSE
635
FALSE
9971
9986
7
7278
7278
FALSE
635
FALSE
8
11
8
11
FALSE
9998
11
FALSE
7493
9998
7493
FALSE
8
7493
635
7493
7496
471
FALSE
9998
11
9998
635
7
471
11
9987
635
7534
9998
FALSE
6
635
11
11
7534
9742
9742
9986
635
9960
9998
11
11
FALSE
635
9971
635
11
9998
9998
9998
7
FALSE
8
FALSE
9939
8014
9998
8
11
11
11
9998
9534
9998
9998
8
FALSE
FALSE
9998
9831
9998
9998
FALSE
9955
9831
11
8
9994
9998
11
9998
9742
FALSE
9998
11
9986
9986
11
9998
9742
9742
466
9998
11
8
11
FALSE
635
9998
532
8
9998
9485
4247
7385
505
6
11
11
7
9998
9994
11
9998
FALSE
2156
8
FALSE
2156
FALSE
FALSE
6
9998
2156
2156
9998
9971
11
635
505
9
2633
8964
11
11
9998
FALSE
9998
635
FALSE
7162
9998
505
11
11
11
7162
FALSE
9998
5
9998
9742
9938
FALSE
9998
3
FALSE
4
11
11
2
11
2633
FALSE
3
2
5894
2
3
2633
2
FALSE
2
FALSE
7162
9998
11
FALSE
7162
11
8630
9998
8630
8630
8630
FALSE
11
2
2
11
2
9938
8630
9485
8964
9998
FALSE
11
11
3
FALSE
11
9998
11
11
9933
2898
2898
11
9955
9998
11
11
11
9955
9998
11
9998
11
11
FALSE
9994
FALSE
11
9933
FALSE
9481
2656
9998
2
2
3
9481
11
9998
9998
9998
11
FALSE
9777
2
2
3
11
9481
9157
11
2
9998
9938
FALSE
11
FALSE
11
11
11
9485
3483
9998
11
9986
9481
2
9485
9485
8006
11
FALSE
9986
2
2
2
11
9998
9998
9998
2
11
9998
11
9742
9998
9998
3
FALSE
9959
9998
FALSE
6618
4730
4
11
3440
FALSE
9598
FALSE
9959
9959
4
3440
11
11
6620
3
11
FALSE
2603
9986
9998
11
3
11
2
11
8648
FALSE
2
FALSE
8006
FALSE
9777
317
9598
3
4
3
9998
317
8997
FALSE
FALSE
9998
317
FALSE
317
11
FALSE
FALSE
11
9598
9485
9998
3
FALSE
317
317
9485
317
9427
9938
317
317
11
FALSE
9485
11
11
3
9998
9994
317
4
4
4
4
1763
5702
9933
4
11
317
9955
4
11
5241
FALSE
2
8905
8905
8905
FALSE
3
11
3
11
11
FALSE
8905
3
FALSE
3
317
3
9938
317
11
9986
9998
11
11
317
9998
3
9998
11
317
11
9998
11
9998
FALSE
11
7938
11
9598
11
7938
1770
11
1770
9998
11
7938
FALSE
9998
2
FALSE
11
9939
9998
11
4728
1770
9971
11
9998
11
11
11
9742
5938
11
5938
3
FALSE
295
9998
9742
295
11
2
11
11
9998
FALSE
9960
3
2
FALSE
9998
4
FALSE
8699
11
8699
11
8699
2284
9955
FALSE
9938
9485
FALSE
11
7360
11
FALSE
11
FALSE
9998
11
3
9998
9998
2
FALSE
11
9485
9998
9998
9998
9777
7592
4
7592
9998
9939
8699
9994
11
9998
9184
9998
505
9998
FALSE
FALSE
9998
9184
11
9987
505
9485
68
68
11
FALSE
9960
11
11
11
9998
9598
9485
FALSE
FALSE
9998
11
1174
9960
FALSE
6372
9777
6372
4
11
FALSE
1703
1703
11
4
9598
3
9485
9998
9998
FALSE
68
3
9933
9485
11
FALSE
4712
2132
4
4712
FALSE
11
4
11
68
9598
9998
3
68
9998
9998
68
3
2132
FALSE
FALSE
4
4712
9994
9960
11
FALSE
FALSE
11
11
9998
68
11
9998
68
5260
FALSE
4712
FALSE
5260
68
68
FALSE
11
68
11
11
TRUE
9998
4
666
4
FALSE
11
11
11
5718
11
9971
11
11
11
9910
9998
11
9998
4
4
2
6683
6683
FALSE
9485
3
11
3
FALSE
3
11
9998
3
FALSE
9598
FALSE
3
11
11
9777
9959
11
FALSE
9998
11
9971
3
FALSE
9459
9998
11
9998
11
9998
9998
FALSE
9459
9933
3
7889
11
9998
4743
303
9998
11
3
303
8530
FALSE
9986
FALSE
FALSE
11
7889
9998
4454
FALSE
9971
303
11
9998
3
8530
FALSE
3
FALSE
7889
11
7889
11
3
3
3
FALSE
9459
9910
9998
9998
303
9971
303
3
9910
11
11
9998
FALSE
1005
11
FALSE
9742
4
4
9910
9938
FALSE
FALSE
9998
9831
9939
6
1069
9938
9998
11
FALSE
1069
9998
FALSE
11
9831
9777
1069
9777
1069
6
1069
6
9831
1069
FALSE
9998
11
9831
6
303
9960
1035
FALSE
9933
11
1
9938
11
FALSE
1907
9998
9
1907
FALSE
597
597
3688
1907
FALSE
1069
9998
1907
9
10
9998
11
9994
9998
FALSE
1069
9998
12
9994
11
9938
11
9998
11
11
9938
8
3688
1069
9987
9938
11
3688
11
9998
11
11
FALSE
1005
2155
9
FALSE
10
303
FALSE
9
9998
11
6
303
2155
2155
2155
11
FALSE
11
9
9
1029
FALSE
FALSE
9998
1035
9994
6
8
5
FALSE
9971
FALSE
2
1907
FALSE
8363
FALSE
1069
FALSE
11
11
11
2654
6207
FALSE
9960
9986
9998
9998
1069
2155
9998
2654
7
11
7
FALSE
1035
9998
FALSE
FALSE
FALSE
FALSE
11
FALSE
11
11
FALSE
FALSE
11
6
1960
11
11
FALSE
1960
9971
5
FALSE
9998
9998
7102
11
8122
9998
1214
8122
1214
11
11
FALSE
2664
FALSE
1214
11
FALSE
9408
11
8180
1069
9998
1214
1069
5488
5488
11
9998
11
6
1960
FALSE
9998
9998
9998
11
9939
4356
4
FALSE
11
6
9998
9235
11
5
FALSE
11
2664
11
2664
9998
9998
11
9998
5
9418
9994
2664
FALSE
9998
9986
2705
2705
FALSE
9998
FALSE
FALSE
2
2705
5
11
2705
9938
2705
5
11
2705
9998
11
5
9998
11
5
5
5
11
5488
8363
9998
9998
2862
11
FALSE
2862
5488
2
3859
5
FALSE
9998
FALSE
9998
6
11
FALSE
2862
9998
11
9998
9998
2705
6
FALSE
11
9998
11
FALSE
3
9998
5488
11
2862
9998
5306
9998
11
2705
9998
2862
9998
2705
FALSE
1712
6610
9998
4
FALSE
9971
11
11
9998
2
11
2862
2
9998
6199
6199
9998
9408
2
6199
9938
5488
3
4119
4119
2
2
FALSE
9998
2
FALSE
2
2
2
FALSE
9971
9998
9542
2
9998
3227
9998
2
3227
4
9009
451
451
3227
451
9955
3
11
FALSE
9998
6610
3
6199
451
9998
FALSE
451
6199
5
451
FALSE
4
6610
451
FALSE
6199
6199
451
5
FALSE
451
5
9939
11
6199
6199
6610
9960
FALSE
FALSE
FALSE
11
4
9939
9998
451
9998
250
9408
6651
FALSE
9938
FALSE
9994
9998
9998
6
6610
960
FALSE
9998
960
960
250
11
11
11
9987
571
9542
250
5
FALSE
5
5
9998
5
6923
5
9998
5
3426
6
6923
7
11
9998
571
FALSE
11
9998
11
5799
11
5
451
FALSE
5
9998
571
6726
6726
5
6923
571
9235
FALSE
6923
9418
11
9971
11
7266
571
11
11
FALSE
11
11
7266
9
2561
8180
9291
FALSE
FALSE
7804
2
9998
451
3446
9960
11
9998
5
FALSE
9998
7519
11
11
9998
9998
8280
9994
9998
11
11
9998
9235
5
6933
11
451
FALSE
451
9998
9009
451
9998
9998
FALSE
9987
9994
6933
FALSE
9998
9998
FALSE
5
11
11
9998
4338
11
451
FALSE
2802
9998
451
3655
FALSE
8122
11
3655
2
11
11
FALSE
451
451
451
451
9998
7804
9180
11
451
9998
6933
FALSE
7804
9998
11
FALSE
3655
5
FALSE
9998
6
6
9998
FALSE
6610
FALSE
451
6610
9998
6
3655
451
FALSE
6933
11
6933
FALSE
9291
11
7804
FALSE
11
1572
6
11
5
9998
9998
11
7804
9998
9998
6933
9998
FALSE
6
5
6
6
9291
9998
11
FALSE
451
FALSE
6
9998
9998
451
FALSE
8814
11
9998
9235
451
451
11
FALSE
451
7906
8814
8363
7
11
11
3254
9998
7
9998
7906
FALSE
7
11
451
9960
7906
451
11
11
7
FALSE
451
FALSE
451
7
9998
8180
451
451
11
7
11
9998
8122
1472
8
7
1472
9938
9998
4189
7
11
FALSE
1472
11
1764
11
1472
9998
7992
11
FALSE
FALSE
11
11
9998
7992
451
1764
8
9998
451
FALSE
1472
8945
1764
451
FALSE
451
9291
FALSE
8
9998
97
9998
9998
8
11
11
4567
1764
4567
11
8
8
FALSE
9998
11
11
9998
9998
4499
9998
4499
4567
1764
4567
1024
FALSE
1024
9998
FALSE
9998
8280
FALSE
11
451
451
1764
3848
9986
7
FALSE
2067
7
9418
9009
11
9987
5
FALSE
8945
FALSE
11
9998
9998
7058
9998
7058
11
11
97
7080
97
9998
97
97
4
4
9418
7080
9998
11
97
11
8945
7080
97
11
11
7080
FALSE
7080
11
7080
11
9998
97
9998
9009
9987
9998
4
8814
FALSE
FALSE
11
FALSE
FALSE
97
11
4
97
8363
9998
8497
9998
11
FALSE
FALSE
2
5
9998
8497
5
2936
11
2936
5
97
9291
9998
11
8814
11
97
11
97
5
8945
9998
97
97
8814
97
97
9955
11
8929
FALSE
97
FALSE
FALSE
2
FALSE
9998
97
9971
FALSE
FALSE
8945
9998
11
4
9998
11
9939
9009
9998
11
8945
FALSE
11
9994
9998
9009
9998
FALSE
9938
6
1423
9939
97
4
9009
9998
9009
9998
9009
7
2142
9009
9316
9971
9998
9994
FALSE
2142
9180
97
2142
9998
9009
9998
11
9998
FALSE
11
2543
8682
9009
9009
FALSE
2543
FALSE
FALSE
9998
2543
9180
7
11
11
9180
11
9998
11
2391
9180
97
11
2543
11
9998
97
2543
9998
2543
11
1118
FALSE
FALSE
97
9998
11
2543
7
1118
9955
9
9998
11
FALSE
10
9180
9180
2391
1541
9998
9959
FALSE
FALSE
9
1541
9998
9998
FALSE
2543
11
2543
9316
1118
1541
11
6240
11
9291
86
2391
6837
11
11
11
11
289
11
1541
9542
9998
7
11
FALSE
8
9956
9998
2543
289
FALSE
11
11
1541
2543
5500
2
11
FALSE
6837
11
11
11
FALSE
1118
2543
5500
11
9998
11
11
1541
1088
FALSE
5500
5500
9938
11
9998
11
11
10
FALSE
11
13
11
2543
5500
289
FALSE
11
1088
11
1118
9998
6285
9998
6285
1541
14
FALSE
6285
6285
524
1541
97
1541
11
9998
9956
2543
11
11
6285
9998
11
1555
9998
11
11
2657
9998
2657
11
12
1541
11
184
11
9955
1541
6
9998
1541
9998
12
11
11
9692
FALSE
6285
10
FALSE
11
2543
FALSE
2543
9998
FALSE
2657
9556
5500
9971
9
9986
2657
FALSE
2657
9998
6285
11
7
11
1555
9998
11
6837
86
7
6837
11
FALSE
6837
11
7
9998
FALSE
FALSE
9781
FALSE
11
FALSE
2921
9998
5422
FALSE
FALSE
6837
FALSE
184
5422
3386
5422
8
8
FALSE
5422
11
5422
203
FALSE
FALSE
203
5422
9316
FALSE
FALSE
FALSE
9939
9418
9998
203
11
203
9998
7240
11
203
9998
9998
8
8
11
FALSE
7703
9998
9
2481
7240
11
2481
10
6837
11
11
10
9998
9998
9998
FALSE
7240
11
11
9
9998
FALSE
FALSE
FALSE
9998
7318
3965
9998
10
9998
11
9
10
832
FALSE
FALSE
11
FALSE
FALSE
8250
FALSE
832
TRUE
3
4968
3537
3965
9998
FALSE
9998
7583
FALSE
9994
832
FALSE
11
11
7703
3965
9
3965
9971
9
FALSE
11
7318
3965
8
FALSE
11
FALSE
FALSE
832
9
FALSE
11
832
11
11
9998
11
9987
9880
11
8
832
9960
832
9998
11
7583
FALSE
9291
9542
203
9
9994
9998
7703
7703
FALSE
11
9418
7703
7703
203
7583
11
11
8
FALSE
11
FALSE
7583
11
11
7703
11
832
832
FALSE
11
203
FALSE
8
FALSE
8250
11
FALSE
9998
1445
832
7583
10
10
86
9939
203
832
FALSE
FALSE
9998
FALSE
9998
1445
8893
9956
9986
11
9960
1445
1445
8250
11
1445
FALSE
9998
11
9
86
8296
203
8
1445
4476
9994
8721
11
11
9998
11
8893
8893
10
203
8893
1528
11
1528
9998
9998
9998
7
11
7
9998
11
9958
203
9291
9998
9781
9291
9842
9
1528
1770
12
9998
8893
9998
11
9998
203
FALSE
12
10
2973
FALSE
2973
11
9998
9998
13
2973
2973
FALSE
7
11
13
203
2605
1770
11
2973
1528
2973
11
11
2098
2
11
FALSE
10
1770
FALSE
FALSE
2098
FALSE
203
FALSE
2098
FALSE
9
2098
9998
FALSE
FALSE
9
9418
580
11
580
203
2098
9
9418
9998
11
9998
9418
9
9998
2650
FALSE
97
2650
9998
11
FALSE
9998
833
6
86
9998
9956
9998
FALSE
10
833
833
9542
9998
580
9
FALSE
11
FALSE
9998
8
9692
2650
9994
11
9
9998
11
10
3670
9955
12
9
11
11
11
11
833
9939
9986
FALSE
203
580
833
9998
FALSE
9842
833
10
11
9998
9958
11
10
9998
1439
1439
FALSE
FALSE
9998
9939
11
9
FALSE
9938
9998
9955
11
9938
9998
11
7975
11
580
9938
11
11
FALSE
11
580
10
9955
11
341
580
11
11
580
9998
9
FALSE
9
9955
FALSE
9955
11
9956
4772
11
9
86
FALSE
FALSE
2743
9998
10
86
9998
9971
11
580
FALSE
9971
341
2478
FALSE
3504
FALSE
9998
FALSE
580
9
9955
13
12
9998
97
13
203
FALSE
7
2478
FALSE
2478
9987
580
2478
11
11
FALSE
12
9998
8
9998
9955
3504
FALSE
2743
12
10
9998
11
9998
11
9344
8287
FALSE
580
97
3504
11
FALSE
9
12
11
2743
FALSE
3504
9998
9959
2478
11
9960
9998
2478
11
12
203
580
9998
11
86
11
9
11
10
11
580
9
9998
10
5369
2743
9998
203
11
FALSE
9971
8
11
8
8012
8
9998
8
341
341
9959
9727
2
97
86
11
11
8753
336
8753
9998
97
341
11
FALSE
9998
9998
9971
FALSE
11
11
341
8
9994
FALSE
FALSE
8720
9998
9986
8720
8720
336
97
9
FALSE
9987
8753
336
336
11
11
11
10
FALSE
9998
341
FALSE
9998
9998
9
9994
11
10
1076
9955
9998
9955
9998
9998
11
FALSE
9955
9998
336
FALSE
11
11
9955
1076
FALSE
1076
10
11
1076
9998
10
9843
5490
1076
11
11
11
3262
203
11
3262
11
11
9955
9998
9998
9
11
9998
9998
1505
1505
9843
203
9
1076
11
11
11
9998
2
5490
12
11
FALSE
5490
9998
1076
FALSE
97
10
FALSE
9956
9987
2634
525
338
9998
12
9998
13
FALSE
9958
11
5490
11
9998
FALSE
FALSE
5490
FALSE
11
9843
9955
2634
4213
11
13
1308
9998
4213
9998
9998
11
11
FALSE
FALSE
408
9994
FALSE
9843
12
9994
11
9955
2634
FALSE
9843
1308
9843
FALSE
9843
2634
FALSE
1308
9998
9955
9955
12
11
525
11
FALSE
225
2634
5439
11
2885
FALSE
408
9998
11
1308
5439
1308
9998
5439
9998
FALSE
FALSE
12
11
FALSE
11
11
11
9998
1308
11
11
11
11
9998
525
FALSE
9282
11
9282
9998
12
11
12
97
11
11
5741
9998
11
5741
12
13
86
9998
9998
4495
14
4495
5741
9998
FALSE
11
3137
3137
9998
6431
9998
FALSE
3137
5747
11
9994
13
806
339
FALSE
3137
FALSE
FALSE
9998
6431
5128
11
FALSE
3137
9986
11
9998
3137
806
11
FALSE
9998
806
10
11
86
11
408
806
9986
9960
11
11
FALSE
11
806
7146
12
11
806
86
FALSE
9998
9986
FALSE
408
11
11
9998
988
13
FALSE
11
9987
11
11
11
988
988
988
9998
9998
10
9955
FALSE
9998
9998
9955
988
12
408
10
9959
9998
13
FALSE
11
11
9998
9998
FALSE
11
9998
9958
9282
9282
9986
949
225
FALSE
FALSE
988
988
86
FALSE
9998
FALSE
11
13
988
9998
273
9958
9958
9998
9958
11
9998
9987
11
9998
FALSE
5
9971
9958
FALSE
13
6
225
9959
9998
13
13
FALSE
9998
9986
11
9958
11
11
13
13
408
988
10
11
988
13
136
11
9998
13
8453
11
FALSE
FALSE
9129
341
9998
11
9129
13
9959
FALSE
408
988
FALSE
86
FALSE
408
3030
9998
9998
FALSE
9998
11
11
FALSE
9998
408
11
273
3471
11
9959
3030
6740
11
9350
15
9998
11
11
7
FALSE
12
11
FALSE
9986
FALSE
14
12
11
11
86
3471
6918
11
FALSE
13
FALSE
9998
6918
8964
11
3471
3471
11
11
10
6918
11
10
622
9998
FALSE
FALSE
FALSE
10
FALSE
6880
6880
9998
9986
FALSE
622
341
8964
6880
97
11
10
7125
9998
341
341
341
341
7125
11
341
9
9998
FALSE
10
5934
341
9971
341
7191
9
FALSE
9
7191
7191
9998
11
97
9998
FALSE
341
7325
11
9971
9
97
FALSE
FALSE
11
341
7191
9
9959
341
341
FALSE
8964
341
FALSE
9998
FALSE
FALSE
9998
8335
339
8335
341
10
341
11
4340
11
5976
5976
11
FALSE
341
341
9998
11
10
11
FALSE
341
9998
FALSE
7733
4524
9956
12
4524
11
9250
97
12
11
9998
8335
9129
7733
8335
225
11
7733
9998
1458
9344
11
9998
11
12
10
9998
8964
10
9998
9998
