FALSE
10276
FALSE
FALSE
701
FALSE
3457
2995
19575
2995
4381
8180
8180
2995
10276
2995
2995
6300
2995
FALSE
6752
19575
19575
FALSE
2995
2995
19575
19575
4526
6752
6752
10994
2995
4381
FALSE
5440
2995
2995
FALSE
4381
4381
6752
FALSE
FALSE
10997
4526
4381
10997
6752
4526
19835
3420
6752
FALSE
19835
3420
6752
19835
3420
3420
6675
6752
5440
4526
FALSE
6752
4526
4526
FALSE
19835
19835
4526
19835
FALSE
5440
FALSE
19835
6752
4526
4526
4526
4526
FALSE
FALSE
4526
6752
12822
4723
19835
19835
4723
4723
10123
19835
4723
4723
4534
19835
4723
2017
2017
6830
FALSE
19835
19835
4723
10670
2017
2017
FALSE
3226
2017
2017
FALSE
2017
2017
FALSE
FALSE
3226
13790
13790
13790
13790
13818
13790
19835
13790
FALSE
13790
13790
FALSE
5425
5425
FALSE
13906
19835
FALSE
19835
13906
19835
5425
5425
FALSE
FALSE
5425
5425
5425
19835
19835
19835
5425
5425
5425
FALSE
19835
894
FALSE
19835
14391
14391
504
504
894
894
19835
504
14464
504
14464
504
14464
504
14626
15623
894
19835
504
19835
504
504
2825
FALSE
12383
894
19835
894
504
FALSE
15389
6909
894
FALSE
6909
FALSE
894
504
894
FALSE
FALSE
15623
894
894
504
894
13114
19835
FALSE
FALSE
504
504
8746
6909
894
19835
19835
504
13114
894
504
FALSE
13114
19835
FALSE
504
504
FALSE
FALSE
FALSE
19835
19835
FALSE
504
19835
504
504
19835
19835
504
504
8746
8746
19835
504
FALSE
10114
504
504
8746
8746
FALSE
504
FALSE
7507
7507
504
504
FALSE
504
19835
504
FALSE
19835
2773
19835
504
19835
19835
504
19835
9149
FALSE
19835
504
8746
8746
504
504
109
109
7797
109
19835
4249
FALSE
FALSE
6790
FALSE
19835
109
19835
FALSE
4249
FALSE
109
FALSE
109
FALSE
109
TRUE
10936
109
13278
504
13278
504
109
19835
FALSE
109
504
109
504
109
13278
504
FALSE
19835
109
FALSE
FALSE
13740
13740
504
109
13740
13740
109
FALSE
13740
504
FALSE
19835
109
FALSE
13296
109
19835
109
109
2137
FALSE
109
14205
FALSE
2137
2137
19835
14205
14205
19835
FALSE
15689
15689
109
FALSE
FALSE
109
109
16022
109
19835
109
109
19835
19835
109
FALSE
16022
16022
FALSE
FALSE
19835
109
7374
2060
10446
19835
2060
11719
109
2060
2060
19835
2060
11719
2060
FALSE
2531
19835
109
2531
109
16022
2531
2531
FALSE
109
2531
16205
FALSE
109
109
109
FALSE
2531
19835
FALSE
109
109
109
19835
2531
109
19835
FALSE
FALSE
19835
109
14256
19835
2531
FALSE
19835
2060
109
FALSE
2060
FALSE
19835
109
19835
2060
2060
19835
19835
19835
19835
2060
16222
19835
2060
109
FALSE
109
FALSE
16253
FALSE
FALSE
16222
2060
19966
3667
19966
109
19966
16253
19966
FALSE
109
5932
16253
16253
109
FALSE
19966
2060
109
2700
3667
19966
5932
109
FALSE
3667
16253
109
14526
19966
FALSE
3667
FALSE
FALSE
109
109
FALSE
19966
FALSE
16253
109
19966
109
109
FALSE
109
FALSE
19966
109
109
16792
109
FALSE
109
109
109
19966
109
109
FALSE
19966
109
16792
16792
109
3832
17086
3832
3832
109
19966
3832
109
19966
3832
14224
19966
19966
109
17113
FALSE
109
109
19966
3758
13787
19966
FALSE
17113
109
19966
17300
109
FALSE
3758
19966
17540
3758
4499
4499
17577
FALSE
17577
4499
109
4499
FALSE
4499
19966
4499
FALSE
FALSE
109
19966
4499
17855
19966
17955
17955
109
109
FALSE
FALSE
4499
4499
109
19966
FALSE
109
109
109
19966
19966
109
109
4499
FALSE
109
109
FALSE
19966
FALSE
12449
109
12449
19966
FALSE
109
109
109
19966
109
109
109
FALSE
109
19966
19966
13442
109
14668
14668
19966
109
19966
14668
109
109
19966
19966
19966
109
109
109
109
109
FALSE
109
109
109
17974
19966
FALSE
7592
FALSE
109
7592
17974
6423
109
7810
19966
109
109
19966
109
FALSE
7810
19966
FALSE
109
13412
7810
13412
109
109
FALSE
109
19966
19966
17974
109
19966
19966
3447
FALSE
19966
900
19966
900
3447
900
109
19966
19966
FALSE
12459
12459
FALSE
FALSE
109
12459
12459
19966
16255
FALSE
3447
FALSE
FALSE
109
19966
12341
FALSE
3447
3447
19966
3447
FALSE
FALSE
FALSE
19966
12459
3447
FALSE
109
3447
FALSE
109
19966
19966
5154
2902
19966
8869
19966
109
FALSE
19966
109
FALSE
109
8536
19966
FALSE
109
109
8869
19966
12459
12459
650
109
FALSE
19966
109
650
650
FALSE
FALSE
14419
19966
19966
650
109
109
650
19966
19966
9111
12014
12459
14163
109
650
109
19966
109
19966
109
14163
19966
19966
14419
FALSE
109
FALSE
109
6452
6452
9609
FALSE
650
FALSE
FALSE
650
11875
650
650
FALSE
650
650
109
FALSE
FALSE
19966
650
FALSE
650
650
19966
19966
149
FALSE
19966
1688
87
87
87
149
19966
87
87
9534
19966
11322
19966
319
87
87
19966
87
14555
FALSE
319
87
FALSE
19966
87
319
15383
15383
19966
3196
319
FALSE
87
87
FALSE
19966
FALSE
87
87
319
FALSE
13936
87
87
19966
4007
19966
109
319
FALSE
4020
87
319
19966
4020
87
319
19966
16255
19966
319
87
4020
4020
FALSE
FALSE
319
87
FALSE
319
FALSE
FALSE
FALSE
19966
319
319
19966
319
3237
19966
16281
3237
3237
FALSE
19966
FALSE
761
19966
319
8332
19966
16407
16407
19966
87
16281
16281
16281
16281
68
68
761
FALSE
FALSE
19966
7437
319
7437
319
319
19966
7437
319
19966
68
FALSE
FALSE
68
319
FALSE
7437
319
7245
FALSE
68
68
19966
19966
FALSE
FALSE
7245
3051
68
7437
3051
19966
420
7437
19966
19966
68
12964
7437
7437
68
68
68
19966
7437
19966
19966
420
19966
7437
3051
68
16793
FALSE
68
3051
19966
16793
FALSE
68
6781
7245
3051
19966
3051
19966
FALSE
FALSE
68
FALSE
9436
9436
7437
9436
FALSE
19966
420
9436
19966
9436
68
9436
19966
FALSE
68
19966
19966
19966
FALSE
FALSE
FALSE
68
19966
3218
13048
68
19966
3218
68
68
11092
FALSE
2052
68
4423
FALSE
68
FALSE
19966
68
68
10982
FALSE
68
68
4423
FALSE
420
4423
10982
FALSE
FALSE
4423
FALSE
FALSE
4423
19966
FALSE
68
68
3218
FALSE
19966
15729
19966
FALSE
68
19966
4806
FALSE
3218
3218
68
14986
68
13509
13509
68
19966
FALSE
68
19966
19966
19966
68
68
68
68
19966
19966
4901
FALSE
5633
68
19966
FALSE
FALSE
19966
FALSE
FALSE
12474
68
FALSE
68
68
13378
68
FALSE
19966
68
FALSE
5633
687
FALSE
68
FALSE
68
19966
4901
4901
68
68
68
4901
68
19966
16271
13378
19966
FALSE
68
68
19966
687
13378
5459
19966
68
FALSE
16271
FALSE
FALSE
68
687
FALSE
19966
19966
19966
5422
16271
5459
68
FALSE
5422
68
687
19966
68
68
FALSE
5459
FALSE
19966
687
687
FALSE
19966
68
FALSE
FALSE
19966
FALSE
FALSE
5422
68
19966
3595
5459
FALSE
687
FALSE
68
68
5459
FALSE
16793
68
FALSE
19966
FALSE
16793
FALSE
FALSE
FALSE
FALSE
FALSE
16793
68
19966
19966
68
4895
19966
FALSE
4895
4895
FALSE
4895
19966
FALSE
16930
68
687
16930
687
687
16930
16930
FALSE
2191
FALSE
68
687
FALSE
16930
FALSE
19966
687
FALSE
16930
FALSE
FALSE
FALSE
16930
FALSE
68
448
FALSE
19966
19966
19966
687
687
68
68
16930
FALSE
68
19966
687
17083
FALSE
68
19966
13978
68
FALSE
FALSE
68
687
FALSE
19966
19966
68
FALSE
687
68
FALSE
15097
15097
687
15097
19966
19966
19966
FALSE
16930
68
17083
68
19966
FALSE
68
19966
FALSE
68
2554
68
68
687
68
14370
19966
19966
2554
FALSE
687
13116
2830
687
19966
2554
19966
68
2830
2830
FALSE
19966
FALSE
17500
2830
2830
FALSE
1459
87
87
17660
17660
FALSE
87
FALSE
17660
2554
87
19966
19966
17772
19966
FALSE
17885
87
18247
FALSE
87
19994
19994
4905
87
19994
87
19994
19994
2554
2554
18305
87
87
2554
87
FALSE
4573
2208
FALSE
19994
19994
87
4573
87
319
87
87
FALSE
4090
1459
FALSE
18379
165
87
19994
1459
1459
448
1459
1459
18379
19994
1459
18379
19994
87
19994
19994
FALSE
19994
87
FALSE
FALSE
87
19994
18379
87
448
1459
FALSE
FALSE
87
FALSE
16038
16038
87
1459
87
1459
FALSE
1459
87
19994
18379
1459
18379
1459
87
18379
FALSE
FALSE
1459
19994
19994
87
19994
87
19994
1928
18577
FALSE
87
87
19994
212
FALSE
87
87
87
FALSE
8535
19994
1459
FALSE
87
1459
FALSE
19994
87
19994
19994
87
FALSE
87
19994
FALSE
19994
19994
19994
1459
19994
FALSE
19994
FALSE
19994
19994
87
11117
11117
87
11117
11117
2471
19994
11117
87
11117
FALSE
1459
2471
19994
87
87
1459
2471
87
87
1459
87
FALSE
1459
87
19994
1459
FALSE
87
87
1411
87
1459
1459
1411
FALSE
87
FALSE
87
FALSE
1459
87
FALSE
87
FALSE
87
4275
12794
16343
87
FALSE
19994
1459
4991
19994
FALSE
87
16343
16449
10470
FALSE
1459
87
1459
87
FALSE
FALSE
FALSE
1459
FALSE
10470
19994
1411
10470
10470
87
FALSE
420
FALSE
1459
1459
11343
19994
1459
1269
87
420
FALSE
19994
1034
11343
13103
9162
19994
11343
87
11343
87
FALSE
87
1459
FALSE
87
19994
19994
11343
FALSE
FALSE
15693
FALSE
2238
FALSE
15693
19994
16343
16343
2238
2238
FALSE
87
FALSE
19994
1459
87
5932
FALSE
5932
16449
FALSE
87
16806
16806
19994
16806
16806
87
19994
2397
2397
2397
17614
87
FALSE
11911
11911
87
87
FALSE
87
1459
87
FALSE
FALSE
19994
2397
7090
87
19994
87
2397
2397
FALSE
FALSE
87
19994
87
19994
18577
87
FALSE
87
87
FALSE
FALSE
1034
18470
FALSE
87
18470
87
19994
18577
87
FALSE
1034
18577
1034
87
18704
18704
FALSE
19994
18704
FALSE
19994
1459
1459
18704
FALSE
19994
87
87
87
19994
87
14963
3597
19994
19994
14963
19994
14963
FALSE
19994
14461
19994
3597
87
12539
FALSE
87
FALSE
722
1459
1459
14461
87
FALSE
87
19994
FALSE
19994
FALSE
87
FALSE
87
FALSE
15857
1843
87
19994
3474
14963
15857
19994
87
19994
87
3474
19994
FALSE
87
87
15857
18475
19994
19994
18475
1843
19994
2461
19994
FALSE
FALSE
87
87
19994
FALSE
19994
FALSE
18499
19994
4384
18475
87
87
19994
87
2146
448
19994
4384
1459
4384
2461
10223
19994
18499
19994
FALSE
87
10223
2146
87
1459
FALSE
10223
10223
87
87
FALSE
18673
18673
1459
FALSE
19994
2146
5125
18704
FALSE
18757
FALSE
19994
5125
19994
87
2146
FALSE
87
1459
19994
18704
18704
87
87
FALSE
FALSE
19994
FALSE
2146
8164
18757
19994
87
FALSE
87
19994
19994
18757
19994
2146
87
87
87
19994
2146
2146
FALSE
87
FALSE
87
18838
19994
19994
87
87
87
19994
19994
87
19994
19994
87
15571
19994
87
1504
10829
18877
87
19994
FALSE
19994
87
18934
1504
1459
87
87
1459
1504
5719
FALSE
5719
5486
87
19994
FALSE
87
9016
19994
9016
19994
FALSE
19994
19002
FALSE
19994
1504
87
1504
1459
1504
1504
1504
1504
1504
FALSE
FALSE
87
1504
19020
FALSE
19994
7507
FALSE
1504
7507
FALSE
1504
14463
19994
14463
87
87
FALSE
14463
19994
1504
87
14463
87
19994
FALSE
87
87
19994
1504
FALSE
1504
19994
14463
87
14463
19994
1504
FALSE
87
FALSE
1504
1504
87
19994
1459
87
1504
19994
FALSE
1504
1064
12004
FALSE
2666
19994
19994
87
FALSE
19994
FALSE
FALSE
87
8513
15545
19994
2666
87
15545
19994
FALSE
19994
87
87
87
1504
6087
FALSE
19020
87
87
FALSE
FALSE
19020
19994
19994
FALSE
FALSE
18552
19994
FALSE
19994
FALSE
FALSE
87
3604
87
3604
19994
FALSE
19028
87
19028
TRUE
19020
19020
19020
19994
19038
3355
87
19994
19994
19994
FALSE
19058
19058
19038
19994
19058
87
19994
FALSE
FALSE
87
87
FALSE
3355
19994
19058
19058
FALSE
19038
19180
FALSE
19994
FALSE
FALSE
4501
4501
4501
19259
FALSE
674
4501
4501
674
FALSE
FALSE
19180
6120
674
FALSE
674
19994
19994
4501
6120
674
8444
FALSE
FALSE
19994
FALSE
674
10854
FALSE
19994
FALSE
19994
1442
FALSE
FALSE
FALSE
1442
8444
19994
FALSE
674
674
1337
19994
FALSE
674
6120
674
674
1337
674
674
674
FALSE
4501
FALSE
1790
12515
1504
12515
10903
674
4501
19994
19994
674
FALSE
19994
12840
674
674
6120
674
674
674
FALSE
674
6120
19994
6120
11847
11847
FALSE
FALSE
FALSE
FALSE
2866
FALSE
12515
674
1337
11562
674
674
4501
674
19994
5154
FALSE
19994
11562
5154
7510
9651
674
674
11562
674
674
19994
19994
1504
19994
674
FALSE
9388
5578
1790
674
19994
674
9651
2866
674
FALSE
2866
2866
674
674
19994
19994
19994
FALSE
8112
19994
1504
1504
1504
3010
19994
19994
1850
4013
FALSE
9651
1850
19994
FALSE
9651
11610
4013
FALSE
1125
1125
FALSE
19994
FALSE
1125
4013
19994
1125
19994
3010
FALSE
12515
3010
1125
4013
4013
1125
1125
12840
19994
1125
19994
13029
1850
14335
1125
13029
FALSE
FALSE
1850
FALSE
FALSE
15254
19994
15254
1850
463
463
FALSE
15254
1850
FALSE
1790
5307
12886
FALSE
15254
15254
1125
1504
1504
1125
1125
5307
12886
5307
1125
1125
8989
5307
8989
FALSE
19994
5307
15318
1504
19994
1504
8989
6534
6534
19994
6534
10715
19994
1850
1850
FALSE
10715
1504
1504
1504
1504
11027
1629
4775
1629
1629
10715
1629
1629
FALSE
4775
1629
19994
19994
4775
19994
1629
1629
FALSE
1629
1850
19994
FALSE
19994
FALSE
1629
19994
19994
1629
15318
1850
FALSE
1850
15318
1790
1629
19994
19994
19994
19994
19994
1790
FALSE
19994
1790
5114
9746
19994
7516
19994
7516
7516
FALSE
FALSE
FALSE
19994
10100
15318
7516
7516
7516
19994
19994
7516
FALSE
10100
19994
19994
9469
7516
FALSE
7516
9469
12432
FALSE
FALSE
10100
9469
19994
FALSE
10100
10100
6700
8128
FALSE
6700
6700
19994
19994
6700
9469
9469
8128
FALSE
19994
FALSE
FALSE
FALSE
10349
19994
19994
19994
3825
3825
10100
3825
19994
9668
9668
10349
19994
9668
FALSE
8784
8784
8784
10349
FALSE
8784
FALSE
8784
9668
19994
10349
9668
10349
FALSE
9668
10349
10349
FALSE
9668
10349
FALSE
10349
12000
12000
12348
12000
12348
19994
12348
12348
12432
938
FALSE
FALSE
938
FALSE
19994
FALSE
938
FALSE
FALSE
12432
FALSE
12348
8048
938
12348
938
19994
19994
19994
FALSE
19994
12348
19994
19994
FALSE
FALSE
FALSE
16334
16334
19994
2434
19994
17354
19994
938
FALSE
2434
19994
17383
17383
19994
17383
17554
938
938
938
17554
19994
938
FALSE
21
21
21
FALSE
21
FALSE
FALSE
FALSE
19994
FALSE
21
21
2434
17857
17857
17857
2434
938
2434
FALSE
19994
19994
FALSE
3375
FALSE
FALSE
21
18636
FALSE
19994
21
19994
FALSE
18197
21
21
19994
FALSE
FALSE
18722
18722
18722
21
21
18722
FALSE
FALSE
19994
21
21
FALSE
21
19994
FALSE
18926
18926
19994
19180
21
21
21
18926
21
18926
21
19180
FALSE
21
19180
19994
21
FALSE
19180
19994
FALSE
FALSE
19994
21
FALSE
FALSE
19994
19994
21
19994
14145
21
19994
21
19994
19994
21
19994
19994
21
19994
19994
21
21
FALSE
9806
21
9806
10802
10802
21
5324
19994
19994
FALSE
19994
14732
12735
12735
21
5324
5324
19994
21
21
FALSE
FALSE
19994
19994
19994
14732
FALSE
21
19994
14732
FALSE
21
FALSE
3925
FALSE
21
21
19994
19994
FALSE
3925
21
21
21
21
FALSE
21
14145
21
4358
4358
21
FALSE
FALSE
FALSE
19994
FALSE
21
FALSE
19994
19994
19994
21
10217
19994
21
11245
21
21
21
21
19994
FALSE
21
21
21
19994
FALSE
21
21
14145
14145
FALSE
21
21
19994
21
21
21
FALSE
19994
FALSE
14145
13895
21
14145
FALSE
8241
14748
FALSE
16110
21
16110
FALSE
19994
21
21
19994
14080
16110
16110
21
21
16110
19994
12665
21
12665
16110
21
21
4843
21
21
FALSE
6708
21
19994
21
6708
FALSE
21
12665
21
21
21
16110
FALSE
8864
4843
5658
21
21
1544
FALSE
21
FALSE
FALSE
19994
FALSE
21
5658
FALSE
5658
FALSE
19994
19994
5658
19994
21
FALSE
FALSE
12665
FALSE
19994
21
14864
21
21
13966
FALSE
19994
21
19994
1914
19994
FALSE
21
19994
19994
13999
19994
21
3406
FALSE
21
19994
19994
FALSE
1544
FALSE
2581
19994
12762
19994
19994
19994
21
13999
2581
5658
21
21
19994
19994
13999
872
2581
19994
5658
21
21
19994
9345
FALSE
12762
21
21
9345
FALSE
19994
21
FALSE
3570
19994
21
21
21
19994
1544
19994
5658
2581
FALSE
FALSE
11864
1404
21
21
FALSE
FALSE
21
10803
5658
11864
21
21
5658
FALSE
FALSE
11682
FALSE
10803
19994
9109
9229
5658
5658
5658
5658
FALSE
1817
9940
21
21
1817
11864
FALSE
FALSE
19994
21
3732
21
10604
1544
FALSE
FALSE
3570
19994
FALSE
19994
10604
21
11581
FALSE
FALSE
19994
11682
FALSE
19994
3732
21
19994
19994
FALSE
11682
19994
21
1544
19994
FALSE
1544
11682
11682
19994
1544
19994
19994
19994
21
21
21
11682
1544
11864
FALSE
FALSE
19994
1404
FALSE
21
19994
21
FALSE
FALSE
11955
1544
1544
1544
11955
FALSE
21
21
12211
1544
12762
FALSE
1544
12762
FALSE
FALSE
25
25
12762
21
19994
12762
21
8155
8155
19994
21
8155
FALSE
12329
19994
21
9204
9204
19994
FALSE
8543
8543
8543
9204
FALSE
8543
25
19994
21
FALSE
25
25
12211
19994
8543
19994
19994
19994
25
8543
19994
8543
21
FALSE
25
25
185
21
19994
185
21
FALSE
21
12329
21
185
19994
21
12329
21
185
21
21
FALSE
185
FALSE
19994
185
19994
185
19994
13494
FALSE
25
FALSE
25
19994
14421
25
14733
19994
25
21
21
14421
25
25
FALSE
21
FALSE
19994
21
14421
19994
25
21
25
FALSE
FALSE
14421
FALSE
25
19994
19994
19994
FALSE
13177
25
19994
FALSE
19994
FALSE
19994
19994
14864
15217
FALSE
FALSE
21
FALSE
15217
25
19994
21
15915
15559
25
19994
19994
19994
25
19994
15559
19994
FALSE
21
25
25
21
25
1446
15559
15559
FALSE
15559
FALSE
21
25
19994
19994
1446
1446
FALSE
FALSE
15559
19994
15559
15559
19994
25
21
19994
1446
1446
FALSE
FALSE
16110
21
21
21
21
1446
19994
FALSE
1446
19994
FALSE
16110
16110
FALSE
21
1446
16297
1446
16297
1446
21
FALSE
1446
1446
16297
19994
FALSE
16297
1446
16110
19994
16297
1446
16297
FALSE
16297
21
21
3299
3299
3299
3299
3299
16804
16699
21
FALSE
21
19994
19994
21
19994
4259
19994
6379
21
25
21
16699
19994
4259
FALSE
21
21
4259
16804
16699
FALSE
25
21
FALSE
FALSE
19994
17015
FALSE
21
FALSE
FALSE
10073
21
16804
1446
21
19994
21
FALSE
FALSE
21
21
21
19994
FALSE
1446
21
13283
1446
1446
19994
19994
13283
13283
13283
21
19994
19994
21
12907
21
FALSE
21
1446
FALSE
19994
21
21
FALSE
19994
21
21
21
10477
5510
159
21
FALSE
19994
FALSE
21
FALSE
2148
12907
19994
21
3208
FALSE
13283
13283
13283
21
21
3208
13283
3208
FALSE
3208
19994
1446
19994
21
16804
21
19994
3208
21
FALSE
21
FALSE
21
21
19994
21
19994
19994
19994
25
19994
6187
FALSE
19994
19994
19994
FALSE
10433
12257
21
FALSE
12257
2308
19994
21
FALSE
12257
2308
FALSE
2148
159
12257
6707
6707
19994
19994
2308
21
7166
FALSE
21
19994
FALSE
12257
FALSE
7166
19994
FALSE
19994
FALSE
21
FALSE
19994
FALSE
21
21
21
13132
21
FALSE
FALSE
12743
2308
13132
21
2308
FALSE
19994
FALSE
FALSE
FALSE
21
21
159
21
21
21
19994
FALSE
FALSE
FALSE
FALSE
2726
2726
21
11029
19994
19994
21
FALSE
2726
19994
12743
2726
19994
21
159
159
159
FALSE
21
2726
19994
FALSE
21
21
FALSE
7580
2726
19994
FALSE
21
2726
2726
FALSE
25
FALSE
2726
25
FALSE
10695
12103
FALSE
25
159
FALSE
10695
FALSE
159
25
25
10695
FALSE
25
2726
8234
19994
19994
8234
FALSE
2726
25
8234
19994
25
19994
8234
25
25
FALSE
25
FALSE
2726
10188
8234
19994
FALSE
2726
FALSE
8234
2726
7950
FALSE
FALSE
25
25
19994
8180
8748
25
159
19994
8180
2726
FALSE
19994
19994
19994
FALSE
25
2521
FALSE
FALSE
25
25
159
2308
25
10858
8748
FALSE
25
FALSE
19994
8748
19994
19994
19994
2472
8180
25
FALSE
2726
FALSE
25
FALSE
19994
25
25
25
2726
19994
8748
19994
FALSE
FALSE
25
FALSE
159
2726
19994
6822
2521
FALSE
19994
9114
9114
TRUE
1406
FALSE
1406
12345
6822
19994
8748
19994
25
25
25
1406
19994
2726
5342
25
FALSE
2726
25
FALSE
25
19994
7265
2726
7776
19994
25
25
12345
19994
19994
FALSE
FALSE
FALSE
FALSE
FALSE
7265
12345
19994
19994
FALSE
5342
25
7776
FALSE
19994
19994
19994
13227
159
19994
19994
7776
19994
19994
5342
FALSE
19994
4755
3607
19994
25
5342
25
159
FALSE
FALSE
19994
FALSE
19994
19994
19994
19994
FALSE
25
19994
5342
25
1406
159
7265
19994
159
2726
FALSE
19994
25
FALSE
4755
FALSE
25
12345
19994
19994
25
19994
FALSE
19994
19994
FALSE
5342
12378
12378
FALSE
1406
25
12378
5342
FALSE
25
3607
FALSE
12378
1406
12345
2726
19994
13227
19994
25
19994
6010
2551
2551
6010
19994
1406
25
19994
25
19994
6010
FALSE
19994
FALSE
6010
FALSE
25
6010
19994
1406
19994
6010
5336
19994
19994
13330
13330
25
19994
FALSE
19994
6867
5336
6867
3562
2726
6867
FALSE
19994
2726
FALSE
25
19994
13227
19994
FALSE
19994
6867
25
19994
13335
6867
1608
13330
19994
984
25
19994
FALSE
FALSE
13335
1608
19994
FALSE
2726
FALSE
FALSE
25
FALSE
19994
6867
3562
25
6083
FALSE
10207
1608
6867
FALSE
19994
19994
13351
13808
25
FALSE
25
19994
25
2726
FALSE
25
25
FALSE
13808
25
1608
1493
FALSE
25
2726
FALSE
2726
19994
25
25
19994
19994
FALSE
2726
FALSE
19994
2726
19994
FALSE
19994
25
19994
13960
FALSE
25
19994
13960
FALSE
25
25
2726
19994
14252
FALSE
14252
2726
19994
19994
14638
2551
14482
19994
19994
19994
25
2726
25
2726
2551
19994
25
FALSE
19994
2525
2726
FALSE
25
2726
25
2525
FALSE
25
2726
19994
2726
9307
FALSE
9307
FALSE
1608
FALSE
9307
1406
FALSE
19994
FALSE
19994
19994
1493
25
FALSE
FALSE
19994
19994
4029
FALSE
19994
25
25
19994
4029
4029
19994
FALSE
25
19994
19994
19994
11250
25
25
25
FALSE
FALSE
4029
6609
19994
2525
FALSE
19994
11250
FALSE
4029
19994
5913
19994
25
532
FALSE
19994
FALSE
FALSE
FALSE
FALSE
19994
7714
19994
25
19994
7714
25
25
FALSE
25
FALSE
1940
FALSE
19994
19994
25
FALSE
7714
19994
19994
7714
19994
FALSE
FALSE
25
8296
7714
25
FALSE
1940
2726
FALSE
2726
25
19994
532
19994
FALSE
8296
25
3556
FALSE
19994
532
19994
19994
19994
FALSE
FALSE
25
1562
FALSE
FALSE
3556
7714
19994
25
19994
19994
19994
3346
6238
532
19994
3556
25
19994
25
1562
FALSE
FALSE
25
7754
3556
19994
FALSE
19994
532
FALSE
1562
FALSE
FALSE
25
25
FALSE
3556
342
19994
25
3556
25
25
19994
FALSE
19994
FALSE
19994
14482
1562
FALSE
TRUE
FALSE
1562
342
7928
19994
FALSE
3556
342
19994
1562
25
19994
25
FALSE
25
FALSE
7928
14638
1562
7928
342
19994
3136
19994
FALSE
3136
FALSE
14804
7928
FALSE
25
FALSE
FALSE
FALSE
19994
19994
FALSE
342
25
25
FALSE
12402
19994
25
6035
19994
19994
FALSE
19994
FALSE
25
4610
11636
19994
25
1562
1562
25
19994
FALSE
25
19994
19994
2453
342
14953
6596
1816
FALSE
25
25
15207
25
25
FALSE
342
25
1848
15875
16106
25
16106
25
FALSE
25
FALSE
25
25
342
342
16928
19994
3421
25
19994
19994
3421
19994
FALSE
25
3421
FALSE
9222
9222
342
19994
FALSE
342
FALSE
3680
25
FALSE
25
3680
16928
FALSE
3680
5543
FALSE
5543
19994
25
17003
FALSE
17003
FALSE
5543
5543
FALSE
FALSE
3680
25
19994
19994
19994
342
19994
17015
5543
17003
342
5543
17003
17015
17015
19994
5368
5543
19994
17058
FALSE
FALSE
FALSE
1476
FALSE
17089
17089
FALSE
19994
17058
25
19994
1476
FALSE
19994
1476
19994
19994
19994
17089
25
17089
25
25
25
17222
FALSE
FALSE
5274
1476
17214
25
FALSE
1476
342
25
19994
1476
17222
FALSE
17222
19994
25
19994
FALSE
25
FALSE
25
FALSE
17441
19994
25
342
342
342
19994
17374
19994
342
25
25
FALSE
19994
25
342
FALSE
342
342
342
4813
4813
13791
342
25
19994
342
17382
19994
342
342
14455
14455
13791
14455
19994
342
FALSE
14455
342
342
14455
25
FALSE
14455
19994
342
25
14455
342
342
FALSE
4960
4960
13146
342
342
4960
8058
FALSE
FALSE
19994
FALSE
25
13146
8058
FALSE
342
25
19994
25
FALSE
FALSE
4960
11780
754
4960
10980
19994
19994
19994
FALSE
754
25
754
25
10980
FALSE
FALSE
25
25
10980
19994
19994
19994
FALSE
10980
19994
19994
FALSE
754
754
25
754
FALSE
19994
14455
14455
19994
FALSE
17382
17382
25
342
FALSE
19994
754
25
754
25
754
13082
TRUE
FALSE
754
19994
13082
13082
25
754
754
FALSE
19994
FALSE
19994
FALSE
19994
25
9199
10159
25
FALSE
754
14722
14722
17382
25
25
25
17523
19994
FALSE
4755
19994
FALSE
4755
17523
FALSE
25
25
25
17445
4755
19994
19994
25
19994
17540
19994
25
25
6388
19994
19994
25
25
FALSE
19994
19994
25
25
25
FALSE
11655
11655
19994
19994
25
19994
FALSE
4797
17540
FALSE
FALSE
25
19994
25
12217
4797
25
15802
25
FALSE
1594
FALSE
19994
25
19994
17540
1594
1594
25
FALSE
17644
17644
25
19994
25
17540
25
FALSE
10152
25
25
25
19994
17649
19994
25
19994
25
25
17649
25
25
17649
17652
17652
19994
17652
17652
25
19994
FALSE
25
25
25
FALSE
6272
6272
25
FALSE
17660
25
6272
25
6272
12704
25
17660
25
25
12704
19994
17660
17660
19994
FALSE
FALSE
25
25
25
FALSE
19994
25
17660
FALSE
12704
12704
19994
19994
25
1006
19994
17688
17688
17688
19994
FALSE
FALSE
FALSE
17660
1006
17660
FALSE
FALSE
25
FALSE
10260
5837
10260
5837
FALSE
25
19994
FALSE
25
17660
17660
1006
FALSE
1006
1006
1006
19994
17688
1006
FALSE
17693
19994
1006
25
7246
13857
19994
25
25
19994
7246
13857
17693
FALSE
17693
13857
19994
FALSE
4762
25
25
FALSE
25
13859
19994
FALSE
25
FALSE
17714
25
17824
25
25
25
19994
25
25
17962
25
FALSE
FALSE
FALSE
FALSE
18078
18158
19994
25
18158
25
19994
19994
25
FALSE
25
18343
25
18343
18343
25
25
18349
18349
19994
25
18349
25
25
25
FALSE
3017
FALSE
18401
25
19994
FALSE
3017
FALSE
3017
3017
FALSE
25
19994
18461
19994
25
25
FALSE
25
25
25
3017
3017
19994
19994
18528
19994
FALSE
3017
25
FALSE
18528
18567
18567
3017
FALSE
19994
17884
25
19994
3017
FALSE
109
25
19994
19994
19994
18567
25
25
19994
FALSE
385
25
25
19994
25
FALSE
18518
25
18681
25
25
18794
25
19994
109
19994
25
19994
109
109
25
5384
FALSE
109
18915
109
19994
19994
109
109
109
18974
2024
FALSE
25
19994
109
19180
109
19994
FALSE
19180
25
25
19994
FALSE
25
25
FALSE
25
19994
109
19994
109
25
109
FALSE
FALSE
25
FALSE
25
19259
19994
19268
FALSE
25
25
25
25
FALSE
19275
19275
FALSE
19994
FALSE
25
11910
12383
FALSE
FALSE
FALSE
9073
109
25
109
FALSE
19994
109
19994
9723
25
12383
19994
19994
25
109
25
25
FALSE
FALSE
FALSE
25
109
6508
25
19994
109
19994
25
109
109
FALSE
19994
11910
25
11910
FALSE
FALSE
FALSE
25
11910
19994
19994
109
109
7587
25
FALSE
19994
25
19994
19994
10715
19994
FALSE
25
FALSE
11910
19994
FALSE
5267
3981
109
25
5267
11548
25
FALSE
5267
FALSE
11548
11548
FALSE
25
3981
9409
25
19994
FALSE
109
FALSE
25
109
109
11305
109
109
109
109
FALSE
25
19994
916
19994
11305
FALSE
25
FALSE
916
25
916
FALSE
12257
916
25
25
25
12383
25
19994
12383
12383
25
FALSE
25
FALSE
25
25
15919
15919
25
19994
25
FALSE
15919
25
19994
FALSE
25
19994
19994
16112
109
916
16927
16927
25
25
16112
25
916
19994
25
19994
25
17951
FALSE
25
25
25
19994
632
FALSE
632
FALSE
19994
8549
FALSE
FALSE
FALSE
25
25
8549
FALSE
25
25
25
719
19994
FALSE
719
6031
25
19994
4708
19994
6031
FALSE
4708
25
FALSE
5723
FALSE
719
8333
8385
19994
FALSE
25
7573
25
25
19994
8333
6031
25
8385
6031
25
719
19994
FALSE
25
FALSE
2292
FALSE
8385
25
2292
25
FALSE
7573
FALSE
19994
25
8385
19994
25
FALSE
25
19994
8385
19994
FALSE
583
2292
19994
2292
19994
FALSE
719
FALSE
632
18246
19994
19994
FALSE
19994
25
FALSE
25
18604
19994
3229
3229
18604
3229
19994
18604
18604
18604
19994
FALSE
25
FALSE
19994
FALSE
FALSE
18725
FALSE
18725
18604
2437
18604
2437
19994
109
18989
19994
FALSE
19994
3229
3229
19994
19994
2437
3229
FALSE
19994
109
5411
3229
5411
18989
FALSE
109
FALSE
19994
109
19994
FALSE
109
FALSE
5411
18989
FALSE
109
5411
5411
19994
FALSE
19109
FALSE
FALSE
19994
19994
19200
FALSE
19109
5411
19994
19994
1476
FALSE
5411
1476
5411
FALSE
632
19994
FALSE
19281
19281
109
FALSE
19281
19281
1476
1476
1476
19994
FALSE
109
1476
109
19311
19994
1476
109
FALSE
FALSE
109
109
FALSE
19994
1476
19994
19281
FALSE
1476
109
1476
109
FALSE
109
109
1476
1476
1476
19994
19994
FALSE
19994
1476
19994
109
109
FALSE
1476
632
FALSE
10204
1476
1476
1476
19994
10204
10204
1476
FALSE
12399
19994
19994
FALSE
12399
109
19994
10204
109
19994
FALSE
827
19994
FALSE
FALSE
19994
FALSE
FALSE
10204
10204
1395
FALSE
463
FALSE
19994
12399
12399
57
FALSE
57
FALSE
FALSE
57
57
FALSE
57
FALSE
TRUE
19994
19994
19994
10204
FALSE
19994
FALSE
57
FALSE
FALSE
11048
1395
57
19994
4012
19994
4012
4012
57
19994
57
FALSE
57
57
19994
1395
4012
FALSE
4012
1395
57
1395
14757
FALSE
4012
57
19994
57
19994
19994
14553
11736
57
1395
FALSE
14553
1988
19994
4012
109
19994
11736
19994
463
19994
19994
57
19994
6267
19994
57
1988
FALSE
57
4012
6267
19994
57
57
19994
5061
1988
119
FALSE
19994
TRUE
14553
57
10361
FALSE
19994
FALSE
1395
5200
57
57
19994
57
5200
10361
19994
1395
6493
1395
19994
14553
19994
19994
19994
57
6493
6493
7256
FALSE
14757
7256
57
57
FALSE
FALSE
7256
57
FALSE
1395
FALSE
119
FALSE
FALSE
19994
943
19994
57
57
583
19994
7256
57
1395
1395
7256
FALSE
7256
19994
12384
FALSE
FALSE
8020
1395
1395
FALSE
19994
7256
19994
7256
943
1395
57
FALSE
FALSE
57
FALSE
19994
57
8020
8020
FALSE
12338
57
12338
FALSE
8020
57
13435
1395
57
12384
12384
57
13435
19994
1395
19994
19994
FALSE
1395
FALSE
943
57
FALSE
13435
13435
57
109
19994
12384
FALSE
12384
1395
57
19994
57
1395
12384
57
12384
12384
FALSE
FALSE
1395
12384
1395
1395
12384
1395
1395
19994
12384
19994
12384
57
12384
57
1395
463
FALSE
13435
15150
1824
19994
1824
57
15150
FALSE
1824
57
FALSE
15987
15987
FALSE
15732
15732
3772
827
15987
3772
57
FALSE
FALSE
19994
3772
19994
19994
19994
FALSE
FALSE
16012
7914
7914
57
1395
16012
57
57
FALSE
FALSE
1918
FALSE
57
19994
57
57
FALSE
57
57
FALSE
19994
FALSE
19994
57
17232
57
19994
1918
364
57
15915
57
19994
57
57
FALSE
19994
FALSE
943
19994
943
18114
943
57
943
19994
57
FALSE
57
463
17919
3088
17919
19994
FALSE
57
19994
57
3088
57
943
FALSE
FALSE
943
57
19994
6060
FALSE
57
19994
FALSE
6060
463
FALSE
57
57
19994
13178
6060
6060
57
19994
19994
13178
6060
19994
57
57
57
19281
19281
6060
6386
6386
19994
FALSE
FALSE
FALSE
6386
6386
19994
943
57
57
5953
6386
9837
FALSE
FALSE
57
17759
FALSE
FALSE
57
17759
17759
57
19994
19994
57
FALSE
57
FALSE
19281
19994
2527
57
583
19994
2527
FALSE
FALSE
FALSE
19313
19994
FALSE
FALSE
19994
19994
19994
19313
57
19994
943
FALSE
19994
4212
10148
19994
15676
FALSE
57
583
FALSE
15676
57
19994
4212
57
10057
4212
19994
943
943
FALSE
FALSE
FALSE
19994
57
943
19313
421
FALSE
364
57
57
FALSE
19994
943
57
19313
57
19334
19994
57
19334
57
19994
FALSE
19994
943
943
57
943
19994
19400
57
57
943
57
FALSE
FALSE
943
583
57
19994
19994
943
FALSE
57
19400
19994
FALSE
6468
19994
19994
57
19994
57
19498
57
943
19498
19994
943
943
19473
19994
18610
19994
19994
19473
FALSE
FALSE
57
18610
7596
19473
18610
FALSE
18610
FALSE
19473
FALSE
943
57
FALSE
57
57
FALSE
57
19994
7596
57
19994
19498
FALSE
19473
57
57
19473
57
FALSE
19994
19994
943
583
19498
19473
19994
19521
19994
FALSE
2907
2907
19994
2907
19994
463
57
19994
57
19994
913
57
FALSE
2907
2907
2907
943
19205
2907
57
FALSE
2675
19994
57
FALSE
19994
19994
FALSE
19205
FALSE
19994
2675
57
FALSE
FALSE
19521
19994
2675
943
FALSE
19555
2675
19994
FALSE
FALSE
2675
57
57
19555
2675
2675
2675
19559
19559
57
19574
19574
FALSE
2675
57
2675
2675
57
5522
57
57
FALSE
FALSE
FALSE
57
57
19994
2675
2675
15946
943
FALSE
FALSE
19994
943
2675
16418
57
FALSE
19994
16418
57
2677
FALSE
2675
2677
57
19994
FALSE
57
2586
FALSE
2677
19994
FALSE
2675
FALSE
19664
943
19664
19994
FALSE
FALSE
2605
FALSE
FALSE
19994
13061
FALSE
15139
57
19994
19994
19994
13061
6274
57
19994
57
6274
8048
943
2605
FALSE
57
FALSE
15139
13061
57
57
57
13061
19994
57
57
FALSE
943
19994
57
FALSE
13061
FALSE
19994
57
FALSE
57
19994
57
8048
19994
2675
19994
2677
2675
57
14457
19994
4211
4211
57
FALSE
2675
57
FALSE
57
5289
19994
57
19994
57
FALSE
5012
57
5289
57
57
95
57
19994
FALSE
19994
4260
5289
14735
14735
14735
5289
FALSE
14457
57
19994
FALSE
FALSE
14457
2677
2677
629
57
57
12838
FALSE
FALSE
57
57
FALSE
12838
FALSE
119
95
57
19994
57
FALSE
57
629
57
FALSE
5694
57
8156
19994
57
19994
14457
FALSE
8156
57
2675
14735
FALSE
19994
FALSE
19994
14735
3408
19994
57
15139
57
FALSE
19994
19994
FALSE
57
19994
FALSE
57
15139
19994
119
15139
57
3408
15139
12587
19994
3408
2738
2677
57
19994
19994
19994
FALSE
19994
57
629
57
3408
57
57
57
15722
FALSE
3408
FALSE
57
3408
2677
16869
1303
5673
FALSE
FALSE
17026
19994
4164
19994
19994
95
FALSE
95
19994
19994
3062
19994
FALSE
5673
5673
5673
FALSE
3062
95
95
95
FALSE
FALSE
95
3469
95
FALSE
95
3041
5673
95
19994
16869
95
95
8909
FALSE
19994
FALSE
4920
2611
19994
19994
19994
FALSE
5673
FALSE
180
14262
5673
19994
19994
3062
14262
5673
95
5007
303
5673
303
19994
95
95
95
5673
5673
5673
19994
95
95
19994
5673
5673
17312
19994
19994
17218
19994
95
5007
FALSE
19994
19994
17218
19994
FALSE
17218
95
119
3469
FALSE
19994
19994
19994
17218
303
95
17218
FALSE
FALSE
95
303
FALSE
19994
95
4125
FALSE
FALSE
FALSE
95
4164
FALSE
FALSE
17218
4164
19994
FALSE
95
95
FALSE
19994
95
FALSE
FALSE
95
19994
95
FALSE
19994
FALSE
17218
4670
19994
95
FALSE
FALSE
5528
FALSE
19994
5528
FALSE
95
95
95
FALSE
2458
95
FALSE
4732
FALSE
6744
18410
3612
1529
6744
19994
4253
18944
19994
19338
FALSE
19994
4732
19994
18944
4253
95
19994
19994
10150
13389
FALSE
19994
95
13389
19994
19994
1529
95
2458
19994
13389
13389
2458
13389
95
19994
95
95
95
19994
5618
FALSE
5618
FALSE
19994
95
2458
19994
FALSE
5618
2529
14659
5618
FALSE
24
5618
1529
FALSE
5618
FALSE
FALSE
19994
24
FALSE
5618
17466
14659
19994
19994
19994
24
2529
2529
5618
14659
24
6909
6909
FALSE
2529
FALSE
FALSE
24
19994
24
24
24
5618
19994
19994
24
2529
FALSE
2458
24
2529
FALSE
FALSE
2529
24
5618
24
24
18944
19994
18944
19994
19994
18944
18944
FALSE
FALSE
FALSE
18089
19994
15209
24
FALSE
15209
19994
2529
24
889
2529
19994
19994
19994
24
FALSE
FALSE
24
19994
FALSE
15209
1529
5626
2529
FALSE
24
19994
19994
24
24
24
FALSE
FALSE
19994
FALSE
24
1529
8407
8407
19994
19994
24
7201
1529
24
24
FALSE
7807
19994
19994
1529
1529
19994
14290
14626
889
19994
FALSE
24
14290
19994
14290
24
FALSE
FALSE
19994
14290
1529
FALSE
FALSE
19994
24
FALSE
15209
1529
1529
FALSE
1529
24
FALSE
95
15209
19994
FALSE
7265
119
19994
FALSE
7265
7265
19994
24
19994
24
24
15877
15877
15877
19994
FALSE
19994
1529
15877
24
1529
24
24
24
19994
16114
16114
FALSE
889
19994
24
FALSE
17706
17706
19994
17648
24
627
19994
1529
889
24
FALSE
17648
24
17648
1529
19994
1529
24
24
18063
FALSE
19994
24
19994
18089
24
1529
24
FALSE
19994
19994
1529
1529
1529
FALSE
19994
FALSE
1529
7715
FALSE
19994
24
24
FALSE
18352
19994
18352
18352
18352
1529
FALSE
19994
24
18352
2882
2882
FALSE
24
19994
1529
2882
24
2882
15388
24
24
24
24
FALSE
19994
19994
2882
627
2882
19994
2882
18352
19994
2882
18507
24
24
19994
FALSE
2882
24
FALSE
TRUE
19994
19994
24
FALSE
19994
FALSE
19994
17561
17561
19994
FALSE
2882
2882
FALSE
2840
19994
FALSE
17561
FALSE
18507
24
24
24
2882
24
19994
6945
FALSE
19994
19994
2882
FALSE
FALSE
24
19994
FALSE
5224
1529
18507
1529
19994
19994
24
5224
19994
24
11467
11467
FALSE
19994
24
19994
FALSE
306
19994
24
24
19994
FALSE
6536
FALSE
FALSE
19994
5839
6536
8887
19994
627
FALSE
19994
FALSE
19994
24
6536
19994
9782
5224
5224
5839
FALSE
372
5839
19994
5224
FALSE
6536
9782
2396
FALSE
FALSE
6536
FALSE
19994
11467
24
19994
FALSE
372
6536
FALSE
24
24
24
12597
FALSE
19994
19994
19994
24
FALSE
19994
24
372
12597
12597
19994
372
FALSE
FALSE
24
FALSE
19994
19994
372
FALSE
16348
19994
24
FALSE
372
19994
372
372
16348
24
16348
16348
24
7852
24
24
24
FALSE
16348
24
24
19994
19994
10191
19994
19994
FALSE
372
FALSE
FALSE
19994
24
19994
FALSE
18507
19994
17777
17777
24
9086
19994
372
FALSE
7024
FALSE
2287
24
FALSE
17645
FALSE
372
2287
19994
372
2287
2287
19994
19994
17777
24
FALSE
24
2287
24
24
2287
19994
2287
19994
FALSE
FALSE
5673
19994
5673
372
FALSE
24
13623
19994
19994
FALSE
13623
FALSE
2287
24
372
13623
FALSE
24
FALSE
FALSE
17645
24
17645
19994
2666
FALSE
2666
24
17645
FALSE
FALSE
FALSE
17645
17645
FALSE
15353
19994
19994
2666
180
19994
3512
19994
FALSE
372
180
FALSE
24
24
24
19994
24
3512
FALSE
18807
18807
FALSE
24
19994
19994
19994
24
3512
18507
24
24
FALSE
19994
372
18507
19994
9721
24
FALSE
FALSE
FALSE
FALSE
3379
19994
3379
10523
19994
24
19994
462
24
10523
FALSE
19994
303
19994
19994
462
18024
19994
19994
462
FALSE
462
24
14777
FALSE
24
462
FALSE
FALSE
FALSE
462
18024
19994
462
18024
24
24
462
FALSE
18024
1945
1945
19994
24
19994
FALSE
18507
FALSE
18507
19994
24
1945
19994
FALSE
FALSE
FALSE
24
19994
24
462
19994
19994
FALSE
24
24
FALSE
FALSE
24
FALSE
24
FALSE
18558
19994
FALSE
18507
FALSE
FALSE
24
19994
FALSE
19994
1945
18558
18558
1945
24
462
FALSE
24
19994
19994
19994
19994
24
24
462
462
6165
462
FALSE
FALSE
FALSE
24
FALSE
16492
462
24
24
FALSE
6165
FALSE
24
24
24
FALSE
306
FALSE
18665
1397
24
19994
24
1397
24
1397
18558
18558
18558
24
24
24
24
19994
18558
FALSE
1397
FALSE
FALSE
19994
18807
19994
FALSE
24
19994
18807
FALSE
6372
6372
1103
FALSE
24
24
FALSE
6372
24
FALSE
19994
1103
6372
1103
6372
FALSE
FALSE
1103
6372
1103
15704
1103
19994
19994
FALSE
6372
24
FALSE
1103
1103
18665
FALSE
FALSE
FALSE
1964
18944
18944
24
19994
1964
1964
1103
1964
FALSE
24
FALSE
FALSE
FALSE
728
19994
1103
24
19082
728
19994
1964
19994
18944
19994
19994
17922
19994
24
19994
19994
19994
1103
24
462
24
FALSE
6965
1964
17922
728
24
1964
1964
1964
1964
1964
1964
FALSE
1103
17922
FALSE
19994
FALSE
2423
18944
2423
2423
FALSE
17922
24
24
7903
7903
19082
4325
4325
4325
2423
FALSE
4325
19994
1103
7903
7903
7903
4325
FALSE
FALSE
19994
2423
24
19994
19994
19994
728
19190
19994
19994
7328
FALSE
FALSE
19994
24
19994
FALSE
24
24
1103
19338
19994
FALSE
FALSE
19496
24
24
24
19994
19664
19664
FALSE
19994
FALSE
19664
19994
FALSE
FALSE
19711
24
19711
FALSE
24
19711
19697
24
19711
24
FALSE
1103
19994
19994
24
19738
19994
19711
FALSE
24
1103
1103
24
24
1103
FALSE
24
19711
19711
10105
1103
FALSE
24
19711
19711
462
19994
19994
FALSE
1103
62
FALSE
17296
305
17296
FALSE
17296
17296
17296
17296
FALSE
62
62
FALSE
2661
FALSE
19994
462
19711
17667
62
462
FALSE
FALSE
462
FALSE
FALSE
462
FALSE
62
62
19994
540
540
19711
FALSE
19738
FALSE
19738
62
540
19738
FALSE
16803
16803
16803
19711
4930
19994
10965
FALSE
62
19994
540
19711
19711
FALSE
19711
19711
62
62
FALSE
62
19994
FALSE
62
62
FALSE
62
16803
19994
FALSE
16803
FALSE
462
FALSE
1956
1956
19994
62
19994
1956
8646
1956
62
FALSE
9473
FALSE
62
FALSE
11281
11307
540
19994
12852
62
62
12852
540
FALSE
12852
19994
FALSE
18461
12852
62
18461
19994
62
19994
19994
19994
19738
540
62
19738
FALSE
540
540
62
19994
19994
19711
19711
540
FALSE
19994
19994
FALSE
19994
FALSE
FALSE
62
FALSE
19994
2901
FALSE
19994
FALSE
8961
62
19994
19994
10721
424
462
11752
180
10721
462
FALSE
95
FALSE
462
FALSE
62
11752
FALSE
62
FALSE
19994
462
62
62
FALSE
10192
462
19994
462
19994
10721
19994
462
19994
462
FALSE
462
FALSE
62
462
462
462
19994
62
62
19994
462
462
62
19994
62
462
462
FALSE
19994
17001
462
19994
17001
62
462
462
62
462
19994
FALSE
FALSE
17013
7458
462
17001
19994
511
19994
62
17001
62
62
62
17013
FALSE
17417
62
62
17013
17013
511
19994
2779
511
FALSE
17013
62
62
7533
FALSE
FALSE
5736
62
95
19994
19994
62
FALSE
FALSE
19994
19994
19994
19994
5736
62
19994
62
62
62
511
19994
19994
19994
FALSE
FALSE
435
19994
FALSE
19994
62
62
511
FALSE
19994
FALSE
511
12795
19994
FALSE
FALSE
12795
19994
511
62
12795
62
12795
19994
19994
62
511
FALSE
62
12795
19994
FALSE
FALSE
511
19994
3724
62
FALSE
12200
19994
62
FALSE
62
FALSE
62
18714
FALSE
511
62
62
19994
FALSE
11926
11926
511
511
62
19994
17727
17727
462
19994
17727
62
1731
FALSE
19994
19994
FALSE
FALSE
62
FALSE
19711
FALSE
FALSE
19403
FALSE
1731
1731
19403
FALSE
19994
62
62
FALSE
62
19994
95
5446
1731
19994
5446
9871
62
62
62
62
FALSE
FALSE
FALSE
19994
3095
62
1731
62
1731
FALSE
19994
3095
3095
FALSE
FALSE
8587
8927
3095
62
FALSE
19994
62
62
62
62
62
FALSE
19994
11005
11005
3109
3109
314
19994
9871
FALSE
FALSE
19994
62
62
8652
FALSE
FALSE
19994
19994
1731
62
62
1731
62
62
10012
19994
FALSE
1731
1731
19994
19994
FALSE
11082
FALSE
FALSE
19994
FALSE
11005
19994
738
738
738
738
FALSE
FALSE
19994
62
2786
62
62
2786
62
19994
19994
13178
19994
19994
FALSE
1257
19994
FALSE
FALSE
19994
FALSE
19994
2786
18192
FALSE
19403
18192
62
62
2786
5671
FALSE
511
62
19994
18192
FALSE
19994
1094
19994
19711
19711
FALSE
19994
FALSE
19711
19403
19711
19994
FALSE
FALSE
19994
FALSE
19994
7560
FALSE
62
19738
62
7560
19738
FALSE
7560
19994
19711
FALSE
62
7560
62
1094
19994
FALSE
62
19431
738
19994
1094
19994
738
62
FALSE
62
19431
19431
1094
19994
1094
62
19431
1094
19431
1094
13553
19994
62
62
62
62
12067
12582
1094
12582
19994
FALSE
1094
19994
1094
19994
62
19994
738
12582
738
12582
19994
FALSE
62
62
738
19994
13553
62
13553
62
19994
62
62
19994
FALSE
FALSE
16877
738
FALSE
738
16877
FALSE
19994
19994
FALSE
FALSE
19994
19303
19994
62
16877
62
FALSE
FALSE
FALSE
11623
11623
11623
738
62
FALSE
19994
738
14187
95
17980
19994
FALSE
FALSE
62
FALSE
19431
19994
FALSE
738
19431
3565
2138
3565
FALSE
19994
738
5859
19994
19994
5859
19994
3565
19994
62
19431
738
62
FALSE
8714
19303
FALSE
3565
19994
19994
62
19303
FALSE
19994
19994
738
19994
62
738
19994
FALSE
19994
738
19994
19994
19994
19994
19600
19994
62
62
19600
738
19994
62
62
62
19738
19738
19994
19994
62
62
62
62
FALSE
95
738
738
62
738
19741
738
19994
62
19741
738
19994
62
19741
62
738
3191
19741
62
FALSE
19741
19994
62
62
19741
18837
19994
14071
19994
62
62
FALSE
3191
3191
19994
62
14789
3191
FALSE
3191
19994
FALSE
14789
19994
95
19994
14789
95
14789
6038
738
3191
FALSE
19994
19994
FALSE
14789
19994
FALSE
95
3191
3191
FALSE
FALSE
5376
95
95
19994
FALSE
19994
95
14789
FALSE
14789
19994
3191
19994
19994
3191
5770
3191
19994
FALSE
19994
19994
3191
FALSE
FALSE
511
19994
FALSE
511
19994
511
511
FALSE
511
1420
17055
511
19994
511
FALSE
19994
511
19994
FALSE
19994
738
17055
19994
1420
511
511
FALSE
1420
1420
511
19994
15270
511
17055
1420
511
16114
19994
1420
19994
8266
511
2697
261
FALSE
261
FALSE
17642
738
261
FALSE
17788
738
738
19558
738
261
FALSE
738
19994
FALSE
19558
511
738
FALSE
511
FALSE
18837
19994
19994
FALSE
19752
19994
1969
19741
1969
19741
1969
19759
FALSE
19759
19994
19771
3665
8467
1969
19994
19776
19994
FALSE
3003
3003
FALSE
3665
3003
3003
19788
19788
FALSE
3665
3665
19788
19788
FALSE
6315
FALSE
1805
19789
FALSE
FALSE
3003
3003
12172
19994
1805
3003
FALSE
19994
FALSE
FALSE
17488
17488
1805
19994
1805
12172
1805
1805
1805
19994
19994
16619
3003
16368
9623
FALSE
19994
9623
10936
10936
FALSE
FALSE
10936
10936
19994
16368
FALSE
FALSE
19994
FALSE
19994
16368
2355
412
412
13308
4554
FALSE
4554
19994
FALSE
19994
412
2355
4554
19994
13943
4554
16368
412
412
412
19994
412
19994
412
17488
412
412
FALSE
19994
412
412
412
412
FALSE
18171
18171
18171
19994
18171
18171
6131
19994
6131
19994
FALSE
18171
412
FALSE
19994
FALSE
6131
3029
FALSE
412
19994
412
6131
412
18576
412
19994
18576
18650
19994
18650
FALSE
412
412
18576
FALSE
19994
412
412
18650
FALSE
412
FALSE
412
412
412
19994
18576
FALSE
18576
18576
18576
412
412
19994
412
FALSE
FALSE
FALSE
FALSE
19994
412
412
412
FALSE
FALSE
19994
19994
18650
19994
18650
412
FALSE
19994
19994
FALSE
412
19994
412
19994
19994
18742
FALSE
1674
18742
1674
1674
19994
412
18922
412
412
FALSE
412
1674
412
19994
412
19994
412
412
1674
19370
412
19994
5398
412
412
5398
19609
FALSE
1674
412
412
1674
19994
412
5398
15359
5398
FALSE
5398
3440
412
1674
3094
19994
1674
FALSE
FALSE
412
13493
19994
19994
412
FALSE
11969
412
FALSE
FALSE
3440
19609
3440
412
FALSE
11969
5808
5808
412
FALSE
19994
FALSE
11969
412
11969
11969
412
FALSE
412
19994
11969
19994
19994
8258
19994
11969
3440
8258
8258
8258
12091
19994
412
8258
FALSE
412
FALSE
412
FALSE
11517
412
3109
412
19994
FALSE
19994
FALSE
12033
12033
412
3440
FALSE
3109
412
19994
412
412
13931
19994
FALSE
13931
412
19994
13931
12091
13931
19994
19994
13931
3440
412
13931
FALSE
19994
19994
412
FALSE
14141
412
14141
FALSE
19994
412
19994
14141
14141
14141
14141
FALSE
412
412
412
412
412
FALSE
FALSE
14141
FALSE
19994
19994
412
8228
14141
19994
412
FALSE
14141
412
19994
412
412
19994
15362
19994
412
FALSE
FALSE
108
19653
19994
108
19994
19653
19994
412
412
19994
108
412
FALSE
FALSE
19994
412
19994
412
19824
19994
19994
19824
412
412
412
19789
19994
19824
19994
15
412
19789
19994
19994
FALSE
19994
19994
19994
15
19827
15
412
19827
19824
412
412
19842
7604
15
15
15
19994
5376
FALSE
7015
19994
108
19994
FALSE
4090
4090
4090
FALSE
19994
14864
FALSE
FALSE
412
15
5918
FALSE
19994
412
FALSE
10024
10290
FALSE
FALSE
5918
10290
15
15
19994
10372
19994
FALSE
FALSE
FALSE
FALSE
19994
5918
5918
5918
108
5918
5918
5918
108
19994
FALSE
108
5918
15
108
15
19994
15
19994
15
108
15
149
FALSE
15
19199
848
149
15
848
19994
149
19199
19994
19994
848
149
848
19994
19842
848
10664
15
848
19994
11397
15
15
848
15
11397
15
11397
15
19199
15
FALSE
1251
19199
19994
3096
15
11635
19994
11635
11635
19994
3096
FALSE
FALSE
11865
15
FALSE
19994
15
FALSE
FALSE
15
19842
336
19994
14230
FALSE
19994
19994
14230
3096
19853
FALSE
FALSE
19994
4144
19994
15
15
3096
3096
15
2265
3096
19342
19994
19342
2265
FALSE
19342
15
19342
FALSE
15
15
2265
2567
2567
11745
19342
336
15
15
19994
336
19842
15
19342
FALSE
15
15
1860
2567
16278
FALSE
16278
5876
15
5876
19861
336
336
15
19994
15
19994
5876
2567
15
15
2567
19994
15
14134
15
15251
FALSE
19994
19994
FALSE
2567
19994
15251
FALSE
15251
15251
19994
2793
19861
2793
19874
19994
FALSE
FALSE
15
FALSE
15
15
19874
FALSE
15
19994
6394
19994
19994
FALSE
FALSE
15
19874
1620
FALSE
5071
19994
19994
15
6394
19994
FALSE
FALSE
6394
336
14857
19994
19994
FALSE
2953
15
19887
19994
1620
FALSE
6394
6394
19994
FALSE
19994
FALSE
11374
19994
2953
628
15
19994
19994
FALSE
15
19994
19887
19994
15
15
2953
19887
15
2953
15
FALSE
19994
15
15
FALSE
FALSE
19994
15
14255
15
6652
4613
FALSE
4613
14255
1620
15
17557
15
15
4952
15
1620
15
636
17557
FALSE
19161
149
1620
19161
FALSE
19161
19887
FALSE
19994
15
15
FALSE
15
15
19994
19994
1620
FALSE
15
8094
19994
636
15
19994
FALSE
15
FALSE
15
19994
3383
3383
19994
19994
FALSE
1061
19994
19917
5145
15
FALSE
FALSE
19917
FALSE
FALSE
19994
1061
15
19917
5145
8095
19994
19994
19994
15
19917
FALSE
5145
15
19994
FALSE
15
19512
FALSE
FALSE
636
15
19512
19994
5145
15
FALSE
4665
336
FALSE
FALSE
1061
19994
1061
19994
8095
10771
FALSE
5145
19512
FALSE
FALSE
19994
15
336
8577
FALSE
19994
15
19994
8577
149
5145
5145
19994
336
19994
FALSE
6584
19994
FALSE
19994
10771
1061
6584
8577
6243
15
6584
1061
15
6243
19994
15
FALSE
FALSE
1061
6584
19994
FALSE
FALSE
FALSE
19994
15
1061
15
1061
636
19994
19994
1061
19994
19994
3538
14517
15
15
15
6584
15083
15
15083
19994
6584
6584
FALSE
FALSE
15
636
6584
6243
15
15
6830
19994
636
FALSE
15
FALSE
1061
6584
14146
FALSE
13677
19994
15
FALSE
6584
6243
FALSE
4626
19994
15
15
15
19994
6584
19994
15
19994
19994
19994
14264
8787
8787
FALSE
15
15
15
14517
14264
15
8787
19994
1061
636
14264
1061
14264
3996
FALSE
1061
14517
3996
3996
3996
19994
14517
14264
14264
8787
15
1061
15
FALSE
1061
5595
15
15
15
15
15149
15083
19994
15083
19994
19994
5595
19994
FALSE
FALSE
FALSE
12604
2361
FALSE
15
149
19994
19994
1061
15
19994
15149
2361
15149
2361
2361
19994
FALSE
19994
2361
15149
15149
2361
15149
19994
15
15
FALSE
15
15
15
19994
19994
FALSE
FALSE
19994
16514
16514
16514
2361
2361
16131
16131
16131
1400
FALSE
19994
15
FALSE
16562
16562
16562
FALSE
2361
FALSE
16562
15
19994
19994
FALSE
19994
16562
15
15
15
19994
FALSE
FALSE
17362
FALSE
19994
FALSE
FALSE
FALSE
17362
19994
19994
FALSE
16562
1898
FALSE
FALSE
19994
19994
10271
19994
17362
FALSE
14636
15
2361
6775
14636
14636
19994
1781
FALSE
15
19994
5231
FALSE
17200
17200
FALSE
5231
15
19994
15
19994
FALSE
6775
19994
17200
FALSE
6775
19994
1898
336
19994
FALSE
1781
5231
15
326
19994
15
5933
FALSE
11932
15
19994
15
5933
19994
1898
FALSE
5231
19994
336
FALSE
7025
FALSE
7025
3779
5933
15
336
15
5231
15
19994
FALSE
FALSE
FALSE
14391
15
6775
19994
14391
FALSE
15
5933
19994
19994
19994
15
14391
FALSE
19994
8941
834
834
FALSE
FALSE
19994
FALSE
FALSE
19994
834
19994
FALSE
FALSE
9322
15
FALSE
FALSE
11932
15
19994
336
17362
19994
19994
FALSE
17362
336
17362
FALSE
15
FALSE
15
FALSE
17362
15
17362
336
17362
FALSE
336
15
FALSE
17792
15
FALSE
17745
17745
19994
15
336
336
FALSE
15
15055
FALSE
15055
17745
336
FALSE
15
336
19994
17745
FALSE
336
336
15
336
15
336
19994
15
5729
5729
FALSE
1734
17792
15
FALSE
1734
1734
19994
15
19994
15
FALSE
4278
4278
15
15
15
1734
19994
FALSE
19994
4278
3276
336
15
3276
19994
5385
13702
5385
13702
19994
1584
15
19994
15
15
19994
19994
15
18191
18191
FALSE
FALSE
19994
1584
FALSE
19994
18191
149
5385
19994
15
FALSE
18191
19994
FALSE
15
16578
15
15
19994
5385
11425
149
16578
19994
2929
FALSE
2929
16578
15
19994
16578
19994
19994
15
FALSE
FALSE
FALSE
FALSE
15
FALSE
16578
FALSE
15
19994
15
11303
FALSE
FALSE
19994
19994
19994
FALSE
149
16578
15
FALSE
17141
FALSE
17141
17141
15
18191
19994
15
15
FALSE
FALSE
19994
FALSE
15
40
1102
1102
14502
19994
14502
1102
FALSE
19994
1102
19994
18668
FALSE
FALSE
149
18668
19994
19994
FALSE
19994
FALSE
FALSE
18827
19994
149
FALSE
15
19994
149
149
FALSE
2484
15
15
15
FALSE
2484
15
2484
15
2484
2484
2484
18827
15
18827
19994
FALSE
19994
149
15
149
15670
FALSE
19994
5793
19994
19994
289
14602
14602
19994
19994
15
15
5793
14602
5793
15
19994
FALSE
1484
19994
FALSE
19994
19994
19994
15
16084
19994
15
FALSE
15
289
FALSE
15
1484
17388
17388
FALSE
FALSE
19994
16084
FALSE
149
19994
13748
6287
6287
14044
19994
15
16032
3847
19994
19994
15
FALSE
15823
14044
FALSE
10668
FALSE
15
FALSE
15
10668
8148
14044
289
14044
289
19994
FALSE
15
289
FALSE
FALSE
14044
19994
FALSE
14044
14044
FALSE
14044
289
FALSE
15
19994
15
289
8604
289
289
9611
19994
289
14044
15
FALSE
FALSE
14044
FALSE
289
15
15823
8788
19994
15
15
289
19994
FALSE
15
FALSE
FALSE
15
289
19994
9611
15
289
FALSE
FALSE
14044
15
15
FALSE
15
FALSE
289
289
15
19994
3063
FALSE
FALSE
19994
FALSE
19994
15
19994
FALSE
15
15
15
16084
289
289
289
FALSE
FALSE
8653
16032
19994
FALSE
19994
2371
15
2371
15
15
16032
19994
6538
6538
2371
19994
2371
15
6538
15
15
19994
12481
15
6538
289
15
7766
19994
15
6538
6538
2371
19994
19994
15
139
15
FALSE
19994
15
FALSE
65
19994
7766
325
FALSE
19994
19994
15
4129
6538
15
365
19994
365
FALSE
15
19994
16084
7766
15
19994
365
19994
FALSE
7766
7766
19994
16588
19994
365
19994
16924
16924
365
16924
19994
FALSE
19994
365
19994
16924
19994
365
15
15
16588
19994
15
19994
12395
FALSE
8656
19994
365
8656
15
365
365
14526
65
FALSE
19994
365
FALSE
19994
19994
19994
16243
16243
65
365
16588
FALSE
19994
16743
FALSE
FALSE
16924
325
3839
3839
17087
4729
FALSE
19994
365
365
325
FALSE
FALSE
FALSE
365
FALSE
FALSE
3309
365
3309
365
17639
FALSE
3309
19994
3309
365
FALSE
65
65
3309
17704
65
19994
65
17956
365
19994
365
65
65
19994
FALSE
9989
9989
65
12690
19994
365
365
65
19994
4151
7568
65
500
65
500
FALSE
FALSE
17704
FALSE
15882
65
FALSE
500
18148
FALSE
18148
18408
FALSE
19994
18148
18408
FALSE
19994
65
65
FALSE
500
FALSE
65
18827
65
18827
500
500
19994
500
18827
3129
18408
FALSE
18408
19994
139
18827
FALSE
500
18827
500
500
18408
500
18408
500
65
18408
6796
18408
FALSE
500
2438
FALSE
10177
65
65
2801
12508
18408
12508
FALSE
FALSE
2801
19994
19994
18408
13690
18408
FALSE
19994
FALSE
65
13690
2801
FALSE
FALSE
19994
FALSE
11143
65
500
11143
2801
6796
7541
FALSE
13690
2801
FALSE
FALSE
19994
13690
FALSE
19994
19994
65
FALSE
65
6796
65
6796
19994
FALSE
FALSE
FALSE
13690
FALSE
19994
FALSE
19994
500
FALSE
19994
65
FALSE
65
11350
500
500
FALSE
19994
13690
19994
365
65
FALSE
5939
12360
FALSE
365
9932
7756
12360
365
12360
FALSE
365
12360
65
65
1219
19994
65
365
7756
19994
FALSE
1219
FALSE
65
FALSE
65
7756
65
FALSE
65
FALSE
19994
5256
11825
7756
FALSE
365
19994
FALSE
11825
8918
65
65
FALSE
19994
19994
8918
FALSE
FALSE
8918
365
65
19994
8918
65
65
12360
19994
5256
8918
65
19994
FALSE
FALSE
FALSE
11825
365
65
FALSE
7664
65
19994
65
65
65
5256
365
65
FALSE
65
19994
65
FALSE
65
19994
FALSE
65
4957
19994
12360
FALSE
19994
365
FALSE
65
65
1992
65
65
365
FALSE
FALSE
19994
FALSE
1992
65
13348
19994
65
FALSE
19994
1992
FALSE
FALSE
FALSE
65
1992
19994
365
19994
19994
FALSE
365
FALSE
65
14853
FALSE
65
FALSE
15184
2752
FALSE
65
65
65
19994
15184
19994
19994
FALSE
65
15184
FALSE
19994
19994
19994
19994
365
65
FALSE
65
19994
65
15188
3610
15188
15188
65
3610
12578
3610
65
15188
65
12578
FALSE
19994
FALSE
19994
65
FALSE
FALSE
65
65
19994
19994
FALSE
15883
65
19994
FALSE
65
FALSE
19994
15397
365
65
19994
FALSE
365
19994
5759
19994
15397
5759
12826
65
5759
365
12826
19994
19994
FALSE
3610
5759
19994
3610
65
19994
4492
19994
2103
19994
4492
FALSE
19994
19994
19994
19994
65
12826
65
3610
FALSE
4492
19994
14130
FALSE
2103
19994
19994
2103
4492
FALSE
65
19994
65
65
FALSE
65
4492
14614
FALSE
19994
19994
19994
65
19994
11691
3610
65
53
14614
4492
365
19994
FALSE
FALSE
19994
19994
3610
19994
19994
19994
4492
4492
19994
FALSE
3610
53
3610
53
12916
4492
19994
FALSE
FALSE
12916
53
2103
12916
12916
53
325
FALSE
53
12916
4946
4946
533
53
19994
53
4946
53
19994
12916
FALSE
FALSE
53
13491
FALSE
FALSE
FALSE
6620
4492
5223
19994
FALSE
325
FALSE
53
5223
19994
13491
19994
6620
3722
19994
53
19994
FALSE
FALSE
2103
FALSE
19994
19994
533
5223
FALSE
FALSE
19994
53
FALSE
FALSE
53
FALSE
19994
3312
FALSE
FALSE
FALSE
FALSE
53
53
3466
FALSE
2296
53
19994
11702
53
2296
FALSE
FALSE
19994
53
53
19994
FALSE
53
19994
FALSE
14614
19994
FALSE
14614
7564
53
1379
3466
15397
3466
3466
2296
19994
1379
FALSE
53
53
FALSE
53
7564
7564
53
53
19994
FALSE
9769
533
1379
3466
4376
19994
FALSE
3466
4376
14225
53
FALSE
19994
FALSE
1379
19994
FALSE
365
53
9637
533
14225
53
FALSE
FALSE
19994
4756
53
53
FALSE
53
FALSE
533
53
533
19994
2217
53
FALSE
15397
19994
FALSE
53
53
FALSE
53
53
365
FALSE
FALSE
19994
6
14415
FALSE
3221
19994
6
6614
6
6
FALSE
FALSE
14415
6
149
FALSE
6
FALSE
19994
6
FALSE
6
19994
6
3818
6
19994
FALSE
3818
7638
19994
805
FALSE
6614
3818
3818
19994
12718
FALSE
7638
805
7638
7638
12880
6
805
FALSE
7638
12718
6
805
6
19994
6
79
FALSE
7638
FALSE
19994
FALSE
6
365
6
6
13004
365
7638
13408
FALSE
6
685
365
19994
FALSE
13004
19994
19994
6
365
6
365
6
6
19994
4483
FALSE
14415
6
6
365
6
365
365
15397
19994
FALSE
FALSE
365
19994
15621
6
6
365
15883
6
19994
5806
19994
6
19994
5806
6
FALSE
5806
19994
19994
19994
6
365
19994
FALSE
19994
6
6
15361
19994
FALSE
19994
365
FALSE
19994
FALSE
FALSE
FALSE
5685
19994
5685
5685
5685
5685
5685
15621
FALSE
19994
19994
19994
FALSE
15621
19994
19994
FALSE
1129
FALSE
15986
6
6
6
2962
15986
FALSE
19994
6
5685
6
5685
15986
FALSE
19994
19994
19994
19994
FALSE
8822
16190
19994
19994
FALSE
6
6
19994
19994
8822
6
5071
5071
520
19994
8822
FALSE
19994
6
2719
12216
5071
19994
12216
FALSE
16190
2719
2719
16190
16578
1129
19994
5399
6
19994
19994
7637
6
1129
FALSE
6
FALSE
7637
16190
16190
7637
6
FALSE
19994
1129
163
19994
FALSE
FALSE
8527
FALSE
6
6
FALSE
6
8527
16808
163
8527
FALSE
FALSE
163
8527
6
163
6
19994
6
19994
16917
19994
19994
FALSE
6097
163
FALSE
FALSE
6
FALSE
163
FALSE
6097
6
FALSE
6097
17137
FALSE
19994
FALSE
6097
9793
FALSE
FALSE
FALSE
FALSE
FALSE
6
6097
FALSE
FALSE
17176
6
FALSE
17176
17536
17536
FALSE
FALSE
6097
19994
6
6097
19994
6
6
6097
FALSE
FALSE
19994
FALSE
6
19994
19994
6
19994
5169
FALSE
6097
6
3971
6
FALSE
15859
19994
6
FALSE
6097
15859
6
FALSE
17176
FALSE
163
6
19994
163
6
6
FALSE
163
FALSE
6097
FALSE
6
6
6097
3839
6
6
6
19994
12153
FALSE
6
6
12153
6
19994
4059
FALSE
12153
19994
12153
12153
11777
4059
11777
163
FALSE
4059
8092
6
4059
19994
12153
19994
4059
FALSE
6
FALSE
FALSE
19994
6
19994
FALSE
19994
6
FALSE
FALSE
FALSE
163
17176
FALSE
FALSE
6
FALSE
FALSE
17176
6
19994
FALSE
FALSE
FALSE
6
2326
19994
FALSE
FALSE
14982
FALSE
2326
13083
163
6
6
6
14982
6
14982
6
19994
163
6
163
19994
6
6
19994
6
163
163
6
14982
FALSE
FALSE
17536
FALSE
FALSE
163
17622
TRUE
FALSE
6
19994
163
163
6
17804
6
9269
1423
6
6
6
17115
19994
19994
768
11502
19994
6
16558
FALSE
FALSE
17804
17804
FALSE
19994
FALSE
17804
17804
768
FALSE
768
FALSE
768
17115
768
19994
768
6
768
FALSE
6
19994
FALSE
12865
163
19994
FALSE
FALSE
19994
FALSE
163
12865
6
12865
6
163
17115
163
19994
FALSE
FALSE
6
6
163
6
12865
FALSE
163
FALSE
6
12113
7820
19994
FALSE
6
19994
FALSE
FALSE
19994
FALSE
163
19994
FALSE
FALSE
6
6
163
6
19994
17115
3599
6
19994
17804
FALSE
19994
FALSE
19994
FALSE
6
17115
163
163
3737
FALSE
FALSE
17858
19994
FALSE
19994
6
163
17858
17843
19994
19994
17843
17858
FALSE
19994
19994
6
18023
6
FALSE
19994
FALSE
19994
FALSE
6
12966
18086
18086
19994
6
6
6
163
6
18184
6
FALSE
163
6
FALSE
6
6
19994
19994
18408
FALSE
18408
6
6
FALSE
FALSE
163
FALSE
18408
19994
19994
11585
163
6
18408
FALSE
18408
19994
6
19994
19994
19994
163
163
18480
6
FALSE
18408
FALSE
19994
17185
19994
6
163
FALSE
FALSE
18408
FALSE
19994
FALSE
163
FALSE
163
6
163
6
19994
6
163
17898
17898
13931
19994
6
FALSE
19994
6
19994
16428
19994
6
FALSE
19994
6
16428
3828
19994
438
7648
FALSE
FALSE
6
438
FALSE
19994
6
6
19994
438
6
17041
FALSE
FALSE
6
FALSE
16428
17041
FALSE
17185
6
19994
19994
19994
17185
17185
438
438
19994
438
FALSE
19994
FALSE
438
438
19994
19994
17185
FALSE
19994
6
FALSE
6
6
920
19994
6
FALSE
17334
920
920
19994
5820
17334
920
6
19994
17334
1834
17185
17185
19994
6
6
19994
FALSE
5820
6
5820
19994
1834
19994
19994
6
19994
1834
3856
5820
19994
19994
19994
19994
4231
4231
4231
19994
19994
6
6
FALSE
6
4231
19994
8411
4231
FALSE
FALSE
6
10861
8411
6
19994
FALSE
5348
8411
19994
19994
8411
FALSE
8411
19994
FALSE
FALSE
FALSE
FALSE
19994
FALSE
17898
6
1834
19994
17898
6
6
1834
19994
6
6
1834
6
18403
6
6
6
1834
19994
FALSE
6
19994
79
1834
19994
6
FALSE
19994
13296
19994
6
1834
13111
13296
13296
6
1834
6
13111
13296
1834
13296
1834
152
FALSE
6
FALSE
6
19994
19994
19994
FALSE
6
19994
6
6
1834
18408
438
18408
6
FALSE
6
18480
19994
2712
2712
FALSE
19994
FALSE
19994
438
FALSE
19994
18408
2669
19994
6
FALSE
18408
4804
FALSE
5215
1425
6
2708
18408
6
1425
18480
18480
19994
18408
6
FALSE
6
FALSE
5215
FALSE
2712
6
FALSE
2712
19994
FALSE
19994
13871
13871
19994
2712
19994
FALSE
2708
18408
19994
19994
FALSE
2712
11434
6
13871
11434
6
FALSE
FALSE
11434
6
19994
6
FALSE
19994
FALSE
19994
FALSE
6370
6
6
FALSE
19994
1834
6
6
13871
FALSE
4360
18408
4360
6
4360
6
6677
13871
FALSE
FALSE
2712
3441
6
6
6
6
6
4360
6
18480
438
19994
6
FALSE
6
2712
19994
FALSE
6
6
FALSE
2712
19994
6
18655
6
2712
2712
FALSE
6
19994
19994
6
3838
18655
18655
FALSE
6
19994
18655
6
6
FALSE
19994
222
6
FALSE
18679
2712
3838
FALSE
18720
19994
FALSE
303
19994
19994
3838
6
19994
3838
6
19994
3838
FALSE
3838
6
3838
6
6
18755
FALSE
3838
18720
6
19994
FALSE
FALSE
19994
6
4046
6
6
FALSE
19994
19994
19994
8210
FALSE
2192
2192
19994
10484
19994
FALSE
6
11197
19994
19994
4986
10484
10484
318
FALSE
19994
4046
6
6
79
10484
FALSE
11197
6
318
4986
5144
19994
3159
19994
FALSE
5144
6
19994
19994
11197
6
318
10484
11197
6
6
6
3159
6812
FALSE
11197
6812
3159
19994
222
14634
6812
318
4046
19994
6
FALSE
19994
4986
4925
6
19994
18118
FALSE
6
19994
FALSE
4986
4986
6
FALSE
6
6
6812
19994
2814
2814
2814
19994
FALSE
19994
FALSE
4925
318
6
6812
19994
FALSE
18118
19994
FALSE
19994
4986
6
FALSE
4986
4986
FALSE
FALSE
FALSE
1568
6
FALSE
6
FALSE
2814
6
4986
113
6
4986
4986
19994
6
6
2814
FALSE
4986
FALSE
FALSE
18827
FALSE
6
FALSE
6
18812
222
6
19994
19994
18812
FALSE
6
FALSE
318
6
6
FALSE
19994
6
4986
FALSE
FALSE
6
19994
10689
19994
8062
5776
4986
FALSE
10689
6
FALSE
4986
18636
19994
FALSE
318
19994
4986
6
4925
18812
18827
19994
18877
6
18877
19994
18877
FALSE
18932
318
318
FALSE
6
6
6
318
FALSE
FALSE
6
FALSE
6
18932
18932
318
318
318
18932
FALSE
19994
18951
6
FALSE
6
4970
6
19994
6
4970
6607
19994
FALSE
FALSE
6
4970
19994
FALSE
6
19994
6
4970
18951
4970
6
4986
318
4986
6
FALSE
19994
6
4986
9490
FALSE
4986
6
FALSE
4986
6
318
18951
FALSE
6
6
4986
318
2020
6
6
FALSE
FALSE
19994
6
12871
6
12871
12871
FALSE
FALSE
318
6
2020
19994
11879
19994
FALSE
2020
2020
19994
19994
2020
FALSE
FALSE
FALSE
FALSE
318
13636
FALSE
13636
19994
19994
10747
2910
6
6
FALSE
6
19994
FALSE
FALSE
FALSE
318
11300
19994
2910
6
19994
FALSE
FALSE
6
6
19994
11300
3019
19994
FALSE
11300
329
19994
3019
6
3019
6
98
6
19994
329
3019
329
3019
11300
6
FALSE
6
FALSE
6
6
2910
12853
12871
13636
12871
4622
FALSE
6
2910
FALSE
6
FALSE
19994
6
6
19994
6056
6056
19994
19994
19994
19994
FALSE
6
16846
FALSE
FALSE
6
2487
16846
2487
6
6008
6
FALSE
6
FALSE
6
6008
6056
FALSE
329
17253
FALSE
6
4622
6056
6
6056
FALSE
6
6008
11094
FALSE
6
FALSE
4622
19994
FALSE
329
329
7560
6
FALSE
6056
8824
6
FALSE
329
4305
FALSE
7560
6
19994
FALSE
329
6431
329
19994
FALSE
16380
14873
3052
FALSE
6
434
FALSE
4305
434
434
7560
6
6
7560
19994
FALSE
19994
6
FALSE
7560
6
8902
8902
17253
19994
4305
16380
4516
FALSE
FALSE
19994
FALSE
19994
FALSE
4516
19994
FALSE
6780
17253
19994
6
1337
4516
4516
FALSE
19994
FALSE
6780
FALSE
4305
4516
6780
17979
FALSE
12953
FALSE
6
FALSE
19994
4516
FALSE
4516
17979
4516
FALSE
19994
6
19994
4516
4516
1337
FALSE
FALSE
596
FALSE
FALSE
FALSE
FALSE
152
4516
FALSE
FALSE
1337
4516
6
4516
6
6
1337
19994
6
5129
5129
18050
19994
6
FALSE
5129
6
18091
6
FALSE
1337
FALSE
FALSE
19994
19994
19994
6
6
FALSE
FALSE
19994
6
434
596
FALSE
6
6
19994
19994
FALSE
6
8914
329
3295
6
19994
17596
3295
6
19994
6
11605
8914
6
3295
3295
FALSE
1337
596
3295
6
FALSE
11605
FALSE
1337
19994
6
6
FALSE
2647
19994
7301
3295
FALSE
11605
FALSE
19994
6
6
6
19994
3295
6
19994
6
19994
FALSE
FALSE
19994
6
6
12466
596
12466
FALSE
2691
12902
19994
19994
FALSE
7708
19994
6
596
596
3295
6
11553
6
11553
11553
19994
11553
4200
2691
4200
4200
3295
6
3295
12902
FALSE
6
3295
12902
3295
FALSE
FALSE
6
6
6
19994
3295
3295
FALSE
596
6
FALSE
6
19994
17596
FALSE
6
19994
FALSE
596
6
17596
17596
6
19994
19994
19994
3295
17596
2691
16718
16718
19994
17596
FALSE
6
19994
65
6
6
6
FALSE
FALSE
434
3295
6
17674
FALSE
3295
18164
434
19994
19994
6
3295
2691
18193
6
19994
6
18164
FALSE
19994
19994
FALSE
6
FALSE
6
3295
6
6
FALSE
18197
FALSE
6
FALSE
6
6
6
434
6
FALSE
FALSE
19994
6
6
19994
222
FALSE
FALSE
19994
6
6
6
19994
FALSE
3295
19994
19994
434
434
18197
3295
3295
6
FALSE
434
6
19994
19994
FALSE
FALSE
FALSE
FALSE
9432
434
6
6
9432
18197
18197
19994
1403
18197
FALSE
3711
19994
FALSE
FALSE
434
19994
434
6
19994
19994
434
19994
FALSE
FALSE
18606
19994
6
6
19994
434
18606
222
6
19994
FALSE
18606
434
434
18606
FALSE
FALSE
FALSE
434
19994
18236
FALSE
4662
19994
6
FALSE
6
6
6
6
19994
FALSE
18992
19994
4662
434
19028
434
6
434
19994
6
18992
FALSE
FALSE
4113
FALSE
434
FALSE
6
FALSE
FALSE
FALSE
19994
4113
FALSE
19994
6
19994
FALSE
FALSE
4113
11958
19994
4113
19994
6
10743
FALSE
6
FALSE
6
6
6
10743
19994
6
19994
4113
6
7831
640
5970
FALSE
FALSE
7831
1764
10743
FALSE
10743
4113
FALSE
4113
11958
19994
19994
FALSE
19994
640
5970
FALSE
1768
FALSE
19994
7831
FALSE
6
19994
19994
FALSE
19994
19994
640
19994
6
10743
19994
FALSE
FALSE
4113
FALSE
19994
1768
4113
640
12688
6
6
12688
640
96
6
FALSE
4113
6
FALSE
FALSE
19994
19994
FALSE
19994
19994
4113
16059
19994
4113
6
4113
4113
4113
19994
16208
16208
8516
16068
16208
6
222
6
6
19994
18001
FALSE
18001
6
19994
19994
18001
18001
222
19994
19994
19994
222
222
222
19994
222
222
18899
6
18899
19994
19994
FALSE
FALSE
6
19994
222
6
FALSE
222
19994
222
FALSE
6
19994
19994
19037
6
19037
FALSE
222
222
222
19093
6
FALSE
19093
222
19107
19107
19107
222
6
19129
19129
FALSE
19994
6
FALSE
222
19129
19994
19129
2129
19107
19994
2129
19994
222
6312
9806
FALSE
FALSE
19994
6312
6
6312
19994
6312
6312
7619
7619
19994
2129
7619
7619
FALSE
6
6
19994
2129
7619
10744
19994
19994
FALSE
2129
10744
FALSE
7619
7619
65
7619
7619
6
6
7619
19994
6
2242
19994
2242
7619
7619
7619
19994
FALSE
19994
19994
19994
6
222
7576
17951
FALSE
7576
19994
222
19994
19994
7576
7576
19994
222
7998
222
222
6
6
19994
222
1166
19994
FALSE
7998
FALSE
19994
1166
1166
19994
17951
12813
222
19994
5187
19994
6
19994
19129
19994
FALSE
19994
152
6
19994
19129
19107
19994
19147
FALSE
FALSE
19994
FALSE
19147
FALSE
6
FALSE
FALSE
6
19240
19276
FALSE
19994
FALSE
19994
FALSE
6
1238
1238
6
19240
19994
FALSE
6
FALSE
FALSE
1238
19240
19240
19240
19276
19994
201
19309
FALSE
19309
6
FALSE
201
201
19994
201
FALSE
19994
201
19322
FALSE
6
19994
19994
19322
FALSE
6
19309
19309
201
201
19370
19994
FALSE
6
19994
FALSE
19994
201
6
19322
201
6
19373
FALSE
201
6
19370
FALSE
201
FALSE
19370
6
19994
19994
19994
201
19994
19370
6
17978
FALSE
19994
19994
17978
201
201
201
6
201
19994
FALSE
17656
19994
6
152
19994
17978
19994
6
FALSE
6
6
19994
FALSE
201
FALSE
6
5301
19994
6
FALSE
5301
FALSE
6
5301
19483
19483
19994
19994
FALSE
19994
6
19994
5555
6
6
19994
12427
FALSE
17940
6
FALSE
201
201
FALSE
FALSE
FALSE
201
6
201
FALSE
19994
6
19994
FALSE
201
201
201
201
201
14314
6
FALSE
6
FALSE
14314
FALSE
14314
201
19373
6
201
FALSE
6
19373
19994
FALSE
19994
6
19483
19994
19994
6
19373
201
6
6
FALSE
FALSE
FALSE
19994
FALSE
19994
19994
FALSE
17659
6
19994
19994
19483
FALSE
FALSE
19994
19483
FALSE
19994
FALSE
201
19994
6
6
2333
6
6
2333
6
19994
19994
6
6
FALSE
FALSE
604
15984
6
6
19994
5160
FALSE
19592
6
FALSE
FALSE
FALSE
604
FALSE
6
FALSE
19994
FALSE
19994
FALSE
12688
19994
604
FALSE
604
FALSE
6
FALSE
604
FALSE
FALSE
4099
19994
4099
19994
19611
19611
19994
19611
19994
19994
19611
9210
6
10748
19994
19994
6
FALSE
19994
FALSE
FALSE
13224
6
13224
19994
FALSE
2698
604
2698
6
6
19994
6
6
13224
19994
13358
2698
13358
2698
FALSE
6
19994
6
FALSE
19994
2698
13358
19994
FALSE
19994
6
6
10594
FALSE
FALSE
16137
19994
19994
16137
6
FALSE
6
FALSE
FALSE
2698
FALSE
FALSE
FALSE
2698
FALSE
19994
16137
6
FALSE
19994
19994
6
6
17995
FALSE
1576
17995
FALSE
604
6
1576
FALSE
19994
604
604
FALSE
1576
6
6
19611
FALSE
19994
19618
1576
604
FALSE
19618
19618
FALSE
1576
6
19994
FALSE
FALSE
1576
6
6
FALSE
19618
FALSE
FALSE
1576
FALSE
19611
6
1576
6
FALSE
19994
1576
FALSE
19994
19994
19618
FALSE
19994
19994
6350
1576
6
6
19611
FALSE
6
19994
FALSE
6
1806
1806
201
1806
19660
1806
6
19994
FALSE
1806
FALSE
19705
6
19994
19707
1806
1806
1806
19707
19994
6
1806
113
19994
13221
19994
FALSE
6
FALSE
1806
FALSE
15353
1806
6
15353
6
FALSE
1806
19994
FALSE
15353
19994
19994
19994
FALSE
6
FALSE
18679
6
1576
1576
18679
19994
1576
79
18679
FALSE
3069
19994
7920
19994
FALSE
6
19994
3069
FALSE
6
7920
19994
6
7920
FALSE
6
1576
7920
6
FALSE
8422
FALSE
7920
16255
FALSE
19994
FALSE
6
2976
2976
19994
FALSE
19994
18384
201
18384
FALSE
2976
18679
FALSE
FALSE
19994
6
19233
19233
6
19233
FALSE
19994
2976
2976
6
6
19994
2976
FALSE
6
2445
19994
18679
FALSE
FALSE
19994
6
6
19994
19994
6
FALSE
6
FALSE
6
6
FALSE
9876
1576
6
8796
6
19994
FALSE
201
19994
15925
6
FALSE
15925
19994
2675
19994
19994
6698
6
6
2675
FALSE
201
6
15925
6
2675
FALSE
6
19994
9203
10194
4379
19994
201
4379
19994
FALSE
19994
15925
FALSE
FALSE
FALSE
201
4379
10194
FALSE
19994
FALSE
19994
FALSE
19994
FALSE
FALSE
6
FALSE
19994
6
6
6
FALSE
6
FALSE
19994
19994
201
19994
19994
19705
FALSE
FALSE
FALSE
FALSE
19994
19733
FALSE
6
201
201
201
19994
FALSE
FALSE
3277
3277
6
6
19764
19733
201
19994
6
6
201
19994
6
FALSE
201
19994
FALSE
19994
6
19994
19994
FALSE
6
FALSE
8528
19994
19994
19994
FALSE
FALSE
1644
234
19764
19764
19764
6
6
234
3749
FALSE
3749
234
234
6
19994
19994
6
19994
FALSE
FALSE
6
234
234
234
234
19994
19917
19917
19994
FALSE
6
FALSE
19994
FALSE
234
234
234
19934
19934
19994
19994
12014
19994
79
6
6
6
19994
19994
4493
19994
FALSE
6
12418
740
19994
4493
4493
19994
4493
19994
FALSE
19994
19994
19994
19994
19994
FALSE
19994
12744
6
740
FALSE
6
12744
19994
740
3897
19994
FALSE
19955
19994
FALSE
6
6
FALSE
FALSE
1219
FALSE
19994
1219
19994
FALSE
19994
3897
19994
1219
6
19994
4431
FALSE
6
FALSE
4431
4431
4431
4431
FALSE
FALSE
234
6
FALSE
5613
4431
19994
4431
FALSE
19994
3897
6
7259
3897
19994
15834
FALSE
6
FALSE
16972
1219
4431
FALSE
FALSE
4431
19994
16972
1573
6
FALSE
FALSE
6
1573
6
4431
19955
19994
19994
4431
FALSE
FALSE
FALSE
6
19994
19994
4431
6
19955
19955
FALSE
19994
6
19955
19994
15935
6
19994
6
FALSE
5423
6
FALSE
FALSE
19994
12061
12061
FALSE
19994
19994
19994
FALSE
3897
6
FALSE
FALSE
FALSE
113
19994
19994
1573
FALSE
19994
15935
19994
3897
14424
FALSE
FALSE
19994
15243
15243
14424
FALSE
6
13010
FALSE
6
13010
13010
6
6
4636
FALSE
13010
6
13010
FALSE
13010
FALSE
FALSE
13010
13010
19994
19994
1573
8467
8467
6
FALSE
8467
404
19994
1219
4636
6
1219
19994
FALSE
FALSE
19994
12237
19994
1219
FALSE
FALSE
FALSE
12562
FALSE
6
19994
FALSE
19994
6
13010
19994
19994
6
1243
FALSE
13250
FALSE
1243
FALSE
6
FALSE
6
19994
FALSE
14424
1243
6
6
6
1219
1243
1243
19994
1243
6
19994
1243
1243
FALSE
1243
14568
404
1219
14568
FALSE
14205
19994
19994
6
6
6
6
4038
6
15243
19994
FALSE
6
FALSE
404
FALSE
1243
15243
15337
15243
6
6
1243
6
15243
FALSE
1243
6
6
15935
FALSE
7134
19994
6
1970
4038
6
19994
FALSE
152
FALSE
17586
17586
6
19994
1970
6
6
6
4038
15935
FALSE
4038
FALSE
4038
6
1970
FALSE
FALSE
6
6
19994
4038
1219
19460
6
6
FALSE
1970
FALSE
FALSE
19353
16473
6
FALSE
4038
1243
1970
FALSE
19809
19994
FALSE
6
19994
19994
4038
FALSE
4038
4038
FALSE
FALSE
19994
15917
19994
4038
19994
FALSE
19994
1033
15917
6
6
4038
4038
18696
19994
FALSE
1219
6
6
6
FALSE
FALSE
1970
1970
1970
19994
FALSE
152
19994
96
19809
2646
2646
2646
6
19809
6
6
6
19809
19994
6
FALSE
19809
1412
6
2646
19994
525
6
6
6
19955
2646
FALSE
FALSE
19994
1243
6
6
FALSE
19955
19955
11516
11516
2646
11516
FALSE
FALSE
FALSE
1412
13575
3588
13575
FALSE
13575
6
17588
3588
6
19994
6
FALSE
6
3588
6
FALSE
FALSE
3588
3588
525
FALSE
6
2646
FALSE
19994
4363
FALSE
13106
FALSE
6
FALSE
6
6
12937
19994
6
19994
2053
13106
19994
152
13399
19994
6
2646
2790
FALSE
19994
3588
19994
19994
FALSE
FALSE
FALSE
1412
9240
3588
3588
FALSE
6
FALSE
6
19972
6
FALSE
6
FALSE
6
19994
FALSE
19994
1412
FALSE
FALSE
2404
6
19994
19994
6707
FALSE
3588
FALSE
14523
FALSE
1837
6
3588
698
FALSE
19994
3588
19994
19994
6
19994
6
19994
19994
FALSE
14523
11094
FALSE
19994
FALSE
3588
19994
2502
19994
12808
881
6
6
FALSE
FALSE
19994
352
19994
6
18737
18737
18737
97
19994
19994
6
3119
4027
4027
3588
18737
FALSE
18737
FALSE
19994
6
18737
3119
3588
18737
19994
19994
19994
FALSE
19994
2502
3588
1412
6
FALSE
19994
18737
6
FALSE
3588
7910
3588
FALSE
19994
FALSE
FALSE
FALSE
1412
11716
6
352
698
3955
2053
19994
6
19994
19994
FALSE
19994
3955
3955
FALSE
969
6
16873
19994
19994
FALSE
3955
19994
3119
6
FALSE
698
6
FALSE
FALSE
2053
16357
19994
6
19994
18737
19994
19994
5133
19994
6
FALSE
1412
15096
6
19994
19994
6
3955
FALSE
15096
6
149
6
6
19994
18737
1412
18737
2712
19994
6
6
6
5809
6
3955
19994
5891
FALSE
3194
5809
5891
6
FALSE
FALSE
5891
2790
6
6
6
19994
6
1412
FALSE
FALSE
1777
19994
FALSE
3955
FALSE
6
FALSE
19994
FALSE
FALSE
6
FALSE
FALSE
6
6
FALSE
6011
19994
6
FALSE
FALSE
19994
1567
FALSE
FALSE
FALSE
19994
5809
16099
6
152
5891
4137
6011
FALSE
FALSE
6011
6
18737
FALSE
7071
7071
4137
6
6916
16099
5809
FALSE
19994
6
6
19994
6
4137
2848
4137
19994
19994
19994
FALSE
FALSE
FALSE
19994
FALSE
6131
2848
6
19994
6916
1274
6
19994
19994
19994
19994
FALSE
1567
6
16099
8655
6
6182
3955
3955
19994
1567
FALSE
19994
6
2848
FALSE
19994
6
19994
6131
19994
19994
1899
6131
3955
9829
19994
19994
19994
FALSE
7071
19994
FALSE
19994
FALSE
2848
7071
FALSE
6
319
FALSE
19994
1841
3194
6
FALSE
4009
7071
FALSE
FALSE
19994
319
4009
4009
19994
FALSE
10683
4009
FALSE
8655
FALSE
FALSE
3194
6182
19994
19994
FALSE
FALSE
FALSE
6
FALSE
6
8655
6
FALSE
19994
19994
1899
8655
6
19994
FALSE
3194
8655
10683
19994
FALSE
FALSE
FALSE
319
FALSE
FALSE
FALSE
6
FALSE
FALSE
FALSE
6
FALSE
FALSE
8655
FALSE
6
19994
19994
6
FALSE
1388
6
19994
6
6
FALSE
5220
FALSE
19994
19994
6
6
19994
19994
10683
1388
6
19994
FALSE
6
19994
19994
19994
7071
FALSE
11427
19994
1388
19994
FALSE
6
FALSE
FALSE
1388
FALSE
FALSE
7071
7071
11427
4060
6
10761
3784
FALSE
8954
11366
7071
11366
7071
1388
4060
5780
6
8954
7071
8954
7071
6
1388
1388
FALSE
1388
FALSE
6
19994
6
10761
19994
4060
FALSE
19994
FALSE
19994
6
6
1388
19994
6
6
19994
6
19994
FALSE
6
5257
11366
5257
6
19994
FALSE
10761
5257
FALSE
FALSE
FALSE
FALSE
6
FALSE
FALSE
6
4071
5257
6
5257
1388
19994
1388
6
6
FALSE
1388
11935
12601
FALSE
1388
19994
12601
6
97
319
6
FALSE
6
19994
6
12788
6
6
2744
FALSE
6
1388
520
6
13790
13790
1170
19994
3465
FALSE
6
13725
FALSE
19994
13725
6
19994
13725
19994
3465
6
19994
19994
13725
6
FALSE
3465
6
3465
1388
3465
19994
19994
6
1170
FALSE
6
1388
6
FALSE
14006
19994
6
14006
FALSE
6
19994
FALSE
16099
6
16690
19994
6
16739
FALSE
19994
FALSE
520
15829
2303
FALSE
FALSE
16690
10101
19994
19994
19994
6
FALSE
FALSE
6787
19994
FALSE
4610
FALSE
19994
19994
1170
4610
19994
6
10101
10101
FALSE
19994
FALSE
4610
1170
152
1170
FALSE
FALSE
FALSE
FALSE
6
12247
1170
6
6
19994
6
6
17829
17829
6
FALSE
19994
6
19994
10
6
18737
FALSE
FALSE
6
1170
8893
6
FALSE
4273
FALSE
6
6
4273
19994
6
19994
923
6124
6
19994
FALSE
6124
10
19994
10436
10
FALSE
10
6124
FALSE
10
6124
FALSE
10
10
4273
4273
701
6443
19994
10
10
6443
5921
19994
10
6443
5921
FALSE
520
18807
10
FALSE
19994
6458
FALSE
10288
10288
10
10022
7338
10
1831
7338
1895
10
923
8113
10288
10
19994
10
FALSE
19994
10288
10707
10
10707
10
1895
19994
FALSE
FALSE
1895
10
13563
4572
4572
13563
12054
10
10
19994
FALSE
4572
10
19994
4572
19994
1170
19994
13563
1170
923
19994
FALSE
FALSE
19994
13563
FALSE
6481
FALSE
19994
10
1170
19994
FALSE
10
701
FALSE
FALSE
4501
10
10
10
10
FALSE
FALSE
19994
FALSE
4501
19994
FALSE
14379
152
14379
10
10
FALSE
19994
5518
1170
14540
4626
19994
19994
10
6730
19994
FALSE
FALSE
8960
14379
10
10
8960
FALSE
19994
FALSE
6730
10
5518
8960
19994
19994
19994
1170
6730
4942
10
10
5518
14379
5518
FALSE
6730
14379
8960
10
10
FALSE
4942
19994
10
10
19994
10
5518
14379
10
19994
10
19994
14379
FALSE
FALSE
10
19994
10
FALSE
7416
923
FALSE
FALSE
15015
923
923
19994
FALSE
152
10
10
FALSE
17913
19994
923
923
10
19994
17913
17913
3988
10
10
17913
10
3988
3988
18595
10
19994
FALSE
19994
3988
10
3988
10
923
18718
923
19994
19994
FALSE
10
19994
923
19994
10
10
19994
923
10155
752
FALSE
19994
FALSE
19994
752
752
752
18595
18595
10155
FALSE
10155
752
10
752
752
10
19994
10
FALSE
FALSE
4534
18737
18737
19994
FALSE
1298
152
10
10
FALSE
10
19994
FALSE
19994
1298
6188
16714
3988
19994
FALSE
19994
6188
6188
10
10
2757
7672
10
152
19994
10
2757
2757
FALSE
19994
2757
FALSE
2757
FALSE
2757
10
19994
10
2757
10
10
10
10
16714
FALSE
19994
18409
19994
10
FALSE
FALSE
FALSE
19994
18409
16444
19994
10
19994
19994
551
16444
4671
FALSE
10
19994
16444
19994
16444
10
10
10
551
17635
19994
19176
19349
19994
19994
FALSE
19349
19994
10
19349
10
19994
19393
19994
19994
19510
FALSE
19510
19510
19994
10
19994
FALSE
19994
19393
19994
3948
19994
10
19994
19994
10
3948
13599
19994
10
551
FALSE
551
19393
FALSE
2453
10
19393
115
10
10
10
10
551
13599
FALSE
FALSE
FALSE
19393
19510
19994
19994
19994
3064
10
19994
16165
FALSE
3064
10
